2023-11-02 21:00:21.806 [info] Log level: Info
2023-11-02 21:00:21.806 [info] Validating found git in: "git"
2023-11-02 21:00:21.806 [info] Using git "2.34.1" from "git"
2023-11-02 21:00:21.806 [info] > git rev-parse --show-toplevel [26ms]
2023-11-02 21:00:21.806 [info] fatal: not a git repository (or any of the parent directories): .git
2023-11-02 21:00:21.806 [info] > git rev-parse --show-toplevel [2ms]
2023-11-02 21:00:21.806 [info] fatal: not a git repository (or any of the parent directories): .git
2023-11-02 21:00:21.806 [info] > git rev-parse --show-toplevel [2ms]
2023-11-02 21:00:21.806 [info] fatal: not a git repository (or any of the parent directories): .git
2023-11-02 21:00:21.806 [info] > git rev-parse --show-toplevel [0ms]
2023-11-02 21:00:21.806 [info] fatal: not a git repository (or any of the parent directories): .git
2023-11-02 21:00:21.806 [info] > git rev-parse --show-toplevel [1ms]
2023-11-02 21:00:21.806 [info] fatal: not a git repository (or any of the parent directories): .git
2023-11-02 21:00:21.806 [info] > git rev-parse --show-toplevel [2ms]
2023-11-02 21:00:21.806 [info] fatal: not a git repository (or any of the parent directories): .git
2023-11-02 21:00:21.806 [info] > git rev-parse --show-toplevel [1ms]
2023-11-02 21:00:21.806 [info] fatal: not a git repository (or any of the parent directories): .git
2023-11-02 21:00:21.806 [info] > git rev-parse --show-toplevel [1ms]
2023-11-02 21:00:21.806 [info] fatal: not a git repository (or any of the parent directories): .git
2023-11-02 21:00:21.806 [info] > git rev-parse --show-toplevel [2ms]
2023-11-02 21:00:21.806 [info] fatal: not a git repository (or any of the parent directories): .git
2023-11-02 21:00:21.806 [info] > git rev-parse --show-toplevel [2ms]
2023-11-02 21:00:21.806 [info] fatal: not a git repository (or any of the parent directories): .git
2023-11-02 21:00:35.390 [info] > git rev-parse --show-toplevel [1ms]
2023-11-02 21:00:35.390 [info] fatal: not a git repository (or any of the parent directories): .git
2023-11-02 22:23:14.139 [info] > git rev-parse --show-toplevel [1ms]
2023-11-02 22:23:14.139 [info] fatal: not a git repository (or any of the parent directories): .git
2023-11-02 22:23:41.835 [info] > git rev-parse --show-toplevel [2ms]
2023-11-02 22:23:41.835 [info] fatal: not a git repository (or any of the parent directories): .git
2023-11-02 22:24:11.842 [info] > git rev-parse --show-toplevel [1ms]
2023-11-02 22:24:11.842 [info] fatal: not a git repository (or any of the parent directories): .git
2023-11-02 22:25:51.488 [info] > git rev-parse --show-toplevel [1ms]
2023-11-02 22:25:51.497 [info] > git rev-parse --git-dir --git-common-dir [1ms]
2023-11-02 22:25:51.511 [info] Open repository: /home/ubuntu
2023-11-02 22:25:51.528 [info] No remotes found in the git config file.
2023-11-02 22:25:51.529 [info] > git config --get commit.template [9ms]
2023-11-02 22:25:51.530 [info] > git for-each-ref --format=%(refname)%00%(upstream:short)%00%(objectname)%00%(upstream:track)%00%(upstream:remotename)%00%(upstream:remoteref) refs/heads/master refs/remotes/master [3ms]
2023-11-02 22:25:51.815 [info] > git status -z -uall [278ms] (cancelled)
2023-11-02 22:25:51.896 [info] > git show --textconv :.gitignore [7ms]
2023-11-02 22:25:51.898 [info] > git ls-files --stage -- /home/ubuntu/.gitignore [2ms]
2023-11-02 22:25:52.081 [info] > git check-ignore -v -z --stdin [1ms]
2023-11-02 22:26:06.383 [info] > git config --get commit.template [15ms]
2023-11-02 22:26:06.415 [info] No remotes found in the git config file.
2023-11-02 22:26:06.419 [info] > git for-each-ref --format=%(refname)%00%(upstream:short)%00%(objectname)%00%(upstream:track)%00%(upstream:remotename)%00%(upstream:remoteref) refs/heads/master refs/remotes/master [3ms]
2023-11-02 22:26:08.419 [info] > git status -z -uall [1990ms] (cancelled)
