2023-11-02 17:51:13.402 [info] Log level: Info
2023-11-02 17:51:13.402 [info] Validating found git in: "git"
2023-11-02 17:51:13.402 [info] Using git "2.34.1" from "git"
2023-11-02 17:51:13.402 [info] > git rev-parse --show-toplevel [17ms]
2023-11-02 17:51:13.402 [info] fatal: not a git repository (or any of the parent directories): .git
2023-11-02 17:51:13.402 [info] > git rev-parse --show-toplevel [2ms]
2023-11-02 17:51:13.402 [info] fatal: not a git repository (or any of the parent directories): .git
2023-11-02 17:51:13.402 [info] > git rev-parse --show-toplevel [1ms]
2023-11-02 17:51:13.402 [info] fatal: not a git repository (or any of the parent directories): .git
2023-11-02 17:51:13.402 [info] > git rev-parse --show-toplevel [1ms]
2023-11-02 17:51:13.403 [info] fatal: not a git repository (or any of the parent directories): .git
2023-11-02 17:51:13.403 [info] > git rev-parse --show-toplevel [1ms]
2023-11-02 17:51:13.403 [info] fatal: not a git repository (or any of the parent directories): .git
2023-11-02 17:51:13.403 [info] > git rev-parse --show-toplevel [0ms]
2023-11-02 17:51:13.403 [info] fatal: not a git repository (or any of the parent directories): .git
2023-11-02 17:51:13.403 [info] > git rev-parse --show-toplevel [1ms]
2023-11-02 17:51:13.403 [info] fatal: not a git repository (or any of the parent directories): .git
2023-11-02 17:51:13.403 [info] > git rev-parse --show-toplevel [1ms]
2023-11-02 17:51:13.403 [info] fatal: not a git repository (or any of the parent directories): .git
2023-11-02 17:51:13.403 [info] > git rev-parse --show-toplevel [1ms]
2023-11-02 17:51:13.403 [info] fatal: not a git repository (or any of the parent directories): .git
2023-11-02 17:51:27.811 [info] > git rev-parse --show-toplevel [1ms]
2023-11-02 17:51:27.811 [info] fatal: not a git repository (or any of the parent directories): .git
2023-11-02 17:51:27.939 [info] > git rev-parse --show-toplevel [1ms]
2023-11-02 17:51:27.939 [info] fatal: not a git repository (or any of the parent directories): .git
2023-11-02 17:51:34.916 [info] > git rev-parse --show-toplevel [2ms]
2023-11-02 17:51:34.916 [info] fatal: not a git repository (or any of the parent directories): .git
2023-11-02 18:07:02.403 [info] > git rev-parse --show-toplevel [2ms]
2023-11-02 18:07:02.403 [info] fatal: not a git repository (or any of the parent directories): .git
2023-11-02 18:07:05.639 [info] > git rev-parse --show-toplevel [2ms]
2023-11-02 18:07:05.639 [info] fatal: not a git repository (or any of the parent directories): .git
2023-11-02 18:09:01.650 [info] > git rev-parse --show-toplevel [2ms]
2023-11-02 18:09:01.650 [info] fatal: not a git repository (or any of the parent directories): .git
2023-11-02 19:23:43.352 [info] > git rev-parse --show-toplevel [1ms]
2023-11-02 19:23:43.352 [info] fatal: not a git repository (or any of the parent directories): .git
