[2023-11-02T06:49:30.809+0000] {processor.py:157} INFO - Started process (PID=3698) to work on /home/ubuntu/customer_churn_venv/lib/python3.10/site-packages/airflow/example_dags/plugins/event_listener.py
[2023-11-02T06:49:30.809+0000] {processor.py:829} INFO - Processing file /home/ubuntu/customer_churn_venv/lib/python3.10/site-packages/airflow/example_dags/plugins/event_listener.py for tasks to queue
[2023-11-02T06:49:30.810+0000] {logging_mixin.py:151} INFO - [2023-11-02T06:49:30.810+0000] {dagbag.py:536} INFO - Filling up the DagBag from /home/ubuntu/customer_churn_venv/lib/python3.10/site-packages/airflow/example_dags/plugins/event_listener.py
[2023-11-02T06:49:30.813+0000] {processor.py:841} WARNING - No viable dags retrieved from /home/ubuntu/customer_churn_venv/lib/python3.10/site-packages/airflow/example_dags/plugins/event_listener.py
[2023-11-02T06:49:30.823+0000] {processor.py:179} INFO - Processing /home/ubuntu/customer_churn_venv/lib/python3.10/site-packages/airflow/example_dags/plugins/event_listener.py took 0.017 seconds
[2023-11-02T06:50:29.995+0000] {processor.py:157} INFO - Started process (PID=3748) to work on /home/ubuntu/customer_churn_venv/lib/python3.10/site-packages/airflow/example_dags/plugins/event_listener.py
[2023-11-02T06:50:29.996+0000] {processor.py:829} INFO - Processing file /home/ubuntu/customer_churn_venv/lib/python3.10/site-packages/airflow/example_dags/plugins/event_listener.py for tasks to queue
[2023-11-02T06:50:29.997+0000] {logging_mixin.py:151} INFO - [2023-11-02T06:50:29.996+0000] {dagbag.py:536} INFO - Filling up the DagBag from /home/ubuntu/customer_churn_venv/lib/python3.10/site-packages/airflow/example_dags/plugins/event_listener.py
[2023-11-02T06:50:29.999+0000] {processor.py:841} WARNING - No viable dags retrieved from /home/ubuntu/customer_churn_venv/lib/python3.10/site-packages/airflow/example_dags/plugins/event_listener.py
[2023-11-02T06:50:30.013+0000] {processor.py:179} INFO - Processing /home/ubuntu/customer_churn_venv/lib/python3.10/site-packages/airflow/example_dags/plugins/event_listener.py took 0.022 seconds
[2023-11-02T06:51:09.426+0000] {processor.py:157} INFO - Started process (PID=3788) to work on /home/ubuntu/customer_churn_venv/lib/python3.10/site-packages/airflow/example_dags/plugins/event_listener.py
[2023-11-02T06:51:09.427+0000] {processor.py:829} INFO - Processing file /home/ubuntu/customer_churn_venv/lib/python3.10/site-packages/airflow/example_dags/plugins/event_listener.py for tasks to queue
[2023-11-02T06:51:09.428+0000] {logging_mixin.py:151} INFO - [2023-11-02T06:51:09.428+0000] {dagbag.py:536} INFO - Filling up the DagBag from /home/ubuntu/customer_churn_venv/lib/python3.10/site-packages/airflow/example_dags/plugins/event_listener.py
[2023-11-02T06:51:09.430+0000] {processor.py:841} WARNING - No viable dags retrieved from /home/ubuntu/customer_churn_venv/lib/python3.10/site-packages/airflow/example_dags/plugins/event_listener.py
[2023-11-02T06:51:09.441+0000] {processor.py:179} INFO - Processing /home/ubuntu/customer_churn_venv/lib/python3.10/site-packages/airflow/example_dags/plugins/event_listener.py took 0.019 seconds
[2023-11-02T06:51:54.763+0000] {processor.py:157} INFO - Started process (PID=3836) to work on /home/ubuntu/customer_churn_venv/lib/python3.10/site-packages/airflow/example_dags/plugins/event_listener.py
[2023-11-02T06:51:54.764+0000] {processor.py:829} INFO - Processing file /home/ubuntu/customer_churn_venv/lib/python3.10/site-packages/airflow/example_dags/plugins/event_listener.py for tasks to queue
[2023-11-02T06:51:54.765+0000] {logging_mixin.py:151} INFO - [2023-11-02T06:51:54.765+0000] {dagbag.py:536} INFO - Filling up the DagBag from /home/ubuntu/customer_churn_venv/lib/python3.10/site-packages/airflow/example_dags/plugins/event_listener.py
[2023-11-02T06:51:54.768+0000] {processor.py:841} WARNING - No viable dags retrieved from /home/ubuntu/customer_churn_venv/lib/python3.10/site-packages/airflow/example_dags/plugins/event_listener.py
[2023-11-02T06:51:54.778+0000] {processor.py:179} INFO - Processing /home/ubuntu/customer_churn_venv/lib/python3.10/site-packages/airflow/example_dags/plugins/event_listener.py took 0.018 seconds
[2023-11-02T06:52:40.645+0000] {processor.py:157} INFO - Started process (PID=3883) to work on /home/ubuntu/customer_churn_venv/lib/python3.10/site-packages/airflow/example_dags/plugins/event_listener.py
[2023-11-02T06:52:40.647+0000] {processor.py:829} INFO - Processing file /home/ubuntu/customer_churn_venv/lib/python3.10/site-packages/airflow/example_dags/plugins/event_listener.py for tasks to queue
[2023-11-02T06:52:40.649+0000] {logging_mixin.py:151} INFO - [2023-11-02T06:52:40.648+0000] {dagbag.py:536} INFO - Filling up the DagBag from /home/ubuntu/customer_churn_venv/lib/python3.10/site-packages/airflow/example_dags/plugins/event_listener.py
[2023-11-02T06:52:40.652+0000] {processor.py:841} WARNING - No viable dags retrieved from /home/ubuntu/customer_churn_venv/lib/python3.10/site-packages/airflow/example_dags/plugins/event_listener.py
[2023-11-02T06:52:40.663+0000] {processor.py:179} INFO - Processing /home/ubuntu/customer_churn_venv/lib/python3.10/site-packages/airflow/example_dags/plugins/event_listener.py took 0.025 seconds
[2023-11-02T06:53:11.265+0000] {processor.py:157} INFO - Started process (PID=3915) to work on /home/ubuntu/customer_churn_venv/lib/python3.10/site-packages/airflow/example_dags/plugins/event_listener.py
[2023-11-02T06:53:11.266+0000] {processor.py:829} INFO - Processing file /home/ubuntu/customer_churn_venv/lib/python3.10/site-packages/airflow/example_dags/plugins/event_listener.py for tasks to queue
[2023-11-02T06:53:11.267+0000] {logging_mixin.py:151} INFO - [2023-11-02T06:53:11.266+0000] {dagbag.py:536} INFO - Filling up the DagBag from /home/ubuntu/customer_churn_venv/lib/python3.10/site-packages/airflow/example_dags/plugins/event_listener.py
[2023-11-02T06:53:11.269+0000] {processor.py:841} WARNING - No viable dags retrieved from /home/ubuntu/customer_churn_venv/lib/python3.10/site-packages/airflow/example_dags/plugins/event_listener.py
[2023-11-02T06:53:11.280+0000] {processor.py:179} INFO - Processing /home/ubuntu/customer_churn_venv/lib/python3.10/site-packages/airflow/example_dags/plugins/event_listener.py took 0.018 seconds
[2023-11-02T06:59:46.038+0000] {processor.py:157} INFO - Started process (PID=4366) to work on /usr/local/lib/python3.10/dist-packages/airflow/example_dags/plugins/event_listener.py
[2023-11-02T06:59:46.040+0000] {processor.py:829} INFO - Processing file /usr/local/lib/python3.10/dist-packages/airflow/example_dags/plugins/event_listener.py for tasks to queue
[2023-11-02T06:59:46.041+0000] {logging_mixin.py:151} INFO - [2023-11-02T06:59:46.040+0000] {dagbag.py:536} INFO - Filling up the DagBag from /usr/local/lib/python3.10/dist-packages/airflow/example_dags/plugins/event_listener.py
[2023-11-02T06:59:46.043+0000] {processor.py:841} WARNING - No viable dags retrieved from /usr/local/lib/python3.10/dist-packages/airflow/example_dags/plugins/event_listener.py
[2023-11-02T06:59:46.053+0000] {processor.py:179} INFO - Processing /usr/local/lib/python3.10/dist-packages/airflow/example_dags/plugins/event_listener.py took 0.019 seconds
[2023-11-02T07:00:32.934+0000] {processor.py:157} INFO - Started process (PID=4412) to work on /usr/local/lib/python3.10/dist-packages/airflow/example_dags/plugins/event_listener.py
[2023-11-02T07:00:32.935+0000] {processor.py:829} INFO - Processing file /usr/local/lib/python3.10/dist-packages/airflow/example_dags/plugins/event_listener.py for tasks to queue
[2023-11-02T07:00:32.936+0000] {logging_mixin.py:151} INFO - [2023-11-02T07:00:32.936+0000] {dagbag.py:536} INFO - Filling up the DagBag from /usr/local/lib/python3.10/dist-packages/airflow/example_dags/plugins/event_listener.py
[2023-11-02T07:00:32.939+0000] {processor.py:841} WARNING - No viable dags retrieved from /usr/local/lib/python3.10/dist-packages/airflow/example_dags/plugins/event_listener.py
[2023-11-02T07:00:32.949+0000] {processor.py:179} INFO - Processing /usr/local/lib/python3.10/dist-packages/airflow/example_dags/plugins/event_listener.py took 0.018 seconds
[2023-11-02T07:01:16.923+0000] {processor.py:157} INFO - Started process (PID=4459) to work on /usr/local/lib/python3.10/dist-packages/airflow/example_dags/plugins/event_listener.py
[2023-11-02T07:01:16.924+0000] {processor.py:829} INFO - Processing file /usr/local/lib/python3.10/dist-packages/airflow/example_dags/plugins/event_listener.py for tasks to queue
[2023-11-02T07:01:16.925+0000] {logging_mixin.py:151} INFO - [2023-11-02T07:01:16.925+0000] {dagbag.py:536} INFO - Filling up the DagBag from /usr/local/lib/python3.10/dist-packages/airflow/example_dags/plugins/event_listener.py
[2023-11-02T07:01:16.928+0000] {processor.py:841} WARNING - No viable dags retrieved from /usr/local/lib/python3.10/dist-packages/airflow/example_dags/plugins/event_listener.py
[2023-11-02T07:01:16.939+0000] {processor.py:179} INFO - Processing /usr/local/lib/python3.10/dist-packages/airflow/example_dags/plugins/event_listener.py took 0.019 seconds
[2023-11-02T07:01:59.057+0000] {processor.py:157} INFO - Started process (PID=4503) to work on /usr/local/lib/python3.10/dist-packages/airflow/example_dags/plugins/event_listener.py
[2023-11-02T07:01:59.058+0000] {processor.py:829} INFO - Processing file /usr/local/lib/python3.10/dist-packages/airflow/example_dags/plugins/event_listener.py for tasks to queue
[2023-11-02T07:01:59.059+0000] {logging_mixin.py:151} INFO - [2023-11-02T07:01:59.059+0000] {dagbag.py:536} INFO - Filling up the DagBag from /usr/local/lib/python3.10/dist-packages/airflow/example_dags/plugins/event_listener.py
[2023-11-02T07:01:59.062+0000] {processor.py:841} WARNING - No viable dags retrieved from /usr/local/lib/python3.10/dist-packages/airflow/example_dags/plugins/event_listener.py
[2023-11-02T07:01:59.073+0000] {processor.py:179} INFO - Processing /usr/local/lib/python3.10/dist-packages/airflow/example_dags/plugins/event_listener.py took 0.019 seconds
[2023-11-02T07:02:42.805+0000] {processor.py:157} INFO - Started process (PID=4548) to work on /usr/local/lib/python3.10/dist-packages/airflow/example_dags/plugins/event_listener.py
[2023-11-02T07:02:42.807+0000] {processor.py:829} INFO - Processing file /usr/local/lib/python3.10/dist-packages/airflow/example_dags/plugins/event_listener.py for tasks to queue
[2023-11-02T07:02:42.808+0000] {logging_mixin.py:151} INFO - [2023-11-02T07:02:42.807+0000] {dagbag.py:536} INFO - Filling up the DagBag from /usr/local/lib/python3.10/dist-packages/airflow/example_dags/plugins/event_listener.py
[2023-11-02T07:02:42.810+0000] {processor.py:841} WARNING - No viable dags retrieved from /usr/local/lib/python3.10/dist-packages/airflow/example_dags/plugins/event_listener.py
[2023-11-02T07:02:42.820+0000] {processor.py:179} INFO - Processing /usr/local/lib/python3.10/dist-packages/airflow/example_dags/plugins/event_listener.py took 0.018 seconds
[2023-11-02T07:03:15.809+0000] {processor.py:157} INFO - Started process (PID=4582) to work on /usr/local/lib/python3.10/dist-packages/airflow/example_dags/plugins/event_listener.py
[2023-11-02T07:03:15.810+0000] {processor.py:829} INFO - Processing file /usr/local/lib/python3.10/dist-packages/airflow/example_dags/plugins/event_listener.py for tasks to queue
[2023-11-02T07:03:15.811+0000] {logging_mixin.py:151} INFO - [2023-11-02T07:03:15.811+0000] {dagbag.py:536} INFO - Filling up the DagBag from /usr/local/lib/python3.10/dist-packages/airflow/example_dags/plugins/event_listener.py
[2023-11-02T07:03:15.813+0000] {processor.py:841} WARNING - No viable dags retrieved from /usr/local/lib/python3.10/dist-packages/airflow/example_dags/plugins/event_listener.py
[2023-11-02T07:03:15.824+0000] {processor.py:179} INFO - Processing /usr/local/lib/python3.10/dist-packages/airflow/example_dags/plugins/event_listener.py took 0.018 seconds
[2023-11-02T07:03:59.739+0000] {processor.py:157} INFO - Started process (PID=4628) to work on /usr/local/lib/python3.10/dist-packages/airflow/example_dags/plugins/event_listener.py
[2023-11-02T07:03:59.740+0000] {processor.py:829} INFO - Processing file /usr/local/lib/python3.10/dist-packages/airflow/example_dags/plugins/event_listener.py for tasks to queue
[2023-11-02T07:03:59.741+0000] {logging_mixin.py:151} INFO - [2023-11-02T07:03:59.741+0000] {dagbag.py:536} INFO - Filling up the DagBag from /usr/local/lib/python3.10/dist-packages/airflow/example_dags/plugins/event_listener.py
[2023-11-02T07:03:59.743+0000] {processor.py:841} WARNING - No viable dags retrieved from /usr/local/lib/python3.10/dist-packages/airflow/example_dags/plugins/event_listener.py
[2023-11-02T07:03:59.754+0000] {processor.py:179} INFO - Processing /usr/local/lib/python3.10/dist-packages/airflow/example_dags/plugins/event_listener.py took 0.019 seconds
[2023-11-02T07:04:36.876+0000] {processor.py:157} INFO - Started process (PID=4670) to work on /usr/local/lib/python3.10/dist-packages/airflow/example_dags/plugins/event_listener.py
[2023-11-02T07:04:36.877+0000] {processor.py:829} INFO - Processing file /usr/local/lib/python3.10/dist-packages/airflow/example_dags/plugins/event_listener.py for tasks to queue
[2023-11-02T07:04:36.878+0000] {logging_mixin.py:151} INFO - [2023-11-02T07:04:36.877+0000] {dagbag.py:536} INFO - Filling up the DagBag from /usr/local/lib/python3.10/dist-packages/airflow/example_dags/plugins/event_listener.py
[2023-11-02T07:04:36.880+0000] {processor.py:841} WARNING - No viable dags retrieved from /usr/local/lib/python3.10/dist-packages/airflow/example_dags/plugins/event_listener.py
[2023-11-02T07:04:36.891+0000] {processor.py:179} INFO - Processing /usr/local/lib/python3.10/dist-packages/airflow/example_dags/plugins/event_listener.py took 0.019 seconds
[2023-11-02T07:05:15.901+0000] {processor.py:157} INFO - Started process (PID=4712) to work on /usr/local/lib/python3.10/dist-packages/airflow/example_dags/plugins/event_listener.py
[2023-11-02T07:05:15.902+0000] {processor.py:829} INFO - Processing file /usr/local/lib/python3.10/dist-packages/airflow/example_dags/plugins/event_listener.py for tasks to queue
[2023-11-02T07:05:15.903+0000] {logging_mixin.py:151} INFO - [2023-11-02T07:05:15.903+0000] {dagbag.py:536} INFO - Filling up the DagBag from /usr/local/lib/python3.10/dist-packages/airflow/example_dags/plugins/event_listener.py
[2023-11-02T07:05:15.906+0000] {processor.py:841} WARNING - No viable dags retrieved from /usr/local/lib/python3.10/dist-packages/airflow/example_dags/plugins/event_listener.py
[2023-11-02T07:05:15.919+0000] {processor.py:179} INFO - Processing /usr/local/lib/python3.10/dist-packages/airflow/example_dags/plugins/event_listener.py took 0.021 seconds
[2023-11-02T07:05:59.261+0000] {processor.py:157} INFO - Started process (PID=4757) to work on /usr/local/lib/python3.10/dist-packages/airflow/example_dags/plugins/event_listener.py
[2023-11-02T07:05:59.262+0000] {processor.py:829} INFO - Processing file /usr/local/lib/python3.10/dist-packages/airflow/example_dags/plugins/event_listener.py for tasks to queue
[2023-11-02T07:05:59.263+0000] {logging_mixin.py:151} INFO - [2023-11-02T07:05:59.263+0000] {dagbag.py:536} INFO - Filling up the DagBag from /usr/local/lib/python3.10/dist-packages/airflow/example_dags/plugins/event_listener.py
[2023-11-02T07:05:59.266+0000] {processor.py:841} WARNING - No viable dags retrieved from /usr/local/lib/python3.10/dist-packages/airflow/example_dags/plugins/event_listener.py
[2023-11-02T07:05:59.277+0000] {processor.py:179} INFO - Processing /usr/local/lib/python3.10/dist-packages/airflow/example_dags/plugins/event_listener.py took 0.019 seconds
[2023-11-02T07:06:33.827+0000] {processor.py:157} INFO - Started process (PID=4791) to work on /usr/local/lib/python3.10/dist-packages/airflow/example_dags/plugins/event_listener.py
[2023-11-02T07:06:33.828+0000] {processor.py:829} INFO - Processing file /usr/local/lib/python3.10/dist-packages/airflow/example_dags/plugins/event_listener.py for tasks to queue
[2023-11-02T07:06:33.829+0000] {logging_mixin.py:151} INFO - [2023-11-02T07:06:33.828+0000] {dagbag.py:536} INFO - Filling up the DagBag from /usr/local/lib/python3.10/dist-packages/airflow/example_dags/plugins/event_listener.py
[2023-11-02T07:06:33.831+0000] {processor.py:841} WARNING - No viable dags retrieved from /usr/local/lib/python3.10/dist-packages/airflow/example_dags/plugins/event_listener.py
[2023-11-02T07:06:33.842+0000] {processor.py:179} INFO - Processing /usr/local/lib/python3.10/dist-packages/airflow/example_dags/plugins/event_listener.py took 0.019 seconds
[2023-11-02T07:07:06.399+0000] {processor.py:157} INFO - Started process (PID=4824) to work on /usr/local/lib/python3.10/dist-packages/airflow/example_dags/plugins/event_listener.py
[2023-11-02T07:07:06.400+0000] {processor.py:829} INFO - Processing file /usr/local/lib/python3.10/dist-packages/airflow/example_dags/plugins/event_listener.py for tasks to queue
[2023-11-02T07:07:06.401+0000] {logging_mixin.py:151} INFO - [2023-11-02T07:07:06.401+0000] {dagbag.py:536} INFO - Filling up the DagBag from /usr/local/lib/python3.10/dist-packages/airflow/example_dags/plugins/event_listener.py
[2023-11-02T07:07:06.403+0000] {processor.py:841} WARNING - No viable dags retrieved from /usr/local/lib/python3.10/dist-packages/airflow/example_dags/plugins/event_listener.py
[2023-11-02T07:07:06.414+0000] {processor.py:179} INFO - Processing /usr/local/lib/python3.10/dist-packages/airflow/example_dags/plugins/event_listener.py took 0.019 seconds
[2023-11-02T07:07:48.663+0000] {processor.py:157} INFO - Started process (PID=4871) to work on /usr/local/lib/python3.10/dist-packages/airflow/example_dags/plugins/event_listener.py
[2023-11-02T07:07:48.665+0000] {processor.py:829} INFO - Processing file /usr/local/lib/python3.10/dist-packages/airflow/example_dags/plugins/event_listener.py for tasks to queue
[2023-11-02T07:07:48.665+0000] {logging_mixin.py:151} INFO - [2023-11-02T07:07:48.665+0000] {dagbag.py:536} INFO - Filling up the DagBag from /usr/local/lib/python3.10/dist-packages/airflow/example_dags/plugins/event_listener.py
[2023-11-02T07:07:48.668+0000] {processor.py:841} WARNING - No viable dags retrieved from /usr/local/lib/python3.10/dist-packages/airflow/example_dags/plugins/event_listener.py
[2023-11-02T07:07:48.678+0000] {processor.py:179} INFO - Processing /usr/local/lib/python3.10/dist-packages/airflow/example_dags/plugins/event_listener.py took 0.018 seconds
[2023-11-02T07:08:36.055+0000] {processor.py:157} INFO - Started process (PID=5150) to work on /usr/local/lib/python3.10/dist-packages/airflow/example_dags/plugins/event_listener.py
[2023-11-02T07:08:36.056+0000] {processor.py:829} INFO - Processing file /usr/local/lib/python3.10/dist-packages/airflow/example_dags/plugins/event_listener.py for tasks to queue
[2023-11-02T07:08:36.057+0000] {logging_mixin.py:151} INFO - [2023-11-02T07:08:36.056+0000] {dagbag.py:536} INFO - Filling up the DagBag from /usr/local/lib/python3.10/dist-packages/airflow/example_dags/plugins/event_listener.py
[2023-11-02T07:08:36.059+0000] {processor.py:841} WARNING - No viable dags retrieved from /usr/local/lib/python3.10/dist-packages/airflow/example_dags/plugins/event_listener.py
[2023-11-02T07:08:36.070+0000] {processor.py:179} INFO - Processing /usr/local/lib/python3.10/dist-packages/airflow/example_dags/plugins/event_listener.py took 0.018 seconds
[2023-11-02T07:09:19.185+0000] {processor.py:157} INFO - Started process (PID=5355) to work on /usr/local/lib/python3.10/dist-packages/airflow/example_dags/plugins/event_listener.py
[2023-11-02T07:09:19.186+0000] {processor.py:829} INFO - Processing file /usr/local/lib/python3.10/dist-packages/airflow/example_dags/plugins/event_listener.py for tasks to queue
[2023-11-02T07:09:19.187+0000] {logging_mixin.py:151} INFO - [2023-11-02T07:09:19.187+0000] {dagbag.py:536} INFO - Filling up the DagBag from /usr/local/lib/python3.10/dist-packages/airflow/example_dags/plugins/event_listener.py
[2023-11-02T07:09:19.190+0000] {processor.py:841} WARNING - No viable dags retrieved from /usr/local/lib/python3.10/dist-packages/airflow/example_dags/plugins/event_listener.py
[2023-11-02T07:09:19.200+0000] {processor.py:179} INFO - Processing /usr/local/lib/python3.10/dist-packages/airflow/example_dags/plugins/event_listener.py took 0.018 seconds
[2023-11-02T07:09:50.605+0000] {processor.py:157} INFO - Started process (PID=5387) to work on /usr/local/lib/python3.10/dist-packages/airflow/example_dags/plugins/event_listener.py
[2023-11-02T07:09:50.606+0000] {processor.py:829} INFO - Processing file /usr/local/lib/python3.10/dist-packages/airflow/example_dags/plugins/event_listener.py for tasks to queue
[2023-11-02T07:09:50.607+0000] {logging_mixin.py:151} INFO - [2023-11-02T07:09:50.606+0000] {dagbag.py:536} INFO - Filling up the DagBag from /usr/local/lib/python3.10/dist-packages/airflow/example_dags/plugins/event_listener.py
[2023-11-02T07:09:50.609+0000] {processor.py:841} WARNING - No viable dags retrieved from /usr/local/lib/python3.10/dist-packages/airflow/example_dags/plugins/event_listener.py
[2023-11-02T07:09:50.619+0000] {processor.py:179} INFO - Processing /usr/local/lib/python3.10/dist-packages/airflow/example_dags/plugins/event_listener.py took 0.018 seconds
[2023-11-02T07:10:36.034+0000] {processor.py:157} INFO - Started process (PID=5435) to work on /usr/local/lib/python3.10/dist-packages/airflow/example_dags/plugins/event_listener.py
[2023-11-02T07:10:36.035+0000] {processor.py:829} INFO - Processing file /usr/local/lib/python3.10/dist-packages/airflow/example_dags/plugins/event_listener.py for tasks to queue
[2023-11-02T07:10:36.036+0000] {logging_mixin.py:151} INFO - [2023-11-02T07:10:36.036+0000] {dagbag.py:536} INFO - Filling up the DagBag from /usr/local/lib/python3.10/dist-packages/airflow/example_dags/plugins/event_listener.py
[2023-11-02T07:10:36.039+0000] {processor.py:841} WARNING - No viable dags retrieved from /usr/local/lib/python3.10/dist-packages/airflow/example_dags/plugins/event_listener.py
[2023-11-02T07:10:36.050+0000] {processor.py:179} INFO - Processing /usr/local/lib/python3.10/dist-packages/airflow/example_dags/plugins/event_listener.py took 0.019 seconds
[2023-11-02T07:11:08.028+0000] {processor.py:157} INFO - Started process (PID=5467) to work on /usr/local/lib/python3.10/dist-packages/airflow/example_dags/plugins/event_listener.py
[2023-11-02T07:11:08.030+0000] {processor.py:829} INFO - Processing file /usr/local/lib/python3.10/dist-packages/airflow/example_dags/plugins/event_listener.py for tasks to queue
[2023-11-02T07:11:08.031+0000] {logging_mixin.py:151} INFO - [2023-11-02T07:11:08.030+0000] {dagbag.py:536} INFO - Filling up the DagBag from /usr/local/lib/python3.10/dist-packages/airflow/example_dags/plugins/event_listener.py
[2023-11-02T07:11:08.033+0000] {processor.py:841} WARNING - No viable dags retrieved from /usr/local/lib/python3.10/dist-packages/airflow/example_dags/plugins/event_listener.py
[2023-11-02T07:11:08.044+0000] {processor.py:179} INFO - Processing /usr/local/lib/python3.10/dist-packages/airflow/example_dags/plugins/event_listener.py took 0.019 seconds
[2023-11-02T07:11:42.878+0000] {processor.py:157} INFO - Started process (PID=5506) to work on /usr/local/lib/python3.10/dist-packages/airflow/example_dags/plugins/event_listener.py
[2023-11-02T07:11:42.880+0000] {processor.py:829} INFO - Processing file /usr/local/lib/python3.10/dist-packages/airflow/example_dags/plugins/event_listener.py for tasks to queue
[2023-11-02T07:11:42.880+0000] {logging_mixin.py:151} INFO - [2023-11-02T07:11:42.880+0000] {dagbag.py:536} INFO - Filling up the DagBag from /usr/local/lib/python3.10/dist-packages/airflow/example_dags/plugins/event_listener.py
[2023-11-02T07:11:42.883+0000] {processor.py:841} WARNING - No viable dags retrieved from /usr/local/lib/python3.10/dist-packages/airflow/example_dags/plugins/event_listener.py
[2023-11-02T07:11:42.894+0000] {processor.py:179} INFO - Processing /usr/local/lib/python3.10/dist-packages/airflow/example_dags/plugins/event_listener.py took 0.019 seconds
[2023-11-02T07:12:22.447+0000] {processor.py:157} INFO - Started process (PID=5551) to work on /usr/local/lib/python3.10/dist-packages/airflow/example_dags/plugins/event_listener.py
[2023-11-02T07:12:22.453+0000] {processor.py:829} INFO - Processing file /usr/local/lib/python3.10/dist-packages/airflow/example_dags/plugins/event_listener.py for tasks to queue
[2023-11-02T07:12:22.454+0000] {logging_mixin.py:151} INFO - [2023-11-02T07:12:22.454+0000] {dagbag.py:536} INFO - Filling up the DagBag from /usr/local/lib/python3.10/dist-packages/airflow/example_dags/plugins/event_listener.py
[2023-11-02T07:12:22.457+0000] {processor.py:841} WARNING - No viable dags retrieved from /usr/local/lib/python3.10/dist-packages/airflow/example_dags/plugins/event_listener.py
[2023-11-02T07:12:22.478+0000] {processor.py:179} INFO - Processing /usr/local/lib/python3.10/dist-packages/airflow/example_dags/plugins/event_listener.py took 0.034 seconds
