[2023-11-02T06:49:29.670+0000] {processor.py:157} INFO - Started process (PID=3697) to work on /home/ubuntu/customer_churn_venv/lib/python3.10/site-packages/airflow/example_dags/plugins/workday.py
[2023-11-02T06:49:29.671+0000] {processor.py:829} INFO - Processing file /home/ubuntu/customer_churn_venv/lib/python3.10/site-packages/airflow/example_dags/plugins/workday.py for tasks to queue
[2023-11-02T06:49:29.672+0000] {logging_mixin.py:151} INFO - [2023-11-02T06:49:29.671+0000] {dagbag.py:536} INFO - Filling up the DagBag from /home/ubuntu/customer_churn_venv/lib/python3.10/site-packages/airflow/example_dags/plugins/workday.py
[2023-11-02T06:49:29.675+0000] {logging_mixin.py:151} INFO - [2023-11-02T06:49:29.675+0000] {workday.py:36} WARNING - Could not import pandas. Holidays will not be considered.
[2023-11-02T06:49:29.675+0000] {processor.py:841} WARNING - No viable dags retrieved from /home/ubuntu/customer_churn_venv/lib/python3.10/site-packages/airflow/example_dags/plugins/workday.py
[2023-11-02T06:49:29.697+0000] {processor.py:179} INFO - Processing /home/ubuntu/customer_churn_venv/lib/python3.10/site-packages/airflow/example_dags/plugins/workday.py took 0.030 seconds
[2023-11-02T06:50:28.851+0000] {processor.py:157} INFO - Started process (PID=3747) to work on /home/ubuntu/customer_churn_venv/lib/python3.10/site-packages/airflow/example_dags/plugins/workday.py
[2023-11-02T06:50:28.852+0000] {processor.py:829} INFO - Processing file /home/ubuntu/customer_churn_venv/lib/python3.10/site-packages/airflow/example_dags/plugins/workday.py for tasks to queue
[2023-11-02T06:50:28.853+0000] {logging_mixin.py:151} INFO - [2023-11-02T06:50:28.853+0000] {dagbag.py:536} INFO - Filling up the DagBag from /home/ubuntu/customer_churn_venv/lib/python3.10/site-packages/airflow/example_dags/plugins/workday.py
[2023-11-02T06:50:28.856+0000] {logging_mixin.py:151} INFO - [2023-11-02T06:50:28.856+0000] {workday.py:36} WARNING - Could not import pandas. Holidays will not be considered.
[2023-11-02T06:50:28.856+0000] {processor.py:841} WARNING - No viable dags retrieved from /home/ubuntu/customer_churn_venv/lib/python3.10/site-packages/airflow/example_dags/plugins/workday.py
[2023-11-02T06:50:28.867+0000] {processor.py:179} INFO - Processing /home/ubuntu/customer_churn_venv/lib/python3.10/site-packages/airflow/example_dags/plugins/workday.py took 0.020 seconds
[2023-11-02T06:51:09.265+0000] {processor.py:157} INFO - Started process (PID=3787) to work on /home/ubuntu/customer_churn_venv/lib/python3.10/site-packages/airflow/example_dags/plugins/workday.py
[2023-11-02T06:51:09.266+0000] {processor.py:829} INFO - Processing file /home/ubuntu/customer_churn_venv/lib/python3.10/site-packages/airflow/example_dags/plugins/workday.py for tasks to queue
[2023-11-02T06:51:09.267+0000] {logging_mixin.py:151} INFO - [2023-11-02T06:51:09.267+0000] {dagbag.py:536} INFO - Filling up the DagBag from /home/ubuntu/customer_churn_venv/lib/python3.10/site-packages/airflow/example_dags/plugins/workday.py
[2023-11-02T06:51:09.270+0000] {logging_mixin.py:151} INFO - [2023-11-02T06:51:09.270+0000] {workday.py:36} WARNING - Could not import pandas. Holidays will not be considered.
[2023-11-02T06:51:09.270+0000] {processor.py:841} WARNING - No viable dags retrieved from /home/ubuntu/customer_churn_venv/lib/python3.10/site-packages/airflow/example_dags/plugins/workday.py
[2023-11-02T06:51:09.281+0000] {processor.py:179} INFO - Processing /home/ubuntu/customer_churn_venv/lib/python3.10/site-packages/airflow/example_dags/plugins/workday.py took 0.019 seconds
[2023-11-02T06:51:53.613+0000] {processor.py:157} INFO - Started process (PID=3835) to work on /home/ubuntu/customer_churn_venv/lib/python3.10/site-packages/airflow/example_dags/plugins/workday.py
[2023-11-02T06:51:53.615+0000] {processor.py:829} INFO - Processing file /home/ubuntu/customer_churn_venv/lib/python3.10/site-packages/airflow/example_dags/plugins/workday.py for tasks to queue
[2023-11-02T06:51:53.615+0000] {logging_mixin.py:151} INFO - [2023-11-02T06:51:53.615+0000] {dagbag.py:536} INFO - Filling up the DagBag from /home/ubuntu/customer_churn_venv/lib/python3.10/site-packages/airflow/example_dags/plugins/workday.py
[2023-11-02T06:51:53.618+0000] {logging_mixin.py:151} INFO - [2023-11-02T06:51:53.618+0000] {workday.py:36} WARNING - Could not import pandas. Holidays will not be considered.
[2023-11-02T06:51:53.619+0000] {processor.py:841} WARNING - No viable dags retrieved from /home/ubuntu/customer_churn_venv/lib/python3.10/site-packages/airflow/example_dags/plugins/workday.py
[2023-11-02T06:51:53.629+0000] {processor.py:179} INFO - Processing /home/ubuntu/customer_churn_venv/lib/python3.10/site-packages/airflow/example_dags/plugins/workday.py took 0.019 seconds
[2023-11-02T06:52:25.660+0000] {processor.py:157} INFO - Started process (PID=3867) to work on /home/ubuntu/customer_churn_venv/lib/python3.10/site-packages/airflow/example_dags/plugins/workday.py
[2023-11-02T06:52:25.662+0000] {processor.py:829} INFO - Processing file /home/ubuntu/customer_churn_venv/lib/python3.10/site-packages/airflow/example_dags/plugins/workday.py for tasks to queue
[2023-11-02T06:52:25.662+0000] {logging_mixin.py:151} INFO - [2023-11-02T06:52:25.662+0000] {dagbag.py:536} INFO - Filling up the DagBag from /home/ubuntu/customer_churn_venv/lib/python3.10/site-packages/airflow/example_dags/plugins/workday.py
[2023-11-02T06:52:25.665+0000] {logging_mixin.py:151} INFO - [2023-11-02T06:52:25.665+0000] {workday.py:36} WARNING - Could not import pandas. Holidays will not be considered.
[2023-11-02T06:52:25.666+0000] {processor.py:841} WARNING - No viable dags retrieved from /home/ubuntu/customer_churn_venv/lib/python3.10/site-packages/airflow/example_dags/plugins/workday.py
[2023-11-02T06:52:25.676+0000] {processor.py:179} INFO - Processing /home/ubuntu/customer_churn_venv/lib/python3.10/site-packages/airflow/example_dags/plugins/workday.py took 0.019 seconds
[2023-11-02T06:52:56.967+0000] {processor.py:157} INFO - Started process (PID=3899) to work on /home/ubuntu/customer_churn_venv/lib/python3.10/site-packages/airflow/example_dags/plugins/workday.py
[2023-11-02T06:52:56.968+0000] {processor.py:829} INFO - Processing file /home/ubuntu/customer_churn_venv/lib/python3.10/site-packages/airflow/example_dags/plugins/workday.py for tasks to queue
[2023-11-02T06:52:56.969+0000] {logging_mixin.py:151} INFO - [2023-11-02T06:52:56.968+0000] {dagbag.py:536} INFO - Filling up the DagBag from /home/ubuntu/customer_churn_venv/lib/python3.10/site-packages/airflow/example_dags/plugins/workday.py
[2023-11-02T06:52:56.972+0000] {logging_mixin.py:151} INFO - [2023-11-02T06:52:56.971+0000] {workday.py:36} WARNING - Could not import pandas. Holidays will not be considered.
[2023-11-02T06:52:56.972+0000] {processor.py:841} WARNING - No viable dags retrieved from /home/ubuntu/customer_churn_venv/lib/python3.10/site-packages/airflow/example_dags/plugins/workday.py
[2023-11-02T06:52:56.982+0000] {processor.py:179} INFO - Processing /home/ubuntu/customer_churn_venv/lib/python3.10/site-packages/airflow/example_dags/plugins/workday.py took 0.019 seconds
[2023-11-02T06:59:44.900+0000] {processor.py:157} INFO - Started process (PID=4361) to work on /usr/local/lib/python3.10/dist-packages/airflow/example_dags/plugins/workday.py
[2023-11-02T06:59:44.901+0000] {processor.py:829} INFO - Processing file /usr/local/lib/python3.10/dist-packages/airflow/example_dags/plugins/workday.py for tasks to queue
[2023-11-02T06:59:44.902+0000] {logging_mixin.py:151} INFO - [2023-11-02T06:59:44.902+0000] {dagbag.py:536} INFO - Filling up the DagBag from /usr/local/lib/python3.10/dist-packages/airflow/example_dags/plugins/workday.py
[2023-11-02T06:59:44.905+0000] {logging_mixin.py:151} INFO - [2023-11-02T06:59:44.905+0000] {workday.py:36} WARNING - Could not import pandas. Holidays will not be considered.
[2023-11-02T06:59:44.905+0000] {processor.py:841} WARNING - No viable dags retrieved from /usr/local/lib/python3.10/dist-packages/airflow/example_dags/plugins/workday.py
[2023-11-02T06:59:44.915+0000] {processor.py:179} INFO - Processing /usr/local/lib/python3.10/dist-packages/airflow/example_dags/plugins/workday.py took 0.019 seconds
[2023-11-02T07:00:31.794+0000] {processor.py:157} INFO - Started process (PID=4411) to work on /usr/local/lib/python3.10/dist-packages/airflow/example_dags/plugins/workday.py
[2023-11-02T07:00:31.795+0000] {processor.py:829} INFO - Processing file /usr/local/lib/python3.10/dist-packages/airflow/example_dags/plugins/workday.py for tasks to queue
[2023-11-02T07:00:31.796+0000] {logging_mixin.py:151} INFO - [2023-11-02T07:00:31.796+0000] {dagbag.py:536} INFO - Filling up the DagBag from /usr/local/lib/python3.10/dist-packages/airflow/example_dags/plugins/workday.py
[2023-11-02T07:00:31.799+0000] {logging_mixin.py:151} INFO - [2023-11-02T07:00:31.799+0000] {workday.py:36} WARNING - Could not import pandas. Holidays will not be considered.
[2023-11-02T07:00:31.800+0000] {processor.py:841} WARNING - No viable dags retrieved from /usr/local/lib/python3.10/dist-packages/airflow/example_dags/plugins/workday.py
[2023-11-02T07:00:31.810+0000] {processor.py:179} INFO - Processing /usr/local/lib/python3.10/dist-packages/airflow/example_dags/plugins/workday.py took 0.020 seconds
[2023-11-02T07:01:03.968+0000] {processor.py:157} INFO - Started process (PID=4445) to work on /usr/local/lib/python3.10/dist-packages/airflow/example_dags/plugins/workday.py
[2023-11-02T07:01:03.969+0000] {processor.py:829} INFO - Processing file /usr/local/lib/python3.10/dist-packages/airflow/example_dags/plugins/workday.py for tasks to queue
[2023-11-02T07:01:03.970+0000] {logging_mixin.py:151} INFO - [2023-11-02T07:01:03.970+0000] {dagbag.py:536} INFO - Filling up the DagBag from /usr/local/lib/python3.10/dist-packages/airflow/example_dags/plugins/workday.py
[2023-11-02T07:01:03.973+0000] {logging_mixin.py:151} INFO - [2023-11-02T07:01:03.973+0000] {workday.py:36} WARNING - Could not import pandas. Holidays will not be considered.
[2023-11-02T07:01:03.973+0000] {processor.py:841} WARNING - No viable dags retrieved from /usr/local/lib/python3.10/dist-packages/airflow/example_dags/plugins/workday.py
[2023-11-02T07:01:03.984+0000] {processor.py:179} INFO - Processing /usr/local/lib/python3.10/dist-packages/airflow/example_dags/plugins/workday.py took 0.020 seconds
[2023-11-02T07:01:46.665+0000] {processor.py:157} INFO - Started process (PID=4490) to work on /usr/local/lib/python3.10/dist-packages/airflow/example_dags/plugins/workday.py
[2023-11-02T07:01:46.666+0000] {processor.py:829} INFO - Processing file /usr/local/lib/python3.10/dist-packages/airflow/example_dags/plugins/workday.py for tasks to queue
[2023-11-02T07:01:46.667+0000] {logging_mixin.py:151} INFO - [2023-11-02T07:01:46.667+0000] {dagbag.py:536} INFO - Filling up the DagBag from /usr/local/lib/python3.10/dist-packages/airflow/example_dags/plugins/workday.py
[2023-11-02T07:01:46.670+0000] {logging_mixin.py:151} INFO - [2023-11-02T07:01:46.670+0000] {workday.py:36} WARNING - Could not import pandas. Holidays will not be considered.
[2023-11-02T07:01:46.671+0000] {processor.py:841} WARNING - No viable dags retrieved from /usr/local/lib/python3.10/dist-packages/airflow/example_dags/plugins/workday.py
[2023-11-02T07:01:46.681+0000] {processor.py:179} INFO - Processing /usr/local/lib/python3.10/dist-packages/airflow/example_dags/plugins/workday.py took 0.019 seconds
[2023-11-02T07:02:30.454+0000] {processor.py:157} INFO - Started process (PID=4535) to work on /usr/local/lib/python3.10/dist-packages/airflow/example_dags/plugins/workday.py
[2023-11-02T07:02:30.456+0000] {processor.py:829} INFO - Processing file /usr/local/lib/python3.10/dist-packages/airflow/example_dags/plugins/workday.py for tasks to queue
[2023-11-02T07:02:30.456+0000] {logging_mixin.py:151} INFO - [2023-11-02T07:02:30.456+0000] {dagbag.py:536} INFO - Filling up the DagBag from /usr/local/lib/python3.10/dist-packages/airflow/example_dags/plugins/workday.py
[2023-11-02T07:02:30.459+0000] {logging_mixin.py:151} INFO - [2023-11-02T07:02:30.459+0000] {workday.py:36} WARNING - Could not import pandas. Holidays will not be considered.
[2023-11-02T07:02:30.460+0000] {processor.py:841} WARNING - No viable dags retrieved from /usr/local/lib/python3.10/dist-packages/airflow/example_dags/plugins/workday.py
[2023-11-02T07:02:30.470+0000] {processor.py:179} INFO - Processing /usr/local/lib/python3.10/dist-packages/airflow/example_dags/plugins/workday.py took 0.019 seconds
[2023-11-02T07:03:14.741+0000] {processor.py:157} INFO - Started process (PID=4581) to work on /usr/local/lib/python3.10/dist-packages/airflow/example_dags/plugins/workday.py
[2023-11-02T07:03:14.743+0000] {processor.py:829} INFO - Processing file /usr/local/lib/python3.10/dist-packages/airflow/example_dags/plugins/workday.py for tasks to queue
[2023-11-02T07:03:14.744+0000] {logging_mixin.py:151} INFO - [2023-11-02T07:03:14.743+0000] {dagbag.py:536} INFO - Filling up the DagBag from /usr/local/lib/python3.10/dist-packages/airflow/example_dags/plugins/workday.py
[2023-11-02T07:03:14.747+0000] {logging_mixin.py:151} INFO - [2023-11-02T07:03:14.746+0000] {workday.py:36} WARNING - Could not import pandas. Holidays will not be considered.
[2023-11-02T07:03:14.747+0000] {processor.py:841} WARNING - No viable dags retrieved from /usr/local/lib/python3.10/dist-packages/airflow/example_dags/plugins/workday.py
[2023-11-02T07:03:14.757+0000] {processor.py:179} INFO - Processing /usr/local/lib/python3.10/dist-packages/airflow/example_dags/plugins/workday.py took 0.019 seconds
[2023-11-02T07:03:45.337+0000] {processor.py:157} INFO - Started process (PID=4614) to work on /usr/local/lib/python3.10/dist-packages/airflow/example_dags/plugins/workday.py
[2023-11-02T07:03:45.338+0000] {processor.py:829} INFO - Processing file /usr/local/lib/python3.10/dist-packages/airflow/example_dags/plugins/workday.py for tasks to queue
[2023-11-02T07:03:45.339+0000] {logging_mixin.py:151} INFO - [2023-11-02T07:03:45.339+0000] {dagbag.py:536} INFO - Filling up the DagBag from /usr/local/lib/python3.10/dist-packages/airflow/example_dags/plugins/workday.py
[2023-11-02T07:03:45.342+0000] {logging_mixin.py:151} INFO - [2023-11-02T07:03:45.342+0000] {workday.py:36} WARNING - Could not import pandas. Holidays will not be considered.
[2023-11-02T07:03:45.342+0000] {processor.py:841} WARNING - No viable dags retrieved from /usr/local/lib/python3.10/dist-packages/airflow/example_dags/plugins/workday.py
[2023-11-02T07:03:45.353+0000] {processor.py:179} INFO - Processing /usr/local/lib/python3.10/dist-packages/airflow/example_dags/plugins/workday.py took 0.019 seconds
[2023-11-02T07:04:25.002+0000] {processor.py:157} INFO - Started process (PID=4657) to work on /usr/local/lib/python3.10/dist-packages/airflow/example_dags/plugins/workday.py
[2023-11-02T07:04:25.003+0000] {processor.py:829} INFO - Processing file /usr/local/lib/python3.10/dist-packages/airflow/example_dags/plugins/workday.py for tasks to queue
[2023-11-02T07:04:25.004+0000] {logging_mixin.py:151} INFO - [2023-11-02T07:04:25.004+0000] {dagbag.py:536} INFO - Filling up the DagBag from /usr/local/lib/python3.10/dist-packages/airflow/example_dags/plugins/workday.py
[2023-11-02T07:04:25.007+0000] {logging_mixin.py:151} INFO - [2023-11-02T07:04:25.007+0000] {workday.py:36} WARNING - Could not import pandas. Holidays will not be considered.
[2023-11-02T07:04:25.008+0000] {processor.py:841} WARNING - No viable dags retrieved from /usr/local/lib/python3.10/dist-packages/airflow/example_dags/plugins/workday.py
[2023-11-02T07:04:25.018+0000] {processor.py:179} INFO - Processing /usr/local/lib/python3.10/dist-packages/airflow/example_dags/plugins/workday.py took 0.020 seconds
[2023-11-02T07:05:03.777+0000] {processor.py:157} INFO - Started process (PID=4699) to work on /usr/local/lib/python3.10/dist-packages/airflow/example_dags/plugins/workday.py
[2023-11-02T07:05:03.778+0000] {processor.py:829} INFO - Processing file /usr/local/lib/python3.10/dist-packages/airflow/example_dags/plugins/workday.py for tasks to queue
[2023-11-02T07:05:03.779+0000] {logging_mixin.py:151} INFO - [2023-11-02T07:05:03.779+0000] {dagbag.py:536} INFO - Filling up the DagBag from /usr/local/lib/python3.10/dist-packages/airflow/example_dags/plugins/workday.py
[2023-11-02T07:05:03.782+0000] {logging_mixin.py:151} INFO - [2023-11-02T07:05:03.782+0000] {workday.py:36} WARNING - Could not import pandas. Holidays will not be considered.
[2023-11-02T07:05:03.782+0000] {processor.py:841} WARNING - No viable dags retrieved from /usr/local/lib/python3.10/dist-packages/airflow/example_dags/plugins/workday.py
[2023-11-02T07:05:03.793+0000] {processor.py:179} INFO - Processing /usr/local/lib/python3.10/dist-packages/airflow/example_dags/plugins/workday.py took 0.020 seconds
[2023-11-02T07:05:46.098+0000] {processor.py:157} INFO - Started process (PID=4744) to work on /usr/local/lib/python3.10/dist-packages/airflow/example_dags/plugins/workday.py
[2023-11-02T07:05:46.099+0000] {processor.py:829} INFO - Processing file /usr/local/lib/python3.10/dist-packages/airflow/example_dags/plugins/workday.py for tasks to queue
[2023-11-02T07:05:46.100+0000] {logging_mixin.py:151} INFO - [2023-11-02T07:05:46.099+0000] {dagbag.py:536} INFO - Filling up the DagBag from /usr/local/lib/python3.10/dist-packages/airflow/example_dags/plugins/workday.py
[2023-11-02T07:05:46.103+0000] {logging_mixin.py:151} INFO - [2023-11-02T07:05:46.102+0000] {workday.py:36} WARNING - Could not import pandas. Holidays will not be considered.
[2023-11-02T07:05:46.103+0000] {processor.py:841} WARNING - No viable dags retrieved from /usr/local/lib/python3.10/dist-packages/airflow/example_dags/plugins/workday.py
[2023-11-02T07:05:46.113+0000] {processor.py:179} INFO - Processing /usr/local/lib/python3.10/dist-packages/airflow/example_dags/plugins/workday.py took 0.019 seconds
[2023-11-02T07:06:32.686+0000] {processor.py:157} INFO - Started process (PID=4790) to work on /usr/local/lib/python3.10/dist-packages/airflow/example_dags/plugins/workday.py
[2023-11-02T07:06:32.688+0000] {processor.py:829} INFO - Processing file /usr/local/lib/python3.10/dist-packages/airflow/example_dags/plugins/workday.py for tasks to queue
[2023-11-02T07:06:32.689+0000] {logging_mixin.py:151} INFO - [2023-11-02T07:06:32.688+0000] {dagbag.py:536} INFO - Filling up the DagBag from /usr/local/lib/python3.10/dist-packages/airflow/example_dags/plugins/workday.py
[2023-11-02T07:06:32.691+0000] {logging_mixin.py:151} INFO - [2023-11-02T07:06:32.691+0000] {workday.py:36} WARNING - Could not import pandas. Holidays will not be considered.
[2023-11-02T07:06:32.692+0000] {processor.py:841} WARNING - No viable dags retrieved from /usr/local/lib/python3.10/dist-packages/airflow/example_dags/plugins/workday.py
[2023-11-02T07:06:32.702+0000] {processor.py:179} INFO - Processing /usr/local/lib/python3.10/dist-packages/airflow/example_dags/plugins/workday.py took 0.020 seconds
[2023-11-02T07:07:05.258+0000] {processor.py:157} INFO - Started process (PID=4823) to work on /usr/local/lib/python3.10/dist-packages/airflow/example_dags/plugins/workday.py
[2023-11-02T07:07:05.259+0000] {processor.py:829} INFO - Processing file /usr/local/lib/python3.10/dist-packages/airflow/example_dags/plugins/workday.py for tasks to queue
[2023-11-02T07:07:05.260+0000] {logging_mixin.py:151} INFO - [2023-11-02T07:07:05.259+0000] {dagbag.py:536} INFO - Filling up the DagBag from /usr/local/lib/python3.10/dist-packages/airflow/example_dags/plugins/workday.py
[2023-11-02T07:07:05.263+0000] {logging_mixin.py:151} INFO - [2023-11-02T07:07:05.262+0000] {workday.py:36} WARNING - Could not import pandas. Holidays will not be considered.
[2023-11-02T07:07:05.263+0000] {processor.py:841} WARNING - No viable dags retrieved from /usr/local/lib/python3.10/dist-packages/airflow/example_dags/plugins/workday.py
[2023-11-02T07:07:05.273+0000] {processor.py:179} INFO - Processing /usr/local/lib/python3.10/dist-packages/airflow/example_dags/plugins/workday.py took 0.019 seconds
[2023-11-02T07:07:36.632+0000] {processor.py:157} INFO - Started process (PID=4856) to work on /usr/local/lib/python3.10/dist-packages/airflow/example_dags/plugins/workday.py
[2023-11-02T07:07:36.633+0000] {processor.py:829} INFO - Processing file /usr/local/lib/python3.10/dist-packages/airflow/example_dags/plugins/workday.py for tasks to queue
[2023-11-02T07:07:36.634+0000] {logging_mixin.py:151} INFO - [2023-11-02T07:07:36.634+0000] {dagbag.py:536} INFO - Filling up the DagBag from /usr/local/lib/python3.10/dist-packages/airflow/example_dags/plugins/workday.py
[2023-11-02T07:07:36.637+0000] {logging_mixin.py:151} INFO - [2023-11-02T07:07:36.637+0000] {workday.py:36} WARNING - Could not import pandas. Holidays will not be considered.
[2023-11-02T07:07:36.638+0000] {processor.py:841} WARNING - No viable dags retrieved from /usr/local/lib/python3.10/dist-packages/airflow/example_dags/plugins/workday.py
[2023-11-02T07:07:36.648+0000] {processor.py:179} INFO - Processing /usr/local/lib/python3.10/dist-packages/airflow/example_dags/plugins/workday.py took 0.019 seconds
[2023-11-02T07:08:18.406+0000] {processor.py:157} INFO - Started process (PID=4900) to work on /usr/local/lib/python3.10/dist-packages/airflow/example_dags/plugins/workday.py
[2023-11-02T07:08:18.408+0000] {processor.py:829} INFO - Processing file /usr/local/lib/python3.10/dist-packages/airflow/example_dags/plugins/workday.py for tasks to queue
[2023-11-02T07:08:18.409+0000] {logging_mixin.py:151} INFO - [2023-11-02T07:08:18.408+0000] {dagbag.py:536} INFO - Filling up the DagBag from /usr/local/lib/python3.10/dist-packages/airflow/example_dags/plugins/workday.py
[2023-11-02T07:08:18.411+0000] {logging_mixin.py:151} INFO - [2023-11-02T07:08:18.411+0000] {workday.py:36} WARNING - Could not import pandas. Holidays will not be considered.
[2023-11-02T07:08:18.412+0000] {processor.py:841} WARNING - No viable dags retrieved from /usr/local/lib/python3.10/dist-packages/airflow/example_dags/plugins/workday.py
[2023-11-02T07:08:18.422+0000] {processor.py:179} INFO - Processing /usr/local/lib/python3.10/dist-packages/airflow/example_dags/plugins/workday.py took 0.019 seconds
[2023-11-02T07:08:50.755+0000] {processor.py:157} INFO - Started process (PID=5167) to work on /usr/local/lib/python3.10/dist-packages/airflow/example_dags/plugins/workday.py
[2023-11-02T07:08:50.756+0000] {processor.py:829} INFO - Processing file /usr/local/lib/python3.10/dist-packages/airflow/example_dags/plugins/workday.py for tasks to queue
[2023-11-02T07:08:50.757+0000] {logging_mixin.py:151} INFO - [2023-11-02T07:08:50.756+0000] {dagbag.py:536} INFO - Filling up the DagBag from /usr/local/lib/python3.10/dist-packages/airflow/example_dags/plugins/workday.py
[2023-11-02T07:08:50.760+0000] {logging_mixin.py:151} INFO - [2023-11-02T07:08:50.759+0000] {workday.py:36} WARNING - Could not import pandas. Holidays will not be considered.
[2023-11-02T07:08:50.760+0000] {processor.py:841} WARNING - No viable dags retrieved from /usr/local/lib/python3.10/dist-packages/airflow/example_dags/plugins/workday.py
[2023-11-02T07:08:50.770+0000] {processor.py:179} INFO - Processing /usr/local/lib/python3.10/dist-packages/airflow/example_dags/plugins/workday.py took 0.018 seconds
[2023-11-02T07:09:34.326+0000] {processor.py:157} INFO - Started process (PID=5370) to work on /usr/local/lib/python3.10/dist-packages/airflow/example_dags/plugins/workday.py
[2023-11-02T07:09:34.328+0000] {processor.py:829} INFO - Processing file /usr/local/lib/python3.10/dist-packages/airflow/example_dags/plugins/workday.py for tasks to queue
[2023-11-02T07:09:34.328+0000] {logging_mixin.py:151} INFO - [2023-11-02T07:09:34.328+0000] {dagbag.py:536} INFO - Filling up the DagBag from /usr/local/lib/python3.10/dist-packages/airflow/example_dags/plugins/workday.py
[2023-11-02T07:09:34.331+0000] {logging_mixin.py:151} INFO - [2023-11-02T07:09:34.331+0000] {workday.py:36} WARNING - Could not import pandas. Holidays will not be considered.
[2023-11-02T07:09:34.332+0000] {processor.py:841} WARNING - No viable dags retrieved from /usr/local/lib/python3.10/dist-packages/airflow/example_dags/plugins/workday.py
[2023-11-02T07:09:34.342+0000] {processor.py:179} INFO - Processing /usr/local/lib/python3.10/dist-packages/airflow/example_dags/plugins/workday.py took 0.019 seconds
[2023-11-02T07:10:05.747+0000] {processor.py:157} INFO - Started process (PID=5404) to work on /usr/local/lib/python3.10/dist-packages/airflow/example_dags/plugins/workday.py
[2023-11-02T07:10:05.748+0000] {processor.py:829} INFO - Processing file /usr/local/lib/python3.10/dist-packages/airflow/example_dags/plugins/workday.py for tasks to queue
[2023-11-02T07:10:05.749+0000] {logging_mixin.py:151} INFO - [2023-11-02T07:10:05.749+0000] {dagbag.py:536} INFO - Filling up the DagBag from /usr/local/lib/python3.10/dist-packages/airflow/example_dags/plugins/workday.py
[2023-11-02T07:10:05.753+0000] {logging_mixin.py:151} INFO - [2023-11-02T07:10:05.753+0000] {workday.py:36} WARNING - Could not import pandas. Holidays will not be considered.
[2023-11-02T07:10:05.753+0000] {processor.py:841} WARNING - No viable dags retrieved from /usr/local/lib/python3.10/dist-packages/airflow/example_dags/plugins/workday.py
[2023-11-02T07:10:05.763+0000] {processor.py:179} INFO - Processing /usr/local/lib/python3.10/dist-packages/airflow/example_dags/plugins/workday.py took 0.020 seconds
[2023-11-02T07:10:52.323+0000] {processor.py:157} INFO - Started process (PID=5451) to work on /usr/local/lib/python3.10/dist-packages/airflow/example_dags/plugins/workday.py
[2023-11-02T07:10:52.324+0000] {processor.py:829} INFO - Processing file /usr/local/lib/python3.10/dist-packages/airflow/example_dags/plugins/workday.py for tasks to queue
[2023-11-02T07:10:52.325+0000] {logging_mixin.py:151} INFO - [2023-11-02T07:10:52.325+0000] {dagbag.py:536} INFO - Filling up the DagBag from /usr/local/lib/python3.10/dist-packages/airflow/example_dags/plugins/workday.py
[2023-11-02T07:10:52.328+0000] {logging_mixin.py:151} INFO - [2023-11-02T07:10:52.328+0000] {workday.py:36} WARNING - Could not import pandas. Holidays will not be considered.
[2023-11-02T07:10:52.328+0000] {processor.py:841} WARNING - No viable dags retrieved from /usr/local/lib/python3.10/dist-packages/airflow/example_dags/plugins/workday.py
[2023-11-02T07:10:52.338+0000] {processor.py:179} INFO - Processing /usr/local/lib/python3.10/dist-packages/airflow/example_dags/plugins/workday.py took 0.019 seconds
[2023-11-02T07:11:25.764+0000] {processor.py:157} INFO - Started process (PID=5489) to work on /usr/local/lib/python3.10/dist-packages/airflow/example_dags/plugins/workday.py
[2023-11-02T07:11:25.765+0000] {processor.py:829} INFO - Processing file /usr/local/lib/python3.10/dist-packages/airflow/example_dags/plugins/workday.py for tasks to queue
[2023-11-02T07:11:25.766+0000] {logging_mixin.py:151} INFO - [2023-11-02T07:11:25.766+0000] {dagbag.py:536} INFO - Filling up the DagBag from /usr/local/lib/python3.10/dist-packages/airflow/example_dags/plugins/workday.py
[2023-11-02T07:11:25.769+0000] {logging_mixin.py:151} INFO - [2023-11-02T07:11:25.769+0000] {workday.py:36} WARNING - Could not import pandas. Holidays will not be considered.
[2023-11-02T07:11:25.769+0000] {processor.py:841} WARNING - No viable dags retrieved from /usr/local/lib/python3.10/dist-packages/airflow/example_dags/plugins/workday.py
[2023-11-02T07:11:25.780+0000] {processor.py:179} INFO - Processing /usr/local/lib/python3.10/dist-packages/airflow/example_dags/plugins/workday.py took 0.019 seconds
[2023-11-02T07:11:57.819+0000] {processor.py:157} INFO - Started process (PID=5523) to work on /usr/local/lib/python3.10/dist-packages/airflow/example_dags/plugins/workday.py
[2023-11-02T07:11:57.820+0000] {processor.py:829} INFO - Processing file /usr/local/lib/python3.10/dist-packages/airflow/example_dags/plugins/workday.py for tasks to queue
[2023-11-02T07:11:57.821+0000] {logging_mixin.py:151} INFO - [2023-11-02T07:11:57.821+0000] {dagbag.py:536} INFO - Filling up the DagBag from /usr/local/lib/python3.10/dist-packages/airflow/example_dags/plugins/workday.py
[2023-11-02T07:11:57.825+0000] {logging_mixin.py:151} INFO - [2023-11-02T07:11:57.824+0000] {workday.py:36} WARNING - Could not import pandas. Holidays will not be considered.
[2023-11-02T07:11:57.825+0000] {processor.py:841} WARNING - No viable dags retrieved from /usr/local/lib/python3.10/dist-packages/airflow/example_dags/plugins/workday.py
[2023-11-02T07:11:57.844+0000] {processor.py:179} INFO - Processing /usr/local/lib/python3.10/dist-packages/airflow/example_dags/plugins/workday.py took 0.029 seconds
[2023-11-02T07:12:36.741+0000] {processor.py:157} INFO - Started process (PID=5565) to work on /usr/local/lib/python3.10/dist-packages/airflow/example_dags/plugins/workday.py
[2023-11-02T07:12:36.742+0000] {processor.py:829} INFO - Processing file /usr/local/lib/python3.10/dist-packages/airflow/example_dags/plugins/workday.py for tasks to queue
[2023-11-02T07:12:36.743+0000] {logging_mixin.py:151} INFO - [2023-11-02T07:12:36.742+0000] {dagbag.py:536} INFO - Filling up the DagBag from /usr/local/lib/python3.10/dist-packages/airflow/example_dags/plugins/workday.py
[2023-11-02T07:12:36.745+0000] {logging_mixin.py:151} INFO - [2023-11-02T07:12:36.745+0000] {workday.py:36} WARNING - Could not import pandas. Holidays will not be considered.
[2023-11-02T07:12:36.746+0000] {processor.py:841} WARNING - No viable dags retrieved from /usr/local/lib/python3.10/dist-packages/airflow/example_dags/plugins/workday.py
[2023-11-02T07:12:36.756+0000] {processor.py:179} INFO - Processing /usr/local/lib/python3.10/dist-packages/airflow/example_dags/plugins/workday.py took 0.018 seconds
