[2023-11-02T06:49:59.060+0000] {processor.py:157} INFO - Started process (PID=3723) to work on /home/ubuntu/customer_churn_venv/lib/python3.10/site-packages/airflow/example_dags/example_dynamic_task_mapping.py
[2023-11-02T06:49:59.061+0000] {processor.py:829} INFO - Processing file /home/ubuntu/customer_churn_venv/lib/python3.10/site-packages/airflow/example_dags/example_dynamic_task_mapping.py for tasks to queue
[2023-11-02T06:49:59.062+0000] {logging_mixin.py:151} INFO - [2023-11-02T06:49:59.061+0000] {dagbag.py:536} INFO - Filling up the DagBag from /home/ubuntu/customer_churn_venv/lib/python3.10/site-packages/airflow/example_dags/example_dynamic_task_mapping.py
[2023-11-02T06:49:59.069+0000] {processor.py:839} INFO - DAG(s) dict_keys(['example_dynamic_task_mapping']) retrieved from /home/ubuntu/customer_churn_venv/lib/python3.10/site-packages/airflow/example_dags/example_dynamic_task_mapping.py
[2023-11-02T06:49:59.279+0000] {logging_mixin.py:151} INFO - [2023-11-02T06:49:59.279+0000] {manager.py:499} INFO - Created Permission View: %s
[2023-11-02T06:49:59.292+0000] {logging_mixin.py:151} INFO - [2023-11-02T06:49:59.291+0000] {manager.py:499} INFO - Created Permission View: %s
[2023-11-02T06:49:59.301+0000] {logging_mixin.py:151} INFO - [2023-11-02T06:49:59.301+0000] {manager.py:499} INFO - Created Permission View: %s
[2023-11-02T06:49:59.301+0000] {logging_mixin.py:151} INFO - [2023-11-02T06:49:59.301+0000] {dag.py:2941} INFO - Sync 1 DAGs
[2023-11-02T06:49:59.311+0000] {logging_mixin.py:151} INFO - [2023-11-02T06:49:59.311+0000] {dag.py:2963} INFO - Creating ORM DAG for example_dynamic_task_mapping
[2023-11-02T06:49:59.319+0000] {logging_mixin.py:151} INFO - [2023-11-02T06:49:59.319+0000] {dag.py:3722} INFO - Setting next_dagrun for example_dynamic_task_mapping to 2022-03-04T00:00:00+00:00, run_after=2022-03-05T00:00:00+00:00
[2023-11-02T06:49:59.339+0000] {processor.py:179} INFO - Processing /home/ubuntu/customer_churn_venv/lib/python3.10/site-packages/airflow/example_dags/example_dynamic_task_mapping.py took 0.282 seconds
[2023-11-02T06:50:51.424+0000] {processor.py:157} INFO - Started process (PID=3769) to work on /home/ubuntu/customer_churn_venv/lib/python3.10/site-packages/airflow/example_dags/example_dynamic_task_mapping.py
[2023-11-02T06:50:51.425+0000] {processor.py:829} INFO - Processing file /home/ubuntu/customer_churn_venv/lib/python3.10/site-packages/airflow/example_dags/example_dynamic_task_mapping.py for tasks to queue
[2023-11-02T06:50:51.426+0000] {logging_mixin.py:151} INFO - [2023-11-02T06:50:51.425+0000] {dagbag.py:536} INFO - Filling up the DagBag from /home/ubuntu/customer_churn_venv/lib/python3.10/site-packages/airflow/example_dags/example_dynamic_task_mapping.py
[2023-11-02T06:50:51.434+0000] {processor.py:839} INFO - DAG(s) dict_keys(['example_dynamic_task_mapping']) retrieved from /home/ubuntu/customer_churn_venv/lib/python3.10/site-packages/airflow/example_dags/example_dynamic_task_mapping.py
[2023-11-02T06:50:51.450+0000] {logging_mixin.py:151} INFO - [2023-11-02T06:50:51.449+0000] {dag.py:2941} INFO - Sync 1 DAGs
[2023-11-02T06:50:51.470+0000] {logging_mixin.py:151} INFO - [2023-11-02T06:50:51.469+0000] {dag.py:3722} INFO - Setting next_dagrun for example_dynamic_task_mapping to 2022-03-04T00:00:00+00:00, run_after=2022-03-05T00:00:00+00:00
[2023-11-02T06:50:51.492+0000] {processor.py:179} INFO - Processing /home/ubuntu/customer_churn_venv/lib/python3.10/site-packages/airflow/example_dags/example_dynamic_task_mapping.py took 0.071 seconds
[2023-11-02T06:51:36.239+0000] {processor.py:157} INFO - Started process (PID=3817) to work on /home/ubuntu/customer_churn_venv/lib/python3.10/site-packages/airflow/example_dags/example_dynamic_task_mapping.py
[2023-11-02T06:51:36.240+0000] {processor.py:829} INFO - Processing file /home/ubuntu/customer_churn_venv/lib/python3.10/site-packages/airflow/example_dags/example_dynamic_task_mapping.py for tasks to queue
[2023-11-02T06:51:36.241+0000] {logging_mixin.py:151} INFO - [2023-11-02T06:51:36.241+0000] {dagbag.py:536} INFO - Filling up the DagBag from /home/ubuntu/customer_churn_venv/lib/python3.10/site-packages/airflow/example_dags/example_dynamic_task_mapping.py
[2023-11-02T06:51:36.249+0000] {processor.py:839} INFO - DAG(s) dict_keys(['example_dynamic_task_mapping']) retrieved from /home/ubuntu/customer_churn_venv/lib/python3.10/site-packages/airflow/example_dags/example_dynamic_task_mapping.py
[2023-11-02T06:51:36.265+0000] {logging_mixin.py:151} INFO - [2023-11-02T06:51:36.265+0000] {dag.py:2941} INFO - Sync 1 DAGs
[2023-11-02T06:51:36.284+0000] {logging_mixin.py:151} INFO - [2023-11-02T06:51:36.284+0000] {dag.py:3722} INFO - Setting next_dagrun for example_dynamic_task_mapping to 2022-03-04T00:00:00+00:00, run_after=2022-03-05T00:00:00+00:00
[2023-11-02T06:51:36.305+0000] {processor.py:179} INFO - Processing /home/ubuntu/customer_churn_venv/lib/python3.10/site-packages/airflow/example_dags/example_dynamic_task_mapping.py took 0.070 seconds
[2023-11-02T06:52:22.638+0000] {processor.py:157} INFO - Started process (PID=3864) to work on /home/ubuntu/customer_churn_venv/lib/python3.10/site-packages/airflow/example_dags/example_dynamic_task_mapping.py
[2023-11-02T06:52:22.639+0000] {processor.py:829} INFO - Processing file /home/ubuntu/customer_churn_venv/lib/python3.10/site-packages/airflow/example_dags/example_dynamic_task_mapping.py for tasks to queue
[2023-11-02T06:52:22.640+0000] {logging_mixin.py:151} INFO - [2023-11-02T06:52:22.640+0000] {dagbag.py:536} INFO - Filling up the DagBag from /home/ubuntu/customer_churn_venv/lib/python3.10/site-packages/airflow/example_dags/example_dynamic_task_mapping.py
[2023-11-02T06:52:22.648+0000] {processor.py:839} INFO - DAG(s) dict_keys(['example_dynamic_task_mapping']) retrieved from /home/ubuntu/customer_churn_venv/lib/python3.10/site-packages/airflow/example_dags/example_dynamic_task_mapping.py
[2023-11-02T06:52:22.664+0000] {logging_mixin.py:151} INFO - [2023-11-02T06:52:22.663+0000] {dag.py:2941} INFO - Sync 1 DAGs
[2023-11-02T06:52:22.683+0000] {logging_mixin.py:151} INFO - [2023-11-02T06:52:22.683+0000] {dag.py:3722} INFO - Setting next_dagrun for example_dynamic_task_mapping to 2022-03-04T00:00:00+00:00, run_after=2022-03-05T00:00:00+00:00
[2023-11-02T06:52:22.706+0000] {processor.py:179} INFO - Processing /home/ubuntu/customer_churn_venv/lib/python3.10/site-packages/airflow/example_dags/example_dynamic_task_mapping.py took 0.071 seconds
[2023-11-02T06:53:09.544+0000] {processor.py:157} INFO - Started process (PID=3912) to work on /home/ubuntu/customer_churn_venv/lib/python3.10/site-packages/airflow/example_dags/example_dynamic_task_mapping.py
[2023-11-02T06:53:09.545+0000] {processor.py:829} INFO - Processing file /home/ubuntu/customer_churn_venv/lib/python3.10/site-packages/airflow/example_dags/example_dynamic_task_mapping.py for tasks to queue
[2023-11-02T06:53:09.546+0000] {logging_mixin.py:151} INFO - [2023-11-02T06:53:09.546+0000] {dagbag.py:536} INFO - Filling up the DagBag from /home/ubuntu/customer_churn_venv/lib/python3.10/site-packages/airflow/example_dags/example_dynamic_task_mapping.py
[2023-11-02T06:53:09.554+0000] {processor.py:839} INFO - DAG(s) dict_keys(['example_dynamic_task_mapping']) retrieved from /home/ubuntu/customer_churn_venv/lib/python3.10/site-packages/airflow/example_dags/example_dynamic_task_mapping.py
[2023-11-02T06:53:09.570+0000] {logging_mixin.py:151} INFO - [2023-11-02T06:53:09.570+0000] {dag.py:2941} INFO - Sync 1 DAGs
[2023-11-02T06:53:09.590+0000] {logging_mixin.py:151} INFO - [2023-11-02T06:53:09.590+0000] {dag.py:3722} INFO - Setting next_dagrun for example_dynamic_task_mapping to 2022-03-04T00:00:00+00:00, run_after=2022-03-05T00:00:00+00:00
[2023-11-02T06:53:09.611+0000] {processor.py:179} INFO - Processing /home/ubuntu/customer_churn_venv/lib/python3.10/site-packages/airflow/example_dags/example_dynamic_task_mapping.py took 0.071 seconds
[2023-11-02T07:00:08.331+0000] {processor.py:157} INFO - Started process (PID=4387) to work on /usr/local/lib/python3.10/dist-packages/airflow/example_dags/example_dynamic_task_mapping.py
[2023-11-02T07:00:08.332+0000] {processor.py:829} INFO - Processing file /usr/local/lib/python3.10/dist-packages/airflow/example_dags/example_dynamic_task_mapping.py for tasks to queue
[2023-11-02T07:00:08.333+0000] {logging_mixin.py:151} INFO - [2023-11-02T07:00:08.333+0000] {dagbag.py:536} INFO - Filling up the DagBag from /usr/local/lib/python3.10/dist-packages/airflow/example_dags/example_dynamic_task_mapping.py
[2023-11-02T07:00:08.341+0000] {processor.py:839} INFO - DAG(s) dict_keys(['example_dynamic_task_mapping']) retrieved from /usr/local/lib/python3.10/dist-packages/airflow/example_dags/example_dynamic_task_mapping.py
[2023-11-02T07:00:08.350+0000] {logging_mixin.py:151} INFO - [2023-11-02T07:00:08.349+0000] {dag.py:2941} INFO - Sync 1 DAGs
[2023-11-02T07:00:08.372+0000] {logging_mixin.py:151} INFO - [2023-11-02T07:00:08.372+0000] {dag.py:3722} INFO - Setting next_dagrun for example_dynamic_task_mapping to 2022-03-04T00:00:00+00:00, run_after=2022-03-05T00:00:00+00:00
[2023-11-02T07:00:08.394+0000] {processor.py:179} INFO - Processing /usr/local/lib/python3.10/dist-packages/airflow/example_dags/example_dynamic_task_mapping.py took 0.067 seconds
[2023-11-02T07:00:53.404+0000] {processor.py:157} INFO - Started process (PID=4434) to work on /usr/local/lib/python3.10/dist-packages/airflow/example_dags/example_dynamic_task_mapping.py
[2023-11-02T07:00:53.405+0000] {processor.py:829} INFO - Processing file /usr/local/lib/python3.10/dist-packages/airflow/example_dags/example_dynamic_task_mapping.py for tasks to queue
[2023-11-02T07:00:53.406+0000] {logging_mixin.py:151} INFO - [2023-11-02T07:00:53.405+0000] {dagbag.py:536} INFO - Filling up the DagBag from /usr/local/lib/python3.10/dist-packages/airflow/example_dags/example_dynamic_task_mapping.py
[2023-11-02T07:00:53.414+0000] {processor.py:839} INFO - DAG(s) dict_keys(['example_dynamic_task_mapping']) retrieved from /usr/local/lib/python3.10/dist-packages/airflow/example_dags/example_dynamic_task_mapping.py
[2023-11-02T07:00:53.430+0000] {logging_mixin.py:151} INFO - [2023-11-02T07:00:53.429+0000] {dag.py:2941} INFO - Sync 1 DAGs
[2023-11-02T07:00:53.451+0000] {logging_mixin.py:151} INFO - [2023-11-02T07:00:53.450+0000] {dag.py:3722} INFO - Setting next_dagrun for example_dynamic_task_mapping to 2022-03-04T00:00:00+00:00, run_after=2022-03-05T00:00:00+00:00
[2023-11-02T07:00:53.472+0000] {processor.py:179} INFO - Processing /usr/local/lib/python3.10/dist-packages/airflow/example_dags/example_dynamic_task_mapping.py took 0.072 seconds
[2023-11-02T07:01:37.516+0000] {processor.py:157} INFO - Started process (PID=4480) to work on /usr/local/lib/python3.10/dist-packages/airflow/example_dags/example_dynamic_task_mapping.py
[2023-11-02T07:01:37.517+0000] {processor.py:829} INFO - Processing file /usr/local/lib/python3.10/dist-packages/airflow/example_dags/example_dynamic_task_mapping.py for tasks to queue
[2023-11-02T07:01:37.518+0000] {logging_mixin.py:151} INFO - [2023-11-02T07:01:37.518+0000] {dagbag.py:536} INFO - Filling up the DagBag from /usr/local/lib/python3.10/dist-packages/airflow/example_dags/example_dynamic_task_mapping.py
[2023-11-02T07:01:37.526+0000] {processor.py:839} INFO - DAG(s) dict_keys(['example_dynamic_task_mapping']) retrieved from /usr/local/lib/python3.10/dist-packages/airflow/example_dags/example_dynamic_task_mapping.py
[2023-11-02T07:01:37.542+0000] {logging_mixin.py:151} INFO - [2023-11-02T07:01:37.542+0000] {dag.py:2941} INFO - Sync 1 DAGs
[2023-11-02T07:01:37.563+0000] {logging_mixin.py:151} INFO - [2023-11-02T07:01:37.563+0000] {dag.py:3722} INFO - Setting next_dagrun for example_dynamic_task_mapping to 2022-03-04T00:00:00+00:00, run_after=2022-03-05T00:00:00+00:00
[2023-11-02T07:01:37.585+0000] {processor.py:179} INFO - Processing /usr/local/lib/python3.10/dist-packages/airflow/example_dags/example_dynamic_task_mapping.py took 0.072 seconds
[2023-11-02T07:02:21.193+0000] {processor.py:157} INFO - Started process (PID=4526) to work on /usr/local/lib/python3.10/dist-packages/airflow/example_dags/example_dynamic_task_mapping.py
[2023-11-02T07:02:21.194+0000] {processor.py:829} INFO - Processing file /usr/local/lib/python3.10/dist-packages/airflow/example_dags/example_dynamic_task_mapping.py for tasks to queue
[2023-11-02T07:02:21.195+0000] {logging_mixin.py:151} INFO - [2023-11-02T07:02:21.195+0000] {dagbag.py:536} INFO - Filling up the DagBag from /usr/local/lib/python3.10/dist-packages/airflow/example_dags/example_dynamic_task_mapping.py
[2023-11-02T07:02:21.203+0000] {processor.py:839} INFO - DAG(s) dict_keys(['example_dynamic_task_mapping']) retrieved from /usr/local/lib/python3.10/dist-packages/airflow/example_dags/example_dynamic_task_mapping.py
[2023-11-02T07:02:21.218+0000] {logging_mixin.py:151} INFO - [2023-11-02T07:02:21.218+0000] {dag.py:2941} INFO - Sync 1 DAGs
[2023-11-02T07:02:21.239+0000] {logging_mixin.py:151} INFO - [2023-11-02T07:02:21.238+0000] {dag.py:3722} INFO - Setting next_dagrun for example_dynamic_task_mapping to 2022-03-04T00:00:00+00:00, run_after=2022-03-05T00:00:00+00:00
[2023-11-02T07:02:21.260+0000] {processor.py:179} INFO - Processing /usr/local/lib/python3.10/dist-packages/airflow/example_dags/example_dynamic_task_mapping.py took 0.070 seconds
[2023-11-02T07:03:06.810+0000] {processor.py:157} INFO - Started process (PID=4573) to work on /usr/local/lib/python3.10/dist-packages/airflow/example_dags/example_dynamic_task_mapping.py
[2023-11-02T07:03:06.811+0000] {processor.py:829} INFO - Processing file /usr/local/lib/python3.10/dist-packages/airflow/example_dags/example_dynamic_task_mapping.py for tasks to queue
[2023-11-02T07:03:06.812+0000] {logging_mixin.py:151} INFO - [2023-11-02T07:03:06.811+0000] {dagbag.py:536} INFO - Filling up the DagBag from /usr/local/lib/python3.10/dist-packages/airflow/example_dags/example_dynamic_task_mapping.py
[2023-11-02T07:03:06.820+0000] {processor.py:839} INFO - DAG(s) dict_keys(['example_dynamic_task_mapping']) retrieved from /usr/local/lib/python3.10/dist-packages/airflow/example_dags/example_dynamic_task_mapping.py
[2023-11-02T07:03:06.836+0000] {logging_mixin.py:151} INFO - [2023-11-02T07:03:06.835+0000] {dag.py:2941} INFO - Sync 1 DAGs
[2023-11-02T07:03:06.856+0000] {logging_mixin.py:151} INFO - [2023-11-02T07:03:06.856+0000] {dag.py:3722} INFO - Setting next_dagrun for example_dynamic_task_mapping to 2022-03-04T00:00:00+00:00, run_after=2022-03-05T00:00:00+00:00
[2023-11-02T07:03:06.879+0000] {processor.py:179} INFO - Processing /usr/local/lib/python3.10/dist-packages/airflow/example_dags/example_dynamic_task_mapping.py took 0.072 seconds
[2023-11-02T07:03:52.774+0000] {processor.py:157} INFO - Started process (PID=4621) to work on /usr/local/lib/python3.10/dist-packages/airflow/example_dags/example_dynamic_task_mapping.py
[2023-11-02T07:03:52.776+0000] {processor.py:829} INFO - Processing file /usr/local/lib/python3.10/dist-packages/airflow/example_dags/example_dynamic_task_mapping.py for tasks to queue
[2023-11-02T07:03:52.777+0000] {logging_mixin.py:151} INFO - [2023-11-02T07:03:52.776+0000] {dagbag.py:536} INFO - Filling up the DagBag from /usr/local/lib/python3.10/dist-packages/airflow/example_dags/example_dynamic_task_mapping.py
[2023-11-02T07:03:52.785+0000] {processor.py:839} INFO - DAG(s) dict_keys(['example_dynamic_task_mapping']) retrieved from /usr/local/lib/python3.10/dist-packages/airflow/example_dags/example_dynamic_task_mapping.py
[2023-11-02T07:03:52.800+0000] {logging_mixin.py:151} INFO - [2023-11-02T07:03:52.800+0000] {dag.py:2941} INFO - Sync 1 DAGs
[2023-11-02T07:03:52.821+0000] {logging_mixin.py:151} INFO - [2023-11-02T07:03:52.821+0000] {dag.py:3722} INFO - Setting next_dagrun for example_dynamic_task_mapping to 2022-03-04T00:00:00+00:00, run_after=2022-03-05T00:00:00+00:00
[2023-11-02T07:03:52.843+0000] {processor.py:179} INFO - Processing /usr/local/lib/python3.10/dist-packages/airflow/example_dags/example_dynamic_task_mapping.py took 0.071 seconds
[2023-11-02T07:04:33.027+0000] {processor.py:157} INFO - Started process (PID=4666) to work on /usr/local/lib/python3.10/dist-packages/airflow/example_dags/example_dynamic_task_mapping.py
[2023-11-02T07:04:33.029+0000] {processor.py:829} INFO - Processing file /usr/local/lib/python3.10/dist-packages/airflow/example_dags/example_dynamic_task_mapping.py for tasks to queue
[2023-11-02T07:04:33.030+0000] {logging_mixin.py:151} INFO - [2023-11-02T07:04:33.029+0000] {dagbag.py:536} INFO - Filling up the DagBag from /usr/local/lib/python3.10/dist-packages/airflow/example_dags/example_dynamic_task_mapping.py
[2023-11-02T07:04:33.038+0000] {processor.py:839} INFO - DAG(s) dict_keys(['example_dynamic_task_mapping']) retrieved from /usr/local/lib/python3.10/dist-packages/airflow/example_dags/example_dynamic_task_mapping.py
[2023-11-02T07:04:33.054+0000] {logging_mixin.py:151} INFO - [2023-11-02T07:04:33.054+0000] {dag.py:2941} INFO - Sync 1 DAGs
[2023-11-02T07:04:33.074+0000] {logging_mixin.py:151} INFO - [2023-11-02T07:04:33.074+0000] {dag.py:3722} INFO - Setting next_dagrun for example_dynamic_task_mapping to 2022-03-04T00:00:00+00:00, run_after=2022-03-05T00:00:00+00:00
[2023-11-02T07:04:33.096+0000] {processor.py:179} INFO - Processing /usr/local/lib/python3.10/dist-packages/airflow/example_dags/example_dynamic_task_mapping.py took 0.072 seconds
[2023-11-02T07:05:17.763+0000] {processor.py:157} INFO - Started process (PID=4714) to work on /usr/local/lib/python3.10/dist-packages/airflow/example_dags/example_dynamic_task_mapping.py
[2023-11-02T07:05:17.764+0000] {processor.py:829} INFO - Processing file /usr/local/lib/python3.10/dist-packages/airflow/example_dags/example_dynamic_task_mapping.py for tasks to queue
[2023-11-02T07:05:17.765+0000] {logging_mixin.py:151} INFO - [2023-11-02T07:05:17.765+0000] {dagbag.py:536} INFO - Filling up the DagBag from /usr/local/lib/python3.10/dist-packages/airflow/example_dags/example_dynamic_task_mapping.py
[2023-11-02T07:05:17.773+0000] {processor.py:839} INFO - DAG(s) dict_keys(['example_dynamic_task_mapping']) retrieved from /usr/local/lib/python3.10/dist-packages/airflow/example_dags/example_dynamic_task_mapping.py
[2023-11-02T07:05:17.789+0000] {logging_mixin.py:151} INFO - [2023-11-02T07:05:17.788+0000] {dag.py:2941} INFO - Sync 1 DAGs
[2023-11-02T07:05:17.808+0000] {logging_mixin.py:151} INFO - [2023-11-02T07:05:17.808+0000] {dag.py:3722} INFO - Setting next_dagrun for example_dynamic_task_mapping to 2022-03-04T00:00:00+00:00, run_after=2022-03-05T00:00:00+00:00
[2023-11-02T07:05:17.829+0000] {processor.py:179} INFO - Processing /usr/local/lib/python3.10/dist-packages/airflow/example_dags/example_dynamic_task_mapping.py took 0.069 seconds
[2023-11-02T07:06:02.409+0000] {processor.py:157} INFO - Started process (PID=4760) to work on /usr/local/lib/python3.10/dist-packages/airflow/example_dags/example_dynamic_task_mapping.py
[2023-11-02T07:06:02.410+0000] {processor.py:829} INFO - Processing file /usr/local/lib/python3.10/dist-packages/airflow/example_dags/example_dynamic_task_mapping.py for tasks to queue
[2023-11-02T07:06:02.411+0000] {logging_mixin.py:151} INFO - [2023-11-02T07:06:02.410+0000] {dagbag.py:536} INFO - Filling up the DagBag from /usr/local/lib/python3.10/dist-packages/airflow/example_dags/example_dynamic_task_mapping.py
[2023-11-02T07:06:02.419+0000] {processor.py:839} INFO - DAG(s) dict_keys(['example_dynamic_task_mapping']) retrieved from /usr/local/lib/python3.10/dist-packages/airflow/example_dags/example_dynamic_task_mapping.py
[2023-11-02T07:06:02.436+0000] {logging_mixin.py:151} INFO - [2023-11-02T07:06:02.435+0000] {dag.py:2941} INFO - Sync 1 DAGs
[2023-11-02T07:06:02.460+0000] {logging_mixin.py:151} INFO - [2023-11-02T07:06:02.459+0000] {dag.py:3722} INFO - Setting next_dagrun for example_dynamic_task_mapping to 2022-03-04T00:00:00+00:00, run_after=2022-03-05T00:00:00+00:00
[2023-11-02T07:06:02.485+0000] {processor.py:179} INFO - Processing /usr/local/lib/python3.10/dist-packages/airflow/example_dags/example_dynamic_task_mapping.py took 0.080 seconds
[2023-11-02T07:06:52.144+0000] {processor.py:157} INFO - Started process (PID=4810) to work on /usr/local/lib/python3.10/dist-packages/airflow/example_dags/example_dynamic_task_mapping.py
[2023-11-02T07:06:52.145+0000] {processor.py:829} INFO - Processing file /usr/local/lib/python3.10/dist-packages/airflow/example_dags/example_dynamic_task_mapping.py for tasks to queue
[2023-11-02T07:06:52.146+0000] {logging_mixin.py:151} INFO - [2023-11-02T07:06:52.146+0000] {dagbag.py:536} INFO - Filling up the DagBag from /usr/local/lib/python3.10/dist-packages/airflow/example_dags/example_dynamic_task_mapping.py
[2023-11-02T07:06:52.154+0000] {processor.py:839} INFO - DAG(s) dict_keys(['example_dynamic_task_mapping']) retrieved from /usr/local/lib/python3.10/dist-packages/airflow/example_dags/example_dynamic_task_mapping.py
[2023-11-02T07:06:52.169+0000] {logging_mixin.py:151} INFO - [2023-11-02T07:06:52.169+0000] {dag.py:2941} INFO - Sync 1 DAGs
[2023-11-02T07:06:52.189+0000] {logging_mixin.py:151} INFO - [2023-11-02T07:06:52.189+0000] {dag.py:3722} INFO - Setting next_dagrun for example_dynamic_task_mapping to 2022-03-04T00:00:00+00:00, run_after=2022-03-05T00:00:00+00:00
[2023-11-02T07:06:52.210+0000] {processor.py:179} INFO - Processing /usr/local/lib/python3.10/dist-packages/airflow/example_dags/example_dynamic_task_mapping.py took 0.069 seconds
[2023-11-02T07:07:39.501+0000] {processor.py:157} INFO - Started process (PID=4859) to work on /usr/local/lib/python3.10/dist-packages/airflow/example_dags/example_dynamic_task_mapping.py
[2023-11-02T07:07:39.502+0000] {processor.py:829} INFO - Processing file /usr/local/lib/python3.10/dist-packages/airflow/example_dags/example_dynamic_task_mapping.py for tasks to queue
[2023-11-02T07:07:39.503+0000] {logging_mixin.py:151} INFO - [2023-11-02T07:07:39.503+0000] {dagbag.py:536} INFO - Filling up the DagBag from /usr/local/lib/python3.10/dist-packages/airflow/example_dags/example_dynamic_task_mapping.py
[2023-11-02T07:07:39.511+0000] {processor.py:839} INFO - DAG(s) dict_keys(['example_dynamic_task_mapping']) retrieved from /usr/local/lib/python3.10/dist-packages/airflow/example_dags/example_dynamic_task_mapping.py
[2023-11-02T07:07:39.527+0000] {logging_mixin.py:151} INFO - [2023-11-02T07:07:39.527+0000] {dag.py:2941} INFO - Sync 1 DAGs
[2023-11-02T07:07:39.547+0000] {logging_mixin.py:151} INFO - [2023-11-02T07:07:39.547+0000] {dag.py:3722} INFO - Setting next_dagrun for example_dynamic_task_mapping to 2022-03-04T00:00:00+00:00, run_after=2022-03-05T00:00:00+00:00
[2023-11-02T07:07:39.570+0000] {processor.py:179} INFO - Processing /usr/local/lib/python3.10/dist-packages/airflow/example_dags/example_dynamic_task_mapping.py took 0.072 seconds
[2023-11-02T07:08:22.615+0000] {processor.py:157} INFO - Started process (PID=5002) to work on /usr/local/lib/python3.10/dist-packages/airflow/example_dags/example_dynamic_task_mapping.py
[2023-11-02T07:08:22.616+0000] {processor.py:829} INFO - Processing file /usr/local/lib/python3.10/dist-packages/airflow/example_dags/example_dynamic_task_mapping.py for tasks to queue
[2023-11-02T07:08:22.617+0000] {logging_mixin.py:151} INFO - [2023-11-02T07:08:22.617+0000] {dagbag.py:536} INFO - Filling up the DagBag from /usr/local/lib/python3.10/dist-packages/airflow/example_dags/example_dynamic_task_mapping.py
[2023-11-02T07:08:22.627+0000] {processor.py:839} INFO - DAG(s) dict_keys(['example_dynamic_task_mapping']) retrieved from /usr/local/lib/python3.10/dist-packages/airflow/example_dags/example_dynamic_task_mapping.py
[2023-11-02T07:08:22.649+0000] {logging_mixin.py:151} INFO - [2023-11-02T07:08:22.649+0000] {dag.py:2941} INFO - Sync 1 DAGs
[2023-11-02T07:08:22.679+0000] {logging_mixin.py:151} INFO - [2023-11-02T07:08:22.679+0000] {dag.py:3722} INFO - Setting next_dagrun for example_dynamic_task_mapping to 2022-03-04T00:00:00+00:00, run_after=2022-03-05T00:00:00+00:00
[2023-11-02T07:08:22.717+0000] {processor.py:179} INFO - Processing /usr/local/lib/python3.10/dist-packages/airflow/example_dags/example_dynamic_task_mapping.py took 0.105 seconds
[2023-11-02T07:09:05.838+0000] {processor.py:157} INFO - Started process (PID=5307) to work on /usr/local/lib/python3.10/dist-packages/airflow/example_dags/example_dynamic_task_mapping.py
[2023-11-02T07:09:05.840+0000] {processor.py:829} INFO - Processing file /usr/local/lib/python3.10/dist-packages/airflow/example_dags/example_dynamic_task_mapping.py for tasks to queue
[2023-11-02T07:09:05.841+0000] {logging_mixin.py:151} INFO - [2023-11-02T07:09:05.840+0000] {dagbag.py:536} INFO - Filling up the DagBag from /usr/local/lib/python3.10/dist-packages/airflow/example_dags/example_dynamic_task_mapping.py
[2023-11-02T07:09:05.857+0000] {processor.py:839} INFO - DAG(s) dict_keys(['example_dynamic_task_mapping']) retrieved from /usr/local/lib/python3.10/dist-packages/airflow/example_dags/example_dynamic_task_mapping.py
[2023-11-02T07:09:05.890+0000] {logging_mixin.py:151} INFO - [2023-11-02T07:09:05.890+0000] {dag.py:2941} INFO - Sync 1 DAGs
[2023-11-02T07:09:05.939+0000] {logging_mixin.py:151} INFO - [2023-11-02T07:09:05.939+0000] {dag.py:3722} INFO - Setting next_dagrun for example_dynamic_task_mapping to 2022-03-04T00:00:00+00:00, run_after=2022-03-05T00:00:00+00:00
[2023-11-02T07:09:05.978+0000] {processor.py:179} INFO - Processing /usr/local/lib/python3.10/dist-packages/airflow/example_dags/example_dynamic_task_mapping.py took 0.151 seconds
[2023-11-02T07:09:52.665+0000] {processor.py:157} INFO - Started process (PID=5391) to work on /usr/local/lib/python3.10/dist-packages/airflow/example_dags/example_dynamic_task_mapping.py
[2023-11-02T07:09:52.670+0000] {processor.py:829} INFO - Processing file /usr/local/lib/python3.10/dist-packages/airflow/example_dags/example_dynamic_task_mapping.py for tasks to queue
[2023-11-02T07:09:52.671+0000] {logging_mixin.py:151} INFO - [2023-11-02T07:09:52.671+0000] {dagbag.py:536} INFO - Filling up the DagBag from /usr/local/lib/python3.10/dist-packages/airflow/example_dags/example_dynamic_task_mapping.py
[2023-11-02T07:09:52.679+0000] {processor.py:839} INFO - DAG(s) dict_keys(['example_dynamic_task_mapping']) retrieved from /usr/local/lib/python3.10/dist-packages/airflow/example_dags/example_dynamic_task_mapping.py
[2023-11-02T07:09:52.695+0000] {logging_mixin.py:151} INFO - [2023-11-02T07:09:52.695+0000] {dag.py:2941} INFO - Sync 1 DAGs
[2023-11-02T07:09:52.715+0000] {logging_mixin.py:151} INFO - [2023-11-02T07:09:52.715+0000] {dag.py:3722} INFO - Setting next_dagrun for example_dynamic_task_mapping to 2022-03-04T00:00:00+00:00, run_after=2022-03-05T00:00:00+00:00
[2023-11-02T07:09:52.737+0000] {processor.py:179} INFO - Processing /usr/local/lib/python3.10/dist-packages/airflow/example_dags/example_dynamic_task_mapping.py took 0.075 seconds
[2023-11-02T07:10:39.460+0000] {processor.py:157} INFO - Started process (PID=5438) to work on /usr/local/lib/python3.10/dist-packages/airflow/example_dags/example_dynamic_task_mapping.py
[2023-11-02T07:10:39.461+0000] {processor.py:829} INFO - Processing file /usr/local/lib/python3.10/dist-packages/airflow/example_dags/example_dynamic_task_mapping.py for tasks to queue
[2023-11-02T07:10:39.462+0000] {logging_mixin.py:151} INFO - [2023-11-02T07:10:39.462+0000] {dagbag.py:536} INFO - Filling up the DagBag from /usr/local/lib/python3.10/dist-packages/airflow/example_dags/example_dynamic_task_mapping.py
[2023-11-02T07:10:39.470+0000] {processor.py:839} INFO - DAG(s) dict_keys(['example_dynamic_task_mapping']) retrieved from /usr/local/lib/python3.10/dist-packages/airflow/example_dags/example_dynamic_task_mapping.py
[2023-11-02T07:10:39.486+0000] {logging_mixin.py:151} INFO - [2023-11-02T07:10:39.486+0000] {dag.py:2941} INFO - Sync 1 DAGs
[2023-11-02T07:10:39.506+0000] {logging_mixin.py:151} INFO - [2023-11-02T07:10:39.506+0000] {dag.py:3722} INFO - Setting next_dagrun for example_dynamic_task_mapping to 2022-03-04T00:00:00+00:00, run_after=2022-03-05T00:00:00+00:00
[2023-11-02T07:10:39.529+0000] {processor.py:179} INFO - Processing /usr/local/lib/python3.10/dist-packages/airflow/example_dags/example_dynamic_task_mapping.py took 0.073 seconds
[2023-11-02T07:11:29.772+0000] {processor.py:157} INFO - Started process (PID=5493) to work on /usr/local/lib/python3.10/dist-packages/airflow/example_dags/example_dynamic_task_mapping.py
[2023-11-02T07:11:29.773+0000] {processor.py:829} INFO - Processing file /usr/local/lib/python3.10/dist-packages/airflow/example_dags/example_dynamic_task_mapping.py for tasks to queue
[2023-11-02T07:11:29.774+0000] {logging_mixin.py:151} INFO - [2023-11-02T07:11:29.774+0000] {dagbag.py:536} INFO - Filling up the DagBag from /usr/local/lib/python3.10/dist-packages/airflow/example_dags/example_dynamic_task_mapping.py
[2023-11-02T07:11:29.782+0000] {processor.py:839} INFO - DAG(s) dict_keys(['example_dynamic_task_mapping']) retrieved from /usr/local/lib/python3.10/dist-packages/airflow/example_dags/example_dynamic_task_mapping.py
[2023-11-02T07:11:29.798+0000] {logging_mixin.py:151} INFO - [2023-11-02T07:11:29.798+0000] {dag.py:2941} INFO - Sync 1 DAGs
[2023-11-02T07:11:29.818+0000] {logging_mixin.py:151} INFO - [2023-11-02T07:11:29.818+0000] {dag.py:3722} INFO - Setting next_dagrun for example_dynamic_task_mapping to 2022-03-04T00:00:00+00:00, run_after=2022-03-05T00:00:00+00:00
[2023-11-02T07:11:29.839+0000] {processor.py:179} INFO - Processing /usr/local/lib/python3.10/dist-packages/airflow/example_dags/example_dynamic_task_mapping.py took 0.071 seconds
[2023-11-02T07:12:13.174+0000] {processor.py:157} INFO - Started process (PID=5540) to work on /usr/local/lib/python3.10/dist-packages/airflow/example_dags/example_dynamic_task_mapping.py
[2023-11-02T07:12:13.175+0000] {processor.py:829} INFO - Processing file /usr/local/lib/python3.10/dist-packages/airflow/example_dags/example_dynamic_task_mapping.py for tasks to queue
[2023-11-02T07:12:13.176+0000] {logging_mixin.py:151} INFO - [2023-11-02T07:12:13.176+0000] {dagbag.py:536} INFO - Filling up the DagBag from /usr/local/lib/python3.10/dist-packages/airflow/example_dags/example_dynamic_task_mapping.py
[2023-11-02T07:12:13.184+0000] {processor.py:839} INFO - DAG(s) dict_keys(['example_dynamic_task_mapping']) retrieved from /usr/local/lib/python3.10/dist-packages/airflow/example_dags/example_dynamic_task_mapping.py
[2023-11-02T07:12:13.200+0000] {logging_mixin.py:151} INFO - [2023-11-02T07:12:13.200+0000] {dag.py:2941} INFO - Sync 1 DAGs
[2023-11-02T07:12:13.220+0000] {logging_mixin.py:151} INFO - [2023-11-02T07:12:13.220+0000] {dag.py:3722} INFO - Setting next_dagrun for example_dynamic_task_mapping to 2022-03-04T00:00:00+00:00, run_after=2022-03-05T00:00:00+00:00
[2023-11-02T07:12:13.243+0000] {processor.py:179} INFO - Processing /usr/local/lib/python3.10/dist-packages/airflow/example_dags/example_dynamic_task_mapping.py took 0.072 seconds
[2023-11-02T07:12:54.128+0000] {processor.py:157} INFO - Started process (PID=5583) to work on /usr/local/lib/python3.10/dist-packages/airflow/example_dags/example_dynamic_task_mapping.py
[2023-11-02T07:12:54.129+0000] {processor.py:829} INFO - Processing file /usr/local/lib/python3.10/dist-packages/airflow/example_dags/example_dynamic_task_mapping.py for tasks to queue
[2023-11-02T07:12:54.130+0000] {logging_mixin.py:151} INFO - [2023-11-02T07:12:54.129+0000] {dagbag.py:536} INFO - Filling up the DagBag from /usr/local/lib/python3.10/dist-packages/airflow/example_dags/example_dynamic_task_mapping.py
[2023-11-02T07:12:54.138+0000] {processor.py:839} INFO - DAG(s) dict_keys(['example_dynamic_task_mapping']) retrieved from /usr/local/lib/python3.10/dist-packages/airflow/example_dags/example_dynamic_task_mapping.py
[2023-11-02T07:12:54.153+0000] {logging_mixin.py:151} INFO - [2023-11-02T07:12:54.153+0000] {dag.py:2941} INFO - Sync 1 DAGs
[2023-11-02T07:12:54.174+0000] {logging_mixin.py:151} INFO - [2023-11-02T07:12:54.173+0000] {dag.py:3722} INFO - Setting next_dagrun for example_dynamic_task_mapping to 2022-03-04T00:00:00+00:00, run_after=2022-03-05T00:00:00+00:00
[2023-11-02T07:12:54.196+0000] {processor.py:179} INFO - Processing /usr/local/lib/python3.10/dist-packages/airflow/example_dags/example_dynamic_task_mapping.py took 0.072 seconds
