[2023-11-02T06:49:35.459+0000] {processor.py:157} INFO - Started process (PID=3705) to work on /home/ubuntu/customer_churn_venv/lib/python3.10/site-packages/airflow/example_dags/example_setup_teardown_taskflow.py
[2023-11-02T06:49:35.460+0000] {processor.py:829} INFO - Processing file /home/ubuntu/customer_churn_venv/lib/python3.10/site-packages/airflow/example_dags/example_setup_teardown_taskflow.py for tasks to queue
[2023-11-02T06:49:35.461+0000] {logging_mixin.py:151} INFO - [2023-11-02T06:49:35.460+0000] {dagbag.py:536} INFO - Filling up the DagBag from /home/ubuntu/customer_churn_venv/lib/python3.10/site-packages/airflow/example_dags/example_setup_teardown_taskflow.py
[2023-11-02T06:49:35.474+0000] {processor.py:839} INFO - DAG(s) dict_keys(['example_setup_teardown_taskflow']) retrieved from /home/ubuntu/customer_churn_venv/lib/python3.10/site-packages/airflow/example_dags/example_setup_teardown_taskflow.py
[2023-11-02T06:49:35.694+0000] {logging_mixin.py:151} INFO - [2023-11-02T06:49:35.693+0000] {manager.py:499} INFO - Created Permission View: %s
[2023-11-02T06:49:35.707+0000] {logging_mixin.py:151} INFO - [2023-11-02T06:49:35.707+0000] {manager.py:499} INFO - Created Permission View: %s
[2023-11-02T06:49:35.717+0000] {logging_mixin.py:151} INFO - [2023-11-02T06:49:35.717+0000] {manager.py:499} INFO - Created Permission View: %s
[2023-11-02T06:49:35.717+0000] {logging_mixin.py:151} INFO - [2023-11-02T06:49:35.717+0000] {dag.py:2941} INFO - Sync 1 DAGs
[2023-11-02T06:49:35.727+0000] {logging_mixin.py:151} INFO - [2023-11-02T06:49:35.727+0000] {dag.py:2963} INFO - Creating ORM DAG for example_setup_teardown_taskflow
[2023-11-02T06:49:35.736+0000] {logging_mixin.py:151} INFO - [2023-11-02T06:49:35.736+0000] {dag.py:3722} INFO - Setting next_dagrun for example_setup_teardown_taskflow to 2023-11-01T06:49:35.735970+00:00, run_after=2023-11-02T06:49:35.735970+00:00
[2023-11-02T06:49:35.758+0000] {processor.py:179} INFO - Processing /home/ubuntu/customer_churn_venv/lib/python3.10/site-packages/airflow/example_dags/example_setup_teardown_taskflow.py took 0.302 seconds
[2023-11-02T06:50:33.055+0000] {processor.py:157} INFO - Started process (PID=3751) to work on /home/ubuntu/customer_churn_venv/lib/python3.10/site-packages/airflow/example_dags/example_setup_teardown_taskflow.py
[2023-11-02T06:50:33.057+0000] {processor.py:829} INFO - Processing file /home/ubuntu/customer_churn_venv/lib/python3.10/site-packages/airflow/example_dags/example_setup_teardown_taskflow.py for tasks to queue
[2023-11-02T06:50:33.057+0000] {logging_mixin.py:151} INFO - [2023-11-02T06:50:33.057+0000] {dagbag.py:536} INFO - Filling up the DagBag from /home/ubuntu/customer_churn_venv/lib/python3.10/site-packages/airflow/example_dags/example_setup_teardown_taskflow.py
[2023-11-02T06:50:33.069+0000] {processor.py:839} INFO - DAG(s) dict_keys(['example_setup_teardown_taskflow']) retrieved from /home/ubuntu/customer_churn_venv/lib/python3.10/site-packages/airflow/example_dags/example_setup_teardown_taskflow.py
[2023-11-02T06:50:33.089+0000] {logging_mixin.py:151} INFO - [2023-11-02T06:50:33.089+0000] {dag.py:2941} INFO - Sync 1 DAGs
[2023-11-02T06:50:33.109+0000] {logging_mixin.py:151} INFO - [2023-11-02T06:50:33.109+0000] {dag.py:3722} INFO - Setting next_dagrun for example_setup_teardown_taskflow to 2023-11-01T06:50:33.109494+00:00, run_after=2023-11-02T06:50:33.109494+00:00
[2023-11-02T06:50:33.133+0000] {processor.py:179} INFO - Processing /home/ubuntu/customer_churn_venv/lib/python3.10/site-packages/airflow/example_dags/example_setup_teardown_taskflow.py took 0.081 seconds
[2023-11-02T06:51:12.124+0000] {processor.py:157} INFO - Started process (PID=3791) to work on /home/ubuntu/customer_churn_venv/lib/python3.10/site-packages/airflow/example_dags/example_setup_teardown_taskflow.py
[2023-11-02T06:51:12.125+0000] {processor.py:829} INFO - Processing file /home/ubuntu/customer_churn_venv/lib/python3.10/site-packages/airflow/example_dags/example_setup_teardown_taskflow.py for tasks to queue
[2023-11-02T06:51:12.126+0000] {logging_mixin.py:151} INFO - [2023-11-02T06:51:12.126+0000] {dagbag.py:536} INFO - Filling up the DagBag from /home/ubuntu/customer_churn_venv/lib/python3.10/site-packages/airflow/example_dags/example_setup_teardown_taskflow.py
[2023-11-02T06:51:12.137+0000] {processor.py:839} INFO - DAG(s) dict_keys(['example_setup_teardown_taskflow']) retrieved from /home/ubuntu/customer_churn_venv/lib/python3.10/site-packages/airflow/example_dags/example_setup_teardown_taskflow.py
[2023-11-02T06:51:12.155+0000] {logging_mixin.py:151} INFO - [2023-11-02T06:51:12.155+0000] {dag.py:2941} INFO - Sync 1 DAGs
[2023-11-02T06:51:12.175+0000] {logging_mixin.py:151} INFO - [2023-11-02T06:51:12.175+0000] {dag.py:3722} INFO - Setting next_dagrun for example_setup_teardown_taskflow to 2023-11-01T06:51:12.175505+00:00, run_after=2023-11-02T06:51:12.175505+00:00
[2023-11-02T06:51:12.199+0000] {processor.py:179} INFO - Processing /home/ubuntu/customer_churn_venv/lib/python3.10/site-packages/airflow/example_dags/example_setup_teardown_taskflow.py took 0.078 seconds
[2023-11-02T06:51:58.181+0000] {processor.py:157} INFO - Started process (PID=3839) to work on /home/ubuntu/customer_churn_venv/lib/python3.10/site-packages/airflow/example_dags/example_setup_teardown_taskflow.py
[2023-11-02T06:51:58.182+0000] {processor.py:829} INFO - Processing file /home/ubuntu/customer_churn_venv/lib/python3.10/site-packages/airflow/example_dags/example_setup_teardown_taskflow.py for tasks to queue
[2023-11-02T06:51:58.183+0000] {logging_mixin.py:151} INFO - [2023-11-02T06:51:58.182+0000] {dagbag.py:536} INFO - Filling up the DagBag from /home/ubuntu/customer_churn_venv/lib/python3.10/site-packages/airflow/example_dags/example_setup_teardown_taskflow.py
[2023-11-02T06:51:58.194+0000] {processor.py:839} INFO - DAG(s) dict_keys(['example_setup_teardown_taskflow']) retrieved from /home/ubuntu/customer_churn_venv/lib/python3.10/site-packages/airflow/example_dags/example_setup_teardown_taskflow.py
[2023-11-02T06:51:58.212+0000] {logging_mixin.py:151} INFO - [2023-11-02T06:51:58.212+0000] {dag.py:2941} INFO - Sync 1 DAGs
[2023-11-02T06:51:58.231+0000] {logging_mixin.py:151} INFO - [2023-11-02T06:51:58.231+0000] {dag.py:3722} INFO - Setting next_dagrun for example_setup_teardown_taskflow to 2023-11-01T06:51:58.231488+00:00, run_after=2023-11-02T06:51:58.231488+00:00
[2023-11-02T06:51:58.254+0000] {processor.py:179} INFO - Processing /home/ubuntu/customer_churn_venv/lib/python3.10/site-packages/airflow/example_dags/example_setup_teardown_taskflow.py took 0.077 seconds
[2023-11-02T06:52:44.062+0000] {processor.py:157} INFO - Started process (PID=3886) to work on /home/ubuntu/customer_churn_venv/lib/python3.10/site-packages/airflow/example_dags/example_setup_teardown_taskflow.py
[2023-11-02T06:52:44.063+0000] {processor.py:829} INFO - Processing file /home/ubuntu/customer_churn_venv/lib/python3.10/site-packages/airflow/example_dags/example_setup_teardown_taskflow.py for tasks to queue
[2023-11-02T06:52:44.064+0000] {logging_mixin.py:151} INFO - [2023-11-02T06:52:44.064+0000] {dagbag.py:536} INFO - Filling up the DagBag from /home/ubuntu/customer_churn_venv/lib/python3.10/site-packages/airflow/example_dags/example_setup_teardown_taskflow.py
[2023-11-02T06:52:44.075+0000] {processor.py:839} INFO - DAG(s) dict_keys(['example_setup_teardown_taskflow']) retrieved from /home/ubuntu/customer_churn_venv/lib/python3.10/site-packages/airflow/example_dags/example_setup_teardown_taskflow.py
[2023-11-02T06:52:44.094+0000] {logging_mixin.py:151} INFO - [2023-11-02T06:52:44.094+0000] {dag.py:2941} INFO - Sync 1 DAGs
[2023-11-02T06:52:44.114+0000] {logging_mixin.py:151} INFO - [2023-11-02T06:52:44.114+0000] {dag.py:3722} INFO - Setting next_dagrun for example_setup_teardown_taskflow to 2023-11-01T06:52:44.114306+00:00, run_after=2023-11-02T06:52:44.114306+00:00
[2023-11-02T06:52:44.136+0000] {processor.py:179} INFO - Processing /home/ubuntu/customer_churn_venv/lib/python3.10/site-packages/airflow/example_dags/example_setup_teardown_taskflow.py took 0.077 seconds
[2023-11-02T06:59:48.859+0000] {processor.py:157} INFO - Started process (PID=4369) to work on /usr/local/lib/python3.10/dist-packages/airflow/example_dags/example_setup_teardown_taskflow.py
[2023-11-02T06:59:48.861+0000] {processor.py:829} INFO - Processing file /usr/local/lib/python3.10/dist-packages/airflow/example_dags/example_setup_teardown_taskflow.py for tasks to queue
[2023-11-02T06:59:48.862+0000] {logging_mixin.py:151} INFO - [2023-11-02T06:59:48.861+0000] {dagbag.py:536} INFO - Filling up the DagBag from /usr/local/lib/python3.10/dist-packages/airflow/example_dags/example_setup_teardown_taskflow.py
[2023-11-02T06:59:48.874+0000] {processor.py:839} INFO - DAG(s) dict_keys(['example_setup_teardown_taskflow']) retrieved from /usr/local/lib/python3.10/dist-packages/airflow/example_dags/example_setup_teardown_taskflow.py
[2023-11-02T06:59:48.887+0000] {logging_mixin.py:151} INFO - [2023-11-02T06:59:48.886+0000] {dag.py:2941} INFO - Sync 1 DAGs
[2023-11-02T06:59:49.017+0000] {logging_mixin.py:151} INFO - [2023-11-02T06:59:49.017+0000] {dag.py:3722} INFO - Setting next_dagrun for example_setup_teardown_taskflow to 2023-11-01T06:59:49.016917+00:00, run_after=2023-11-02T06:59:49.016917+00:00
[2023-11-02T06:59:49.038+0000] {processor.py:179} INFO - Processing /usr/local/lib/python3.10/dist-packages/airflow/example_dags/example_setup_teardown_taskflow.py took 0.182 seconds
[2023-11-02T07:00:35.714+0000] {processor.py:157} INFO - Started process (PID=4415) to work on /usr/local/lib/python3.10/dist-packages/airflow/example_dags/example_setup_teardown_taskflow.py
[2023-11-02T07:00:35.716+0000] {processor.py:829} INFO - Processing file /usr/local/lib/python3.10/dist-packages/airflow/example_dags/example_setup_teardown_taskflow.py for tasks to queue
[2023-11-02T07:00:35.717+0000] {logging_mixin.py:151} INFO - [2023-11-02T07:00:35.716+0000] {dagbag.py:536} INFO - Filling up the DagBag from /usr/local/lib/python3.10/dist-packages/airflow/example_dags/example_setup_teardown_taskflow.py
[2023-11-02T07:00:35.728+0000] {processor.py:839} INFO - DAG(s) dict_keys(['example_setup_teardown_taskflow']) retrieved from /usr/local/lib/python3.10/dist-packages/airflow/example_dags/example_setup_teardown_taskflow.py
[2023-11-02T07:00:35.746+0000] {logging_mixin.py:151} INFO - [2023-11-02T07:00:35.746+0000] {dag.py:2941} INFO - Sync 1 DAGs
[2023-11-02T07:00:35.769+0000] {logging_mixin.py:151} INFO - [2023-11-02T07:00:35.768+0000] {dag.py:3722} INFO - Setting next_dagrun for example_setup_teardown_taskflow to 2023-11-01T07:00:35.768654+00:00, run_after=2023-11-02T07:00:35.768654+00:00
[2023-11-02T07:00:35.791+0000] {processor.py:179} INFO - Processing /usr/local/lib/python3.10/dist-packages/airflow/example_dags/example_setup_teardown_taskflow.py took 0.080 seconds
[2023-11-02T07:01:20.339+0000] {processor.py:157} INFO - Started process (PID=4462) to work on /usr/local/lib/python3.10/dist-packages/airflow/example_dags/example_setup_teardown_taskflow.py
[2023-11-02T07:01:20.341+0000] {processor.py:829} INFO - Processing file /usr/local/lib/python3.10/dist-packages/airflow/example_dags/example_setup_teardown_taskflow.py for tasks to queue
[2023-11-02T07:01:20.341+0000] {logging_mixin.py:151} INFO - [2023-11-02T07:01:20.341+0000] {dagbag.py:536} INFO - Filling up the DagBag from /usr/local/lib/python3.10/dist-packages/airflow/example_dags/example_setup_teardown_taskflow.py
[2023-11-02T07:01:20.353+0000] {processor.py:839} INFO - DAG(s) dict_keys(['example_setup_teardown_taskflow']) retrieved from /usr/local/lib/python3.10/dist-packages/airflow/example_dags/example_setup_teardown_taskflow.py
[2023-11-02T07:01:20.370+0000] {logging_mixin.py:151} INFO - [2023-11-02T07:01:20.370+0000] {dag.py:2941} INFO - Sync 1 DAGs
[2023-11-02T07:01:20.390+0000] {logging_mixin.py:151} INFO - [2023-11-02T07:01:20.390+0000] {dag.py:3722} INFO - Setting next_dagrun for example_setup_teardown_taskflow to 2023-11-01T07:01:20.390364+00:00, run_after=2023-11-02T07:01:20.390364+00:00
[2023-11-02T07:01:20.418+0000] {processor.py:179} INFO - Processing /usr/local/lib/python3.10/dist-packages/airflow/example_dags/example_setup_teardown_taskflow.py took 0.082 seconds
[2023-11-02T07:02:02.311+0000] {processor.py:157} INFO - Started process (PID=4506) to work on /usr/local/lib/python3.10/dist-packages/airflow/example_dags/example_setup_teardown_taskflow.py
[2023-11-02T07:02:02.313+0000] {processor.py:829} INFO - Processing file /usr/local/lib/python3.10/dist-packages/airflow/example_dags/example_setup_teardown_taskflow.py for tasks to queue
[2023-11-02T07:02:02.314+0000] {logging_mixin.py:151} INFO - [2023-11-02T07:02:02.313+0000] {dagbag.py:536} INFO - Filling up the DagBag from /usr/local/lib/python3.10/dist-packages/airflow/example_dags/example_setup_teardown_taskflow.py
[2023-11-02T07:02:02.326+0000] {processor.py:839} INFO - DAG(s) dict_keys(['example_setup_teardown_taskflow']) retrieved from /usr/local/lib/python3.10/dist-packages/airflow/example_dags/example_setup_teardown_taskflow.py
[2023-11-02T07:02:02.347+0000] {logging_mixin.py:151} INFO - [2023-11-02T07:02:02.347+0000] {dag.py:2941} INFO - Sync 1 DAGs
[2023-11-02T07:02:02.370+0000] {logging_mixin.py:151} INFO - [2023-11-02T07:02:02.369+0000] {dag.py:3722} INFO - Setting next_dagrun for example_setup_teardown_taskflow to 2023-11-01T07:02:02.369583+00:00, run_after=2023-11-02T07:02:02.369583+00:00
[2023-11-02T07:02:02.394+0000] {processor.py:179} INFO - Processing /usr/local/lib/python3.10/dist-packages/airflow/example_dags/example_setup_teardown_taskflow.py took 0.086 seconds
[2023-11-02T07:02:45.384+0000] {processor.py:157} INFO - Started process (PID=4551) to work on /usr/local/lib/python3.10/dist-packages/airflow/example_dags/example_setup_teardown_taskflow.py
[2023-11-02T07:02:45.385+0000] {processor.py:829} INFO - Processing file /usr/local/lib/python3.10/dist-packages/airflow/example_dags/example_setup_teardown_taskflow.py for tasks to queue
[2023-11-02T07:02:45.386+0000] {logging_mixin.py:151} INFO - [2023-11-02T07:02:45.386+0000] {dagbag.py:536} INFO - Filling up the DagBag from /usr/local/lib/python3.10/dist-packages/airflow/example_dags/example_setup_teardown_taskflow.py
[2023-11-02T07:02:45.397+0000] {processor.py:839} INFO - DAG(s) dict_keys(['example_setup_teardown_taskflow']) retrieved from /usr/local/lib/python3.10/dist-packages/airflow/example_dags/example_setup_teardown_taskflow.py
[2023-11-02T07:02:45.415+0000] {logging_mixin.py:151} INFO - [2023-11-02T07:02:45.415+0000] {dag.py:2941} INFO - Sync 1 DAGs
[2023-11-02T07:02:45.437+0000] {logging_mixin.py:151} INFO - [2023-11-02T07:02:45.437+0000] {dag.py:3722} INFO - Setting next_dagrun for example_setup_teardown_taskflow to 2023-11-01T07:02:45.437086+00:00, run_after=2023-11-02T07:02:45.437086+00:00
[2023-11-02T07:02:45.458+0000] {processor.py:179} INFO - Processing /usr/local/lib/python3.10/dist-packages/airflow/example_dags/example_setup_teardown_taskflow.py took 0.078 seconds
[2023-11-02T07:03:32.181+0000] {processor.py:157} INFO - Started process (PID=4598) to work on /usr/local/lib/python3.10/dist-packages/airflow/example_dags/example_setup_teardown_taskflow.py
[2023-11-02T07:03:32.182+0000] {processor.py:829} INFO - Processing file /usr/local/lib/python3.10/dist-packages/airflow/example_dags/example_setup_teardown_taskflow.py for tasks to queue
[2023-11-02T07:03:32.183+0000] {logging_mixin.py:151} INFO - [2023-11-02T07:03:32.183+0000] {dagbag.py:536} INFO - Filling up the DagBag from /usr/local/lib/python3.10/dist-packages/airflow/example_dags/example_setup_teardown_taskflow.py
[2023-11-02T07:03:32.194+0000] {processor.py:839} INFO - DAG(s) dict_keys(['example_setup_teardown_taskflow']) retrieved from /usr/local/lib/python3.10/dist-packages/airflow/example_dags/example_setup_teardown_taskflow.py
[2023-11-02T07:03:32.212+0000] {logging_mixin.py:151} INFO - [2023-11-02T07:03:32.211+0000] {dag.py:2941} INFO - Sync 1 DAGs
[2023-11-02T07:03:32.233+0000] {logging_mixin.py:151} INFO - [2023-11-02T07:03:32.232+0000] {dag.py:3722} INFO - Setting next_dagrun for example_setup_teardown_taskflow to 2023-11-01T07:03:32.232539+00:00, run_after=2023-11-02T07:03:32.232539+00:00
[2023-11-02T07:03:32.255+0000] {processor.py:179} INFO - Processing /usr/local/lib/python3.10/dist-packages/airflow/example_dags/example_setup_teardown_taskflow.py took 0.078 seconds
[2023-11-02T07:04:14.706+0000] {processor.py:157} INFO - Started process (PID=4646) to work on /usr/local/lib/python3.10/dist-packages/airflow/example_dags/example_setup_teardown_taskflow.py
[2023-11-02T07:04:14.707+0000] {processor.py:829} INFO - Processing file /usr/local/lib/python3.10/dist-packages/airflow/example_dags/example_setup_teardown_taskflow.py for tasks to queue
[2023-11-02T07:04:14.708+0000] {logging_mixin.py:151} INFO - [2023-11-02T07:04:14.708+0000] {dagbag.py:536} INFO - Filling up the DagBag from /usr/local/lib/python3.10/dist-packages/airflow/example_dags/example_setup_teardown_taskflow.py
[2023-11-02T07:04:14.719+0000] {processor.py:839} INFO - DAG(s) dict_keys(['example_setup_teardown_taskflow']) retrieved from /usr/local/lib/python3.10/dist-packages/airflow/example_dags/example_setup_teardown_taskflow.py
[2023-11-02T07:04:14.736+0000] {logging_mixin.py:151} INFO - [2023-11-02T07:04:14.736+0000] {dag.py:2941} INFO - Sync 1 DAGs
[2023-11-02T07:04:14.756+0000] {logging_mixin.py:151} INFO - [2023-11-02T07:04:14.756+0000] {dag.py:3722} INFO - Setting next_dagrun for example_setup_teardown_taskflow to 2023-11-01T07:04:14.756246+00:00, run_after=2023-11-02T07:04:14.756246+00:00
[2023-11-02T07:04:14.778+0000] {processor.py:179} INFO - Processing /usr/local/lib/python3.10/dist-packages/airflow/example_dags/example_setup_teardown_taskflow.py took 0.075 seconds
[2023-11-02T07:04:51.797+0000] {processor.py:157} INFO - Started process (PID=4687) to work on /usr/local/lib/python3.10/dist-packages/airflow/example_dags/example_setup_teardown_taskflow.py
[2023-11-02T07:04:51.798+0000] {processor.py:829} INFO - Processing file /usr/local/lib/python3.10/dist-packages/airflow/example_dags/example_setup_teardown_taskflow.py for tasks to queue
[2023-11-02T07:04:51.799+0000] {logging_mixin.py:151} INFO - [2023-11-02T07:04:51.799+0000] {dagbag.py:536} INFO - Filling up the DagBag from /usr/local/lib/python3.10/dist-packages/airflow/example_dags/example_setup_teardown_taskflow.py
[2023-11-02T07:04:51.810+0000] {processor.py:839} INFO - DAG(s) dict_keys(['example_setup_teardown_taskflow']) retrieved from /usr/local/lib/python3.10/dist-packages/airflow/example_dags/example_setup_teardown_taskflow.py
[2023-11-02T07:04:51.827+0000] {logging_mixin.py:151} INFO - [2023-11-02T07:04:51.827+0000] {dag.py:2941} INFO - Sync 1 DAGs
[2023-11-02T07:04:51.847+0000] {logging_mixin.py:151} INFO - [2023-11-02T07:04:51.847+0000] {dag.py:3722} INFO - Setting next_dagrun for example_setup_teardown_taskflow to 2023-11-01T07:04:51.846839+00:00, run_after=2023-11-02T07:04:51.846839+00:00
[2023-11-02T07:04:51.869+0000] {processor.py:179} INFO - Processing /usr/local/lib/python3.10/dist-packages/airflow/example_dags/example_setup_teardown_taskflow.py took 0.075 seconds
[2023-11-02T07:05:33.330+0000] {processor.py:157} INFO - Started process (PID=4730) to work on /usr/local/lib/python3.10/dist-packages/airflow/example_dags/example_setup_teardown_taskflow.py
[2023-11-02T07:05:33.331+0000] {processor.py:829} INFO - Processing file /usr/local/lib/python3.10/dist-packages/airflow/example_dags/example_setup_teardown_taskflow.py for tasks to queue
[2023-11-02T07:05:33.332+0000] {logging_mixin.py:151} INFO - [2023-11-02T07:05:33.332+0000] {dagbag.py:536} INFO - Filling up the DagBag from /usr/local/lib/python3.10/dist-packages/airflow/example_dags/example_setup_teardown_taskflow.py
[2023-11-02T07:05:33.343+0000] {processor.py:839} INFO - DAG(s) dict_keys(['example_setup_teardown_taskflow']) retrieved from /usr/local/lib/python3.10/dist-packages/airflow/example_dags/example_setup_teardown_taskflow.py
[2023-11-02T07:05:33.361+0000] {logging_mixin.py:151} INFO - [2023-11-02T07:05:33.360+0000] {dag.py:2941} INFO - Sync 1 DAGs
[2023-11-02T07:05:33.380+0000] {logging_mixin.py:151} INFO - [2023-11-02T07:05:33.380+0000] {dag.py:3722} INFO - Setting next_dagrun for example_setup_teardown_taskflow to 2023-11-01T07:05:33.380458+00:00, run_after=2023-11-02T07:05:33.380458+00:00
[2023-11-02T07:05:33.410+0000] {processor.py:179} INFO - Processing /usr/local/lib/python3.10/dist-packages/airflow/example_dags/example_setup_teardown_taskflow.py took 0.084 seconds
[2023-11-02T07:06:16.403+0000] {processor.py:157} INFO - Started process (PID=4774) to work on /usr/local/lib/python3.10/dist-packages/airflow/example_dags/example_setup_teardown_taskflow.py
[2023-11-02T07:06:16.404+0000] {processor.py:829} INFO - Processing file /usr/local/lib/python3.10/dist-packages/airflow/example_dags/example_setup_teardown_taskflow.py for tasks to queue
[2023-11-02T07:06:16.405+0000] {logging_mixin.py:151} INFO - [2023-11-02T07:06:16.405+0000] {dagbag.py:536} INFO - Filling up the DagBag from /usr/local/lib/python3.10/dist-packages/airflow/example_dags/example_setup_teardown_taskflow.py
[2023-11-02T07:06:16.416+0000] {processor.py:839} INFO - DAG(s) dict_keys(['example_setup_teardown_taskflow']) retrieved from /usr/local/lib/python3.10/dist-packages/airflow/example_dags/example_setup_teardown_taskflow.py
[2023-11-02T07:06:16.434+0000] {logging_mixin.py:151} INFO - [2023-11-02T07:06:16.434+0000] {dag.py:2941} INFO - Sync 1 DAGs
[2023-11-02T07:06:16.455+0000] {logging_mixin.py:151} INFO - [2023-11-02T07:06:16.455+0000] {dag.py:3722} INFO - Setting next_dagrun for example_setup_teardown_taskflow to 2023-11-01T07:06:16.454794+00:00, run_after=2023-11-02T07:06:16.454794+00:00
[2023-11-02T07:06:16.477+0000] {processor.py:179} INFO - Processing /usr/local/lib/python3.10/dist-packages/airflow/example_dags/example_setup_teardown_taskflow.py took 0.077 seconds
[2023-11-02T07:06:50.095+0000] {processor.py:157} INFO - Started process (PID=4808) to work on /usr/local/lib/python3.10/dist-packages/airflow/example_dags/example_setup_teardown_taskflow.py
[2023-11-02T07:06:50.096+0000] {processor.py:829} INFO - Processing file /usr/local/lib/python3.10/dist-packages/airflow/example_dags/example_setup_teardown_taskflow.py for tasks to queue
[2023-11-02T07:06:50.097+0000] {logging_mixin.py:151} INFO - [2023-11-02T07:06:50.096+0000] {dagbag.py:536} INFO - Filling up the DagBag from /usr/local/lib/python3.10/dist-packages/airflow/example_dags/example_setup_teardown_taskflow.py
[2023-11-02T07:06:50.108+0000] {processor.py:839} INFO - DAG(s) dict_keys(['example_setup_teardown_taskflow']) retrieved from /usr/local/lib/python3.10/dist-packages/airflow/example_dags/example_setup_teardown_taskflow.py
[2023-11-02T07:06:50.126+0000] {logging_mixin.py:151} INFO - [2023-11-02T07:06:50.126+0000] {dag.py:2941} INFO - Sync 1 DAGs
[2023-11-02T07:06:50.146+0000] {logging_mixin.py:151} INFO - [2023-11-02T07:06:50.146+0000] {dag.py:3722} INFO - Setting next_dagrun for example_setup_teardown_taskflow to 2023-11-01T07:06:50.146072+00:00, run_after=2023-11-02T07:06:50.146072+00:00
[2023-11-02T07:06:50.168+0000] {processor.py:179} INFO - Processing /usr/local/lib/python3.10/dist-packages/airflow/example_dags/example_setup_teardown_taskflow.py took 0.077 seconds
[2023-11-02T07:07:37.211+0000] {processor.py:157} INFO - Started process (PID=4857) to work on /usr/local/lib/python3.10/dist-packages/airflow/example_dags/example_setup_teardown_taskflow.py
[2023-11-02T07:07:37.213+0000] {processor.py:829} INFO - Processing file /usr/local/lib/python3.10/dist-packages/airflow/example_dags/example_setup_teardown_taskflow.py for tasks to queue
[2023-11-02T07:07:37.214+0000] {logging_mixin.py:151} INFO - [2023-11-02T07:07:37.213+0000] {dagbag.py:536} INFO - Filling up the DagBag from /usr/local/lib/python3.10/dist-packages/airflow/example_dags/example_setup_teardown_taskflow.py
[2023-11-02T07:07:37.225+0000] {processor.py:839} INFO - DAG(s) dict_keys(['example_setup_teardown_taskflow']) retrieved from /usr/local/lib/python3.10/dist-packages/airflow/example_dags/example_setup_teardown_taskflow.py
[2023-11-02T07:07:37.243+0000] {logging_mixin.py:151} INFO - [2023-11-02T07:07:37.243+0000] {dag.py:2941} INFO - Sync 1 DAGs
[2023-11-02T07:07:37.263+0000] {logging_mixin.py:151} INFO - [2023-11-02T07:07:37.263+0000] {dag.py:3722} INFO - Setting next_dagrun for example_setup_teardown_taskflow to 2023-11-01T07:07:37.263389+00:00, run_after=2023-11-02T07:07:37.263389+00:00
[2023-11-02T07:07:37.287+0000] {processor.py:179} INFO - Processing /usr/local/lib/python3.10/dist-packages/airflow/example_dags/example_setup_teardown_taskflow.py took 0.080 seconds
[2023-11-02T07:08:19.555+0000] {processor.py:157} INFO - Started process (PID=4903) to work on /usr/local/lib/python3.10/dist-packages/airflow/example_dags/example_setup_teardown_taskflow.py
[2023-11-02T07:08:19.556+0000] {processor.py:829} INFO - Processing file /usr/local/lib/python3.10/dist-packages/airflow/example_dags/example_setup_teardown_taskflow.py for tasks to queue
[2023-11-02T07:08:19.557+0000] {logging_mixin.py:151} INFO - [2023-11-02T07:08:19.556+0000] {dagbag.py:536} INFO - Filling up the DagBag from /usr/local/lib/python3.10/dist-packages/airflow/example_dags/example_setup_teardown_taskflow.py
[2023-11-02T07:08:19.567+0000] {processor.py:839} INFO - DAG(s) dict_keys(['example_setup_teardown_taskflow']) retrieved from /usr/local/lib/python3.10/dist-packages/airflow/example_dags/example_setup_teardown_taskflow.py
[2023-11-02T07:08:19.585+0000] {logging_mixin.py:151} INFO - [2023-11-02T07:08:19.585+0000] {dag.py:2941} INFO - Sync 1 DAGs
[2023-11-02T07:08:19.605+0000] {logging_mixin.py:151} INFO - [2023-11-02T07:08:19.604+0000] {dag.py:3722} INFO - Setting next_dagrun for example_setup_teardown_taskflow to 2023-11-01T07:08:19.604652+00:00, run_after=2023-11-02T07:08:19.604652+00:00
[2023-11-02T07:08:19.627+0000] {processor.py:179} INFO - Processing /usr/local/lib/python3.10/dist-packages/airflow/example_dags/example_setup_teardown_taskflow.py took 0.075 seconds
[2023-11-02T07:08:51.897+0000] {processor.py:157} INFO - Started process (PID=5168) to work on /usr/local/lib/python3.10/dist-packages/airflow/example_dags/example_setup_teardown_taskflow.py
[2023-11-02T07:08:51.898+0000] {processor.py:829} INFO - Processing file /usr/local/lib/python3.10/dist-packages/airflow/example_dags/example_setup_teardown_taskflow.py for tasks to queue
[2023-11-02T07:08:51.900+0000] {logging_mixin.py:151} INFO - [2023-11-02T07:08:51.899+0000] {dagbag.py:536} INFO - Filling up the DagBag from /usr/local/lib/python3.10/dist-packages/airflow/example_dags/example_setup_teardown_taskflow.py
[2023-11-02T07:08:51.912+0000] {processor.py:839} INFO - DAG(s) dict_keys(['example_setup_teardown_taskflow']) retrieved from /usr/local/lib/python3.10/dist-packages/airflow/example_dags/example_setup_teardown_taskflow.py
[2023-11-02T07:08:51.930+0000] {logging_mixin.py:151} INFO - [2023-11-02T07:08:51.930+0000] {dag.py:2941} INFO - Sync 1 DAGs
[2023-11-02T07:08:51.950+0000] {logging_mixin.py:151} INFO - [2023-11-02T07:08:51.950+0000] {dag.py:3722} INFO - Setting next_dagrun for example_setup_teardown_taskflow to 2023-11-01T07:08:51.950388+00:00, run_after=2023-11-02T07:08:51.950388+00:00
[2023-11-02T07:08:51.973+0000] {processor.py:179} INFO - Processing /usr/local/lib/python3.10/dist-packages/airflow/example_dags/example_setup_teardown_taskflow.py took 0.080 seconds
[2023-11-02T07:09:35.465+0000] {processor.py:157} INFO - Started process (PID=5371) to work on /usr/local/lib/python3.10/dist-packages/airflow/example_dags/example_setup_teardown_taskflow.py
[2023-11-02T07:09:35.466+0000] {processor.py:829} INFO - Processing file /usr/local/lib/python3.10/dist-packages/airflow/example_dags/example_setup_teardown_taskflow.py for tasks to queue
[2023-11-02T07:09:35.467+0000] {logging_mixin.py:151} INFO - [2023-11-02T07:09:35.466+0000] {dagbag.py:536} INFO - Filling up the DagBag from /usr/local/lib/python3.10/dist-packages/airflow/example_dags/example_setup_teardown_taskflow.py
[2023-11-02T07:09:35.478+0000] {processor.py:839} INFO - DAG(s) dict_keys(['example_setup_teardown_taskflow']) retrieved from /usr/local/lib/python3.10/dist-packages/airflow/example_dags/example_setup_teardown_taskflow.py
[2023-11-02T07:09:35.496+0000] {logging_mixin.py:151} INFO - [2023-11-02T07:09:35.496+0000] {dag.py:2941} INFO - Sync 1 DAGs
[2023-11-02T07:09:35.517+0000] {logging_mixin.py:151} INFO - [2023-11-02T07:09:35.516+0000] {dag.py:3722} INFO - Setting next_dagrun for example_setup_teardown_taskflow to 2023-11-01T07:09:35.516579+00:00, run_after=2023-11-02T07:09:35.516579+00:00
[2023-11-02T07:09:35.539+0000] {processor.py:179} INFO - Processing /usr/local/lib/python3.10/dist-packages/airflow/example_dags/example_setup_teardown_taskflow.py took 0.078 seconds
[2023-11-02T07:10:20.892+0000] {processor.py:157} INFO - Started process (PID=5419) to work on /usr/local/lib/python3.10/dist-packages/airflow/example_dags/example_setup_teardown_taskflow.py
[2023-11-02T07:10:20.893+0000] {processor.py:829} INFO - Processing file /usr/local/lib/python3.10/dist-packages/airflow/example_dags/example_setup_teardown_taskflow.py for tasks to queue
[2023-11-02T07:10:20.894+0000] {logging_mixin.py:151} INFO - [2023-11-02T07:10:20.894+0000] {dagbag.py:536} INFO - Filling up the DagBag from /usr/local/lib/python3.10/dist-packages/airflow/example_dags/example_setup_teardown_taskflow.py
[2023-11-02T07:10:20.906+0000] {processor.py:839} INFO - DAG(s) dict_keys(['example_setup_teardown_taskflow']) retrieved from /usr/local/lib/python3.10/dist-packages/airflow/example_dags/example_setup_teardown_taskflow.py
[2023-11-02T07:10:20.924+0000] {logging_mixin.py:151} INFO - [2023-11-02T07:10:20.923+0000] {dag.py:2941} INFO - Sync 1 DAGs
[2023-11-02T07:10:20.944+0000] {logging_mixin.py:151} INFO - [2023-11-02T07:10:20.944+0000] {dag.py:3722} INFO - Setting next_dagrun for example_setup_teardown_taskflow to 2023-11-01T07:10:20.944267+00:00, run_after=2023-11-02T07:10:20.944267+00:00
[2023-11-02T07:10:20.969+0000] {processor.py:179} INFO - Processing /usr/local/lib/python3.10/dist-packages/airflow/example_dags/example_setup_teardown_taskflow.py took 0.080 seconds
[2023-11-02T07:10:54.766+0000] {processor.py:157} INFO - Started process (PID=5454) to work on /usr/local/lib/python3.10/dist-packages/airflow/example_dags/example_setup_teardown_taskflow.py
[2023-11-02T07:10:54.766+0000] {processor.py:829} INFO - Processing file /usr/local/lib/python3.10/dist-packages/airflow/example_dags/example_setup_teardown_taskflow.py for tasks to queue
[2023-11-02T07:10:54.767+0000] {logging_mixin.py:151} INFO - [2023-11-02T07:10:54.767+0000] {dagbag.py:536} INFO - Filling up the DagBag from /usr/local/lib/python3.10/dist-packages/airflow/example_dags/example_setup_teardown_taskflow.py
[2023-11-02T07:10:54.778+0000] {processor.py:839} INFO - DAG(s) dict_keys(['example_setup_teardown_taskflow']) retrieved from /usr/local/lib/python3.10/dist-packages/airflow/example_dags/example_setup_teardown_taskflow.py
[2023-11-02T07:10:54.796+0000] {logging_mixin.py:151} INFO - [2023-11-02T07:10:54.796+0000] {dag.py:2941} INFO - Sync 1 DAGs
[2023-11-02T07:10:54.817+0000] {logging_mixin.py:151} INFO - [2023-11-02T07:10:54.817+0000] {dag.py:3722} INFO - Setting next_dagrun for example_setup_teardown_taskflow to 2023-11-01T07:10:54.816898+00:00, run_after=2023-11-02T07:10:54.816898+00:00
[2023-11-02T07:10:54.841+0000] {processor.py:179} INFO - Processing /usr/local/lib/python3.10/dist-packages/airflow/example_dags/example_setup_teardown_taskflow.py took 0.078 seconds
[2023-11-02T07:11:43.254+0000] {processor.py:157} INFO - Started process (PID=5507) to work on /usr/local/lib/python3.10/dist-packages/airflow/example_dags/example_setup_teardown_taskflow.py
[2023-11-02T07:11:43.256+0000] {processor.py:829} INFO - Processing file /usr/local/lib/python3.10/dist-packages/airflow/example_dags/example_setup_teardown_taskflow.py for tasks to queue
[2023-11-02T07:11:43.257+0000] {logging_mixin.py:151} INFO - [2023-11-02T07:11:43.256+0000] {dagbag.py:536} INFO - Filling up the DagBag from /usr/local/lib/python3.10/dist-packages/airflow/example_dags/example_setup_teardown_taskflow.py
[2023-11-02T07:11:43.268+0000] {processor.py:839} INFO - DAG(s) dict_keys(['example_setup_teardown_taskflow']) retrieved from /usr/local/lib/python3.10/dist-packages/airflow/example_dags/example_setup_teardown_taskflow.py
[2023-11-02T07:11:43.286+0000] {logging_mixin.py:151} INFO - [2023-11-02T07:11:43.286+0000] {dag.py:2941} INFO - Sync 1 DAGs
[2023-11-02T07:11:43.307+0000] {logging_mixin.py:151} INFO - [2023-11-02T07:11:43.307+0000] {dag.py:3722} INFO - Setting next_dagrun for example_setup_teardown_taskflow to 2023-11-01T07:11:43.307249+00:00, run_after=2023-11-02T07:11:43.307249+00:00
[2023-11-02T07:11:43.332+0000] {processor.py:179} INFO - Processing /usr/local/lib/python3.10/dist-packages/airflow/example_dags/example_setup_teardown_taskflow.py took 0.081 seconds
[2023-11-02T07:12:23.503+0000] {processor.py:157} INFO - Started process (PID=5552) to work on /usr/local/lib/python3.10/dist-packages/airflow/example_dags/example_setup_teardown_taskflow.py
[2023-11-02T07:12:23.504+0000] {processor.py:829} INFO - Processing file /usr/local/lib/python3.10/dist-packages/airflow/example_dags/example_setup_teardown_taskflow.py for tasks to queue
[2023-11-02T07:12:23.505+0000] {logging_mixin.py:151} INFO - [2023-11-02T07:12:23.504+0000] {dagbag.py:536} INFO - Filling up the DagBag from /usr/local/lib/python3.10/dist-packages/airflow/example_dags/example_setup_teardown_taskflow.py
[2023-11-02T07:12:23.516+0000] {processor.py:839} INFO - DAG(s) dict_keys(['example_setup_teardown_taskflow']) retrieved from /usr/local/lib/python3.10/dist-packages/airflow/example_dags/example_setup_teardown_taskflow.py
[2023-11-02T07:12:23.534+0000] {logging_mixin.py:151} INFO - [2023-11-02T07:12:23.533+0000] {dag.py:2941} INFO - Sync 1 DAGs
[2023-11-02T07:12:23.555+0000] {logging_mixin.py:151} INFO - [2023-11-02T07:12:23.555+0000] {dag.py:3722} INFO - Setting next_dagrun for example_setup_teardown_taskflow to 2023-11-01T07:12:23.555006+00:00, run_after=2023-11-02T07:12:23.555006+00:00
[2023-11-02T07:12:23.578+0000] {processor.py:179} INFO - Processing /usr/local/lib/python3.10/dist-packages/airflow/example_dags/example_setup_teardown_taskflow.py took 0.079 seconds
