[2023-11-02T06:50:05.560+0000] {processor.py:157} INFO - Started process (PID=3728) to work on /home/ubuntu/customer_churn_venv/lib/python3.10/site-packages/airflow/example_dags/example_dynamic_task_mapping_with_no_taskflow_operators.py
[2023-11-02T06:50:05.561+0000] {processor.py:829} INFO - Processing file /home/ubuntu/customer_churn_venv/lib/python3.10/site-packages/airflow/example_dags/example_dynamic_task_mapping_with_no_taskflow_operators.py for tasks to queue
[2023-11-02T06:50:05.562+0000] {logging_mixin.py:151} INFO - [2023-11-02T06:50:05.561+0000] {dagbag.py:536} INFO - Filling up the DagBag from /home/ubuntu/customer_churn_venv/lib/python3.10/site-packages/airflow/example_dags/example_dynamic_task_mapping_with_no_taskflow_operators.py
[2023-11-02T06:50:05.569+0000] {processor.py:839} INFO - DAG(s) dict_keys(['example_dynamic_task_mapping_with_no_taskflow_operators']) retrieved from /home/ubuntu/customer_churn_venv/lib/python3.10/site-packages/airflow/example_dags/example_dynamic_task_mapping_with_no_taskflow_operators.py
[2023-11-02T06:50:05.785+0000] {logging_mixin.py:151} INFO - [2023-11-02T06:50:05.785+0000] {manager.py:499} INFO - Created Permission View: %s
[2023-11-02T06:50:05.798+0000] {logging_mixin.py:151} INFO - [2023-11-02T06:50:05.798+0000] {manager.py:499} INFO - Created Permission View: %s
[2023-11-02T06:50:05.808+0000] {logging_mixin.py:151} INFO - [2023-11-02T06:50:05.808+0000] {manager.py:499} INFO - Created Permission View: %s
[2023-11-02T06:50:05.808+0000] {logging_mixin.py:151} INFO - [2023-11-02T06:50:05.808+0000] {dag.py:2941} INFO - Sync 1 DAGs
[2023-11-02T06:50:05.819+0000] {logging_mixin.py:151} INFO - [2023-11-02T06:50:05.818+0000] {dag.py:2963} INFO - Creating ORM DAG for example_dynamic_task_mapping_with_no_taskflow_operators
[2023-11-02T06:50:05.827+0000] {logging_mixin.py:151} INFO - [2023-11-02T06:50:05.827+0000] {dag.py:3722} INFO - Setting next_dagrun for example_dynamic_task_mapping_with_no_taskflow_operators to 2023-11-01T06:50:05.827117+00:00, run_after=2023-11-02T06:50:05.827117+00:00
[2023-11-02T06:50:05.852+0000] {processor.py:179} INFO - Processing /home/ubuntu/customer_churn_venv/lib/python3.10/site-packages/airflow/example_dags/example_dynamic_task_mapping_with_no_taskflow_operators.py took 0.295 seconds
[2023-11-02T06:50:56.574+0000] {processor.py:157} INFO - Started process (PID=3774) to work on /home/ubuntu/customer_churn_venv/lib/python3.10/site-packages/airflow/example_dags/example_dynamic_task_mapping_with_no_taskflow_operators.py
[2023-11-02T06:50:56.575+0000] {processor.py:829} INFO - Processing file /home/ubuntu/customer_churn_venv/lib/python3.10/site-packages/airflow/example_dags/example_dynamic_task_mapping_with_no_taskflow_operators.py for tasks to queue
[2023-11-02T06:50:56.576+0000] {logging_mixin.py:151} INFO - [2023-11-02T06:50:56.576+0000] {dagbag.py:536} INFO - Filling up the DagBag from /home/ubuntu/customer_churn_venv/lib/python3.10/site-packages/airflow/example_dags/example_dynamic_task_mapping_with_no_taskflow_operators.py
[2023-11-02T06:50:56.584+0000] {processor.py:839} INFO - DAG(s) dict_keys(['example_dynamic_task_mapping_with_no_taskflow_operators']) retrieved from /home/ubuntu/customer_churn_venv/lib/python3.10/site-packages/airflow/example_dags/example_dynamic_task_mapping_with_no_taskflow_operators.py
[2023-11-02T06:50:56.599+0000] {logging_mixin.py:151} INFO - [2023-11-02T06:50:56.599+0000] {dag.py:2941} INFO - Sync 1 DAGs
[2023-11-02T06:50:56.619+0000] {logging_mixin.py:151} INFO - [2023-11-02T06:50:56.619+0000] {dag.py:3722} INFO - Setting next_dagrun for example_dynamic_task_mapping_with_no_taskflow_operators to 2023-11-01T06:50:56.619411+00:00, run_after=2023-11-02T06:50:56.619411+00:00
[2023-11-02T06:50:56.641+0000] {processor.py:179} INFO - Processing /home/ubuntu/customer_churn_venv/lib/python3.10/site-packages/airflow/example_dags/example_dynamic_task_mapping_with_no_taskflow_operators.py took 0.070 seconds
[2023-11-02T06:51:42.135+0000] {processor.py:157} INFO - Started process (PID=3823) to work on /home/ubuntu/customer_churn_venv/lib/python3.10/site-packages/airflow/example_dags/example_dynamic_task_mapping_with_no_taskflow_operators.py
[2023-11-02T06:51:42.136+0000] {processor.py:829} INFO - Processing file /home/ubuntu/customer_churn_venv/lib/python3.10/site-packages/airflow/example_dags/example_dynamic_task_mapping_with_no_taskflow_operators.py for tasks to queue
[2023-11-02T06:51:42.137+0000] {logging_mixin.py:151} INFO - [2023-11-02T06:51:42.137+0000] {dagbag.py:536} INFO - Filling up the DagBag from /home/ubuntu/customer_churn_venv/lib/python3.10/site-packages/airflow/example_dags/example_dynamic_task_mapping_with_no_taskflow_operators.py
[2023-11-02T06:51:42.146+0000] {processor.py:839} INFO - DAG(s) dict_keys(['example_dynamic_task_mapping_with_no_taskflow_operators']) retrieved from /home/ubuntu/customer_churn_venv/lib/python3.10/site-packages/airflow/example_dags/example_dynamic_task_mapping_with_no_taskflow_operators.py
[2023-11-02T06:51:42.163+0000] {logging_mixin.py:151} INFO - [2023-11-02T06:51:42.162+0000] {dag.py:2941} INFO - Sync 1 DAGs
[2023-11-02T06:51:42.183+0000] {logging_mixin.py:151} INFO - [2023-11-02T06:51:42.183+0000] {dag.py:3722} INFO - Setting next_dagrun for example_dynamic_task_mapping_with_no_taskflow_operators to 2023-11-01T06:51:42.182934+00:00, run_after=2023-11-02T06:51:42.182934+00:00
[2023-11-02T06:51:42.205+0000] {processor.py:179} INFO - Processing /home/ubuntu/customer_churn_venv/lib/python3.10/site-packages/airflow/example_dags/example_dynamic_task_mapping_with_no_taskflow_operators.py took 0.073 seconds
[2023-11-02T06:52:29.368+0000] {processor.py:157} INFO - Started process (PID=3871) to work on /home/ubuntu/customer_churn_venv/lib/python3.10/site-packages/airflow/example_dags/example_dynamic_task_mapping_with_no_taskflow_operators.py
[2023-11-02T06:52:29.369+0000] {processor.py:829} INFO - Processing file /home/ubuntu/customer_churn_venv/lib/python3.10/site-packages/airflow/example_dags/example_dynamic_task_mapping_with_no_taskflow_operators.py for tasks to queue
[2023-11-02T06:52:29.370+0000] {logging_mixin.py:151} INFO - [2023-11-02T06:52:29.369+0000] {dagbag.py:536} INFO - Filling up the DagBag from /home/ubuntu/customer_churn_venv/lib/python3.10/site-packages/airflow/example_dags/example_dynamic_task_mapping_with_no_taskflow_operators.py
[2023-11-02T06:52:29.377+0000] {processor.py:839} INFO - DAG(s) dict_keys(['example_dynamic_task_mapping_with_no_taskflow_operators']) retrieved from /home/ubuntu/customer_churn_venv/lib/python3.10/site-packages/airflow/example_dags/example_dynamic_task_mapping_with_no_taskflow_operators.py
[2023-11-02T06:52:29.393+0000] {logging_mixin.py:151} INFO - [2023-11-02T06:52:29.393+0000] {dag.py:2941} INFO - Sync 1 DAGs
[2023-11-02T06:52:29.415+0000] {logging_mixin.py:151} INFO - [2023-11-02T06:52:29.415+0000] {dag.py:3722} INFO - Setting next_dagrun for example_dynamic_task_mapping_with_no_taskflow_operators to 2023-11-01T06:52:29.415061+00:00, run_after=2023-11-02T06:52:29.415061+00:00
[2023-11-02T06:52:29.437+0000] {processor.py:179} INFO - Processing /home/ubuntu/customer_churn_venv/lib/python3.10/site-packages/airflow/example_dags/example_dynamic_task_mapping_with_no_taskflow_operators.py took 0.073 seconds
[2023-11-02T07:00:12.759+0000] {processor.py:157} INFO - Started process (PID=4392) to work on /usr/local/lib/python3.10/dist-packages/airflow/example_dags/example_dynamic_task_mapping_with_no_taskflow_operators.py
[2023-11-02T07:00:12.761+0000] {processor.py:829} INFO - Processing file /usr/local/lib/python3.10/dist-packages/airflow/example_dags/example_dynamic_task_mapping_with_no_taskflow_operators.py for tasks to queue
[2023-11-02T07:00:12.762+0000] {logging_mixin.py:151} INFO - [2023-11-02T07:00:12.761+0000] {dagbag.py:536} INFO - Filling up the DagBag from /usr/local/lib/python3.10/dist-packages/airflow/example_dags/example_dynamic_task_mapping_with_no_taskflow_operators.py
[2023-11-02T07:00:12.770+0000] {processor.py:839} INFO - DAG(s) dict_keys(['example_dynamic_task_mapping_with_no_taskflow_operators']) retrieved from /usr/local/lib/python3.10/dist-packages/airflow/example_dags/example_dynamic_task_mapping_with_no_taskflow_operators.py
[2023-11-02T07:00:12.789+0000] {logging_mixin.py:151} INFO - [2023-11-02T07:00:12.789+0000] {dag.py:2941} INFO - Sync 1 DAGs
[2023-11-02T07:00:12.810+0000] {logging_mixin.py:151} INFO - [2023-11-02T07:00:12.810+0000] {dag.py:3722} INFO - Setting next_dagrun for example_dynamic_task_mapping_with_no_taskflow_operators to 2023-11-01T07:00:12.810083+00:00, run_after=2023-11-02T07:00:12.810083+00:00
[2023-11-02T07:00:12.835+0000] {processor.py:179} INFO - Processing /usr/local/lib/python3.10/dist-packages/airflow/example_dags/example_dynamic_task_mapping_with_no_taskflow_operators.py took 0.079 seconds
[2023-11-02T07:00:58.497+0000] {processor.py:157} INFO - Started process (PID=4439) to work on /usr/local/lib/python3.10/dist-packages/airflow/example_dags/example_dynamic_task_mapping_with_no_taskflow_operators.py
[2023-11-02T07:00:58.498+0000] {processor.py:829} INFO - Processing file /usr/local/lib/python3.10/dist-packages/airflow/example_dags/example_dynamic_task_mapping_with_no_taskflow_operators.py for tasks to queue
[2023-11-02T07:00:58.499+0000] {logging_mixin.py:151} INFO - [2023-11-02T07:00:58.499+0000] {dagbag.py:536} INFO - Filling up the DagBag from /usr/local/lib/python3.10/dist-packages/airflow/example_dags/example_dynamic_task_mapping_with_no_taskflow_operators.py
[2023-11-02T07:00:58.507+0000] {processor.py:839} INFO - DAG(s) dict_keys(['example_dynamic_task_mapping_with_no_taskflow_operators']) retrieved from /usr/local/lib/python3.10/dist-packages/airflow/example_dags/example_dynamic_task_mapping_with_no_taskflow_operators.py
[2023-11-02T07:00:58.523+0000] {logging_mixin.py:151} INFO - [2023-11-02T07:00:58.522+0000] {dag.py:2941} INFO - Sync 1 DAGs
[2023-11-02T07:00:58.543+0000] {logging_mixin.py:151} INFO - [2023-11-02T07:00:58.543+0000] {dag.py:3722} INFO - Setting next_dagrun for example_dynamic_task_mapping_with_no_taskflow_operators to 2023-11-01T07:00:58.543154+00:00, run_after=2023-11-02T07:00:58.543154+00:00
[2023-11-02T07:00:58.569+0000] {processor.py:179} INFO - Processing /usr/local/lib/python3.10/dist-packages/airflow/example_dags/example_dynamic_task_mapping_with_no_taskflow_operators.py took 0.075 seconds
[2023-11-02T07:01:42.515+0000] {processor.py:157} INFO - Started process (PID=4485) to work on /usr/local/lib/python3.10/dist-packages/airflow/example_dags/example_dynamic_task_mapping_with_no_taskflow_operators.py
[2023-11-02T07:01:42.516+0000] {processor.py:829} INFO - Processing file /usr/local/lib/python3.10/dist-packages/airflow/example_dags/example_dynamic_task_mapping_with_no_taskflow_operators.py for tasks to queue
[2023-11-02T07:01:42.517+0000] {logging_mixin.py:151} INFO - [2023-11-02T07:01:42.517+0000] {dagbag.py:536} INFO - Filling up the DagBag from /usr/local/lib/python3.10/dist-packages/airflow/example_dags/example_dynamic_task_mapping_with_no_taskflow_operators.py
[2023-11-02T07:01:42.525+0000] {processor.py:839} INFO - DAG(s) dict_keys(['example_dynamic_task_mapping_with_no_taskflow_operators']) retrieved from /usr/local/lib/python3.10/dist-packages/airflow/example_dags/example_dynamic_task_mapping_with_no_taskflow_operators.py
[2023-11-02T07:01:42.541+0000] {logging_mixin.py:151} INFO - [2023-11-02T07:01:42.540+0000] {dag.py:2941} INFO - Sync 1 DAGs
[2023-11-02T07:01:42.561+0000] {logging_mixin.py:151} INFO - [2023-11-02T07:01:42.561+0000] {dag.py:3722} INFO - Setting next_dagrun for example_dynamic_task_mapping_with_no_taskflow_operators to 2023-11-01T07:01:42.560914+00:00, run_after=2023-11-02T07:01:42.560914+00:00
[2023-11-02T07:01:42.583+0000] {processor.py:179} INFO - Processing /usr/local/lib/python3.10/dist-packages/airflow/example_dags/example_dynamic_task_mapping_with_no_taskflow_operators.py took 0.071 seconds
[2023-11-02T07:02:26.244+0000] {processor.py:157} INFO - Started process (PID=4531) to work on /usr/local/lib/python3.10/dist-packages/airflow/example_dags/example_dynamic_task_mapping_with_no_taskflow_operators.py
[2023-11-02T07:02:26.246+0000] {processor.py:829} INFO - Processing file /usr/local/lib/python3.10/dist-packages/airflow/example_dags/example_dynamic_task_mapping_with_no_taskflow_operators.py for tasks to queue
[2023-11-02T07:02:26.246+0000] {logging_mixin.py:151} INFO - [2023-11-02T07:02:26.246+0000] {dagbag.py:536} INFO - Filling up the DagBag from /usr/local/lib/python3.10/dist-packages/airflow/example_dags/example_dynamic_task_mapping_with_no_taskflow_operators.py
[2023-11-02T07:02:26.254+0000] {processor.py:839} INFO - DAG(s) dict_keys(['example_dynamic_task_mapping_with_no_taskflow_operators']) retrieved from /usr/local/lib/python3.10/dist-packages/airflow/example_dags/example_dynamic_task_mapping_with_no_taskflow_operators.py
[2023-11-02T07:02:26.269+0000] {logging_mixin.py:151} INFO - [2023-11-02T07:02:26.269+0000] {dag.py:2941} INFO - Sync 1 DAGs
[2023-11-02T07:02:26.290+0000] {logging_mixin.py:151} INFO - [2023-11-02T07:02:26.290+0000] {dag.py:3722} INFO - Setting next_dagrun for example_dynamic_task_mapping_with_no_taskflow_operators to 2023-11-01T07:02:26.290224+00:00, run_after=2023-11-02T07:02:26.290224+00:00
[2023-11-02T07:02:26.312+0000] {processor.py:179} INFO - Processing /usr/local/lib/python3.10/dist-packages/airflow/example_dags/example_dynamic_task_mapping_with_no_taskflow_operators.py took 0.071 seconds
[2023-11-02T07:03:12.620+0000] {processor.py:157} INFO - Started process (PID=4578) to work on /usr/local/lib/python3.10/dist-packages/airflow/example_dags/example_dynamic_task_mapping_with_no_taskflow_operators.py
[2023-11-02T07:03:12.621+0000] {processor.py:829} INFO - Processing file /usr/local/lib/python3.10/dist-packages/airflow/example_dags/example_dynamic_task_mapping_with_no_taskflow_operators.py for tasks to queue
[2023-11-02T07:03:12.622+0000] {logging_mixin.py:151} INFO - [2023-11-02T07:03:12.622+0000] {dagbag.py:536} INFO - Filling up the DagBag from /usr/local/lib/python3.10/dist-packages/airflow/example_dags/example_dynamic_task_mapping_with_no_taskflow_operators.py
[2023-11-02T07:03:12.630+0000] {processor.py:839} INFO - DAG(s) dict_keys(['example_dynamic_task_mapping_with_no_taskflow_operators']) retrieved from /usr/local/lib/python3.10/dist-packages/airflow/example_dags/example_dynamic_task_mapping_with_no_taskflow_operators.py
[2023-11-02T07:03:12.645+0000] {logging_mixin.py:151} INFO - [2023-11-02T07:03:12.645+0000] {dag.py:2941} INFO - Sync 1 DAGs
[2023-11-02T07:03:12.666+0000] {logging_mixin.py:151} INFO - [2023-11-02T07:03:12.665+0000] {dag.py:3722} INFO - Setting next_dagrun for example_dynamic_task_mapping_with_no_taskflow_operators to 2023-11-01T07:03:12.665496+00:00, run_after=2023-11-02T07:03:12.665496+00:00
[2023-11-02T07:03:12.688+0000] {processor.py:179} INFO - Processing /usr/local/lib/python3.10/dist-packages/airflow/example_dags/example_dynamic_task_mapping_with_no_taskflow_operators.py took 0.072 seconds
[2023-11-02T07:03:57.459+0000] {processor.py:157} INFO - Started process (PID=4626) to work on /usr/local/lib/python3.10/dist-packages/airflow/example_dags/example_dynamic_task_mapping_with_no_taskflow_operators.py
[2023-11-02T07:03:57.460+0000] {processor.py:829} INFO - Processing file /usr/local/lib/python3.10/dist-packages/airflow/example_dags/example_dynamic_task_mapping_with_no_taskflow_operators.py for tasks to queue
[2023-11-02T07:03:57.461+0000] {logging_mixin.py:151} INFO - [2023-11-02T07:03:57.461+0000] {dagbag.py:536} INFO - Filling up the DagBag from /usr/local/lib/python3.10/dist-packages/airflow/example_dags/example_dynamic_task_mapping_with_no_taskflow_operators.py
[2023-11-02T07:03:57.469+0000] {processor.py:839} INFO - DAG(s) dict_keys(['example_dynamic_task_mapping_with_no_taskflow_operators']) retrieved from /usr/local/lib/python3.10/dist-packages/airflow/example_dags/example_dynamic_task_mapping_with_no_taskflow_operators.py
[2023-11-02T07:03:57.485+0000] {logging_mixin.py:151} INFO - [2023-11-02T07:03:57.484+0000] {dag.py:2941} INFO - Sync 1 DAGs
[2023-11-02T07:03:57.505+0000] {logging_mixin.py:151} INFO - [2023-11-02T07:03:57.504+0000] {dag.py:3722} INFO - Setting next_dagrun for example_dynamic_task_mapping_with_no_taskflow_operators to 2023-11-01T07:03:57.504648+00:00, run_after=2023-11-02T07:03:57.504648+00:00
[2023-11-02T07:03:57.527+0000] {processor.py:179} INFO - Processing /usr/local/lib/python3.10/dist-packages/airflow/example_dags/example_dynamic_task_mapping_with_no_taskflow_operators.py took 0.071 seconds
[2023-11-02T07:04:42.168+0000] {processor.py:157} INFO - Started process (PID=4676) to work on /usr/local/lib/python3.10/dist-packages/airflow/example_dags/example_dynamic_task_mapping_with_no_taskflow_operators.py
[2023-11-02T07:04:42.169+0000] {processor.py:829} INFO - Processing file /usr/local/lib/python3.10/dist-packages/airflow/example_dags/example_dynamic_task_mapping_with_no_taskflow_operators.py for tasks to queue
[2023-11-02T07:04:42.170+0000] {logging_mixin.py:151} INFO - [2023-11-02T07:04:42.170+0000] {dagbag.py:536} INFO - Filling up the DagBag from /usr/local/lib/python3.10/dist-packages/airflow/example_dags/example_dynamic_task_mapping_with_no_taskflow_operators.py
[2023-11-02T07:04:42.178+0000] {processor.py:839} INFO - DAG(s) dict_keys(['example_dynamic_task_mapping_with_no_taskflow_operators']) retrieved from /usr/local/lib/python3.10/dist-packages/airflow/example_dags/example_dynamic_task_mapping_with_no_taskflow_operators.py
[2023-11-02T07:04:42.194+0000] {logging_mixin.py:151} INFO - [2023-11-02T07:04:42.194+0000] {dag.py:2941} INFO - Sync 1 DAGs
[2023-11-02T07:04:42.214+0000] {logging_mixin.py:151} INFO - [2023-11-02T07:04:42.213+0000] {dag.py:3722} INFO - Setting next_dagrun for example_dynamic_task_mapping_with_no_taskflow_operators to 2023-11-01T07:04:42.213590+00:00, run_after=2023-11-02T07:04:42.213590+00:00
[2023-11-02T07:04:42.235+0000] {processor.py:179} INFO - Processing /usr/local/lib/python3.10/dist-packages/airflow/example_dags/example_dynamic_task_mapping_with_no_taskflow_operators.py took 0.070 seconds
[2023-11-02T07:05:22.734+0000] {processor.py:157} INFO - Started process (PID=4719) to work on /usr/local/lib/python3.10/dist-packages/airflow/example_dags/example_dynamic_task_mapping_with_no_taskflow_operators.py
[2023-11-02T07:05:22.735+0000] {processor.py:829} INFO - Processing file /usr/local/lib/python3.10/dist-packages/airflow/example_dags/example_dynamic_task_mapping_with_no_taskflow_operators.py for tasks to queue
[2023-11-02T07:05:22.736+0000] {logging_mixin.py:151} INFO - [2023-11-02T07:05:22.736+0000] {dagbag.py:536} INFO - Filling up the DagBag from /usr/local/lib/python3.10/dist-packages/airflow/example_dags/example_dynamic_task_mapping_with_no_taskflow_operators.py
[2023-11-02T07:05:22.744+0000] {processor.py:839} INFO - DAG(s) dict_keys(['example_dynamic_task_mapping_with_no_taskflow_operators']) retrieved from /usr/local/lib/python3.10/dist-packages/airflow/example_dags/example_dynamic_task_mapping_with_no_taskflow_operators.py
[2023-11-02T07:05:22.759+0000] {logging_mixin.py:151} INFO - [2023-11-02T07:05:22.759+0000] {dag.py:2941} INFO - Sync 1 DAGs
[2023-11-02T07:05:22.780+0000] {logging_mixin.py:151} INFO - [2023-11-02T07:05:22.780+0000] {dag.py:3722} INFO - Setting next_dagrun for example_dynamic_task_mapping_with_no_taskflow_operators to 2023-11-01T07:05:22.779756+00:00, run_after=2023-11-02T07:05:22.779756+00:00
[2023-11-02T07:05:22.801+0000] {processor.py:179} INFO - Processing /usr/local/lib/python3.10/dist-packages/airflow/example_dags/example_dynamic_task_mapping_with_no_taskflow_operators.py took 0.070 seconds
[2023-11-02T07:06:07.942+0000] {processor.py:157} INFO - Started process (PID=4765) to work on /usr/local/lib/python3.10/dist-packages/airflow/example_dags/example_dynamic_task_mapping_with_no_taskflow_operators.py
[2023-11-02T07:06:07.943+0000] {processor.py:829} INFO - Processing file /usr/local/lib/python3.10/dist-packages/airflow/example_dags/example_dynamic_task_mapping_with_no_taskflow_operators.py for tasks to queue
[2023-11-02T07:06:07.944+0000] {logging_mixin.py:151} INFO - [2023-11-02T07:06:07.944+0000] {dagbag.py:536} INFO - Filling up the DagBag from /usr/local/lib/python3.10/dist-packages/airflow/example_dags/example_dynamic_task_mapping_with_no_taskflow_operators.py
[2023-11-02T07:06:07.953+0000] {processor.py:839} INFO - DAG(s) dict_keys(['example_dynamic_task_mapping_with_no_taskflow_operators']) retrieved from /usr/local/lib/python3.10/dist-packages/airflow/example_dags/example_dynamic_task_mapping_with_no_taskflow_operators.py
[2023-11-02T07:06:07.969+0000] {logging_mixin.py:151} INFO - [2023-11-02T07:06:07.968+0000] {dag.py:2941} INFO - Sync 1 DAGs
[2023-11-02T07:06:07.991+0000] {logging_mixin.py:151} INFO - [2023-11-02T07:06:07.990+0000] {dag.py:3722} INFO - Setting next_dagrun for example_dynamic_task_mapping_with_no_taskflow_operators to 2023-11-01T07:06:07.990538+00:00, run_after=2023-11-02T07:06:07.990538+00:00
[2023-11-02T07:06:08.014+0000] {processor.py:179} INFO - Processing /usr/local/lib/python3.10/dist-packages/airflow/example_dags/example_dynamic_task_mapping_with_no_taskflow_operators.py took 0.075 seconds
[2023-11-02T07:06:57.291+0000] {processor.py:157} INFO - Started process (PID=4815) to work on /usr/local/lib/python3.10/dist-packages/airflow/example_dags/example_dynamic_task_mapping_with_no_taskflow_operators.py
[2023-11-02T07:06:57.292+0000] {processor.py:829} INFO - Processing file /usr/local/lib/python3.10/dist-packages/airflow/example_dags/example_dynamic_task_mapping_with_no_taskflow_operators.py for tasks to queue
[2023-11-02T07:06:57.293+0000] {logging_mixin.py:151} INFO - [2023-11-02T07:06:57.292+0000] {dagbag.py:536} INFO - Filling up the DagBag from /usr/local/lib/python3.10/dist-packages/airflow/example_dags/example_dynamic_task_mapping_with_no_taskflow_operators.py
[2023-11-02T07:06:57.300+0000] {processor.py:839} INFO - DAG(s) dict_keys(['example_dynamic_task_mapping_with_no_taskflow_operators']) retrieved from /usr/local/lib/python3.10/dist-packages/airflow/example_dags/example_dynamic_task_mapping_with_no_taskflow_operators.py
[2023-11-02T07:06:57.316+0000] {logging_mixin.py:151} INFO - [2023-11-02T07:06:57.315+0000] {dag.py:2941} INFO - Sync 1 DAGs
[2023-11-02T07:06:57.336+0000] {logging_mixin.py:151} INFO - [2023-11-02T07:06:57.335+0000] {dag.py:3722} INFO - Setting next_dagrun for example_dynamic_task_mapping_with_no_taskflow_operators to 2023-11-01T07:06:57.335525+00:00, run_after=2023-11-02T07:06:57.335525+00:00
[2023-11-02T07:06:57.357+0000] {processor.py:179} INFO - Processing /usr/local/lib/python3.10/dist-packages/airflow/example_dags/example_dynamic_task_mapping_with_no_taskflow_operators.py took 0.069 seconds
[2023-11-02T07:07:42.941+0000] {processor.py:157} INFO - Started process (PID=4864) to work on /usr/local/lib/python3.10/dist-packages/airflow/example_dags/example_dynamic_task_mapping_with_no_taskflow_operators.py
[2023-11-02T07:07:42.942+0000] {processor.py:829} INFO - Processing file /usr/local/lib/python3.10/dist-packages/airflow/example_dags/example_dynamic_task_mapping_with_no_taskflow_operators.py for tasks to queue
[2023-11-02T07:07:42.943+0000] {logging_mixin.py:151} INFO - [2023-11-02T07:07:42.942+0000] {dagbag.py:536} INFO - Filling up the DagBag from /usr/local/lib/python3.10/dist-packages/airflow/example_dags/example_dynamic_task_mapping_with_no_taskflow_operators.py
[2023-11-02T07:07:42.951+0000] {processor.py:839} INFO - DAG(s) dict_keys(['example_dynamic_task_mapping_with_no_taskflow_operators']) retrieved from /usr/local/lib/python3.10/dist-packages/airflow/example_dags/example_dynamic_task_mapping_with_no_taskflow_operators.py
[2023-11-02T07:07:42.966+0000] {logging_mixin.py:151} INFO - [2023-11-02T07:07:42.966+0000] {dag.py:2941} INFO - Sync 1 DAGs
[2023-11-02T07:07:42.986+0000] {logging_mixin.py:151} INFO - [2023-11-02T07:07:42.986+0000] {dag.py:3722} INFO - Setting next_dagrun for example_dynamic_task_mapping_with_no_taskflow_operators to 2023-11-01T07:07:42.985859+00:00, run_after=2023-11-02T07:07:42.985859+00:00
[2023-11-02T07:07:43.010+0000] {processor.py:179} INFO - Processing /usr/local/lib/python3.10/dist-packages/airflow/example_dags/example_dynamic_task_mapping_with_no_taskflow_operators.py took 0.072 seconds
[2023-11-02T07:08:28.346+0000] {processor.py:157} INFO - Started process (PID=5133) to work on /usr/local/lib/python3.10/dist-packages/airflow/example_dags/example_dynamic_task_mapping_with_no_taskflow_operators.py
[2023-11-02T07:08:28.347+0000] {processor.py:829} INFO - Processing file /usr/local/lib/python3.10/dist-packages/airflow/example_dags/example_dynamic_task_mapping_with_no_taskflow_operators.py for tasks to queue
[2023-11-02T07:08:28.348+0000] {logging_mixin.py:151} INFO - [2023-11-02T07:08:28.348+0000] {dagbag.py:536} INFO - Filling up the DagBag from /usr/local/lib/python3.10/dist-packages/airflow/example_dags/example_dynamic_task_mapping_with_no_taskflow_operators.py
[2023-11-02T07:08:28.357+0000] {processor.py:839} INFO - DAG(s) dict_keys(['example_dynamic_task_mapping_with_no_taskflow_operators']) retrieved from /usr/local/lib/python3.10/dist-packages/airflow/example_dags/example_dynamic_task_mapping_with_no_taskflow_operators.py
[2023-11-02T07:08:28.386+0000] {logging_mixin.py:151} INFO - [2023-11-02T07:08:28.386+0000] {dag.py:2941} INFO - Sync 1 DAGs
[2023-11-02T07:08:28.427+0000] {logging_mixin.py:151} INFO - [2023-11-02T07:08:28.427+0000] {dag.py:3722} INFO - Setting next_dagrun for example_dynamic_task_mapping_with_no_taskflow_operators to 2023-11-01T07:08:28.427361+00:00, run_after=2023-11-02T07:08:28.427361+00:00
[2023-11-02T07:08:28.464+0000] {processor.py:179} INFO - Processing /usr/local/lib/python3.10/dist-packages/airflow/example_dags/example_dynamic_task_mapping_with_no_taskflow_operators.py took 0.121 seconds
[2023-11-02T07:09:10.962+0000] {processor.py:157} INFO - Started process (PID=5339) to work on /usr/local/lib/python3.10/dist-packages/airflow/example_dags/example_dynamic_task_mapping_with_no_taskflow_operators.py
[2023-11-02T07:09:10.963+0000] {processor.py:829} INFO - Processing file /usr/local/lib/python3.10/dist-packages/airflow/example_dags/example_dynamic_task_mapping_with_no_taskflow_operators.py for tasks to queue
[2023-11-02T07:09:10.964+0000] {logging_mixin.py:151} INFO - [2023-11-02T07:09:10.964+0000] {dagbag.py:536} INFO - Filling up the DagBag from /usr/local/lib/python3.10/dist-packages/airflow/example_dags/example_dynamic_task_mapping_with_no_taskflow_operators.py
[2023-11-02T07:09:10.972+0000] {processor.py:839} INFO - DAG(s) dict_keys(['example_dynamic_task_mapping_with_no_taskflow_operators']) retrieved from /usr/local/lib/python3.10/dist-packages/airflow/example_dags/example_dynamic_task_mapping_with_no_taskflow_operators.py
[2023-11-02T07:09:10.988+0000] {logging_mixin.py:151} INFO - [2023-11-02T07:09:10.988+0000] {dag.py:2941} INFO - Sync 1 DAGs
[2023-11-02T07:09:11.009+0000] {logging_mixin.py:151} INFO - [2023-11-02T07:09:11.009+0000] {dag.py:3722} INFO - Setting next_dagrun for example_dynamic_task_mapping_with_no_taskflow_operators to 2023-11-01T07:09:11.008841+00:00, run_after=2023-11-02T07:09:11.008841+00:00
[2023-11-02T07:09:11.033+0000] {processor.py:179} INFO - Processing /usr/local/lib/python3.10/dist-packages/airflow/example_dags/example_dynamic_task_mapping_with_no_taskflow_operators.py took 0.076 seconds
[2023-11-02T07:09:58.347+0000] {processor.py:157} INFO - Started process (PID=5396) to work on /usr/local/lib/python3.10/dist-packages/airflow/example_dags/example_dynamic_task_mapping_with_no_taskflow_operators.py
[2023-11-02T07:09:58.348+0000] {processor.py:829} INFO - Processing file /usr/local/lib/python3.10/dist-packages/airflow/example_dags/example_dynamic_task_mapping_with_no_taskflow_operators.py for tasks to queue
[2023-11-02T07:09:58.349+0000] {logging_mixin.py:151} INFO - [2023-11-02T07:09:58.348+0000] {dagbag.py:536} INFO - Filling up the DagBag from /usr/local/lib/python3.10/dist-packages/airflow/example_dags/example_dynamic_task_mapping_with_no_taskflow_operators.py
[2023-11-02T07:09:58.357+0000] {processor.py:839} INFO - DAG(s) dict_keys(['example_dynamic_task_mapping_with_no_taskflow_operators']) retrieved from /usr/local/lib/python3.10/dist-packages/airflow/example_dags/example_dynamic_task_mapping_with_no_taskflow_operators.py
[2023-11-02T07:09:58.372+0000] {logging_mixin.py:151} INFO - [2023-11-02T07:09:58.372+0000] {dag.py:2941} INFO - Sync 1 DAGs
[2023-11-02T07:09:58.392+0000] {logging_mixin.py:151} INFO - [2023-11-02T07:09:58.392+0000] {dag.py:3722} INFO - Setting next_dagrun for example_dynamic_task_mapping_with_no_taskflow_operators to 2023-11-01T07:09:58.392504+00:00, run_after=2023-11-02T07:09:58.392504+00:00
[2023-11-02T07:09:58.414+0000] {processor.py:179} INFO - Processing /usr/local/lib/python3.10/dist-packages/airflow/example_dags/example_dynamic_task_mapping_with_no_taskflow_operators.py took 0.071 seconds
[2023-11-02T07:10:44.121+0000] {processor.py:157} INFO - Started process (PID=5443) to work on /usr/local/lib/python3.10/dist-packages/airflow/example_dags/example_dynamic_task_mapping_with_no_taskflow_operators.py
[2023-11-02T07:10:44.122+0000] {processor.py:829} INFO - Processing file /usr/local/lib/python3.10/dist-packages/airflow/example_dags/example_dynamic_task_mapping_with_no_taskflow_operators.py for tasks to queue
[2023-11-02T07:10:44.123+0000] {logging_mixin.py:151} INFO - [2023-11-02T07:10:44.123+0000] {dagbag.py:536} INFO - Filling up the DagBag from /usr/local/lib/python3.10/dist-packages/airflow/example_dags/example_dynamic_task_mapping_with_no_taskflow_operators.py
[2023-11-02T07:10:44.131+0000] {processor.py:839} INFO - DAG(s) dict_keys(['example_dynamic_task_mapping_with_no_taskflow_operators']) retrieved from /usr/local/lib/python3.10/dist-packages/airflow/example_dags/example_dynamic_task_mapping_with_no_taskflow_operators.py
[2023-11-02T07:10:44.147+0000] {logging_mixin.py:151} INFO - [2023-11-02T07:10:44.147+0000] {dag.py:2941} INFO - Sync 1 DAGs
[2023-11-02T07:10:44.169+0000] {logging_mixin.py:151} INFO - [2023-11-02T07:10:44.169+0000] {dag.py:3722} INFO - Setting next_dagrun for example_dynamic_task_mapping_with_no_taskflow_operators to 2023-11-01T07:10:44.168743+00:00, run_after=2023-11-02T07:10:44.168743+00:00
[2023-11-02T07:10:44.193+0000] {processor.py:179} INFO - Processing /usr/local/lib/python3.10/dist-packages/airflow/example_dags/example_dynamic_task_mapping_with_no_taskflow_operators.py took 0.076 seconds
[2023-11-02T07:11:34.314+0000] {processor.py:157} INFO - Started process (PID=5498) to work on /usr/local/lib/python3.10/dist-packages/airflow/example_dags/example_dynamic_task_mapping_with_no_taskflow_operators.py
[2023-11-02T07:11:34.316+0000] {processor.py:829} INFO - Processing file /usr/local/lib/python3.10/dist-packages/airflow/example_dags/example_dynamic_task_mapping_with_no_taskflow_operators.py for tasks to queue
[2023-11-02T07:11:34.317+0000] {logging_mixin.py:151} INFO - [2023-11-02T07:11:34.316+0000] {dagbag.py:536} INFO - Filling up the DagBag from /usr/local/lib/python3.10/dist-packages/airflow/example_dags/example_dynamic_task_mapping_with_no_taskflow_operators.py
[2023-11-02T07:11:34.325+0000] {processor.py:839} INFO - DAG(s) dict_keys(['example_dynamic_task_mapping_with_no_taskflow_operators']) retrieved from /usr/local/lib/python3.10/dist-packages/airflow/example_dags/example_dynamic_task_mapping_with_no_taskflow_operators.py
[2023-11-02T07:11:34.340+0000] {logging_mixin.py:151} INFO - [2023-11-02T07:11:34.340+0000] {dag.py:2941} INFO - Sync 1 DAGs
[2023-11-02T07:11:34.360+0000] {logging_mixin.py:151} INFO - [2023-11-02T07:11:34.360+0000] {dag.py:3722} INFO - Setting next_dagrun for example_dynamic_task_mapping_with_no_taskflow_operators to 2023-11-01T07:11:34.360156+00:00, run_after=2023-11-02T07:11:34.360156+00:00
[2023-11-02T07:11:34.382+0000] {processor.py:179} INFO - Processing /usr/local/lib/python3.10/dist-packages/airflow/example_dags/example_dynamic_task_mapping_with_no_taskflow_operators.py took 0.071 seconds
[2023-11-02T07:12:17.183+0000] {processor.py:157} INFO - Started process (PID=5545) to work on /usr/local/lib/python3.10/dist-packages/airflow/example_dags/example_dynamic_task_mapping_with_no_taskflow_operators.py
[2023-11-02T07:12:17.184+0000] {processor.py:829} INFO - Processing file /usr/local/lib/python3.10/dist-packages/airflow/example_dags/example_dynamic_task_mapping_with_no_taskflow_operators.py for tasks to queue
[2023-11-02T07:12:17.185+0000] {logging_mixin.py:151} INFO - [2023-11-02T07:12:17.184+0000] {dagbag.py:536} INFO - Filling up the DagBag from /usr/local/lib/python3.10/dist-packages/airflow/example_dags/example_dynamic_task_mapping_with_no_taskflow_operators.py
[2023-11-02T07:12:17.193+0000] {processor.py:839} INFO - DAG(s) dict_keys(['example_dynamic_task_mapping_with_no_taskflow_operators']) retrieved from /usr/local/lib/python3.10/dist-packages/airflow/example_dags/example_dynamic_task_mapping_with_no_taskflow_operators.py
[2023-11-02T07:12:17.208+0000] {logging_mixin.py:151} INFO - [2023-11-02T07:12:17.208+0000] {dag.py:2941} INFO - Sync 1 DAGs
[2023-11-02T07:12:17.229+0000] {logging_mixin.py:151} INFO - [2023-11-02T07:12:17.229+0000] {dag.py:3722} INFO - Setting next_dagrun for example_dynamic_task_mapping_with_no_taskflow_operators to 2023-11-01T07:12:17.228950+00:00, run_after=2023-11-02T07:12:17.228950+00:00
[2023-11-02T07:12:17.252+0000] {processor.py:179} INFO - Processing /usr/local/lib/python3.10/dist-packages/airflow/example_dags/example_dynamic_task_mapping_with_no_taskflow_operators.py took 0.072 seconds
