[2023-11-02T06:50:01.553+0000] {processor.py:157} INFO - Started process (PID=3725) to work on /home/ubuntu/customer_churn_venv/lib/python3.10/site-packages/airflow/example_dags/example_datasets.py
[2023-11-02T06:50:01.554+0000] {processor.py:829} INFO - Processing file /home/ubuntu/customer_churn_venv/lib/python3.10/site-packages/airflow/example_dags/example_datasets.py for tasks to queue
[2023-11-02T06:50:01.554+0000] {logging_mixin.py:151} INFO - [2023-11-02T06:50:01.554+0000] {dagbag.py:536} INFO - Filling up the DagBag from /home/ubuntu/customer_churn_venv/lib/python3.10/site-packages/airflow/example_dags/example_datasets.py
[2023-11-02T06:50:01.565+0000] {processor.py:839} INFO - DAG(s) dict_keys(['dataset_consumes_1_and_2', 'dataset_consumes_unknown_never_scheduled', 'dataset_produces_2', 'dataset_produces_1', 'dataset_consumes_1_never_scheduled', 'dataset_consumes_1']) retrieved from /home/ubuntu/customer_churn_venv/lib/python3.10/site-packages/airflow/example_dags/example_datasets.py
[2023-11-02T06:50:01.809+0000] {logging_mixin.py:151} INFO - [2023-11-02T06:50:01.808+0000] {manager.py:499} INFO - Created Permission View: %s
[2023-11-02T06:50:01.823+0000] {logging_mixin.py:151} INFO - [2023-11-02T06:50:01.823+0000] {manager.py:499} INFO - Created Permission View: %s
[2023-11-02T06:50:01.833+0000] {logging_mixin.py:151} INFO - [2023-11-02T06:50:01.833+0000] {manager.py:499} INFO - Created Permission View: %s
[2023-11-02T06:50:01.856+0000] {logging_mixin.py:151} INFO - [2023-11-02T06:50:01.856+0000] {manager.py:499} INFO - Created Permission View: %s
[2023-11-02T06:50:01.866+0000] {logging_mixin.py:151} INFO - [2023-11-02T06:50:01.866+0000] {manager.py:499} INFO - Created Permission View: %s
[2023-11-02T06:50:01.876+0000] {logging_mixin.py:151} INFO - [2023-11-02T06:50:01.876+0000] {manager.py:499} INFO - Created Permission View: %s
[2023-11-02T06:50:01.896+0000] {logging_mixin.py:151} INFO - [2023-11-02T06:50:01.895+0000] {manager.py:499} INFO - Created Permission View: %s
[2023-11-02T06:50:01.905+0000] {logging_mixin.py:151} INFO - [2023-11-02T06:50:01.905+0000] {manager.py:499} INFO - Created Permission View: %s
[2023-11-02T06:50:01.917+0000] {logging_mixin.py:151} INFO - [2023-11-02T06:50:01.916+0000] {manager.py:499} INFO - Created Permission View: %s
[2023-11-02T06:50:01.939+0000] {logging_mixin.py:151} INFO - [2023-11-02T06:50:01.939+0000] {manager.py:499} INFO - Created Permission View: %s
[2023-11-02T06:50:01.950+0000] {logging_mixin.py:151} INFO - [2023-11-02T06:50:01.949+0000] {manager.py:499} INFO - Created Permission View: %s
[2023-11-02T06:50:01.961+0000] {logging_mixin.py:151} INFO - [2023-11-02T06:50:01.961+0000] {manager.py:499} INFO - Created Permission View: %s
[2023-11-02T06:50:01.987+0000] {logging_mixin.py:151} INFO - [2023-11-02T06:50:01.987+0000] {manager.py:499} INFO - Created Permission View: %s
[2023-11-02T06:50:01.998+0000] {logging_mixin.py:151} INFO - [2023-11-02T06:50:01.998+0000] {manager.py:499} INFO - Created Permission View: %s
[2023-11-02T06:50:02.010+0000] {logging_mixin.py:151} INFO - [2023-11-02T06:50:02.010+0000] {manager.py:499} INFO - Created Permission View: %s
[2023-11-02T06:50:02.037+0000] {logging_mixin.py:151} INFO - [2023-11-02T06:50:02.036+0000] {manager.py:499} INFO - Created Permission View: %s
[2023-11-02T06:50:02.047+0000] {logging_mixin.py:151} INFO - [2023-11-02T06:50:02.047+0000] {manager.py:499} INFO - Created Permission View: %s
[2023-11-02T06:50:02.059+0000] {logging_mixin.py:151} INFO - [2023-11-02T06:50:02.059+0000] {manager.py:499} INFO - Created Permission View: %s
[2023-11-02T06:50:02.059+0000] {logging_mixin.py:151} INFO - [2023-11-02T06:50:02.059+0000] {dag.py:2941} INFO - Sync 6 DAGs
[2023-11-02T06:50:02.070+0000] {logging_mixin.py:151} INFO - [2023-11-02T06:50:02.070+0000] {dag.py:2963} INFO - Creating ORM DAG for dataset_consumes_1_and_2
[2023-11-02T06:50:02.071+0000] {logging_mixin.py:151} INFO - [2023-11-02T06:50:02.071+0000] {dag.py:2963} INFO - Creating ORM DAG for dataset_consumes_unknown_never_scheduled
[2023-11-02T06:50:02.071+0000] {logging_mixin.py:151} INFO - [2023-11-02T06:50:02.071+0000] {dag.py:2963} INFO - Creating ORM DAG for dataset_produces_2
[2023-11-02T06:50:02.072+0000] {logging_mixin.py:151} INFO - [2023-11-02T06:50:02.072+0000] {dag.py:2963} INFO - Creating ORM DAG for dataset_consumes_1_never_scheduled
[2023-11-02T06:50:02.072+0000] {logging_mixin.py:151} INFO - [2023-11-02T06:50:02.072+0000] {dag.py:2963} INFO - Creating ORM DAG for dataset_produces_1
[2023-11-02T06:50:02.073+0000] {logging_mixin.py:151} INFO - [2023-11-02T06:50:02.073+0000] {dag.py:2963} INFO - Creating ORM DAG for dataset_consumes_1
[2023-11-02T06:50:02.082+0000] {logging_mixin.py:151} INFO - [2023-11-02T06:50:02.081+0000] {dag.py:3722} INFO - Setting next_dagrun for dataset_consumes_1 to None, run_after=None
[2023-11-02T06:50:02.082+0000] {logging_mixin.py:151} INFO - [2023-11-02T06:50:02.082+0000] {dag.py:3722} INFO - Setting next_dagrun for dataset_consumes_1_and_2 to None, run_after=None
[2023-11-02T06:50:02.083+0000] {logging_mixin.py:151} INFO - [2023-11-02T06:50:02.083+0000] {dag.py:3722} INFO - Setting next_dagrun for dataset_consumes_1_never_scheduled to None, run_after=None
[2023-11-02T06:50:02.083+0000] {logging_mixin.py:151} INFO - [2023-11-02T06:50:02.083+0000] {dag.py:3722} INFO - Setting next_dagrun for dataset_consumes_unknown_never_scheduled to None, run_after=None
[2023-11-02T06:50:02.085+0000] {logging_mixin.py:151} INFO - [2023-11-02T06:50:02.085+0000] {dag.py:3722} INFO - Setting next_dagrun for dataset_produces_1 to 2023-11-01T00:00:00+00:00, run_after=2023-11-02T00:00:00+00:00
[2023-11-02T06:50:02.086+0000] {logging_mixin.py:151} INFO - [2023-11-02T06:50:02.086+0000] {dag.py:3722} INFO - Setting next_dagrun for dataset_produces_2 to None, run_after=None
[2023-11-02T06:50:02.123+0000] {processor.py:179} INFO - Processing /home/ubuntu/customer_churn_venv/lib/python3.10/site-packages/airflow/example_dags/example_datasets.py took 0.574 seconds
[2023-11-02T06:50:53.716+0000] {processor.py:157} INFO - Started process (PID=3771) to work on /home/ubuntu/customer_churn_venv/lib/python3.10/site-packages/airflow/example_dags/example_datasets.py
[2023-11-02T06:50:53.717+0000] {processor.py:829} INFO - Processing file /home/ubuntu/customer_churn_venv/lib/python3.10/site-packages/airflow/example_dags/example_datasets.py for tasks to queue
[2023-11-02T06:50:53.718+0000] {logging_mixin.py:151} INFO - [2023-11-02T06:50:53.717+0000] {dagbag.py:536} INFO - Filling up the DagBag from /home/ubuntu/customer_churn_venv/lib/python3.10/site-packages/airflow/example_dags/example_datasets.py
[2023-11-02T06:50:53.728+0000] {processor.py:839} INFO - DAG(s) dict_keys(['dataset_consumes_1_never_scheduled', 'dataset_consumes_1_and_2', 'dataset_produces_1', 'dataset_consumes_1', 'dataset_produces_2', 'dataset_consumes_unknown_never_scheduled']) retrieved from /home/ubuntu/customer_churn_venv/lib/python3.10/site-packages/airflow/example_dags/example_datasets.py
[2023-11-02T06:50:53.758+0000] {logging_mixin.py:151} INFO - [2023-11-02T06:50:53.758+0000] {dag.py:2941} INFO - Sync 6 DAGs
[2023-11-02T06:50:53.780+0000] {logging_mixin.py:151} INFO - [2023-11-02T06:50:53.779+0000] {dag.py:3722} INFO - Setting next_dagrun for dataset_consumes_1 to None, run_after=None
[2023-11-02T06:50:53.783+0000] {logging_mixin.py:151} INFO - [2023-11-02T06:50:53.783+0000] {dag.py:3722} INFO - Setting next_dagrun for dataset_consumes_1_and_2 to None, run_after=None
[2023-11-02T06:50:53.784+0000] {logging_mixin.py:151} INFO - [2023-11-02T06:50:53.784+0000] {dag.py:3722} INFO - Setting next_dagrun for dataset_consumes_1_never_scheduled to None, run_after=None
[2023-11-02T06:50:53.785+0000] {logging_mixin.py:151} INFO - [2023-11-02T06:50:53.785+0000] {dag.py:3722} INFO - Setting next_dagrun for dataset_consumes_unknown_never_scheduled to None, run_after=None
[2023-11-02T06:50:53.787+0000] {logging_mixin.py:151} INFO - [2023-11-02T06:50:53.787+0000] {dag.py:3722} INFO - Setting next_dagrun for dataset_produces_1 to 2023-11-01T00:00:00+00:00, run_after=2023-11-02T00:00:00+00:00
[2023-11-02T06:50:53.788+0000] {logging_mixin.py:151} INFO - [2023-11-02T06:50:53.788+0000] {dag.py:3722} INFO - Setting next_dagrun for dataset_produces_2 to None, run_after=None
[2023-11-02T06:50:53.828+0000] {processor.py:179} INFO - Processing /home/ubuntu/customer_churn_venv/lib/python3.10/site-packages/airflow/example_dags/example_datasets.py took 0.115 seconds
[2023-11-02T06:51:39.111+0000] {processor.py:157} INFO - Started process (PID=3820) to work on /home/ubuntu/customer_churn_venv/lib/python3.10/site-packages/airflow/example_dags/example_datasets.py
[2023-11-02T06:51:39.113+0000] {processor.py:829} INFO - Processing file /home/ubuntu/customer_churn_venv/lib/python3.10/site-packages/airflow/example_dags/example_datasets.py for tasks to queue
[2023-11-02T06:51:39.114+0000] {logging_mixin.py:151} INFO - [2023-11-02T06:51:39.113+0000] {dagbag.py:536} INFO - Filling up the DagBag from /home/ubuntu/customer_churn_venv/lib/python3.10/site-packages/airflow/example_dags/example_datasets.py
[2023-11-02T06:51:39.124+0000] {processor.py:839} INFO - DAG(s) dict_keys(['dataset_produces_2', 'dataset_consumes_unknown_never_scheduled', 'dataset_consumes_1_and_2', 'dataset_consumes_1', 'dataset_produces_1', 'dataset_consumes_1_never_scheduled']) retrieved from /home/ubuntu/customer_churn_venv/lib/python3.10/site-packages/airflow/example_dags/example_datasets.py
[2023-11-02T06:51:39.154+0000] {logging_mixin.py:151} INFO - [2023-11-02T06:51:39.154+0000] {dag.py:2941} INFO - Sync 6 DAGs
[2023-11-02T06:51:39.175+0000] {logging_mixin.py:151} INFO - [2023-11-02T06:51:39.175+0000] {dag.py:3722} INFO - Setting next_dagrun for dataset_consumes_1 to None, run_after=None
[2023-11-02T06:51:39.179+0000] {logging_mixin.py:151} INFO - [2023-11-02T06:51:39.179+0000] {dag.py:3722} INFO - Setting next_dagrun for dataset_consumes_1_and_2 to None, run_after=None
[2023-11-02T06:51:39.180+0000] {logging_mixin.py:151} INFO - [2023-11-02T06:51:39.180+0000] {dag.py:3722} INFO - Setting next_dagrun for dataset_consumes_1_never_scheduled to None, run_after=None
[2023-11-02T06:51:39.181+0000] {logging_mixin.py:151} INFO - [2023-11-02T06:51:39.181+0000] {dag.py:3722} INFO - Setting next_dagrun for dataset_consumes_unknown_never_scheduled to None, run_after=None
[2023-11-02T06:51:39.184+0000] {logging_mixin.py:151} INFO - [2023-11-02T06:51:39.183+0000] {dag.py:3722} INFO - Setting next_dagrun for dataset_produces_1 to 2023-11-01T00:00:00+00:00, run_after=2023-11-02T00:00:00+00:00
[2023-11-02T06:51:39.185+0000] {logging_mixin.py:151} INFO - [2023-11-02T06:51:39.184+0000] {dag.py:3722} INFO - Setting next_dagrun for dataset_produces_2 to None, run_after=None
[2023-11-02T06:51:39.216+0000] {processor.py:179} INFO - Processing /home/ubuntu/customer_churn_venv/lib/python3.10/site-packages/airflow/example_dags/example_datasets.py took 0.108 seconds
[2023-11-02T06:52:26.801+0000] {processor.py:157} INFO - Started process (PID=3868) to work on /home/ubuntu/customer_churn_venv/lib/python3.10/site-packages/airflow/example_dags/example_datasets.py
[2023-11-02T06:52:26.802+0000] {processor.py:829} INFO - Processing file /home/ubuntu/customer_churn_venv/lib/python3.10/site-packages/airflow/example_dags/example_datasets.py for tasks to queue
[2023-11-02T06:52:26.803+0000] {logging_mixin.py:151} INFO - [2023-11-02T06:52:26.803+0000] {dagbag.py:536} INFO - Filling up the DagBag from /home/ubuntu/customer_churn_venv/lib/python3.10/site-packages/airflow/example_dags/example_datasets.py
[2023-11-02T06:52:26.814+0000] {processor.py:839} INFO - DAG(s) dict_keys(['dataset_consumes_1_never_scheduled', 'dataset_consumes_1_and_2', 'dataset_produces_2', 'dataset_consumes_unknown_never_scheduled', 'dataset_consumes_1', 'dataset_produces_1']) retrieved from /home/ubuntu/customer_churn_venv/lib/python3.10/site-packages/airflow/example_dags/example_datasets.py
[2023-11-02T06:52:26.844+0000] {logging_mixin.py:151} INFO - [2023-11-02T06:52:26.844+0000] {dag.py:2941} INFO - Sync 6 DAGs
[2023-11-02T06:52:26.867+0000] {logging_mixin.py:151} INFO - [2023-11-02T06:52:26.867+0000] {dag.py:3722} INFO - Setting next_dagrun for dataset_consumes_1 to None, run_after=None
[2023-11-02T06:52:26.870+0000] {logging_mixin.py:151} INFO - [2023-11-02T06:52:26.870+0000] {dag.py:3722} INFO - Setting next_dagrun for dataset_consumes_1_and_2 to None, run_after=None
[2023-11-02T06:52:26.871+0000] {logging_mixin.py:151} INFO - [2023-11-02T06:52:26.871+0000] {dag.py:3722} INFO - Setting next_dagrun for dataset_consumes_1_never_scheduled to None, run_after=None
[2023-11-02T06:52:26.872+0000] {logging_mixin.py:151} INFO - [2023-11-02T06:52:26.872+0000] {dag.py:3722} INFO - Setting next_dagrun for dataset_consumes_unknown_never_scheduled to None, run_after=None
[2023-11-02T06:52:26.875+0000] {logging_mixin.py:151} INFO - [2023-11-02T06:52:26.874+0000] {dag.py:3722} INFO - Setting next_dagrun for dataset_produces_1 to 2023-11-01T00:00:00+00:00, run_after=2023-11-02T00:00:00+00:00
[2023-11-02T06:52:26.876+0000] {logging_mixin.py:151} INFO - [2023-11-02T06:52:26.875+0000] {dag.py:3722} INFO - Setting next_dagrun for dataset_produces_2 to None, run_after=None
[2023-11-02T06:52:26.908+0000] {processor.py:179} INFO - Processing /home/ubuntu/customer_churn_venv/lib/python3.10/site-packages/airflow/example_dags/example_datasets.py took 0.110 seconds
[2023-11-02T07:00:09.751+0000] {processor.py:157} INFO - Started process (PID=4389) to work on /usr/local/lib/python3.10/dist-packages/airflow/example_dags/example_datasets.py
[2023-11-02T07:00:09.753+0000] {processor.py:829} INFO - Processing file /usr/local/lib/python3.10/dist-packages/airflow/example_dags/example_datasets.py for tasks to queue
[2023-11-02T07:00:09.754+0000] {logging_mixin.py:151} INFO - [2023-11-02T07:00:09.753+0000] {dagbag.py:536} INFO - Filling up the DagBag from /usr/local/lib/python3.10/dist-packages/airflow/example_dags/example_datasets.py
[2023-11-02T07:00:09.764+0000] {processor.py:839} INFO - DAG(s) dict_keys(['dataset_consumes_1_never_scheduled', 'dataset_consumes_unknown_never_scheduled', 'dataset_produces_1', 'dataset_consumes_1', 'dataset_produces_2', 'dataset_consumes_1_and_2']) retrieved from /usr/local/lib/python3.10/dist-packages/airflow/example_dags/example_datasets.py
[2023-11-02T07:00:09.796+0000] {logging_mixin.py:151} INFO - [2023-11-02T07:00:09.796+0000] {dag.py:2941} INFO - Sync 6 DAGs
[2023-11-02T07:00:09.818+0000] {logging_mixin.py:151} INFO - [2023-11-02T07:00:09.818+0000] {dag.py:3722} INFO - Setting next_dagrun for dataset_consumes_1 to None, run_after=None
[2023-11-02T07:00:09.821+0000] {logging_mixin.py:151} INFO - [2023-11-02T07:00:09.821+0000] {dag.py:3722} INFO - Setting next_dagrun for dataset_consumes_1_and_2 to None, run_after=None
[2023-11-02T07:00:09.822+0000] {logging_mixin.py:151} INFO - [2023-11-02T07:00:09.822+0000] {dag.py:3722} INFO - Setting next_dagrun for dataset_consumes_1_never_scheduled to None, run_after=None
[2023-11-02T07:00:09.823+0000] {logging_mixin.py:151} INFO - [2023-11-02T07:00:09.823+0000] {dag.py:3722} INFO - Setting next_dagrun for dataset_consumes_unknown_never_scheduled to None, run_after=None
[2023-11-02T07:00:09.826+0000] {logging_mixin.py:151} INFO - [2023-11-02T07:00:09.826+0000] {dag.py:3722} INFO - Setting next_dagrun for dataset_produces_1 to 2023-11-01T00:00:00+00:00, run_after=2023-11-02T00:00:00+00:00
[2023-11-02T07:00:09.827+0000] {logging_mixin.py:151} INFO - [2023-11-02T07:00:09.827+0000] {dag.py:3722} INFO - Setting next_dagrun for dataset_produces_2 to None, run_after=None
[2023-11-02T07:00:09.864+0000] {processor.py:179} INFO - Processing /usr/local/lib/python3.10/dist-packages/airflow/example_dags/example_datasets.py took 0.117 seconds
[2023-11-02T07:00:54.969+0000] {processor.py:157} INFO - Started process (PID=4436) to work on /usr/local/lib/python3.10/dist-packages/airflow/example_dags/example_datasets.py
[2023-11-02T07:00:54.970+0000] {processor.py:829} INFO - Processing file /usr/local/lib/python3.10/dist-packages/airflow/example_dags/example_datasets.py for tasks to queue
[2023-11-02T07:00:54.971+0000] {logging_mixin.py:151} INFO - [2023-11-02T07:00:54.971+0000] {dagbag.py:536} INFO - Filling up the DagBag from /usr/local/lib/python3.10/dist-packages/airflow/example_dags/example_datasets.py
[2023-11-02T07:00:54.982+0000] {processor.py:839} INFO - DAG(s) dict_keys(['dataset_produces_1', 'dataset_consumes_1', 'dataset_consumes_1_and_2', 'dataset_produces_2', 'dataset_consumes_1_never_scheduled', 'dataset_consumes_unknown_never_scheduled']) retrieved from /usr/local/lib/python3.10/dist-packages/airflow/example_dags/example_datasets.py
[2023-11-02T07:00:55.011+0000] {logging_mixin.py:151} INFO - [2023-11-02T07:00:55.010+0000] {dag.py:2941} INFO - Sync 6 DAGs
[2023-11-02T07:00:55.033+0000] {logging_mixin.py:151} INFO - [2023-11-02T07:00:55.033+0000] {dag.py:3722} INFO - Setting next_dagrun for dataset_consumes_1 to None, run_after=None
[2023-11-02T07:00:55.036+0000] {logging_mixin.py:151} INFO - [2023-11-02T07:00:55.036+0000] {dag.py:3722} INFO - Setting next_dagrun for dataset_consumes_1_and_2 to None, run_after=None
[2023-11-02T07:00:55.037+0000] {logging_mixin.py:151} INFO - [2023-11-02T07:00:55.037+0000] {dag.py:3722} INFO - Setting next_dagrun for dataset_consumes_1_never_scheduled to None, run_after=None
[2023-11-02T07:00:55.038+0000] {logging_mixin.py:151} INFO - [2023-11-02T07:00:55.038+0000] {dag.py:3722} INFO - Setting next_dagrun for dataset_consumes_unknown_never_scheduled to None, run_after=None
[2023-11-02T07:00:55.040+0000] {logging_mixin.py:151} INFO - [2023-11-02T07:00:55.040+0000] {dag.py:3722} INFO - Setting next_dagrun for dataset_produces_1 to 2023-11-01T00:00:00+00:00, run_after=2023-11-02T00:00:00+00:00
[2023-11-02T07:00:55.041+0000] {logging_mixin.py:151} INFO - [2023-11-02T07:00:55.041+0000] {dag.py:3722} INFO - Setting next_dagrun for dataset_produces_2 to None, run_after=None
[2023-11-02T07:00:55.072+0000] {processor.py:179} INFO - Processing /usr/local/lib/python3.10/dist-packages/airflow/example_dags/example_datasets.py took 0.106 seconds
[2023-11-02T07:01:39.795+0000] {processor.py:157} INFO - Started process (PID=4482) to work on /usr/local/lib/python3.10/dist-packages/airflow/example_dags/example_datasets.py
[2023-11-02T07:01:39.796+0000] {processor.py:829} INFO - Processing file /usr/local/lib/python3.10/dist-packages/airflow/example_dags/example_datasets.py for tasks to queue
[2023-11-02T07:01:39.797+0000] {logging_mixin.py:151} INFO - [2023-11-02T07:01:39.797+0000] {dagbag.py:536} INFO - Filling up the DagBag from /usr/local/lib/python3.10/dist-packages/airflow/example_dags/example_datasets.py
[2023-11-02T07:01:39.807+0000] {processor.py:839} INFO - DAG(s) dict_keys(['dataset_consumes_1', 'dataset_consumes_1_never_scheduled', 'dataset_produces_1', 'dataset_produces_2', 'dataset_consumes_unknown_never_scheduled', 'dataset_consumes_1_and_2']) retrieved from /usr/local/lib/python3.10/dist-packages/airflow/example_dags/example_datasets.py
[2023-11-02T07:01:39.836+0000] {logging_mixin.py:151} INFO - [2023-11-02T07:01:39.836+0000] {dag.py:2941} INFO - Sync 6 DAGs
[2023-11-02T07:01:39.857+0000] {logging_mixin.py:151} INFO - [2023-11-02T07:01:39.857+0000] {dag.py:3722} INFO - Setting next_dagrun for dataset_consumes_1 to None, run_after=None
[2023-11-02T07:01:39.860+0000] {logging_mixin.py:151} INFO - [2023-11-02T07:01:39.860+0000] {dag.py:3722} INFO - Setting next_dagrun for dataset_consumes_1_and_2 to None, run_after=None
[2023-11-02T07:01:39.861+0000] {logging_mixin.py:151} INFO - [2023-11-02T07:01:39.861+0000] {dag.py:3722} INFO - Setting next_dagrun for dataset_consumes_1_never_scheduled to None, run_after=None
[2023-11-02T07:01:39.862+0000] {logging_mixin.py:151} INFO - [2023-11-02T07:01:39.862+0000] {dag.py:3722} INFO - Setting next_dagrun for dataset_consumes_unknown_never_scheduled to None, run_after=None
[2023-11-02T07:01:39.865+0000] {logging_mixin.py:151} INFO - [2023-11-02T07:01:39.864+0000] {dag.py:3722} INFO - Setting next_dagrun for dataset_produces_1 to 2023-11-01T00:00:00+00:00, run_after=2023-11-02T00:00:00+00:00
[2023-11-02T07:01:39.866+0000] {logging_mixin.py:151} INFO - [2023-11-02T07:01:39.865+0000] {dag.py:3722} INFO - Setting next_dagrun for dataset_produces_2 to None, run_after=None
[2023-11-02T07:01:39.898+0000] {processor.py:179} INFO - Processing /usr/local/lib/python3.10/dist-packages/airflow/example_dags/example_datasets.py took 0.106 seconds
[2023-11-02T07:02:22.915+0000] {processor.py:157} INFO - Started process (PID=4528) to work on /usr/local/lib/python3.10/dist-packages/airflow/example_dags/example_datasets.py
[2023-11-02T07:02:22.916+0000] {processor.py:829} INFO - Processing file /usr/local/lib/python3.10/dist-packages/airflow/example_dags/example_datasets.py for tasks to queue
[2023-11-02T07:02:22.917+0000] {logging_mixin.py:151} INFO - [2023-11-02T07:02:22.917+0000] {dagbag.py:536} INFO - Filling up the DagBag from /usr/local/lib/python3.10/dist-packages/airflow/example_dags/example_datasets.py
[2023-11-02T07:02:22.927+0000] {processor.py:839} INFO - DAG(s) dict_keys(['dataset_consumes_1_and_2', 'dataset_produces_2', 'dataset_consumes_unknown_never_scheduled', 'dataset_produces_1', 'dataset_consumes_1', 'dataset_consumes_1_never_scheduled']) retrieved from /usr/local/lib/python3.10/dist-packages/airflow/example_dags/example_datasets.py
[2023-11-02T07:02:22.956+0000] {logging_mixin.py:151} INFO - [2023-11-02T07:02:22.956+0000] {dag.py:2941} INFO - Sync 6 DAGs
[2023-11-02T07:02:22.981+0000] {logging_mixin.py:151} INFO - [2023-11-02T07:02:22.981+0000] {dag.py:3722} INFO - Setting next_dagrun for dataset_consumes_1 to None, run_after=None
[2023-11-02T07:02:22.984+0000] {logging_mixin.py:151} INFO - [2023-11-02T07:02:22.984+0000] {dag.py:3722} INFO - Setting next_dagrun for dataset_consumes_1_and_2 to None, run_after=None
[2023-11-02T07:02:22.985+0000] {logging_mixin.py:151} INFO - [2023-11-02T07:02:22.985+0000] {dag.py:3722} INFO - Setting next_dagrun for dataset_consumes_1_never_scheduled to None, run_after=None
[2023-11-02T07:02:22.986+0000] {logging_mixin.py:151} INFO - [2023-11-02T07:02:22.986+0000] {dag.py:3722} INFO - Setting next_dagrun for dataset_consumes_unknown_never_scheduled to None, run_after=None
[2023-11-02T07:02:22.989+0000] {logging_mixin.py:151} INFO - [2023-11-02T07:02:22.989+0000] {dag.py:3722} INFO - Setting next_dagrun for dataset_produces_1 to 2023-11-01T00:00:00+00:00, run_after=2023-11-02T00:00:00+00:00
[2023-11-02T07:02:22.990+0000] {logging_mixin.py:151} INFO - [2023-11-02T07:02:22.989+0000] {dag.py:3722} INFO - Setting next_dagrun for dataset_produces_2 to None, run_after=None
[2023-11-02T07:02:23.020+0000] {processor.py:179} INFO - Processing /usr/local/lib/python3.10/dist-packages/airflow/example_dags/example_datasets.py took 0.109 seconds
[2023-11-02T07:03:09.091+0000] {processor.py:157} INFO - Started process (PID=4575) to work on /usr/local/lib/python3.10/dist-packages/airflow/example_dags/example_datasets.py
[2023-11-02T07:03:09.092+0000] {processor.py:829} INFO - Processing file /usr/local/lib/python3.10/dist-packages/airflow/example_dags/example_datasets.py for tasks to queue
[2023-11-02T07:03:09.093+0000] {logging_mixin.py:151} INFO - [2023-11-02T07:03:09.093+0000] {dagbag.py:536} INFO - Filling up the DagBag from /usr/local/lib/python3.10/dist-packages/airflow/example_dags/example_datasets.py
[2023-11-02T07:03:09.104+0000] {processor.py:839} INFO - DAG(s) dict_keys(['dataset_consumes_unknown_never_scheduled', 'dataset_consumes_1_and_2', 'dataset_consumes_1_never_scheduled', 'dataset_produces_1', 'dataset_consumes_1', 'dataset_produces_2']) retrieved from /usr/local/lib/python3.10/dist-packages/airflow/example_dags/example_datasets.py
[2023-11-02T07:03:09.132+0000] {logging_mixin.py:151} INFO - [2023-11-02T07:03:09.132+0000] {dag.py:2941} INFO - Sync 6 DAGs
[2023-11-02T07:03:09.153+0000] {logging_mixin.py:151} INFO - [2023-11-02T07:03:09.153+0000] {dag.py:3722} INFO - Setting next_dagrun for dataset_consumes_1 to None, run_after=None
[2023-11-02T07:03:09.156+0000] {logging_mixin.py:151} INFO - [2023-11-02T07:03:09.156+0000] {dag.py:3722} INFO - Setting next_dagrun for dataset_consumes_1_and_2 to None, run_after=None
[2023-11-02T07:03:09.157+0000] {logging_mixin.py:151} INFO - [2023-11-02T07:03:09.157+0000] {dag.py:3722} INFO - Setting next_dagrun for dataset_consumes_1_never_scheduled to None, run_after=None
[2023-11-02T07:03:09.158+0000] {logging_mixin.py:151} INFO - [2023-11-02T07:03:09.157+0000] {dag.py:3722} INFO - Setting next_dagrun for dataset_consumes_unknown_never_scheduled to None, run_after=None
[2023-11-02T07:03:09.160+0000] {logging_mixin.py:151} INFO - [2023-11-02T07:03:09.160+0000] {dag.py:3722} INFO - Setting next_dagrun for dataset_produces_1 to 2023-11-01T00:00:00+00:00, run_after=2023-11-02T00:00:00+00:00
[2023-11-02T07:03:09.161+0000] {logging_mixin.py:151} INFO - [2023-11-02T07:03:09.161+0000] {dag.py:3722} INFO - Setting next_dagrun for dataset_produces_2 to None, run_after=None
[2023-11-02T07:03:09.193+0000] {processor.py:179} INFO - Processing /usr/local/lib/python3.10/dist-packages/airflow/example_dags/example_datasets.py took 0.105 seconds
[2023-11-02T07:03:55.054+0000] {processor.py:157} INFO - Started process (PID=4623) to work on /usr/local/lib/python3.10/dist-packages/airflow/example_dags/example_datasets.py
[2023-11-02T07:03:55.055+0000] {processor.py:829} INFO - Processing file /usr/local/lib/python3.10/dist-packages/airflow/example_dags/example_datasets.py for tasks to queue
[2023-11-02T07:03:55.056+0000] {logging_mixin.py:151} INFO - [2023-11-02T07:03:55.056+0000] {dagbag.py:536} INFO - Filling up the DagBag from /usr/local/lib/python3.10/dist-packages/airflow/example_dags/example_datasets.py
[2023-11-02T07:03:55.066+0000] {processor.py:839} INFO - DAG(s) dict_keys(['dataset_consumes_1_and_2', 'dataset_consumes_unknown_never_scheduled', 'dataset_consumes_1_never_scheduled', 'dataset_produces_1', 'dataset_consumes_1', 'dataset_produces_2']) retrieved from /usr/local/lib/python3.10/dist-packages/airflow/example_dags/example_datasets.py
[2023-11-02T07:03:55.095+0000] {logging_mixin.py:151} INFO - [2023-11-02T07:03:55.095+0000] {dag.py:2941} INFO - Sync 6 DAGs
[2023-11-02T07:03:55.116+0000] {logging_mixin.py:151} INFO - [2023-11-02T07:03:55.116+0000] {dag.py:3722} INFO - Setting next_dagrun for dataset_consumes_1 to None, run_after=None
[2023-11-02T07:03:55.119+0000] {logging_mixin.py:151} INFO - [2023-11-02T07:03:55.119+0000] {dag.py:3722} INFO - Setting next_dagrun for dataset_consumes_1_and_2 to None, run_after=None
[2023-11-02T07:03:55.120+0000] {logging_mixin.py:151} INFO - [2023-11-02T07:03:55.119+0000] {dag.py:3722} INFO - Setting next_dagrun for dataset_consumes_1_never_scheduled to None, run_after=None
[2023-11-02T07:03:55.120+0000] {logging_mixin.py:151} INFO - [2023-11-02T07:03:55.120+0000] {dag.py:3722} INFO - Setting next_dagrun for dataset_consumes_unknown_never_scheduled to None, run_after=None
[2023-11-02T07:03:55.123+0000] {logging_mixin.py:151} INFO - [2023-11-02T07:03:55.123+0000] {dag.py:3722} INFO - Setting next_dagrun for dataset_produces_1 to 2023-11-01T00:00:00+00:00, run_after=2023-11-02T00:00:00+00:00
[2023-11-02T07:03:55.124+0000] {logging_mixin.py:151} INFO - [2023-11-02T07:03:55.124+0000] {dag.py:3722} INFO - Setting next_dagrun for dataset_produces_2 to None, run_after=None
[2023-11-02T07:03:55.154+0000] {processor.py:179} INFO - Processing /usr/local/lib/python3.10/dist-packages/airflow/example_dags/example_datasets.py took 0.104 seconds
[2023-11-02T07:04:39.309+0000] {processor.py:157} INFO - Started process (PID=4673) to work on /usr/local/lib/python3.10/dist-packages/airflow/example_dags/example_datasets.py
[2023-11-02T07:04:39.311+0000] {processor.py:829} INFO - Processing file /usr/local/lib/python3.10/dist-packages/airflow/example_dags/example_datasets.py for tasks to queue
[2023-11-02T07:04:39.311+0000] {logging_mixin.py:151} INFO - [2023-11-02T07:04:39.311+0000] {dagbag.py:536} INFO - Filling up the DagBag from /usr/local/lib/python3.10/dist-packages/airflow/example_dags/example_datasets.py
[2023-11-02T07:04:39.322+0000] {processor.py:839} INFO - DAG(s) dict_keys(['dataset_consumes_unknown_never_scheduled', 'dataset_produces_1', 'dataset_consumes_1_never_scheduled', 'dataset_consumes_1_and_2', 'dataset_consumes_1', 'dataset_produces_2']) retrieved from /usr/local/lib/python3.10/dist-packages/airflow/example_dags/example_datasets.py
[2023-11-02T07:04:39.350+0000] {logging_mixin.py:151} INFO - [2023-11-02T07:04:39.350+0000] {dag.py:2941} INFO - Sync 6 DAGs
[2023-11-02T07:04:39.373+0000] {logging_mixin.py:151} INFO - [2023-11-02T07:04:39.373+0000] {dag.py:3722} INFO - Setting next_dagrun for dataset_consumes_1 to None, run_after=None
[2023-11-02T07:04:39.376+0000] {logging_mixin.py:151} INFO - [2023-11-02T07:04:39.376+0000] {dag.py:3722} INFO - Setting next_dagrun for dataset_consumes_1_and_2 to None, run_after=None
[2023-11-02T07:04:39.377+0000] {logging_mixin.py:151} INFO - [2023-11-02T07:04:39.377+0000] {dag.py:3722} INFO - Setting next_dagrun for dataset_consumes_1_never_scheduled to None, run_after=None
[2023-11-02T07:04:39.378+0000] {logging_mixin.py:151} INFO - [2023-11-02T07:04:39.378+0000] {dag.py:3722} INFO - Setting next_dagrun for dataset_consumes_unknown_never_scheduled to None, run_after=None
[2023-11-02T07:04:39.381+0000] {logging_mixin.py:151} INFO - [2023-11-02T07:04:39.381+0000] {dag.py:3722} INFO - Setting next_dagrun for dataset_produces_1 to 2023-11-01T00:00:00+00:00, run_after=2023-11-02T00:00:00+00:00
[2023-11-02T07:04:39.382+0000] {logging_mixin.py:151} INFO - [2023-11-02T07:04:39.382+0000] {dag.py:3722} INFO - Setting next_dagrun for dataset_produces_2 to None, run_after=None
[2023-11-02T07:04:39.412+0000] {processor.py:179} INFO - Processing /usr/local/lib/python3.10/dist-packages/airflow/example_dags/example_datasets.py took 0.106 seconds
[2023-11-02T07:05:19.218+0000] {processor.py:157} INFO - Started process (PID=4716) to work on /usr/local/lib/python3.10/dist-packages/airflow/example_dags/example_datasets.py
[2023-11-02T07:05:19.220+0000] {processor.py:829} INFO - Processing file /usr/local/lib/python3.10/dist-packages/airflow/example_dags/example_datasets.py for tasks to queue
[2023-11-02T07:05:19.221+0000] {logging_mixin.py:151} INFO - [2023-11-02T07:05:19.220+0000] {dagbag.py:536} INFO - Filling up the DagBag from /usr/local/lib/python3.10/dist-packages/airflow/example_dags/example_datasets.py
[2023-11-02T07:05:19.231+0000] {processor.py:839} INFO - DAG(s) dict_keys(['dataset_consumes_1_and_2', 'dataset_consumes_1_never_scheduled', 'dataset_consumes_unknown_never_scheduled', 'dataset_produces_2', 'dataset_consumes_1', 'dataset_produces_1']) retrieved from /usr/local/lib/python3.10/dist-packages/airflow/example_dags/example_datasets.py
[2023-11-02T07:05:19.259+0000] {logging_mixin.py:151} INFO - [2023-11-02T07:05:19.259+0000] {dag.py:2941} INFO - Sync 6 DAGs
[2023-11-02T07:05:19.279+0000] {logging_mixin.py:151} INFO - [2023-11-02T07:05:19.279+0000] {dag.py:3722} INFO - Setting next_dagrun for dataset_consumes_1 to None, run_after=None
[2023-11-02T07:05:19.282+0000] {logging_mixin.py:151} INFO - [2023-11-02T07:05:19.282+0000] {dag.py:3722} INFO - Setting next_dagrun for dataset_consumes_1_and_2 to None, run_after=None
[2023-11-02T07:05:19.283+0000] {logging_mixin.py:151} INFO - [2023-11-02T07:05:19.283+0000] {dag.py:3722} INFO - Setting next_dagrun for dataset_consumes_1_never_scheduled to None, run_after=None
[2023-11-02T07:05:19.284+0000] {logging_mixin.py:151} INFO - [2023-11-02T07:05:19.284+0000] {dag.py:3722} INFO - Setting next_dagrun for dataset_consumes_unknown_never_scheduled to None, run_after=None
[2023-11-02T07:05:19.287+0000] {logging_mixin.py:151} INFO - [2023-11-02T07:05:19.287+0000] {dag.py:3722} INFO - Setting next_dagrun for dataset_produces_1 to 2023-11-01T00:00:00+00:00, run_after=2023-11-02T00:00:00+00:00
[2023-11-02T07:05:19.288+0000] {logging_mixin.py:151} INFO - [2023-11-02T07:05:19.287+0000] {dag.py:3722} INFO - Setting next_dagrun for dataset_produces_2 to None, run_after=None
[2023-11-02T07:05:19.322+0000] {processor.py:179} INFO - Processing /usr/local/lib/python3.10/dist-packages/airflow/example_dags/example_datasets.py took 0.107 seconds
[2023-11-02T07:06:04.412+0000] {processor.py:157} INFO - Started process (PID=4762) to work on /usr/local/lib/python3.10/dist-packages/airflow/example_dags/example_datasets.py
[2023-11-02T07:06:04.413+0000] {processor.py:829} INFO - Processing file /usr/local/lib/python3.10/dist-packages/airflow/example_dags/example_datasets.py for tasks to queue
[2023-11-02T07:06:04.414+0000] {logging_mixin.py:151} INFO - [2023-11-02T07:06:04.414+0000] {dagbag.py:536} INFO - Filling up the DagBag from /usr/local/lib/python3.10/dist-packages/airflow/example_dags/example_datasets.py
[2023-11-02T07:06:04.425+0000] {processor.py:839} INFO - DAG(s) dict_keys(['dataset_consumes_unknown_never_scheduled', 'dataset_consumes_1', 'dataset_produces_1', 'dataset_produces_2', 'dataset_consumes_1_and_2', 'dataset_consumes_1_never_scheduled']) retrieved from /usr/local/lib/python3.10/dist-packages/airflow/example_dags/example_datasets.py
[2023-11-02T07:06:04.456+0000] {logging_mixin.py:151} INFO - [2023-11-02T07:06:04.455+0000] {dag.py:2941} INFO - Sync 6 DAGs
[2023-11-02T07:06:04.479+0000] {logging_mixin.py:151} INFO - [2023-11-02T07:06:04.478+0000] {dag.py:3722} INFO - Setting next_dagrun for dataset_consumes_1 to None, run_after=None
[2023-11-02T07:06:04.482+0000] {logging_mixin.py:151} INFO - [2023-11-02T07:06:04.482+0000] {dag.py:3722} INFO - Setting next_dagrun for dataset_consumes_1_and_2 to None, run_after=None
[2023-11-02T07:06:04.483+0000] {logging_mixin.py:151} INFO - [2023-11-02T07:06:04.483+0000] {dag.py:3722} INFO - Setting next_dagrun for dataset_consumes_1_never_scheduled to None, run_after=None
[2023-11-02T07:06:04.484+0000] {logging_mixin.py:151} INFO - [2023-11-02T07:06:04.483+0000] {dag.py:3722} INFO - Setting next_dagrun for dataset_consumes_unknown_never_scheduled to None, run_after=None
[2023-11-02T07:06:04.486+0000] {logging_mixin.py:151} INFO - [2023-11-02T07:06:04.486+0000] {dag.py:3722} INFO - Setting next_dagrun for dataset_produces_1 to 2023-11-01T00:00:00+00:00, run_after=2023-11-02T00:00:00+00:00
[2023-11-02T07:06:04.487+0000] {logging_mixin.py:151} INFO - [2023-11-02T07:06:04.487+0000] {dag.py:3722} INFO - Setting next_dagrun for dataset_produces_2 to None, run_after=None
[2023-11-02T07:06:04.525+0000] {processor.py:179} INFO - Processing /usr/local/lib/python3.10/dist-packages/airflow/example_dags/example_datasets.py took 0.117 seconds
[2023-11-02T07:06:54.424+0000] {processor.py:157} INFO - Started process (PID=4812) to work on /usr/local/lib/python3.10/dist-packages/airflow/example_dags/example_datasets.py
[2023-11-02T07:06:54.425+0000] {processor.py:829} INFO - Processing file /usr/local/lib/python3.10/dist-packages/airflow/example_dags/example_datasets.py for tasks to queue
[2023-11-02T07:06:54.426+0000] {logging_mixin.py:151} INFO - [2023-11-02T07:06:54.425+0000] {dagbag.py:536} INFO - Filling up the DagBag from /usr/local/lib/python3.10/dist-packages/airflow/example_dags/example_datasets.py
[2023-11-02T07:06:54.437+0000] {processor.py:839} INFO - DAG(s) dict_keys(['dataset_consumes_1', 'dataset_consumes_unknown_never_scheduled', 'dataset_produces_2', 'dataset_consumes_1_never_scheduled', 'dataset_consumes_1_and_2', 'dataset_produces_1']) retrieved from /usr/local/lib/python3.10/dist-packages/airflow/example_dags/example_datasets.py
[2023-11-02T07:06:54.465+0000] {logging_mixin.py:151} INFO - [2023-11-02T07:06:54.465+0000] {dag.py:2941} INFO - Sync 6 DAGs
[2023-11-02T07:06:54.486+0000] {logging_mixin.py:151} INFO - [2023-11-02T07:06:54.486+0000] {dag.py:3722} INFO - Setting next_dagrun for dataset_consumes_1 to None, run_after=None
[2023-11-02T07:06:54.489+0000] {logging_mixin.py:151} INFO - [2023-11-02T07:06:54.489+0000] {dag.py:3722} INFO - Setting next_dagrun for dataset_consumes_1_and_2 to None, run_after=None
[2023-11-02T07:06:54.490+0000] {logging_mixin.py:151} INFO - [2023-11-02T07:06:54.490+0000] {dag.py:3722} INFO - Setting next_dagrun for dataset_consumes_1_never_scheduled to None, run_after=None
[2023-11-02T07:06:54.491+0000] {logging_mixin.py:151} INFO - [2023-11-02T07:06:54.491+0000] {dag.py:3722} INFO - Setting next_dagrun for dataset_consumes_unknown_never_scheduled to None, run_after=None
[2023-11-02T07:06:54.494+0000] {logging_mixin.py:151} INFO - [2023-11-02T07:06:54.494+0000] {dag.py:3722} INFO - Setting next_dagrun for dataset_produces_1 to 2023-11-01T00:00:00+00:00, run_after=2023-11-02T00:00:00+00:00
[2023-11-02T07:06:54.495+0000] {logging_mixin.py:151} INFO - [2023-11-02T07:06:54.495+0000] {dag.py:3722} INFO - Setting next_dagrun for dataset_produces_2 to None, run_after=None
[2023-11-02T07:06:54.526+0000] {processor.py:179} INFO - Processing /usr/local/lib/python3.10/dist-packages/airflow/example_dags/example_datasets.py took 0.106 seconds
[2023-11-02T07:07:40.906+0000] {processor.py:157} INFO - Started process (PID=4861) to work on /usr/local/lib/python3.10/dist-packages/airflow/example_dags/example_datasets.py
[2023-11-02T07:07:40.907+0000] {processor.py:829} INFO - Processing file /usr/local/lib/python3.10/dist-packages/airflow/example_dags/example_datasets.py for tasks to queue
[2023-11-02T07:07:40.908+0000] {logging_mixin.py:151} INFO - [2023-11-02T07:07:40.907+0000] {dagbag.py:536} INFO - Filling up the DagBag from /usr/local/lib/python3.10/dist-packages/airflow/example_dags/example_datasets.py
[2023-11-02T07:07:40.918+0000] {processor.py:839} INFO - DAG(s) dict_keys(['dataset_produces_2', 'dataset_consumes_unknown_never_scheduled', 'dataset_consumes_1_and_2', 'dataset_produces_1', 'dataset_consumes_1', 'dataset_consumes_1_never_scheduled']) retrieved from /usr/local/lib/python3.10/dist-packages/airflow/example_dags/example_datasets.py
[2023-11-02T07:07:40.947+0000] {logging_mixin.py:151} INFO - [2023-11-02T07:07:40.947+0000] {dag.py:2941} INFO - Sync 6 DAGs
[2023-11-02T07:07:40.969+0000] {logging_mixin.py:151} INFO - [2023-11-02T07:07:40.969+0000] {dag.py:3722} INFO - Setting next_dagrun for dataset_consumes_1 to None, run_after=None
[2023-11-02T07:07:40.972+0000] {logging_mixin.py:151} INFO - [2023-11-02T07:07:40.972+0000] {dag.py:3722} INFO - Setting next_dagrun for dataset_consumes_1_and_2 to None, run_after=None
[2023-11-02T07:07:40.973+0000] {logging_mixin.py:151} INFO - [2023-11-02T07:07:40.973+0000] {dag.py:3722} INFO - Setting next_dagrun for dataset_consumes_1_never_scheduled to None, run_after=None
[2023-11-02T07:07:40.974+0000] {logging_mixin.py:151} INFO - [2023-11-02T07:07:40.974+0000] {dag.py:3722} INFO - Setting next_dagrun for dataset_consumes_unknown_never_scheduled to None, run_after=None
[2023-11-02T07:07:40.977+0000] {logging_mixin.py:151} INFO - [2023-11-02T07:07:40.977+0000] {dag.py:3722} INFO - Setting next_dagrun for dataset_produces_1 to 2023-11-01T00:00:00+00:00, run_after=2023-11-02T00:00:00+00:00
[2023-11-02T07:07:40.978+0000] {logging_mixin.py:151} INFO - [2023-11-02T07:07:40.978+0000] {dag.py:3722} INFO - Setting next_dagrun for dataset_produces_2 to None, run_after=None
[2023-11-02T07:07:41.010+0000] {processor.py:179} INFO - Processing /usr/local/lib/python3.10/dist-packages/airflow/example_dags/example_datasets.py took 0.107 seconds
[2023-11-02T07:08:24.726+0000] {processor.py:157} INFO - Started process (PID=5107) to work on /usr/local/lib/python3.10/dist-packages/airflow/example_dags/example_datasets.py
[2023-11-02T07:08:24.727+0000] {processor.py:829} INFO - Processing file /usr/local/lib/python3.10/dist-packages/airflow/example_dags/example_datasets.py for tasks to queue
[2023-11-02T07:08:24.728+0000] {logging_mixin.py:151} INFO - [2023-11-02T07:08:24.727+0000] {dagbag.py:536} INFO - Filling up the DagBag from /usr/local/lib/python3.10/dist-packages/airflow/example_dags/example_datasets.py
[2023-11-02T07:08:24.738+0000] {processor.py:839} INFO - DAG(s) dict_keys(['dataset_produces_2', 'dataset_consumes_1', 'dataset_consumes_unknown_never_scheduled', 'dataset_consumes_1_and_2', 'dataset_consumes_1_never_scheduled', 'dataset_produces_1']) retrieved from /usr/local/lib/python3.10/dist-packages/airflow/example_dags/example_datasets.py
[2023-11-02T07:08:24.766+0000] {logging_mixin.py:151} INFO - [2023-11-02T07:08:24.766+0000] {dag.py:2941} INFO - Sync 6 DAGs
[2023-11-02T07:08:24.786+0000] {logging_mixin.py:151} INFO - [2023-11-02T07:08:24.786+0000] {dag.py:3722} INFO - Setting next_dagrun for dataset_consumes_1 to None, run_after=None
[2023-11-02T07:08:24.789+0000] {logging_mixin.py:151} INFO - [2023-11-02T07:08:24.789+0000] {dag.py:3722} INFO - Setting next_dagrun for dataset_consumes_1_and_2 to None, run_after=None
[2023-11-02T07:08:24.790+0000] {logging_mixin.py:151} INFO - [2023-11-02T07:08:24.790+0000] {dag.py:3722} INFO - Setting next_dagrun for dataset_consumes_1_never_scheduled to None, run_after=None
[2023-11-02T07:08:24.791+0000] {logging_mixin.py:151} INFO - [2023-11-02T07:08:24.791+0000] {dag.py:3722} INFO - Setting next_dagrun for dataset_consumes_unknown_never_scheduled to None, run_after=None
[2023-11-02T07:08:24.794+0000] {logging_mixin.py:151} INFO - [2023-11-02T07:08:24.793+0000] {dag.py:3722} INFO - Setting next_dagrun for dataset_produces_1 to 2023-11-01T00:00:00+00:00, run_after=2023-11-02T00:00:00+00:00
[2023-11-02T07:08:24.795+0000] {logging_mixin.py:151} INFO - [2023-11-02T07:08:24.794+0000] {dag.py:3722} INFO - Setting next_dagrun for dataset_produces_2 to None, run_after=None
[2023-11-02T07:08:24.834+0000] {processor.py:179} INFO - Processing /usr/local/lib/python3.10/dist-packages/airflow/example_dags/example_datasets.py took 0.112 seconds
[2023-11-02T07:09:08.244+0000] {processor.py:157} INFO - Started process (PID=5316) to work on /usr/local/lib/python3.10/dist-packages/airflow/example_dags/example_datasets.py
[2023-11-02T07:09:08.246+0000] {processor.py:829} INFO - Processing file /usr/local/lib/python3.10/dist-packages/airflow/example_dags/example_datasets.py for tasks to queue
[2023-11-02T07:09:08.247+0000] {logging_mixin.py:151} INFO - [2023-11-02T07:09:08.246+0000] {dagbag.py:536} INFO - Filling up the DagBag from /usr/local/lib/python3.10/dist-packages/airflow/example_dags/example_datasets.py
[2023-11-02T07:09:08.257+0000] {processor.py:839} INFO - DAG(s) dict_keys(['dataset_produces_2', 'dataset_consumes_1_never_scheduled', 'dataset_consumes_1', 'dataset_consumes_1_and_2', 'dataset_produces_1', 'dataset_consumes_unknown_never_scheduled']) retrieved from /usr/local/lib/python3.10/dist-packages/airflow/example_dags/example_datasets.py
[2023-11-02T07:09:08.285+0000] {logging_mixin.py:151} INFO - [2023-11-02T07:09:08.285+0000] {dag.py:2941} INFO - Sync 6 DAGs
[2023-11-02T07:09:08.309+0000] {logging_mixin.py:151} INFO - [2023-11-02T07:09:08.309+0000] {dag.py:3722} INFO - Setting next_dagrun for dataset_consumes_1 to None, run_after=None
[2023-11-02T07:09:08.312+0000] {logging_mixin.py:151} INFO - [2023-11-02T07:09:08.312+0000] {dag.py:3722} INFO - Setting next_dagrun for dataset_consumes_1_and_2 to None, run_after=None
[2023-11-02T07:09:08.313+0000] {logging_mixin.py:151} INFO - [2023-11-02T07:09:08.312+0000] {dag.py:3722} INFO - Setting next_dagrun for dataset_consumes_1_never_scheduled to None, run_after=None
[2023-11-02T07:09:08.313+0000] {logging_mixin.py:151} INFO - [2023-11-02T07:09:08.313+0000] {dag.py:3722} INFO - Setting next_dagrun for dataset_consumes_unknown_never_scheduled to None, run_after=None
[2023-11-02T07:09:08.316+0000] {logging_mixin.py:151} INFO - [2023-11-02T07:09:08.316+0000] {dag.py:3722} INFO - Setting next_dagrun for dataset_produces_1 to 2023-11-01T00:00:00+00:00, run_after=2023-11-02T00:00:00+00:00
[2023-11-02T07:09:08.317+0000] {logging_mixin.py:151} INFO - [2023-11-02T07:09:08.317+0000] {dag.py:3722} INFO - Setting next_dagrun for dataset_produces_2 to None, run_after=None
[2023-11-02T07:09:08.363+0000] {processor.py:179} INFO - Processing /usr/local/lib/python3.10/dist-packages/airflow/example_dags/example_datasets.py took 0.122 seconds
[2023-11-02T07:09:54.946+0000] {processor.py:157} INFO - Started process (PID=5393) to work on /usr/local/lib/python3.10/dist-packages/airflow/example_dags/example_datasets.py
[2023-11-02T07:09:54.947+0000] {processor.py:829} INFO - Processing file /usr/local/lib/python3.10/dist-packages/airflow/example_dags/example_datasets.py for tasks to queue
[2023-11-02T07:09:54.948+0000] {logging_mixin.py:151} INFO - [2023-11-02T07:09:54.948+0000] {dagbag.py:536} INFO - Filling up the DagBag from /usr/local/lib/python3.10/dist-packages/airflow/example_dags/example_datasets.py
[2023-11-02T07:09:54.959+0000] {processor.py:839} INFO - DAG(s) dict_keys(['dataset_produces_2', 'dataset_consumes_1_never_scheduled', 'dataset_consumes_1', 'dataset_consumes_unknown_never_scheduled', 'dataset_produces_1', 'dataset_consumes_1_and_2']) retrieved from /usr/local/lib/python3.10/dist-packages/airflow/example_dags/example_datasets.py
[2023-11-02T07:09:54.987+0000] {logging_mixin.py:151} INFO - [2023-11-02T07:09:54.987+0000] {dag.py:2941} INFO - Sync 6 DAGs
[2023-11-02T07:09:55.009+0000] {logging_mixin.py:151} INFO - [2023-11-02T07:09:55.009+0000] {dag.py:3722} INFO - Setting next_dagrun for dataset_consumes_1 to None, run_after=None
[2023-11-02T07:09:55.012+0000] {logging_mixin.py:151} INFO - [2023-11-02T07:09:55.012+0000] {dag.py:3722} INFO - Setting next_dagrun for dataset_consumes_1_and_2 to None, run_after=None
[2023-11-02T07:09:55.013+0000] {logging_mixin.py:151} INFO - [2023-11-02T07:09:55.013+0000] {dag.py:3722} INFO - Setting next_dagrun for dataset_consumes_1_never_scheduled to None, run_after=None
[2023-11-02T07:09:55.014+0000] {logging_mixin.py:151} INFO - [2023-11-02T07:09:55.014+0000] {dag.py:3722} INFO - Setting next_dagrun for dataset_consumes_unknown_never_scheduled to None, run_after=None
[2023-11-02T07:09:55.017+0000] {logging_mixin.py:151} INFO - [2023-11-02T07:09:55.017+0000] {dag.py:3722} INFO - Setting next_dagrun for dataset_produces_1 to 2023-11-01T00:00:00+00:00, run_after=2023-11-02T00:00:00+00:00
[2023-11-02T07:09:55.018+0000] {logging_mixin.py:151} INFO - [2023-11-02T07:09:55.018+0000] {dag.py:3722} INFO - Setting next_dagrun for dataset_produces_2 to None, run_after=None
[2023-11-02T07:09:55.050+0000] {processor.py:179} INFO - Processing /usr/local/lib/python3.10/dist-packages/airflow/example_dags/example_datasets.py took 0.107 seconds
[2023-11-02T07:10:41.740+0000] {processor.py:157} INFO - Started process (PID=5440) to work on /usr/local/lib/python3.10/dist-packages/airflow/example_dags/example_datasets.py
[2023-11-02T07:10:41.741+0000] {processor.py:829} INFO - Processing file /usr/local/lib/python3.10/dist-packages/airflow/example_dags/example_datasets.py for tasks to queue
[2023-11-02T07:10:41.742+0000] {logging_mixin.py:151} INFO - [2023-11-02T07:10:41.742+0000] {dagbag.py:536} INFO - Filling up the DagBag from /usr/local/lib/python3.10/dist-packages/airflow/example_dags/example_datasets.py
[2023-11-02T07:10:41.753+0000] {processor.py:839} INFO - DAG(s) dict_keys(['dataset_consumes_1', 'dataset_consumes_1_never_scheduled', 'dataset_consumes_unknown_never_scheduled', 'dataset_produces_1', 'dataset_consumes_1_and_2', 'dataset_produces_2']) retrieved from /usr/local/lib/python3.10/dist-packages/airflow/example_dags/example_datasets.py
[2023-11-02T07:10:41.786+0000] {logging_mixin.py:151} INFO - [2023-11-02T07:10:41.786+0000] {dag.py:2941} INFO - Sync 6 DAGs
[2023-11-02T07:10:41.810+0000] {logging_mixin.py:151} INFO - [2023-11-02T07:10:41.809+0000] {dag.py:3722} INFO - Setting next_dagrun for dataset_consumes_1 to None, run_after=None
[2023-11-02T07:10:41.813+0000] {logging_mixin.py:151} INFO - [2023-11-02T07:10:41.812+0000] {dag.py:3722} INFO - Setting next_dagrun for dataset_consumes_1_and_2 to None, run_after=None
[2023-11-02T07:10:41.814+0000] {logging_mixin.py:151} INFO - [2023-11-02T07:10:41.813+0000] {dag.py:3722} INFO - Setting next_dagrun for dataset_consumes_1_never_scheduled to None, run_after=None
[2023-11-02T07:10:41.814+0000] {logging_mixin.py:151} INFO - [2023-11-02T07:10:41.814+0000] {dag.py:3722} INFO - Setting next_dagrun for dataset_consumes_unknown_never_scheduled to None, run_after=None
[2023-11-02T07:10:41.817+0000] {logging_mixin.py:151} INFO - [2023-11-02T07:10:41.817+0000] {dag.py:3722} INFO - Setting next_dagrun for dataset_produces_1 to 2023-11-01T00:00:00+00:00, run_after=2023-11-02T00:00:00+00:00
[2023-11-02T07:10:41.818+0000] {logging_mixin.py:151} INFO - [2023-11-02T07:10:41.818+0000] {dag.py:3722} INFO - Setting next_dagrun for dataset_produces_2 to None, run_after=None
[2023-11-02T07:10:41.850+0000] {processor.py:179} INFO - Processing /usr/local/lib/python3.10/dist-packages/airflow/example_dags/example_datasets.py took 0.113 seconds
[2023-11-02T07:11:32.053+0000] {processor.py:157} INFO - Started process (PID=5495) to work on /usr/local/lib/python3.10/dist-packages/airflow/example_dags/example_datasets.py
[2023-11-02T07:11:32.054+0000] {processor.py:829} INFO - Processing file /usr/local/lib/python3.10/dist-packages/airflow/example_dags/example_datasets.py for tasks to queue
[2023-11-02T07:11:32.055+0000] {logging_mixin.py:151} INFO - [2023-11-02T07:11:32.054+0000] {dagbag.py:536} INFO - Filling up the DagBag from /usr/local/lib/python3.10/dist-packages/airflow/example_dags/example_datasets.py
[2023-11-02T07:11:32.065+0000] {processor.py:839} INFO - DAG(s) dict_keys(['dataset_consumes_1_and_2', 'dataset_consumes_1_never_scheduled', 'dataset_produces_2', 'dataset_produces_1', 'dataset_consumes_1', 'dataset_consumes_unknown_never_scheduled']) retrieved from /usr/local/lib/python3.10/dist-packages/airflow/example_dags/example_datasets.py
[2023-11-02T07:11:32.095+0000] {logging_mixin.py:151} INFO - [2023-11-02T07:11:32.094+0000] {dag.py:2941} INFO - Sync 6 DAGs
[2023-11-02T07:11:32.117+0000] {logging_mixin.py:151} INFO - [2023-11-02T07:11:32.116+0000] {dag.py:3722} INFO - Setting next_dagrun for dataset_consumes_1 to None, run_after=None
[2023-11-02T07:11:32.120+0000] {logging_mixin.py:151} INFO - [2023-11-02T07:11:32.120+0000] {dag.py:3722} INFO - Setting next_dagrun for dataset_consumes_1_and_2 to None, run_after=None
[2023-11-02T07:11:32.121+0000] {logging_mixin.py:151} INFO - [2023-11-02T07:11:32.121+0000] {dag.py:3722} INFO - Setting next_dagrun for dataset_consumes_1_never_scheduled to None, run_after=None
[2023-11-02T07:11:32.122+0000] {logging_mixin.py:151} INFO - [2023-11-02T07:11:32.122+0000] {dag.py:3722} INFO - Setting next_dagrun for dataset_consumes_unknown_never_scheduled to None, run_after=None
[2023-11-02T07:11:32.125+0000] {logging_mixin.py:151} INFO - [2023-11-02T07:11:32.125+0000] {dag.py:3722} INFO - Setting next_dagrun for dataset_produces_1 to 2023-11-01T00:00:00+00:00, run_after=2023-11-02T00:00:00+00:00
[2023-11-02T07:11:32.126+0000] {logging_mixin.py:151} INFO - [2023-11-02T07:11:32.126+0000] {dag.py:3722} INFO - Setting next_dagrun for dataset_produces_2 to None, run_after=None
[2023-11-02T07:11:32.159+0000] {processor.py:179} INFO - Processing /usr/local/lib/python3.10/dist-packages/airflow/example_dags/example_datasets.py took 0.110 seconds
[2023-11-02T07:12:14.503+0000] {processor.py:157} INFO - Started process (PID=5542) to work on /usr/local/lib/python3.10/dist-packages/airflow/example_dags/example_datasets.py
[2023-11-02T07:12:14.504+0000] {processor.py:829} INFO - Processing file /usr/local/lib/python3.10/dist-packages/airflow/example_dags/example_datasets.py for tasks to queue
[2023-11-02T07:12:14.505+0000] {logging_mixin.py:151} INFO - [2023-11-02T07:12:14.505+0000] {dagbag.py:536} INFO - Filling up the DagBag from /usr/local/lib/python3.10/dist-packages/airflow/example_dags/example_datasets.py
[2023-11-02T07:12:14.516+0000] {processor.py:839} INFO - DAG(s) dict_keys(['dataset_consumes_1', 'dataset_produces_2', 'dataset_consumes_1_never_scheduled', 'dataset_produces_1', 'dataset_consumes_1_and_2', 'dataset_consumes_unknown_never_scheduled']) retrieved from /usr/local/lib/python3.10/dist-packages/airflow/example_dags/example_datasets.py
[2023-11-02T07:12:14.545+0000] {logging_mixin.py:151} INFO - [2023-11-02T07:12:14.545+0000] {dag.py:2941} INFO - Sync 6 DAGs
[2023-11-02T07:12:14.567+0000] {logging_mixin.py:151} INFO - [2023-11-02T07:12:14.567+0000] {dag.py:3722} INFO - Setting next_dagrun for dataset_consumes_1 to None, run_after=None
[2023-11-02T07:12:14.570+0000] {logging_mixin.py:151} INFO - [2023-11-02T07:12:14.570+0000] {dag.py:3722} INFO - Setting next_dagrun for dataset_consumes_1_and_2 to None, run_after=None
[2023-11-02T07:12:14.571+0000] {logging_mixin.py:151} INFO - [2023-11-02T07:12:14.571+0000] {dag.py:3722} INFO - Setting next_dagrun for dataset_consumes_1_never_scheduled to None, run_after=None
[2023-11-02T07:12:14.572+0000] {logging_mixin.py:151} INFO - [2023-11-02T07:12:14.572+0000] {dag.py:3722} INFO - Setting next_dagrun for dataset_consumes_unknown_never_scheduled to None, run_after=None
[2023-11-02T07:12:14.575+0000] {logging_mixin.py:151} INFO - [2023-11-02T07:12:14.575+0000] {dag.py:3722} INFO - Setting next_dagrun for dataset_produces_1 to 2023-11-01T00:00:00+00:00, run_after=2023-11-02T00:00:00+00:00
[2023-11-02T07:12:14.576+0000] {logging_mixin.py:151} INFO - [2023-11-02T07:12:14.576+0000] {dag.py:3722} INFO - Setting next_dagrun for dataset_produces_2 to None, run_after=None
[2023-11-02T07:12:14.608+0000] {processor.py:179} INFO - Processing /usr/local/lib/python3.10/dist-packages/airflow/example_dags/example_datasets.py took 0.108 seconds
[2023-11-02T07:12:56.288+0000] {processor.py:157} INFO - Started process (PID=5585) to work on /usr/local/lib/python3.10/dist-packages/airflow/example_dags/example_datasets.py
[2023-11-02T07:12:56.289+0000] {processor.py:829} INFO - Processing file /usr/local/lib/python3.10/dist-packages/airflow/example_dags/example_datasets.py for tasks to queue
[2023-11-02T07:12:56.290+0000] {logging_mixin.py:151} INFO - [2023-11-02T07:12:56.290+0000] {dagbag.py:536} INFO - Filling up the DagBag from /usr/local/lib/python3.10/dist-packages/airflow/example_dags/example_datasets.py
[2023-11-02T07:12:56.300+0000] {processor.py:839} INFO - DAG(s) dict_keys(['dataset_produces_1', 'dataset_consumes_1_and_2', 'dataset_consumes_1_never_scheduled', 'dataset_consumes_unknown_never_scheduled', 'dataset_produces_2', 'dataset_consumes_1']) retrieved from /usr/local/lib/python3.10/dist-packages/airflow/example_dags/example_datasets.py
[2023-11-02T07:12:56.330+0000] {logging_mixin.py:151} INFO - [2023-11-02T07:12:56.329+0000] {dag.py:2941} INFO - Sync 6 DAGs
[2023-11-02T07:12:56.352+0000] {logging_mixin.py:151} INFO - [2023-11-02T07:12:56.352+0000] {dag.py:3722} INFO - Setting next_dagrun for dataset_consumes_1 to None, run_after=None
[2023-11-02T07:12:56.356+0000] {logging_mixin.py:151} INFO - [2023-11-02T07:12:56.355+0000] {dag.py:3722} INFO - Setting next_dagrun for dataset_consumes_1_and_2 to None, run_after=None
[2023-11-02T07:12:56.357+0000] {logging_mixin.py:151} INFO - [2023-11-02T07:12:56.356+0000] {dag.py:3722} INFO - Setting next_dagrun for dataset_consumes_1_never_scheduled to None, run_after=None
[2023-11-02T07:12:56.357+0000] {logging_mixin.py:151} INFO - [2023-11-02T07:12:56.357+0000] {dag.py:3722} INFO - Setting next_dagrun for dataset_consumes_unknown_never_scheduled to None, run_after=None
[2023-11-02T07:12:56.360+0000] {logging_mixin.py:151} INFO - [2023-11-02T07:12:56.360+0000] {dag.py:3722} INFO - Setting next_dagrun for dataset_produces_1 to 2023-11-01T00:00:00+00:00, run_after=2023-11-02T00:00:00+00:00
[2023-11-02T07:12:56.361+0000] {logging_mixin.py:151} INFO - [2023-11-02T07:12:56.361+0000] {dag.py:3722} INFO - Setting next_dagrun for dataset_produces_2 to None, run_after=None
[2023-11-02T07:12:56.394+0000] {processor.py:179} INFO - Processing /usr/local/lib/python3.10/dist-packages/airflow/example_dags/example_datasets.py took 0.109 seconds
