[2023-11-02T06:49:46.254+0000] {processor.py:157} INFO - Started process (PID=3713) to work on /home/ubuntu/customer_churn_venv/lib/python3.10/site-packages/airflow/example_dags/example_subdag_operator.py
[2023-11-02T06:49:46.255+0000] {processor.py:829} INFO - Processing file /home/ubuntu/customer_churn_venv/lib/python3.10/site-packages/airflow/example_dags/example_subdag_operator.py for tasks to queue
[2023-11-02T06:49:46.256+0000] {logging_mixin.py:151} INFO - [2023-11-02T06:49:46.256+0000] {dagbag.py:536} INFO - Filling up the DagBag from /home/ubuntu/customer_churn_venv/lib/python3.10/site-packages/airflow/example_dags/example_subdag_operator.py
[2023-11-02T06:49:46.277+0000] {processor.py:839} INFO - DAG(s) dict_keys(['example_subdag_operator.section-1', 'example_subdag_operator.section-2', 'example_subdag_operator']) retrieved from /home/ubuntu/customer_churn_venv/lib/python3.10/site-packages/airflow/example_dags/example_subdag_operator.py
[2023-11-02T06:49:46.484+0000] {logging_mixin.py:151} INFO - [2023-11-02T06:49:46.483+0000] {manager.py:499} INFO - Created Permission View: %s
[2023-11-02T06:49:46.496+0000] {logging_mixin.py:151} INFO - [2023-11-02T06:49:46.496+0000] {manager.py:499} INFO - Created Permission View: %s
[2023-11-02T06:49:46.505+0000] {logging_mixin.py:151} INFO - [2023-11-02T06:49:46.505+0000] {manager.py:499} INFO - Created Permission View: %s
[2023-11-02T06:49:46.506+0000] {logging_mixin.py:151} INFO - [2023-11-02T06:49:46.505+0000] {dag.py:2941} INFO - Sync 3 DAGs
[2023-11-02T06:49:46.516+0000] {logging_mixin.py:151} INFO - [2023-11-02T06:49:46.516+0000] {dag.py:2963} INFO - Creating ORM DAG for example_subdag_operator.section-1
[2023-11-02T06:49:46.516+0000] {logging_mixin.py:151} INFO - [2023-11-02T06:49:46.516+0000] {dag.py:2963} INFO - Creating ORM DAG for example_subdag_operator.section-2
[2023-11-02T06:49:46.517+0000] {logging_mixin.py:151} INFO - [2023-11-02T06:49:46.517+0000] {dag.py:2963} INFO - Creating ORM DAG for example_subdag_operator
[2023-11-02T06:49:46.525+0000] {logging_mixin.py:151} INFO - [2023-11-02T06:49:46.524+0000] {dag.py:3722} INFO - Setting next_dagrun for example_subdag_operator to 2022-01-01T00:00:00+00:00, run_after=2022-01-01T00:00:00+00:00
[2023-11-02T06:49:46.525+0000] {logging_mixin.py:151} INFO - [2023-11-02T06:49:46.525+0000] {dag.py:3722} INFO - Setting next_dagrun for example_subdag_operator.section-1 to None, run_after=None
[2023-11-02T06:49:46.526+0000] {logging_mixin.py:151} INFO - [2023-11-02T06:49:46.525+0000] {dag.py:3722} INFO - Setting next_dagrun for example_subdag_operator.section-2 to None, run_after=None
[2023-11-02T06:49:46.532+0000] {logging_mixin.py:151} INFO - [2023-11-02T06:49:46.531+0000] {dag.py:2941} INFO - Sync 2 DAGs
[2023-11-02T06:49:46.536+0000] {logging_mixin.py:151} INFO - [2023-11-02T06:49:46.535+0000] {dag.py:3722} INFO - Setting next_dagrun for example_subdag_operator.section-1 to None, run_after=None
[2023-11-02T06:49:46.538+0000] {logging_mixin.py:151} INFO - [2023-11-02T06:49:46.538+0000] {dag.py:3722} INFO - Setting next_dagrun for example_subdag_operator.section-2 to None, run_after=None
[2023-11-02T06:49:46.555+0000] {processor.py:179} INFO - Processing /home/ubuntu/customer_churn_venv/lib/python3.10/site-packages/airflow/example_dags/example_subdag_operator.py took 0.304 seconds
[2023-11-02T06:50:41.063+0000] {processor.py:157} INFO - Started process (PID=3759) to work on /home/ubuntu/customer_churn_venv/lib/python3.10/site-packages/airflow/example_dags/example_subdag_operator.py
[2023-11-02T06:50:41.064+0000] {processor.py:829} INFO - Processing file /home/ubuntu/customer_churn_venv/lib/python3.10/site-packages/airflow/example_dags/example_subdag_operator.py for tasks to queue
[2023-11-02T06:50:41.065+0000] {logging_mixin.py:151} INFO - [2023-11-02T06:50:41.065+0000] {dagbag.py:536} INFO - Filling up the DagBag from /home/ubuntu/customer_churn_venv/lib/python3.10/site-packages/airflow/example_dags/example_subdag_operator.py
[2023-11-02T06:50:41.089+0000] {processor.py:839} INFO - DAG(s) dict_keys(['example_subdag_operator.section-1', 'example_subdag_operator.section-2', 'example_subdag_operator']) retrieved from /home/ubuntu/customer_churn_venv/lib/python3.10/site-packages/airflow/example_dags/example_subdag_operator.py
[2023-11-02T06:50:41.106+0000] {logging_mixin.py:151} INFO - [2023-11-02T06:50:41.106+0000] {dag.py:2941} INFO - Sync 3 DAGs
[2023-11-02T06:50:41.127+0000] {logging_mixin.py:151} INFO - [2023-11-02T06:50:41.126+0000] {dag.py:3722} INFO - Setting next_dagrun for example_subdag_operator to 2022-01-01T00:00:00+00:00, run_after=2022-01-01T00:00:00+00:00
[2023-11-02T06:50:41.130+0000] {logging_mixin.py:151} INFO - [2023-11-02T06:50:41.130+0000] {dag.py:3722} INFO - Setting next_dagrun for example_subdag_operator.section-1 to None, run_after=None
[2023-11-02T06:50:41.131+0000] {logging_mixin.py:151} INFO - [2023-11-02T06:50:41.131+0000] {dag.py:3722} INFO - Setting next_dagrun for example_subdag_operator.section-2 to None, run_after=None
[2023-11-02T06:50:41.138+0000] {logging_mixin.py:151} INFO - [2023-11-02T06:50:41.138+0000] {dag.py:2941} INFO - Sync 2 DAGs
[2023-11-02T06:50:41.143+0000] {logging_mixin.py:151} INFO - [2023-11-02T06:50:41.143+0000] {dag.py:3722} INFO - Setting next_dagrun for example_subdag_operator.section-1 to None, run_after=None
[2023-11-02T06:50:41.143+0000] {logging_mixin.py:151} INFO - [2023-11-02T06:50:41.143+0000] {dag.py:3722} INFO - Setting next_dagrun for example_subdag_operator.section-2 to None, run_after=None
[2023-11-02T06:50:41.159+0000] {processor.py:179} INFO - Processing /home/ubuntu/customer_churn_venv/lib/python3.10/site-packages/airflow/example_dags/example_subdag_operator.py took 0.099 seconds
[2023-11-02T06:51:27.086+0000] {processor.py:157} INFO - Started process (PID=3807) to work on /home/ubuntu/customer_churn_venv/lib/python3.10/site-packages/airflow/example_dags/example_subdag_operator.py
[2023-11-02T06:51:27.087+0000] {processor.py:829} INFO - Processing file /home/ubuntu/customer_churn_venv/lib/python3.10/site-packages/airflow/example_dags/example_subdag_operator.py for tasks to queue
[2023-11-02T06:51:27.088+0000] {logging_mixin.py:151} INFO - [2023-11-02T06:51:27.087+0000] {dagbag.py:536} INFO - Filling up the DagBag from /home/ubuntu/customer_churn_venv/lib/python3.10/site-packages/airflow/example_dags/example_subdag_operator.py
[2023-11-02T06:51:27.112+0000] {processor.py:839} INFO - DAG(s) dict_keys(['example_subdag_operator.section-1', 'example_subdag_operator.section-2', 'example_subdag_operator']) retrieved from /home/ubuntu/customer_churn_venv/lib/python3.10/site-packages/airflow/example_dags/example_subdag_operator.py
[2023-11-02T06:51:27.130+0000] {logging_mixin.py:151} INFO - [2023-11-02T06:51:27.130+0000] {dag.py:2941} INFO - Sync 3 DAGs
[2023-11-02T06:51:27.150+0000] {logging_mixin.py:151} INFO - [2023-11-02T06:51:27.150+0000] {dag.py:3722} INFO - Setting next_dagrun for example_subdag_operator to 2022-01-01T00:00:00+00:00, run_after=2022-01-01T00:00:00+00:00
[2023-11-02T06:51:27.153+0000] {logging_mixin.py:151} INFO - [2023-11-02T06:51:27.153+0000] {dag.py:3722} INFO - Setting next_dagrun for example_subdag_operator.section-1 to None, run_after=None
[2023-11-02T06:51:27.154+0000] {logging_mixin.py:151} INFO - [2023-11-02T06:51:27.154+0000] {dag.py:3722} INFO - Setting next_dagrun for example_subdag_operator.section-2 to None, run_after=None
[2023-11-02T06:51:27.160+0000] {logging_mixin.py:151} INFO - [2023-11-02T06:51:27.160+0000] {dag.py:2941} INFO - Sync 2 DAGs
[2023-11-02T06:51:27.165+0000] {logging_mixin.py:151} INFO - [2023-11-02T06:51:27.164+0000] {dag.py:3722} INFO - Setting next_dagrun for example_subdag_operator.section-1 to None, run_after=None
[2023-11-02T06:51:27.165+0000] {logging_mixin.py:151} INFO - [2023-11-02T06:51:27.165+0000] {dag.py:3722} INFO - Setting next_dagrun for example_subdag_operator.section-2 to None, run_after=None
[2023-11-02T06:51:27.181+0000] {processor.py:179} INFO - Processing /home/ubuntu/customer_churn_venv/lib/python3.10/site-packages/airflow/example_dags/example_subdag_operator.py took 0.101 seconds
[2023-11-02T06:52:12.495+0000] {processor.py:157} INFO - Started process (PID=3854) to work on /home/ubuntu/customer_churn_venv/lib/python3.10/site-packages/airflow/example_dags/example_subdag_operator.py
[2023-11-02T06:52:12.496+0000] {processor.py:829} INFO - Processing file /home/ubuntu/customer_churn_venv/lib/python3.10/site-packages/airflow/example_dags/example_subdag_operator.py for tasks to queue
[2023-11-02T06:52:12.497+0000] {logging_mixin.py:151} INFO - [2023-11-02T06:52:12.497+0000] {dagbag.py:536} INFO - Filling up the DagBag from /home/ubuntu/customer_churn_venv/lib/python3.10/site-packages/airflow/example_dags/example_subdag_operator.py
[2023-11-02T06:52:12.519+0000] {processor.py:839} INFO - DAG(s) dict_keys(['example_subdag_operator.section-1', 'example_subdag_operator.section-2', 'example_subdag_operator']) retrieved from /home/ubuntu/customer_churn_venv/lib/python3.10/site-packages/airflow/example_dags/example_subdag_operator.py
[2023-11-02T06:52:12.535+0000] {logging_mixin.py:151} INFO - [2023-11-02T06:52:12.534+0000] {dag.py:2941} INFO - Sync 3 DAGs
[2023-11-02T06:52:12.553+0000] {logging_mixin.py:151} INFO - [2023-11-02T06:52:12.553+0000] {dag.py:3722} INFO - Setting next_dagrun for example_subdag_operator to 2022-01-01T00:00:00+00:00, run_after=2022-01-01T00:00:00+00:00
[2023-11-02T06:52:12.556+0000] {logging_mixin.py:151} INFO - [2023-11-02T06:52:12.556+0000] {dag.py:3722} INFO - Setting next_dagrun for example_subdag_operator.section-1 to None, run_after=None
[2023-11-02T06:52:12.557+0000] {logging_mixin.py:151} INFO - [2023-11-02T06:52:12.557+0000] {dag.py:3722} INFO - Setting next_dagrun for example_subdag_operator.section-2 to None, run_after=None
[2023-11-02T06:52:12.564+0000] {logging_mixin.py:151} INFO - [2023-11-02T06:52:12.563+0000] {dag.py:2941} INFO - Sync 2 DAGs
[2023-11-02T06:52:12.567+0000] {logging_mixin.py:151} INFO - [2023-11-02T06:52:12.567+0000] {dag.py:3722} INFO - Setting next_dagrun for example_subdag_operator.section-1 to None, run_after=None
[2023-11-02T06:52:12.568+0000] {logging_mixin.py:151} INFO - [2023-11-02T06:52:12.568+0000] {dag.py:3722} INFO - Setting next_dagrun for example_subdag_operator.section-2 to None, run_after=None
[2023-11-02T06:52:12.582+0000] {processor.py:179} INFO - Processing /home/ubuntu/customer_churn_venv/lib/python3.10/site-packages/airflow/example_dags/example_subdag_operator.py took 0.090 seconds
[2023-11-02T06:52:59.653+0000] {processor.py:157} INFO - Started process (PID=3902) to work on /home/ubuntu/customer_churn_venv/lib/python3.10/site-packages/airflow/example_dags/example_subdag_operator.py
[2023-11-02T06:52:59.654+0000] {processor.py:829} INFO - Processing file /home/ubuntu/customer_churn_venv/lib/python3.10/site-packages/airflow/example_dags/example_subdag_operator.py for tasks to queue
[2023-11-02T06:52:59.655+0000] {logging_mixin.py:151} INFO - [2023-11-02T06:52:59.655+0000] {dagbag.py:536} INFO - Filling up the DagBag from /home/ubuntu/customer_churn_venv/lib/python3.10/site-packages/airflow/example_dags/example_subdag_operator.py
[2023-11-02T06:52:59.677+0000] {processor.py:839} INFO - DAG(s) dict_keys(['example_subdag_operator.section-1', 'example_subdag_operator.section-2', 'example_subdag_operator']) retrieved from /home/ubuntu/customer_churn_venv/lib/python3.10/site-packages/airflow/example_dags/example_subdag_operator.py
[2023-11-02T06:52:59.693+0000] {logging_mixin.py:151} INFO - [2023-11-02T06:52:59.693+0000] {dag.py:2941} INFO - Sync 3 DAGs
[2023-11-02T06:52:59.712+0000] {logging_mixin.py:151} INFO - [2023-11-02T06:52:59.712+0000] {dag.py:3722} INFO - Setting next_dagrun for example_subdag_operator to 2022-01-01T00:00:00+00:00, run_after=2022-01-01T00:00:00+00:00
[2023-11-02T06:52:59.715+0000] {logging_mixin.py:151} INFO - [2023-11-02T06:52:59.715+0000] {dag.py:3722} INFO - Setting next_dagrun for example_subdag_operator.section-1 to None, run_after=None
[2023-11-02T06:52:59.716+0000] {logging_mixin.py:151} INFO - [2023-11-02T06:52:59.716+0000] {dag.py:3722} INFO - Setting next_dagrun for example_subdag_operator.section-2 to None, run_after=None
[2023-11-02T06:52:59.722+0000] {logging_mixin.py:151} INFO - [2023-11-02T06:52:59.721+0000] {dag.py:2941} INFO - Sync 2 DAGs
[2023-11-02T06:52:59.725+0000] {logging_mixin.py:151} INFO - [2023-11-02T06:52:59.725+0000] {dag.py:3722} INFO - Setting next_dagrun for example_subdag_operator.section-1 to None, run_after=None
[2023-11-02T06:52:59.726+0000] {logging_mixin.py:151} INFO - [2023-11-02T06:52:59.726+0000] {dag.py:3722} INFO - Setting next_dagrun for example_subdag_operator.section-2 to None, run_after=None
[2023-11-02T06:52:59.741+0000] {processor.py:179} INFO - Processing /home/ubuntu/customer_churn_venv/lib/python3.10/site-packages/airflow/example_dags/example_subdag_operator.py took 0.091 seconds
[2023-11-02T06:59:57.517+0000] {processor.py:157} INFO - Started process (PID=4377) to work on /usr/local/lib/python3.10/dist-packages/airflow/example_dags/example_subdag_operator.py
[2023-11-02T06:59:57.518+0000] {processor.py:829} INFO - Processing file /usr/local/lib/python3.10/dist-packages/airflow/example_dags/example_subdag_operator.py for tasks to queue
[2023-11-02T06:59:57.519+0000] {logging_mixin.py:151} INFO - [2023-11-02T06:59:57.519+0000] {dagbag.py:536} INFO - Filling up the DagBag from /usr/local/lib/python3.10/dist-packages/airflow/example_dags/example_subdag_operator.py
[2023-11-02T06:59:57.651+0000] {processor.py:839} INFO - DAG(s) dict_keys(['example_subdag_operator.section-1', 'example_subdag_operator.section-2', 'example_subdag_operator']) retrieved from /usr/local/lib/python3.10/dist-packages/airflow/example_dags/example_subdag_operator.py
[2023-11-02T06:59:57.654+0000] {logging_mixin.py:151} INFO - [2023-11-02T06:59:57.654+0000] {dag.py:2941} INFO - Sync 3 DAGs
[2023-11-02T06:59:57.671+0000] {logging_mixin.py:151} INFO - [2023-11-02T06:59:57.671+0000] {dag.py:3722} INFO - Setting next_dagrun for example_subdag_operator to 2022-01-01T00:00:00+00:00, run_after=2022-01-01T00:00:00+00:00
[2023-11-02T06:59:57.674+0000] {logging_mixin.py:151} INFO - [2023-11-02T06:59:57.674+0000] {dag.py:3722} INFO - Setting next_dagrun for example_subdag_operator.section-1 to None, run_after=None
[2023-11-02T06:59:57.675+0000] {logging_mixin.py:151} INFO - [2023-11-02T06:59:57.675+0000] {dag.py:3722} INFO - Setting next_dagrun for example_subdag_operator.section-2 to None, run_after=None
[2023-11-02T06:59:57.680+0000] {logging_mixin.py:151} INFO - [2023-11-02T06:59:57.680+0000] {dag.py:2941} INFO - Sync 2 DAGs
[2023-11-02T06:59:57.684+0000] {logging_mixin.py:151} INFO - [2023-11-02T06:59:57.684+0000] {dag.py:3722} INFO - Setting next_dagrun for example_subdag_operator.section-1 to None, run_after=None
[2023-11-02T06:59:57.684+0000] {logging_mixin.py:151} INFO - [2023-11-02T06:59:57.684+0000] {dag.py:3722} INFO - Setting next_dagrun for example_subdag_operator.section-2 to None, run_after=None
[2023-11-02T06:59:57.699+0000] {processor.py:179} INFO - Processing /usr/local/lib/python3.10/dist-packages/airflow/example_dags/example_subdag_operator.py took 0.185 seconds
[2023-11-02T07:00:43.183+0000] {processor.py:157} INFO - Started process (PID=4424) to work on /usr/local/lib/python3.10/dist-packages/airflow/example_dags/example_subdag_operator.py
[2023-11-02T07:00:43.192+0000] {processor.py:829} INFO - Processing file /usr/local/lib/python3.10/dist-packages/airflow/example_dags/example_subdag_operator.py for tasks to queue
[2023-11-02T07:00:43.193+0000] {logging_mixin.py:151} INFO - [2023-11-02T07:00:43.193+0000] {dagbag.py:536} INFO - Filling up the DagBag from /usr/local/lib/python3.10/dist-packages/airflow/example_dags/example_subdag_operator.py
[2023-11-02T07:00:43.242+0000] {processor.py:839} INFO - DAG(s) dict_keys(['example_subdag_operator.section-1', 'example_subdag_operator.section-2', 'example_subdag_operator']) retrieved from /usr/local/lib/python3.10/dist-packages/airflow/example_dags/example_subdag_operator.py
[2023-11-02T07:00:43.268+0000] {logging_mixin.py:151} INFO - [2023-11-02T07:00:43.267+0000] {dag.py:2941} INFO - Sync 3 DAGs
[2023-11-02T07:00:43.290+0000] {logging_mixin.py:151} INFO - [2023-11-02T07:00:43.290+0000] {dag.py:3722} INFO - Setting next_dagrun for example_subdag_operator to 2022-01-01T00:00:00+00:00, run_after=2022-01-01T00:00:00+00:00
[2023-11-02T07:00:43.294+0000] {logging_mixin.py:151} INFO - [2023-11-02T07:00:43.293+0000] {dag.py:3722} INFO - Setting next_dagrun for example_subdag_operator.section-1 to None, run_after=None
[2023-11-02T07:00:43.295+0000] {logging_mixin.py:151} INFO - [2023-11-02T07:00:43.294+0000] {dag.py:3722} INFO - Setting next_dagrun for example_subdag_operator.section-2 to None, run_after=None
[2023-11-02T07:00:43.341+0000] {logging_mixin.py:151} INFO - [2023-11-02T07:00:43.341+0000] {dag.py:2941} INFO - Sync 2 DAGs
[2023-11-02T07:00:43.345+0000] {logging_mixin.py:151} INFO - [2023-11-02T07:00:43.345+0000] {dag.py:3722} INFO - Setting next_dagrun for example_subdag_operator.section-1 to None, run_after=None
[2023-11-02T07:00:43.346+0000] {logging_mixin.py:151} INFO - [2023-11-02T07:00:43.346+0000] {dag.py:3722} INFO - Setting next_dagrun for example_subdag_operator.section-2 to None, run_after=None
[2023-11-02T07:00:43.370+0000] {processor.py:179} INFO - Processing /usr/local/lib/python3.10/dist-packages/airflow/example_dags/example_subdag_operator.py took 0.191 seconds
[2023-11-02T07:01:28.356+0000] {processor.py:157} INFO - Started process (PID=4470) to work on /usr/local/lib/python3.10/dist-packages/airflow/example_dags/example_subdag_operator.py
[2023-11-02T07:01:28.358+0000] {processor.py:829} INFO - Processing file /usr/local/lib/python3.10/dist-packages/airflow/example_dags/example_subdag_operator.py for tasks to queue
[2023-11-02T07:01:28.358+0000] {logging_mixin.py:151} INFO - [2023-11-02T07:01:28.358+0000] {dagbag.py:536} INFO - Filling up the DagBag from /usr/local/lib/python3.10/dist-packages/airflow/example_dags/example_subdag_operator.py
[2023-11-02T07:01:28.381+0000] {processor.py:839} INFO - DAG(s) dict_keys(['example_subdag_operator.section-1', 'example_subdag_operator.section-2', 'example_subdag_operator']) retrieved from /usr/local/lib/python3.10/dist-packages/airflow/example_dags/example_subdag_operator.py
[2023-11-02T07:01:28.397+0000] {logging_mixin.py:151} INFO - [2023-11-02T07:01:28.397+0000] {dag.py:2941} INFO - Sync 3 DAGs
[2023-11-02T07:01:28.417+0000] {logging_mixin.py:151} INFO - [2023-11-02T07:01:28.417+0000] {dag.py:3722} INFO - Setting next_dagrun for example_subdag_operator to 2022-01-01T00:00:00+00:00, run_after=2022-01-01T00:00:00+00:00
[2023-11-02T07:01:28.420+0000] {logging_mixin.py:151} INFO - [2023-11-02T07:01:28.420+0000] {dag.py:3722} INFO - Setting next_dagrun for example_subdag_operator.section-1 to None, run_after=None
[2023-11-02T07:01:28.421+0000] {logging_mixin.py:151} INFO - [2023-11-02T07:01:28.421+0000] {dag.py:3722} INFO - Setting next_dagrun for example_subdag_operator.section-2 to None, run_after=None
[2023-11-02T07:01:28.427+0000] {logging_mixin.py:151} INFO - [2023-11-02T07:01:28.427+0000] {dag.py:2941} INFO - Sync 2 DAGs
[2023-11-02T07:01:28.431+0000] {logging_mixin.py:151} INFO - [2023-11-02T07:01:28.431+0000] {dag.py:3722} INFO - Setting next_dagrun for example_subdag_operator.section-1 to None, run_after=None
[2023-11-02T07:01:28.431+0000] {logging_mixin.py:151} INFO - [2023-11-02T07:01:28.431+0000] {dag.py:3722} INFO - Setting next_dagrun for example_subdag_operator.section-2 to None, run_after=None
[2023-11-02T07:01:28.447+0000] {processor.py:179} INFO - Processing /usr/local/lib/python3.10/dist-packages/airflow/example_dags/example_subdag_operator.py took 0.094 seconds
[2023-11-02T07:02:09.756+0000] {processor.py:157} INFO - Started process (PID=4514) to work on /usr/local/lib/python3.10/dist-packages/airflow/example_dags/example_subdag_operator.py
[2023-11-02T07:02:09.757+0000] {processor.py:829} INFO - Processing file /usr/local/lib/python3.10/dist-packages/airflow/example_dags/example_subdag_operator.py for tasks to queue
[2023-11-02T07:02:09.758+0000] {logging_mixin.py:151} INFO - [2023-11-02T07:02:09.758+0000] {dagbag.py:536} INFO - Filling up the DagBag from /usr/local/lib/python3.10/dist-packages/airflow/example_dags/example_subdag_operator.py
[2023-11-02T07:02:09.782+0000] {processor.py:839} INFO - DAG(s) dict_keys(['example_subdag_operator.section-1', 'example_subdag_operator.section-2', 'example_subdag_operator']) retrieved from /usr/local/lib/python3.10/dist-packages/airflow/example_dags/example_subdag_operator.py
[2023-11-02T07:02:09.799+0000] {logging_mixin.py:151} INFO - [2023-11-02T07:02:09.798+0000] {dag.py:2941} INFO - Sync 3 DAGs
[2023-11-02T07:02:09.820+0000] {logging_mixin.py:151} INFO - [2023-11-02T07:02:09.819+0000] {dag.py:3722} INFO - Setting next_dagrun for example_subdag_operator to 2022-01-01T00:00:00+00:00, run_after=2022-01-01T00:00:00+00:00
[2023-11-02T07:02:09.823+0000] {logging_mixin.py:151} INFO - [2023-11-02T07:02:09.823+0000] {dag.py:3722} INFO - Setting next_dagrun for example_subdag_operator.section-1 to None, run_after=None
[2023-11-02T07:02:09.824+0000] {logging_mixin.py:151} INFO - [2023-11-02T07:02:09.824+0000] {dag.py:3722} INFO - Setting next_dagrun for example_subdag_operator.section-2 to None, run_after=None
[2023-11-02T07:02:09.830+0000] {logging_mixin.py:151} INFO - [2023-11-02T07:02:09.829+0000] {dag.py:2941} INFO - Sync 2 DAGs
[2023-11-02T07:02:09.834+0000] {logging_mixin.py:151} INFO - [2023-11-02T07:02:09.834+0000] {dag.py:3722} INFO - Setting next_dagrun for example_subdag_operator.section-1 to None, run_after=None
[2023-11-02T07:02:09.834+0000] {logging_mixin.py:151} INFO - [2023-11-02T07:02:09.834+0000] {dag.py:3722} INFO - Setting next_dagrun for example_subdag_operator.section-2 to None, run_after=None
[2023-11-02T07:02:09.850+0000] {processor.py:179} INFO - Processing /usr/local/lib/python3.10/dist-packages/airflow/example_dags/example_subdag_operator.py took 0.097 seconds
[2023-11-02T07:02:53.953+0000] {processor.py:157} INFO - Started process (PID=4559) to work on /usr/local/lib/python3.10/dist-packages/airflow/example_dags/example_subdag_operator.py
[2023-11-02T07:02:53.954+0000] {processor.py:829} INFO - Processing file /usr/local/lib/python3.10/dist-packages/airflow/example_dags/example_subdag_operator.py for tasks to queue
[2023-11-02T07:02:53.955+0000] {logging_mixin.py:151} INFO - [2023-11-02T07:02:53.955+0000] {dagbag.py:536} INFO - Filling up the DagBag from /usr/local/lib/python3.10/dist-packages/airflow/example_dags/example_subdag_operator.py
[2023-11-02T07:02:53.977+0000] {processor.py:839} INFO - DAG(s) dict_keys(['example_subdag_operator.section-1', 'example_subdag_operator.section-2', 'example_subdag_operator']) retrieved from /usr/local/lib/python3.10/dist-packages/airflow/example_dags/example_subdag_operator.py
[2023-11-02T07:02:53.993+0000] {logging_mixin.py:151} INFO - [2023-11-02T07:02:53.993+0000] {dag.py:2941} INFO - Sync 3 DAGs
[2023-11-02T07:02:54.013+0000] {logging_mixin.py:151} INFO - [2023-11-02T07:02:54.013+0000] {dag.py:3722} INFO - Setting next_dagrun for example_subdag_operator to 2022-01-01T00:00:00+00:00, run_after=2022-01-01T00:00:00+00:00
[2023-11-02T07:02:54.016+0000] {logging_mixin.py:151} INFO - [2023-11-02T07:02:54.016+0000] {dag.py:3722} INFO - Setting next_dagrun for example_subdag_operator.section-1 to None, run_after=None
[2023-11-02T07:02:54.017+0000] {logging_mixin.py:151} INFO - [2023-11-02T07:02:54.016+0000] {dag.py:3722} INFO - Setting next_dagrun for example_subdag_operator.section-2 to None, run_after=None
[2023-11-02T07:02:54.022+0000] {logging_mixin.py:151} INFO - [2023-11-02T07:02:54.022+0000] {dag.py:2941} INFO - Sync 2 DAGs
[2023-11-02T07:02:54.026+0000] {logging_mixin.py:151} INFO - [2023-11-02T07:02:54.026+0000] {dag.py:3722} INFO - Setting next_dagrun for example_subdag_operator.section-1 to None, run_after=None
[2023-11-02T07:02:54.026+0000] {logging_mixin.py:151} INFO - [2023-11-02T07:02:54.026+0000] {dag.py:3722} INFO - Setting next_dagrun for example_subdag_operator.section-2 to None, run_after=None
[2023-11-02T07:02:54.041+0000] {processor.py:179} INFO - Processing /usr/local/lib/python3.10/dist-packages/airflow/example_dags/example_subdag_operator.py took 0.092 seconds
[2023-11-02T07:03:40.187+0000] {processor.py:157} INFO - Started process (PID=4606) to work on /usr/local/lib/python3.10/dist-packages/airflow/example_dags/example_subdag_operator.py
[2023-11-02T07:03:40.188+0000] {processor.py:829} INFO - Processing file /usr/local/lib/python3.10/dist-packages/airflow/example_dags/example_subdag_operator.py for tasks to queue
[2023-11-02T07:03:40.189+0000] {logging_mixin.py:151} INFO - [2023-11-02T07:03:40.189+0000] {dagbag.py:536} INFO - Filling up the DagBag from /usr/local/lib/python3.10/dist-packages/airflow/example_dags/example_subdag_operator.py
[2023-11-02T07:03:40.211+0000] {processor.py:839} INFO - DAG(s) dict_keys(['example_subdag_operator.section-1', 'example_subdag_operator.section-2', 'example_subdag_operator']) retrieved from /usr/local/lib/python3.10/dist-packages/airflow/example_dags/example_subdag_operator.py
[2023-11-02T07:03:40.227+0000] {logging_mixin.py:151} INFO - [2023-11-02T07:03:40.227+0000] {dag.py:2941} INFO - Sync 3 DAGs
[2023-11-02T07:03:40.246+0000] {logging_mixin.py:151} INFO - [2023-11-02T07:03:40.246+0000] {dag.py:3722} INFO - Setting next_dagrun for example_subdag_operator to 2022-01-01T00:00:00+00:00, run_after=2022-01-01T00:00:00+00:00
[2023-11-02T07:03:40.249+0000] {logging_mixin.py:151} INFO - [2023-11-02T07:03:40.249+0000] {dag.py:3722} INFO - Setting next_dagrun for example_subdag_operator.section-1 to None, run_after=None
[2023-11-02T07:03:40.250+0000] {logging_mixin.py:151} INFO - [2023-11-02T07:03:40.250+0000] {dag.py:3722} INFO - Setting next_dagrun for example_subdag_operator.section-2 to None, run_after=None
[2023-11-02T07:03:40.256+0000] {logging_mixin.py:151} INFO - [2023-11-02T07:03:40.256+0000] {dag.py:2941} INFO - Sync 2 DAGs
[2023-11-02T07:03:40.260+0000] {logging_mixin.py:151} INFO - [2023-11-02T07:03:40.259+0000] {dag.py:3722} INFO - Setting next_dagrun for example_subdag_operator.section-1 to None, run_after=None
[2023-11-02T07:03:40.260+0000] {logging_mixin.py:151} INFO - [2023-11-02T07:03:40.260+0000] {dag.py:3722} INFO - Setting next_dagrun for example_subdag_operator.section-2 to None, run_after=None
[2023-11-02T07:03:40.276+0000] {processor.py:179} INFO - Processing /usr/local/lib/python3.10/dist-packages/airflow/example_dags/example_subdag_operator.py took 0.092 seconds
[2023-11-02T07:04:21.574+0000] {processor.py:157} INFO - Started process (PID=4654) to work on /usr/local/lib/python3.10/dist-packages/airflow/example_dags/example_subdag_operator.py
[2023-11-02T07:04:21.575+0000] {processor.py:829} INFO - Processing file /usr/local/lib/python3.10/dist-packages/airflow/example_dags/example_subdag_operator.py for tasks to queue
[2023-11-02T07:04:21.576+0000] {logging_mixin.py:151} INFO - [2023-11-02T07:04:21.576+0000] {dagbag.py:536} INFO - Filling up the DagBag from /usr/local/lib/python3.10/dist-packages/airflow/example_dags/example_subdag_operator.py
[2023-11-02T07:04:21.598+0000] {processor.py:839} INFO - DAG(s) dict_keys(['example_subdag_operator.section-1', 'example_subdag_operator.section-2', 'example_subdag_operator']) retrieved from /usr/local/lib/python3.10/dist-packages/airflow/example_dags/example_subdag_operator.py
[2023-11-02T07:04:21.614+0000] {logging_mixin.py:151} INFO - [2023-11-02T07:04:21.614+0000] {dag.py:2941} INFO - Sync 3 DAGs
[2023-11-02T07:04:21.633+0000] {logging_mixin.py:151} INFO - [2023-11-02T07:04:21.633+0000] {dag.py:3722} INFO - Setting next_dagrun for example_subdag_operator to 2022-01-01T00:00:00+00:00, run_after=2022-01-01T00:00:00+00:00
[2023-11-02T07:04:21.636+0000] {logging_mixin.py:151} INFO - [2023-11-02T07:04:21.636+0000] {dag.py:3722} INFO - Setting next_dagrun for example_subdag_operator.section-1 to None, run_after=None
[2023-11-02T07:04:21.637+0000] {logging_mixin.py:151} INFO - [2023-11-02T07:04:21.637+0000] {dag.py:3722} INFO - Setting next_dagrun for example_subdag_operator.section-2 to None, run_after=None
[2023-11-02T07:04:21.643+0000] {logging_mixin.py:151} INFO - [2023-11-02T07:04:21.642+0000] {dag.py:2941} INFO - Sync 2 DAGs
[2023-11-02T07:04:21.647+0000] {logging_mixin.py:151} INFO - [2023-11-02T07:04:21.646+0000] {dag.py:3722} INFO - Setting next_dagrun for example_subdag_operator.section-1 to None, run_after=None
[2023-11-02T07:04:21.647+0000] {logging_mixin.py:151} INFO - [2023-11-02T07:04:21.647+0000] {dag.py:3722} INFO - Setting next_dagrun for example_subdag_operator.section-2 to None, run_after=None
[2023-11-02T07:04:21.662+0000] {processor.py:179} INFO - Processing /usr/local/lib/python3.10/dist-packages/airflow/example_dags/example_subdag_operator.py took 0.091 seconds
[2023-11-02T07:05:07.193+0000] {processor.py:157} INFO - Started process (PID=4702) to work on /usr/local/lib/python3.10/dist-packages/airflow/example_dags/example_subdag_operator.py
[2023-11-02T07:05:07.194+0000] {processor.py:829} INFO - Processing file /usr/local/lib/python3.10/dist-packages/airflow/example_dags/example_subdag_operator.py for tasks to queue
[2023-11-02T07:05:07.195+0000] {logging_mixin.py:151} INFO - [2023-11-02T07:05:07.194+0000] {dagbag.py:536} INFO - Filling up the DagBag from /usr/local/lib/python3.10/dist-packages/airflow/example_dags/example_subdag_operator.py
[2023-11-02T07:05:07.217+0000] {processor.py:839} INFO - DAG(s) dict_keys(['example_subdag_operator.section-1', 'example_subdag_operator.section-2', 'example_subdag_operator']) retrieved from /usr/local/lib/python3.10/dist-packages/airflow/example_dags/example_subdag_operator.py
[2023-11-02T07:05:07.233+0000] {logging_mixin.py:151} INFO - [2023-11-02T07:05:07.233+0000] {dag.py:2941} INFO - Sync 3 DAGs
[2023-11-02T07:05:07.252+0000] {logging_mixin.py:151} INFO - [2023-11-02T07:05:07.252+0000] {dag.py:3722} INFO - Setting next_dagrun for example_subdag_operator to 2022-01-01T00:00:00+00:00, run_after=2022-01-01T00:00:00+00:00
[2023-11-02T07:05:07.255+0000] {logging_mixin.py:151} INFO - [2023-11-02T07:05:07.255+0000] {dag.py:3722} INFO - Setting next_dagrun for example_subdag_operator.section-1 to None, run_after=None
[2023-11-02T07:05:07.256+0000] {logging_mixin.py:151} INFO - [2023-11-02T07:05:07.256+0000] {dag.py:3722} INFO - Setting next_dagrun for example_subdag_operator.section-2 to None, run_after=None
[2023-11-02T07:05:07.262+0000] {logging_mixin.py:151} INFO - [2023-11-02T07:05:07.261+0000] {dag.py:2941} INFO - Sync 2 DAGs
[2023-11-02T07:05:07.265+0000] {logging_mixin.py:151} INFO - [2023-11-02T07:05:07.265+0000] {dag.py:3722} INFO - Setting next_dagrun for example_subdag_operator.section-1 to None, run_after=None
[2023-11-02T07:05:07.266+0000] {logging_mixin.py:151} INFO - [2023-11-02T07:05:07.266+0000] {dag.py:3722} INFO - Setting next_dagrun for example_subdag_operator.section-2 to None, run_after=None
[2023-11-02T07:05:07.281+0000] {processor.py:179} INFO - Processing /usr/local/lib/python3.10/dist-packages/airflow/example_dags/example_subdag_operator.py took 0.091 seconds
[2023-11-02T07:05:48.955+0000] {processor.py:157} INFO - Started process (PID=4747) to work on /usr/local/lib/python3.10/dist-packages/airflow/example_dags/example_subdag_operator.py
[2023-11-02T07:05:48.957+0000] {processor.py:829} INFO - Processing file /usr/local/lib/python3.10/dist-packages/airflow/example_dags/example_subdag_operator.py for tasks to queue
[2023-11-02T07:05:48.958+0000] {logging_mixin.py:151} INFO - [2023-11-02T07:05:48.957+0000] {dagbag.py:536} INFO - Filling up the DagBag from /usr/local/lib/python3.10/dist-packages/airflow/example_dags/example_subdag_operator.py
[2023-11-02T07:05:48.979+0000] {processor.py:839} INFO - DAG(s) dict_keys(['example_subdag_operator.section-1', 'example_subdag_operator.section-2', 'example_subdag_operator']) retrieved from /usr/local/lib/python3.10/dist-packages/airflow/example_dags/example_subdag_operator.py
[2023-11-02T07:05:48.995+0000] {logging_mixin.py:151} INFO - [2023-11-02T07:05:48.995+0000] {dag.py:2941} INFO - Sync 3 DAGs
[2023-11-02T07:05:49.015+0000] {logging_mixin.py:151} INFO - [2023-11-02T07:05:49.015+0000] {dag.py:3722} INFO - Setting next_dagrun for example_subdag_operator to 2022-01-01T00:00:00+00:00, run_after=2022-01-01T00:00:00+00:00
[2023-11-02T07:05:49.018+0000] {logging_mixin.py:151} INFO - [2023-11-02T07:05:49.018+0000] {dag.py:3722} INFO - Setting next_dagrun for example_subdag_operator.section-1 to None, run_after=None
[2023-11-02T07:05:49.019+0000] {logging_mixin.py:151} INFO - [2023-11-02T07:05:49.019+0000] {dag.py:3722} INFO - Setting next_dagrun for example_subdag_operator.section-2 to None, run_after=None
[2023-11-02T07:05:49.026+0000] {logging_mixin.py:151} INFO - [2023-11-02T07:05:49.026+0000] {dag.py:2941} INFO - Sync 2 DAGs
[2023-11-02T07:05:49.030+0000] {logging_mixin.py:151} INFO - [2023-11-02T07:05:49.030+0000] {dag.py:3722} INFO - Setting next_dagrun for example_subdag_operator.section-1 to None, run_after=None
[2023-11-02T07:05:49.030+0000] {logging_mixin.py:151} INFO - [2023-11-02T07:05:49.030+0000] {dag.py:3722} INFO - Setting next_dagrun for example_subdag_operator.section-2 to None, run_after=None
[2023-11-02T07:05:49.045+0000] {processor.py:179} INFO - Processing /usr/local/lib/python3.10/dist-packages/airflow/example_dags/example_subdag_operator.py took 0.093 seconds
[2023-11-02T07:06:37.838+0000] {processor.py:157} INFO - Started process (PID=4795) to work on /usr/local/lib/python3.10/dist-packages/airflow/example_dags/example_subdag_operator.py
[2023-11-02T07:06:37.839+0000] {processor.py:829} INFO - Processing file /usr/local/lib/python3.10/dist-packages/airflow/example_dags/example_subdag_operator.py for tasks to queue
[2023-11-02T07:06:37.840+0000] {logging_mixin.py:151} INFO - [2023-11-02T07:06:37.839+0000] {dagbag.py:536} INFO - Filling up the DagBag from /usr/local/lib/python3.10/dist-packages/airflow/example_dags/example_subdag_operator.py
[2023-11-02T07:06:37.863+0000] {processor.py:839} INFO - DAG(s) dict_keys(['example_subdag_operator.section-1', 'example_subdag_operator.section-2', 'example_subdag_operator']) retrieved from /usr/local/lib/python3.10/dist-packages/airflow/example_dags/example_subdag_operator.py
[2023-11-02T07:06:37.880+0000] {logging_mixin.py:151} INFO - [2023-11-02T07:06:37.880+0000] {dag.py:2941} INFO - Sync 3 DAGs
[2023-11-02T07:06:37.900+0000] {logging_mixin.py:151} INFO - [2023-11-02T07:06:37.900+0000] {dag.py:3722} INFO - Setting next_dagrun for example_subdag_operator to 2022-01-01T00:00:00+00:00, run_after=2022-01-01T00:00:00+00:00
[2023-11-02T07:06:37.903+0000] {logging_mixin.py:151} INFO - [2023-11-02T07:06:37.903+0000] {dag.py:3722} INFO - Setting next_dagrun for example_subdag_operator.section-1 to None, run_after=None
[2023-11-02T07:06:37.904+0000] {logging_mixin.py:151} INFO - [2023-11-02T07:06:37.904+0000] {dag.py:3722} INFO - Setting next_dagrun for example_subdag_operator.section-2 to None, run_after=None
[2023-11-02T07:06:37.910+0000] {logging_mixin.py:151} INFO - [2023-11-02T07:06:37.909+0000] {dag.py:2941} INFO - Sync 2 DAGs
[2023-11-02T07:06:37.914+0000] {logging_mixin.py:151} INFO - [2023-11-02T07:06:37.914+0000] {dag.py:3722} INFO - Setting next_dagrun for example_subdag_operator.section-1 to None, run_after=None
[2023-11-02T07:06:37.914+0000] {logging_mixin.py:151} INFO - [2023-11-02T07:06:37.914+0000] {dag.py:3722} INFO - Setting next_dagrun for example_subdag_operator.section-2 to None, run_after=None
[2023-11-02T07:06:37.932+0000] {processor.py:179} INFO - Processing /usr/local/lib/python3.10/dist-packages/airflow/example_dags/example_subdag_operator.py took 0.098 seconds
[2023-11-02T07:07:25.192+0000] {processor.py:157} INFO - Started process (PID=4843) to work on /usr/local/lib/python3.10/dist-packages/airflow/example_dags/example_subdag_operator.py
[2023-11-02T07:07:25.194+0000] {processor.py:829} INFO - Processing file /usr/local/lib/python3.10/dist-packages/airflow/example_dags/example_subdag_operator.py for tasks to queue
[2023-11-02T07:07:25.195+0000] {logging_mixin.py:151} INFO - [2023-11-02T07:07:25.194+0000] {dagbag.py:536} INFO - Filling up the DagBag from /usr/local/lib/python3.10/dist-packages/airflow/example_dags/example_subdag_operator.py
[2023-11-02T07:07:25.217+0000] {processor.py:839} INFO - DAG(s) dict_keys(['example_subdag_operator.section-1', 'example_subdag_operator.section-2', 'example_subdag_operator']) retrieved from /usr/local/lib/python3.10/dist-packages/airflow/example_dags/example_subdag_operator.py
[2023-11-02T07:07:25.232+0000] {logging_mixin.py:151} INFO - [2023-11-02T07:07:25.232+0000] {dag.py:2941} INFO - Sync 3 DAGs
[2023-11-02T07:07:25.251+0000] {logging_mixin.py:151} INFO - [2023-11-02T07:07:25.251+0000] {dag.py:3722} INFO - Setting next_dagrun for example_subdag_operator to 2022-01-01T00:00:00+00:00, run_after=2022-01-01T00:00:00+00:00
[2023-11-02T07:07:25.254+0000] {logging_mixin.py:151} INFO - [2023-11-02T07:07:25.254+0000] {dag.py:3722} INFO - Setting next_dagrun for example_subdag_operator.section-1 to None, run_after=None
[2023-11-02T07:07:25.255+0000] {logging_mixin.py:151} INFO - [2023-11-02T07:07:25.255+0000] {dag.py:3722} INFO - Setting next_dagrun for example_subdag_operator.section-2 to None, run_after=None
[2023-11-02T07:07:25.260+0000] {logging_mixin.py:151} INFO - [2023-11-02T07:07:25.260+0000] {dag.py:2941} INFO - Sync 2 DAGs
[2023-11-02T07:07:25.264+0000] {logging_mixin.py:151} INFO - [2023-11-02T07:07:25.264+0000] {dag.py:3722} INFO - Setting next_dagrun for example_subdag_operator.section-1 to None, run_after=None
[2023-11-02T07:07:25.265+0000] {logging_mixin.py:151} INFO - [2023-11-02T07:07:25.265+0000] {dag.py:3722} INFO - Setting next_dagrun for example_subdag_operator.section-2 to None, run_after=None
[2023-11-02T07:07:25.279+0000] {processor.py:179} INFO - Processing /usr/local/lib/python3.10/dist-packages/airflow/example_dags/example_subdag_operator.py took 0.090 seconds
[2023-11-02T07:08:07.527+0000] {processor.py:157} INFO - Started process (PID=4889) to work on /usr/local/lib/python3.10/dist-packages/airflow/example_dags/example_subdag_operator.py
[2023-11-02T07:08:07.528+0000] {processor.py:829} INFO - Processing file /usr/local/lib/python3.10/dist-packages/airflow/example_dags/example_subdag_operator.py for tasks to queue
[2023-11-02T07:08:07.529+0000] {logging_mixin.py:151} INFO - [2023-11-02T07:08:07.529+0000] {dagbag.py:536} INFO - Filling up the DagBag from /usr/local/lib/python3.10/dist-packages/airflow/example_dags/example_subdag_operator.py
[2023-11-02T07:08:07.553+0000] {processor.py:839} INFO - DAG(s) dict_keys(['example_subdag_operator.section-1', 'example_subdag_operator.section-2', 'example_subdag_operator']) retrieved from /usr/local/lib/python3.10/dist-packages/airflow/example_dags/example_subdag_operator.py
[2023-11-02T07:08:07.569+0000] {logging_mixin.py:151} INFO - [2023-11-02T07:08:07.569+0000] {dag.py:2941} INFO - Sync 3 DAGs
[2023-11-02T07:08:07.590+0000] {logging_mixin.py:151} INFO - [2023-11-02T07:08:07.590+0000] {dag.py:3722} INFO - Setting next_dagrun for example_subdag_operator to 2022-01-01T00:00:00+00:00, run_after=2022-01-01T00:00:00+00:00
[2023-11-02T07:08:07.594+0000] {logging_mixin.py:151} INFO - [2023-11-02T07:08:07.593+0000] {dag.py:3722} INFO - Setting next_dagrun for example_subdag_operator.section-1 to None, run_after=None
[2023-11-02T07:08:07.594+0000] {logging_mixin.py:151} INFO - [2023-11-02T07:08:07.594+0000] {dag.py:3722} INFO - Setting next_dagrun for example_subdag_operator.section-2 to None, run_after=None
[2023-11-02T07:08:07.600+0000] {logging_mixin.py:151} INFO - [2023-11-02T07:08:07.600+0000] {dag.py:2941} INFO - Sync 2 DAGs
[2023-11-02T07:08:07.604+0000] {logging_mixin.py:151} INFO - [2023-11-02T07:08:07.604+0000] {dag.py:3722} INFO - Setting next_dagrun for example_subdag_operator.section-1 to None, run_after=None
[2023-11-02T07:08:07.605+0000] {logging_mixin.py:151} INFO - [2023-11-02T07:08:07.605+0000] {dag.py:3722} INFO - Setting next_dagrun for example_subdag_operator.section-2 to None, run_after=None
[2023-11-02T07:08:07.621+0000] {processor.py:179} INFO - Processing /usr/local/lib/python3.10/dist-packages/airflow/example_dags/example_subdag_operator.py took 0.098 seconds
[2023-11-02T07:08:54.364+0000] {processor.py:157} INFO - Started process (PID=5171) to work on /usr/local/lib/python3.10/dist-packages/airflow/example_dags/example_subdag_operator.py
[2023-11-02T07:08:54.365+0000] {processor.py:829} INFO - Processing file /usr/local/lib/python3.10/dist-packages/airflow/example_dags/example_subdag_operator.py for tasks to queue
[2023-11-02T07:08:54.366+0000] {logging_mixin.py:151} INFO - [2023-11-02T07:08:54.365+0000] {dagbag.py:536} INFO - Filling up the DagBag from /usr/local/lib/python3.10/dist-packages/airflow/example_dags/example_subdag_operator.py
[2023-11-02T07:08:54.387+0000] {processor.py:839} INFO - DAG(s) dict_keys(['example_subdag_operator.section-1', 'example_subdag_operator.section-2', 'example_subdag_operator']) retrieved from /usr/local/lib/python3.10/dist-packages/airflow/example_dags/example_subdag_operator.py
[2023-11-02T07:08:54.403+0000] {logging_mixin.py:151} INFO - [2023-11-02T07:08:54.402+0000] {dag.py:2941} INFO - Sync 3 DAGs
[2023-11-02T07:08:54.421+0000] {logging_mixin.py:151} INFO - [2023-11-02T07:08:54.421+0000] {dag.py:3722} INFO - Setting next_dagrun for example_subdag_operator to 2022-01-01T00:00:00+00:00, run_after=2022-01-01T00:00:00+00:00
[2023-11-02T07:08:54.424+0000] {logging_mixin.py:151} INFO - [2023-11-02T07:08:54.424+0000] {dag.py:3722} INFO - Setting next_dagrun for example_subdag_operator.section-1 to None, run_after=None
[2023-11-02T07:08:54.425+0000] {logging_mixin.py:151} INFO - [2023-11-02T07:08:54.425+0000] {dag.py:3722} INFO - Setting next_dagrun for example_subdag_operator.section-2 to None, run_after=None
[2023-11-02T07:08:54.431+0000] {logging_mixin.py:151} INFO - [2023-11-02T07:08:54.430+0000] {dag.py:2941} INFO - Sync 2 DAGs
[2023-11-02T07:08:54.434+0000] {logging_mixin.py:151} INFO - [2023-11-02T07:08:54.434+0000] {dag.py:3722} INFO - Setting next_dagrun for example_subdag_operator.section-1 to None, run_after=None
[2023-11-02T07:08:54.435+0000] {logging_mixin.py:151} INFO - [2023-11-02T07:08:54.434+0000] {dag.py:3722} INFO - Setting next_dagrun for example_subdag_operator.section-2 to None, run_after=None
[2023-11-02T07:08:54.449+0000] {processor.py:179} INFO - Processing /usr/local/lib/python3.10/dist-packages/airflow/example_dags/example_subdag_operator.py took 0.088 seconds
[2023-11-02T07:09:38.891+0000] {processor.py:157} INFO - Started process (PID=5374) to work on /usr/local/lib/python3.10/dist-packages/airflow/example_dags/example_subdag_operator.py
[2023-11-02T07:09:38.892+0000] {processor.py:829} INFO - Processing file /usr/local/lib/python3.10/dist-packages/airflow/example_dags/example_subdag_operator.py for tasks to queue
[2023-11-02T07:09:38.893+0000] {logging_mixin.py:151} INFO - [2023-11-02T07:09:38.893+0000] {dagbag.py:536} INFO - Filling up the DagBag from /usr/local/lib/python3.10/dist-packages/airflow/example_dags/example_subdag_operator.py
[2023-11-02T07:09:38.916+0000] {processor.py:839} INFO - DAG(s) dict_keys(['example_subdag_operator.section-1', 'example_subdag_operator.section-2', 'example_subdag_operator']) retrieved from /usr/local/lib/python3.10/dist-packages/airflow/example_dags/example_subdag_operator.py
[2023-11-02T07:09:38.933+0000] {logging_mixin.py:151} INFO - [2023-11-02T07:09:38.933+0000] {dag.py:2941} INFO - Sync 3 DAGs
[2023-11-02T07:09:38.954+0000] {logging_mixin.py:151} INFO - [2023-11-02T07:09:38.954+0000] {dag.py:3722} INFO - Setting next_dagrun for example_subdag_operator to 2022-01-01T00:00:00+00:00, run_after=2022-01-01T00:00:00+00:00
[2023-11-02T07:09:38.958+0000] {logging_mixin.py:151} INFO - [2023-11-02T07:09:38.958+0000] {dag.py:3722} INFO - Setting next_dagrun for example_subdag_operator.section-1 to None, run_after=None
[2023-11-02T07:09:38.959+0000] {logging_mixin.py:151} INFO - [2023-11-02T07:09:38.959+0000] {dag.py:3722} INFO - Setting next_dagrun for example_subdag_operator.section-2 to None, run_after=None
[2023-11-02T07:09:38.965+0000] {logging_mixin.py:151} INFO - [2023-11-02T07:09:38.964+0000] {dag.py:2941} INFO - Sync 2 DAGs
[2023-11-02T07:09:38.969+0000] {logging_mixin.py:151} INFO - [2023-11-02T07:09:38.968+0000] {dag.py:3722} INFO - Setting next_dagrun for example_subdag_operator.section-1 to None, run_after=None
[2023-11-02T07:09:38.969+0000] {logging_mixin.py:151} INFO - [2023-11-02T07:09:38.969+0000] {dag.py:3722} INFO - Setting next_dagrun for example_subdag_operator.section-2 to None, run_after=None
[2023-11-02T07:09:38.985+0000] {processor.py:179} INFO - Processing /usr/local/lib/python3.10/dist-packages/airflow/example_dags/example_subdag_operator.py took 0.097 seconds
[2023-11-02T07:10:23.099+0000] {processor.py:157} INFO - Started process (PID=5422) to work on /usr/local/lib/python3.10/dist-packages/airflow/example_dags/example_subdag_operator.py
[2023-11-02T07:10:23.100+0000] {processor.py:829} INFO - Processing file /usr/local/lib/python3.10/dist-packages/airflow/example_dags/example_subdag_operator.py for tasks to queue
[2023-11-02T07:10:23.101+0000] {logging_mixin.py:151} INFO - [2023-11-02T07:10:23.101+0000] {dagbag.py:536} INFO - Filling up the DagBag from /usr/local/lib/python3.10/dist-packages/airflow/example_dags/example_subdag_operator.py
[2023-11-02T07:10:23.124+0000] {processor.py:839} INFO - DAG(s) dict_keys(['example_subdag_operator.section-1', 'example_subdag_operator.section-2', 'example_subdag_operator']) retrieved from /usr/local/lib/python3.10/dist-packages/airflow/example_dags/example_subdag_operator.py
[2023-11-02T07:10:23.141+0000] {logging_mixin.py:151} INFO - [2023-11-02T07:10:23.141+0000] {dag.py:2941} INFO - Sync 3 DAGs
[2023-11-02T07:10:23.161+0000] {logging_mixin.py:151} INFO - [2023-11-02T07:10:23.161+0000] {dag.py:3722} INFO - Setting next_dagrun for example_subdag_operator to 2022-01-01T00:00:00+00:00, run_after=2022-01-01T00:00:00+00:00
[2023-11-02T07:10:23.165+0000] {logging_mixin.py:151} INFO - [2023-11-02T07:10:23.164+0000] {dag.py:3722} INFO - Setting next_dagrun for example_subdag_operator.section-1 to None, run_after=None
[2023-11-02T07:10:23.165+0000] {logging_mixin.py:151} INFO - [2023-11-02T07:10:23.165+0000] {dag.py:3722} INFO - Setting next_dagrun for example_subdag_operator.section-2 to None, run_after=None
[2023-11-02T07:10:23.171+0000] {logging_mixin.py:151} INFO - [2023-11-02T07:10:23.171+0000] {dag.py:2941} INFO - Sync 2 DAGs
[2023-11-02T07:10:23.176+0000] {logging_mixin.py:151} INFO - [2023-11-02T07:10:23.175+0000] {dag.py:3722} INFO - Setting next_dagrun for example_subdag_operator.section-1 to None, run_after=None
[2023-11-02T07:10:23.176+0000] {logging_mixin.py:151} INFO - [2023-11-02T07:10:23.176+0000] {dag.py:3722} INFO - Setting next_dagrun for example_subdag_operator.section-2 to None, run_after=None
[2023-11-02T07:10:23.195+0000] {processor.py:179} INFO - Processing /usr/local/lib/python3.10/dist-packages/airflow/example_dags/example_subdag_operator.py took 0.099 seconds
[2023-11-02T07:11:12.471+0000] {processor.py:157} INFO - Started process (PID=5471) to work on /usr/local/lib/python3.10/dist-packages/airflow/example_dags/example_subdag_operator.py
[2023-11-02T07:11:12.472+0000] {processor.py:829} INFO - Processing file /usr/local/lib/python3.10/dist-packages/airflow/example_dags/example_subdag_operator.py for tasks to queue
[2023-11-02T07:11:12.473+0000] {logging_mixin.py:151} INFO - [2023-11-02T07:11:12.473+0000] {dagbag.py:536} INFO - Filling up the DagBag from /usr/local/lib/python3.10/dist-packages/airflow/example_dags/example_subdag_operator.py
[2023-11-02T07:11:12.496+0000] {processor.py:839} INFO - DAG(s) dict_keys(['example_subdag_operator.section-1', 'example_subdag_operator.section-2', 'example_subdag_operator']) retrieved from /usr/local/lib/python3.10/dist-packages/airflow/example_dags/example_subdag_operator.py
[2023-11-02T07:11:12.513+0000] {logging_mixin.py:151} INFO - [2023-11-02T07:11:12.512+0000] {dag.py:2941} INFO - Sync 3 DAGs
[2023-11-02T07:11:12.534+0000] {logging_mixin.py:151} INFO - [2023-11-02T07:11:12.533+0000] {dag.py:3722} INFO - Setting next_dagrun for example_subdag_operator to 2022-01-01T00:00:00+00:00, run_after=2022-01-01T00:00:00+00:00
[2023-11-02T07:11:12.537+0000] {logging_mixin.py:151} INFO - [2023-11-02T07:11:12.537+0000] {dag.py:3722} INFO - Setting next_dagrun for example_subdag_operator.section-1 to None, run_after=None
[2023-11-02T07:11:12.538+0000] {logging_mixin.py:151} INFO - [2023-11-02T07:11:12.538+0000] {dag.py:3722} INFO - Setting next_dagrun for example_subdag_operator.section-2 to None, run_after=None
[2023-11-02T07:11:12.544+0000] {logging_mixin.py:151} INFO - [2023-11-02T07:11:12.544+0000] {dag.py:2941} INFO - Sync 2 DAGs
[2023-11-02T07:11:12.548+0000] {logging_mixin.py:151} INFO - [2023-11-02T07:11:12.548+0000] {dag.py:3722} INFO - Setting next_dagrun for example_subdag_operator.section-1 to None, run_after=None
[2023-11-02T07:11:12.549+0000] {logging_mixin.py:151} INFO - [2023-11-02T07:11:12.549+0000] {dag.py:3722} INFO - Setting next_dagrun for example_subdag_operator.section-2 to None, run_after=None
[2023-11-02T07:11:12.565+0000] {processor.py:179} INFO - Processing /usr/local/lib/python3.10/dist-packages/airflow/example_dags/example_subdag_operator.py took 0.098 seconds
[2023-11-02T07:11:58.960+0000] {processor.py:157} INFO - Started process (PID=5524) to work on /usr/local/lib/python3.10/dist-packages/airflow/example_dags/example_subdag_operator.py
[2023-11-02T07:11:58.962+0000] {processor.py:829} INFO - Processing file /usr/local/lib/python3.10/dist-packages/airflow/example_dags/example_subdag_operator.py for tasks to queue
[2023-11-02T07:11:58.963+0000] {logging_mixin.py:151} INFO - [2023-11-02T07:11:58.962+0000] {dagbag.py:536} INFO - Filling up the DagBag from /usr/local/lib/python3.10/dist-packages/airflow/example_dags/example_subdag_operator.py
[2023-11-02T07:11:58.985+0000] {processor.py:839} INFO - DAG(s) dict_keys(['example_subdag_operator.section-1', 'example_subdag_operator.section-2', 'example_subdag_operator']) retrieved from /usr/local/lib/python3.10/dist-packages/airflow/example_dags/example_subdag_operator.py
[2023-11-02T07:11:59.000+0000] {logging_mixin.py:151} INFO - [2023-11-02T07:11:59.000+0000] {dag.py:2941} INFO - Sync 3 DAGs
[2023-11-02T07:11:59.020+0000] {logging_mixin.py:151} INFO - [2023-11-02T07:11:59.020+0000] {dag.py:3722} INFO - Setting next_dagrun for example_subdag_operator to 2022-01-01T00:00:00+00:00, run_after=2022-01-01T00:00:00+00:00
[2023-11-02T07:11:59.023+0000] {logging_mixin.py:151} INFO - [2023-11-02T07:11:59.023+0000] {dag.py:3722} INFO - Setting next_dagrun for example_subdag_operator.section-1 to None, run_after=None
[2023-11-02T07:11:59.024+0000] {logging_mixin.py:151} INFO - [2023-11-02T07:11:59.024+0000] {dag.py:3722} INFO - Setting next_dagrun for example_subdag_operator.section-2 to None, run_after=None
[2023-11-02T07:11:59.031+0000] {logging_mixin.py:151} INFO - [2023-11-02T07:11:59.031+0000] {dag.py:2941} INFO - Sync 2 DAGs
[2023-11-02T07:11:59.035+0000] {logging_mixin.py:151} INFO - [2023-11-02T07:11:59.035+0000] {dag.py:3722} INFO - Setting next_dagrun for example_subdag_operator.section-1 to None, run_after=None
[2023-11-02T07:11:59.035+0000] {logging_mixin.py:151} INFO - [2023-11-02T07:11:59.035+0000] {dag.py:3722} INFO - Setting next_dagrun for example_subdag_operator.section-2 to None, run_after=None
[2023-11-02T07:11:59.051+0000] {processor.py:179} INFO - Processing /usr/local/lib/python3.10/dist-packages/airflow/example_dags/example_subdag_operator.py took 0.094 seconds
[2023-11-02T07:12:37.879+0000] {processor.py:157} INFO - Started process (PID=5566) to work on /usr/local/lib/python3.10/dist-packages/airflow/example_dags/example_subdag_operator.py
[2023-11-02T07:12:37.881+0000] {processor.py:829} INFO - Processing file /usr/local/lib/python3.10/dist-packages/airflow/example_dags/example_subdag_operator.py for tasks to queue
[2023-11-02T07:12:37.882+0000] {logging_mixin.py:151} INFO - [2023-11-02T07:12:37.881+0000] {dagbag.py:536} INFO - Filling up the DagBag from /usr/local/lib/python3.10/dist-packages/airflow/example_dags/example_subdag_operator.py
[2023-11-02T07:12:37.904+0000] {processor.py:839} INFO - DAG(s) dict_keys(['example_subdag_operator.section-1', 'example_subdag_operator.section-2', 'example_subdag_operator']) retrieved from /usr/local/lib/python3.10/dist-packages/airflow/example_dags/example_subdag_operator.py
[2023-11-02T07:12:37.920+0000] {logging_mixin.py:151} INFO - [2023-11-02T07:12:37.920+0000] {dag.py:2941} INFO - Sync 3 DAGs
[2023-11-02T07:12:37.940+0000] {logging_mixin.py:151} INFO - [2023-11-02T07:12:37.939+0000] {dag.py:3722} INFO - Setting next_dagrun for example_subdag_operator to 2022-01-01T00:00:00+00:00, run_after=2022-01-01T00:00:00+00:00
[2023-11-02T07:12:37.943+0000] {logging_mixin.py:151} INFO - [2023-11-02T07:12:37.942+0000] {dag.py:3722} INFO - Setting next_dagrun for example_subdag_operator.section-1 to None, run_after=None
[2023-11-02T07:12:37.943+0000] {logging_mixin.py:151} INFO - [2023-11-02T07:12:37.943+0000] {dag.py:3722} INFO - Setting next_dagrun for example_subdag_operator.section-2 to None, run_after=None
[2023-11-02T07:12:37.949+0000] {logging_mixin.py:151} INFO - [2023-11-02T07:12:37.949+0000] {dag.py:2941} INFO - Sync 2 DAGs
[2023-11-02T07:12:37.953+0000] {logging_mixin.py:151} INFO - [2023-11-02T07:12:37.953+0000] {dag.py:3722} INFO - Setting next_dagrun for example_subdag_operator.section-1 to None, run_after=None
[2023-11-02T07:12:37.953+0000] {logging_mixin.py:151} INFO - [2023-11-02T07:12:37.953+0000] {dag.py:3722} INFO - Setting next_dagrun for example_subdag_operator.section-2 to None, run_after=None
[2023-11-02T07:12:37.971+0000] {processor.py:179} INFO - Processing /usr/local/lib/python3.10/dist-packages/airflow/example_dags/example_subdag_operator.py took 0.094 seconds
