[2023-11-02T06:49:39.465+0000] {processor.py:157} INFO - Started process (PID=3708) to work on /home/ubuntu/customer_churn_venv/lib/python3.10/site-packages/airflow/example_dags/example_skip_dag.py
[2023-11-02T06:49:39.466+0000] {processor.py:829} INFO - Processing file /home/ubuntu/customer_churn_venv/lib/python3.10/site-packages/airflow/example_dags/example_skip_dag.py for tasks to queue
[2023-11-02T06:49:39.467+0000] {logging_mixin.py:151} INFO - [2023-11-02T06:49:39.467+0000] {dagbag.py:536} INFO - Filling up the DagBag from /home/ubuntu/customer_churn_venv/lib/python3.10/site-packages/airflow/example_dags/example_skip_dag.py
[2023-11-02T06:49:39.476+0000] {processor.py:839} INFO - DAG(s) dict_keys(['example_skip_dag']) retrieved from /home/ubuntu/customer_churn_venv/lib/python3.10/site-packages/airflow/example_dags/example_skip_dag.py
[2023-11-02T06:49:39.683+0000] {logging_mixin.py:151} INFO - [2023-11-02T06:49:39.683+0000] {manager.py:499} INFO - Created Permission View: %s
[2023-11-02T06:49:39.697+0000] {logging_mixin.py:151} INFO - [2023-11-02T06:49:39.696+0000] {manager.py:499} INFO - Created Permission View: %s
[2023-11-02T06:49:39.706+0000] {logging_mixin.py:151} INFO - [2023-11-02T06:49:39.706+0000] {manager.py:499} INFO - Created Permission View: %s
[2023-11-02T06:49:39.706+0000] {logging_mixin.py:151} INFO - [2023-11-02T06:49:39.706+0000] {dag.py:2941} INFO - Sync 1 DAGs
[2023-11-02T06:49:39.716+0000] {logging_mixin.py:151} INFO - [2023-11-02T06:49:39.716+0000] {dag.py:2963} INFO - Creating ORM DAG for example_skip_dag
[2023-11-02T06:49:39.724+0000] {logging_mixin.py:151} INFO - [2023-11-02T06:49:39.724+0000] {dag.py:3722} INFO - Setting next_dagrun for example_skip_dag to 2023-11-01T06:49:39.724345+00:00, run_after=2023-11-02T06:49:39.724345+00:00
[2023-11-02T06:49:39.745+0000] {processor.py:179} INFO - Processing /home/ubuntu/customer_churn_venv/lib/python3.10/site-packages/airflow/example_dags/example_skip_dag.py took 0.283 seconds
[2023-11-02T06:50:35.914+0000] {processor.py:157} INFO - Started process (PID=3754) to work on /home/ubuntu/customer_churn_venv/lib/python3.10/site-packages/airflow/example_dags/example_skip_dag.py
[2023-11-02T06:50:35.915+0000] {processor.py:829} INFO - Processing file /home/ubuntu/customer_churn_venv/lib/python3.10/site-packages/airflow/example_dags/example_skip_dag.py for tasks to queue
[2023-11-02T06:50:35.916+0000] {logging_mixin.py:151} INFO - [2023-11-02T06:50:35.916+0000] {dagbag.py:536} INFO - Filling up the DagBag from /home/ubuntu/customer_churn_venv/lib/python3.10/site-packages/airflow/example_dags/example_skip_dag.py
[2023-11-02T06:50:35.924+0000] {processor.py:839} INFO - DAG(s) dict_keys(['example_skip_dag']) retrieved from /home/ubuntu/customer_churn_venv/lib/python3.10/site-packages/airflow/example_dags/example_skip_dag.py
[2023-11-02T06:50:35.941+0000] {logging_mixin.py:151} INFO - [2023-11-02T06:50:35.941+0000] {dag.py:2941} INFO - Sync 1 DAGs
[2023-11-02T06:50:35.961+0000] {logging_mixin.py:151} INFO - [2023-11-02T06:50:35.961+0000] {dag.py:3722} INFO - Setting next_dagrun for example_skip_dag to 2023-11-01T06:50:35.960866+00:00, run_after=2023-11-02T06:50:35.960866+00:00
[2023-11-02T06:50:35.986+0000] {processor.py:179} INFO - Processing /home/ubuntu/customer_churn_venv/lib/python3.10/site-packages/airflow/example_dags/example_skip_dag.py took 0.076 seconds
[2023-11-02T06:51:14.881+0000] {processor.py:157} INFO - Started process (PID=3794) to work on /home/ubuntu/customer_churn_venv/lib/python3.10/site-packages/airflow/example_dags/example_skip_dag.py
[2023-11-02T06:51:14.882+0000] {processor.py:829} INFO - Processing file /home/ubuntu/customer_churn_venv/lib/python3.10/site-packages/airflow/example_dags/example_skip_dag.py for tasks to queue
[2023-11-02T06:51:14.883+0000] {logging_mixin.py:151} INFO - [2023-11-02T06:51:14.882+0000] {dagbag.py:536} INFO - Filling up the DagBag from /home/ubuntu/customer_churn_venv/lib/python3.10/site-packages/airflow/example_dags/example_skip_dag.py
[2023-11-02T06:51:14.891+0000] {processor.py:839} INFO - DAG(s) dict_keys(['example_skip_dag']) retrieved from /home/ubuntu/customer_churn_venv/lib/python3.10/site-packages/airflow/example_dags/example_skip_dag.py
[2023-11-02T06:51:14.909+0000] {logging_mixin.py:151} INFO - [2023-11-02T06:51:14.908+0000] {dag.py:2941} INFO - Sync 1 DAGs
[2023-11-02T06:51:14.929+0000] {logging_mixin.py:151} INFO - [2023-11-02T06:51:14.929+0000] {dag.py:3722} INFO - Setting next_dagrun for example_skip_dag to 2023-11-01T06:51:14.928929+00:00, run_after=2023-11-02T06:51:14.928929+00:00
[2023-11-02T06:51:14.953+0000] {processor.py:179} INFO - Processing /home/ubuntu/customer_churn_venv/lib/python3.10/site-packages/airflow/example_dags/example_skip_dag.py took 0.076 seconds
[2023-11-02T06:52:00.137+0000] {processor.py:157} INFO - Started process (PID=3842) to work on /home/ubuntu/customer_churn_venv/lib/python3.10/site-packages/airflow/example_dags/example_skip_dag.py
[2023-11-02T06:52:00.138+0000] {processor.py:829} INFO - Processing file /home/ubuntu/customer_churn_venv/lib/python3.10/site-packages/airflow/example_dags/example_skip_dag.py for tasks to queue
[2023-11-02T06:52:00.139+0000] {logging_mixin.py:151} INFO - [2023-11-02T06:52:00.138+0000] {dagbag.py:536} INFO - Filling up the DagBag from /home/ubuntu/customer_churn_venv/lib/python3.10/site-packages/airflow/example_dags/example_skip_dag.py
[2023-11-02T06:52:00.147+0000] {processor.py:839} INFO - DAG(s) dict_keys(['example_skip_dag']) retrieved from /home/ubuntu/customer_churn_venv/lib/python3.10/site-packages/airflow/example_dags/example_skip_dag.py
[2023-11-02T06:52:00.165+0000] {logging_mixin.py:151} INFO - [2023-11-02T06:52:00.164+0000] {dag.py:2941} INFO - Sync 1 DAGs
[2023-11-02T06:52:00.185+0000] {logging_mixin.py:151} INFO - [2023-11-02T06:52:00.185+0000] {dag.py:3722} INFO - Setting next_dagrun for example_skip_dag to 2023-11-01T06:52:00.185025+00:00, run_after=2023-11-02T06:52:00.185025+00:00
[2023-11-02T06:52:00.208+0000] {processor.py:179} INFO - Processing /home/ubuntu/customer_churn_venv/lib/python3.10/site-packages/airflow/example_dags/example_skip_dag.py took 0.075 seconds
[2023-11-02T06:52:46.464+0000] {processor.py:157} INFO - Started process (PID=3889) to work on /home/ubuntu/customer_churn_venv/lib/python3.10/site-packages/airflow/example_dags/example_skip_dag.py
[2023-11-02T06:52:46.465+0000] {processor.py:829} INFO - Processing file /home/ubuntu/customer_churn_venv/lib/python3.10/site-packages/airflow/example_dags/example_skip_dag.py for tasks to queue
[2023-11-02T06:52:46.466+0000] {logging_mixin.py:151} INFO - [2023-11-02T06:52:46.465+0000] {dagbag.py:536} INFO - Filling up the DagBag from /home/ubuntu/customer_churn_venv/lib/python3.10/site-packages/airflow/example_dags/example_skip_dag.py
[2023-11-02T06:52:46.474+0000] {processor.py:839} INFO - DAG(s) dict_keys(['example_skip_dag']) retrieved from /home/ubuntu/customer_churn_venv/lib/python3.10/site-packages/airflow/example_dags/example_skip_dag.py
[2023-11-02T06:52:46.493+0000] {logging_mixin.py:151} INFO - [2023-11-02T06:52:46.493+0000] {dag.py:2941} INFO - Sync 1 DAGs
[2023-11-02T06:52:46.514+0000] {logging_mixin.py:151} INFO - [2023-11-02T06:52:46.514+0000] {dag.py:3722} INFO - Setting next_dagrun for example_skip_dag to 2023-11-01T06:52:46.514138+00:00, run_after=2023-11-02T06:52:46.514138+00:00
[2023-11-02T06:52:46.540+0000] {processor.py:179} INFO - Processing /home/ubuntu/customer_churn_venv/lib/python3.10/site-packages/airflow/example_dags/example_skip_dag.py took 0.080 seconds
[2023-11-02T06:59:52.515+0000] {processor.py:157} INFO - Started process (PID=4372) to work on /usr/local/lib/python3.10/dist-packages/airflow/example_dags/example_skip_dag.py
[2023-11-02T06:59:52.516+0000] {processor.py:829} INFO - Processing file /usr/local/lib/python3.10/dist-packages/airflow/example_dags/example_skip_dag.py for tasks to queue
[2023-11-02T06:59:52.517+0000] {logging_mixin.py:151} INFO - [2023-11-02T06:59:52.517+0000] {dagbag.py:536} INFO - Filling up the DagBag from /usr/local/lib/python3.10/dist-packages/airflow/example_dags/example_skip_dag.py
[2023-11-02T06:59:52.529+0000] {processor.py:839} INFO - DAG(s) dict_keys(['example_skip_dag']) retrieved from /usr/local/lib/python3.10/dist-packages/airflow/example_dags/example_skip_dag.py
[2023-11-02T06:59:52.537+0000] {logging_mixin.py:151} INFO - [2023-11-02T06:59:52.536+0000] {dag.py:2941} INFO - Sync 1 DAGs
[2023-11-02T06:59:52.666+0000] {logging_mixin.py:151} INFO - [2023-11-02T06:59:52.665+0000] {dag.py:3722} INFO - Setting next_dagrun for example_skip_dag to 2023-11-01T06:59:52.665594+00:00, run_after=2023-11-02T06:59:52.665594+00:00
[2023-11-02T06:59:52.687+0000] {processor.py:179} INFO - Processing /usr/local/lib/python3.10/dist-packages/airflow/example_dags/example_skip_dag.py took 0.175 seconds
[2023-11-02T07:00:39.132+0000] {processor.py:157} INFO - Started process (PID=4418) to work on /usr/local/lib/python3.10/dist-packages/airflow/example_dags/example_skip_dag.py
[2023-11-02T07:00:39.133+0000] {processor.py:829} INFO - Processing file /usr/local/lib/python3.10/dist-packages/airflow/example_dags/example_skip_dag.py for tasks to queue
[2023-11-02T07:00:39.134+0000] {logging_mixin.py:151} INFO - [2023-11-02T07:00:39.134+0000] {dagbag.py:536} INFO - Filling up the DagBag from /usr/local/lib/python3.10/dist-packages/airflow/example_dags/example_skip_dag.py
[2023-11-02T07:00:39.142+0000] {processor.py:839} INFO - DAG(s) dict_keys(['example_skip_dag']) retrieved from /usr/local/lib/python3.10/dist-packages/airflow/example_dags/example_skip_dag.py
[2023-11-02T07:00:39.160+0000] {logging_mixin.py:151} INFO - [2023-11-02T07:00:39.160+0000] {dag.py:2941} INFO - Sync 1 DAGs
[2023-11-02T07:00:39.181+0000] {logging_mixin.py:151} INFO - [2023-11-02T07:00:39.181+0000] {dag.py:3722} INFO - Setting next_dagrun for example_skip_dag to 2023-11-01T07:00:39.181419+00:00, run_after=2023-11-02T07:00:39.181419+00:00
[2023-11-02T07:00:39.210+0000] {processor.py:179} INFO - Processing /usr/local/lib/python3.10/dist-packages/airflow/example_dags/example_skip_dag.py took 0.081 seconds
[2023-11-02T07:01:23.208+0000] {processor.py:157} INFO - Started process (PID=4465) to work on /usr/local/lib/python3.10/dist-packages/airflow/example_dags/example_skip_dag.py
[2023-11-02T07:01:23.211+0000] {processor.py:829} INFO - Processing file /usr/local/lib/python3.10/dist-packages/airflow/example_dags/example_skip_dag.py for tasks to queue
[2023-11-02T07:01:23.212+0000] {logging_mixin.py:151} INFO - [2023-11-02T07:01:23.211+0000] {dagbag.py:536} INFO - Filling up the DagBag from /usr/local/lib/python3.10/dist-packages/airflow/example_dags/example_skip_dag.py
[2023-11-02T07:01:23.220+0000] {processor.py:839} INFO - DAG(s) dict_keys(['example_skip_dag']) retrieved from /usr/local/lib/python3.10/dist-packages/airflow/example_dags/example_skip_dag.py
[2023-11-02T07:01:23.238+0000] {logging_mixin.py:151} INFO - [2023-11-02T07:01:23.238+0000] {dag.py:2941} INFO - Sync 1 DAGs
[2023-11-02T07:01:23.258+0000] {logging_mixin.py:151} INFO - [2023-11-02T07:01:23.258+0000] {dag.py:3722} INFO - Setting next_dagrun for example_skip_dag to 2023-11-01T07:01:23.257984+00:00, run_after=2023-11-02T07:01:23.257984+00:00
[2023-11-02T07:01:23.280+0000] {processor.py:179} INFO - Processing /usr/local/lib/python3.10/dist-packages/airflow/example_dags/example_skip_dag.py took 0.075 seconds
[2023-11-02T07:02:04.816+0000] {processor.py:157} INFO - Started process (PID=4509) to work on /usr/local/lib/python3.10/dist-packages/airflow/example_dags/example_skip_dag.py
[2023-11-02T07:02:04.817+0000] {processor.py:829} INFO - Processing file /usr/local/lib/python3.10/dist-packages/airflow/example_dags/example_skip_dag.py for tasks to queue
[2023-11-02T07:02:04.818+0000] {logging_mixin.py:151} INFO - [2023-11-02T07:02:04.818+0000] {dagbag.py:536} INFO - Filling up the DagBag from /usr/local/lib/python3.10/dist-packages/airflow/example_dags/example_skip_dag.py
[2023-11-02T07:02:04.827+0000] {processor.py:839} INFO - DAG(s) dict_keys(['example_skip_dag']) retrieved from /usr/local/lib/python3.10/dist-packages/airflow/example_dags/example_skip_dag.py
[2023-11-02T07:02:04.845+0000] {logging_mixin.py:151} INFO - [2023-11-02T07:02:04.845+0000] {dag.py:2941} INFO - Sync 1 DAGs
[2023-11-02T07:02:04.866+0000] {logging_mixin.py:151} INFO - [2023-11-02T07:02:04.866+0000] {dag.py:3722} INFO - Setting next_dagrun for example_skip_dag to 2023-11-01T07:02:04.866307+00:00, run_after=2023-11-02T07:02:04.866307+00:00
[2023-11-02T07:02:04.890+0000] {processor.py:179} INFO - Processing /usr/local/lib/python3.10/dist-packages/airflow/example_dags/example_skip_dag.py took 0.077 seconds
[2023-11-02T07:02:48.803+0000] {processor.py:157} INFO - Started process (PID=4554) to work on /usr/local/lib/python3.10/dist-packages/airflow/example_dags/example_skip_dag.py
[2023-11-02T07:02:48.804+0000] {processor.py:829} INFO - Processing file /usr/local/lib/python3.10/dist-packages/airflow/example_dags/example_skip_dag.py for tasks to queue
[2023-11-02T07:02:48.805+0000] {logging_mixin.py:151} INFO - [2023-11-02T07:02:48.805+0000] {dagbag.py:536} INFO - Filling up the DagBag from /usr/local/lib/python3.10/dist-packages/airflow/example_dags/example_skip_dag.py
[2023-11-02T07:02:48.814+0000] {processor.py:839} INFO - DAG(s) dict_keys(['example_skip_dag']) retrieved from /usr/local/lib/python3.10/dist-packages/airflow/example_dags/example_skip_dag.py
[2023-11-02T07:02:48.831+0000] {logging_mixin.py:151} INFO - [2023-11-02T07:02:48.831+0000] {dag.py:2941} INFO - Sync 1 DAGs
[2023-11-02T07:02:48.851+0000] {logging_mixin.py:151} INFO - [2023-11-02T07:02:48.851+0000] {dag.py:3722} INFO - Setting next_dagrun for example_skip_dag to 2023-11-01T07:02:48.851496+00:00, run_after=2023-11-02T07:02:48.851496+00:00
[2023-11-02T07:02:48.873+0000] {processor.py:179} INFO - Processing /usr/local/lib/python3.10/dist-packages/airflow/example_dags/example_skip_dag.py took 0.073 seconds
[2023-11-02T07:03:35.038+0000] {processor.py:157} INFO - Started process (PID=4601) to work on /usr/local/lib/python3.10/dist-packages/airflow/example_dags/example_skip_dag.py
[2023-11-02T07:03:35.039+0000] {processor.py:829} INFO - Processing file /usr/local/lib/python3.10/dist-packages/airflow/example_dags/example_skip_dag.py for tasks to queue
[2023-11-02T07:03:35.040+0000] {logging_mixin.py:151} INFO - [2023-11-02T07:03:35.040+0000] {dagbag.py:536} INFO - Filling up the DagBag from /usr/local/lib/python3.10/dist-packages/airflow/example_dags/example_skip_dag.py
[2023-11-02T07:03:35.048+0000] {processor.py:839} INFO - DAG(s) dict_keys(['example_skip_dag']) retrieved from /usr/local/lib/python3.10/dist-packages/airflow/example_dags/example_skip_dag.py
[2023-11-02T07:03:35.066+0000] {logging_mixin.py:151} INFO - [2023-11-02T07:03:35.066+0000] {dag.py:2941} INFO - Sync 1 DAGs
[2023-11-02T07:03:35.086+0000] {logging_mixin.py:151} INFO - [2023-11-02T07:03:35.086+0000] {dag.py:3722} INFO - Setting next_dagrun for example_skip_dag to 2023-11-01T07:03:35.086091+00:00, run_after=2023-11-02T07:03:35.086091+00:00
[2023-11-02T07:03:35.110+0000] {processor.py:179} INFO - Processing /usr/local/lib/python3.10/dist-packages/airflow/example_dags/example_skip_dag.py took 0.075 seconds
[2023-11-02T07:04:16.599+0000] {processor.py:157} INFO - Started process (PID=4649) to work on /usr/local/lib/python3.10/dist-packages/airflow/example_dags/example_skip_dag.py
[2023-11-02T07:04:16.600+0000] {processor.py:829} INFO - Processing file /usr/local/lib/python3.10/dist-packages/airflow/example_dags/example_skip_dag.py for tasks to queue
[2023-11-02T07:04:16.601+0000] {logging_mixin.py:151} INFO - [2023-11-02T07:04:16.601+0000] {dagbag.py:536} INFO - Filling up the DagBag from /usr/local/lib/python3.10/dist-packages/airflow/example_dags/example_skip_dag.py
[2023-11-02T07:04:16.609+0000] {processor.py:839} INFO - DAG(s) dict_keys(['example_skip_dag']) retrieved from /usr/local/lib/python3.10/dist-packages/airflow/example_dags/example_skip_dag.py
[2023-11-02T07:04:16.626+0000] {logging_mixin.py:151} INFO - [2023-11-02T07:04:16.626+0000] {dag.py:2941} INFO - Sync 1 DAGs
[2023-11-02T07:04:16.648+0000] {logging_mixin.py:151} INFO - [2023-11-02T07:04:16.648+0000] {dag.py:3722} INFO - Setting next_dagrun for example_skip_dag to 2023-11-01T07:04:16.648360+00:00, run_after=2023-11-02T07:04:16.648360+00:00
[2023-11-02T07:04:16.671+0000] {processor.py:179} INFO - Processing /usr/local/lib/python3.10/dist-packages/airflow/example_dags/example_skip_dag.py took 0.075 seconds
[2023-11-02T07:04:54.662+0000] {processor.py:157} INFO - Started process (PID=4690) to work on /usr/local/lib/python3.10/dist-packages/airflow/example_dags/example_skip_dag.py
[2023-11-02T07:04:54.664+0000] {processor.py:829} INFO - Processing file /usr/local/lib/python3.10/dist-packages/airflow/example_dags/example_skip_dag.py for tasks to queue
[2023-11-02T07:04:54.664+0000] {logging_mixin.py:151} INFO - [2023-11-02T07:04:54.664+0000] {dagbag.py:536} INFO - Filling up the DagBag from /usr/local/lib/python3.10/dist-packages/airflow/example_dags/example_skip_dag.py
[2023-11-02T07:04:54.672+0000] {processor.py:839} INFO - DAG(s) dict_keys(['example_skip_dag']) retrieved from /usr/local/lib/python3.10/dist-packages/airflow/example_dags/example_skip_dag.py
[2023-11-02T07:04:54.689+0000] {logging_mixin.py:151} INFO - [2023-11-02T07:04:54.689+0000] {dag.py:2941} INFO - Sync 1 DAGs
[2023-11-02T07:04:54.710+0000] {logging_mixin.py:151} INFO - [2023-11-02T07:04:54.710+0000] {dag.py:3722} INFO - Setting next_dagrun for example_skip_dag to 2023-11-01T07:04:54.709835+00:00, run_after=2023-11-02T07:04:54.709835+00:00
[2023-11-02T07:04:54.732+0000] {processor.py:179} INFO - Processing /usr/local/lib/python3.10/dist-packages/airflow/example_dags/example_skip_dag.py took 0.072 seconds
[2023-11-02T07:05:35.799+0000] {processor.py:157} INFO - Started process (PID=4733) to work on /usr/local/lib/python3.10/dist-packages/airflow/example_dags/example_skip_dag.py
[2023-11-02T07:05:35.800+0000] {processor.py:829} INFO - Processing file /usr/local/lib/python3.10/dist-packages/airflow/example_dags/example_skip_dag.py for tasks to queue
[2023-11-02T07:05:35.801+0000] {logging_mixin.py:151} INFO - [2023-11-02T07:05:35.800+0000] {dagbag.py:536} INFO - Filling up the DagBag from /usr/local/lib/python3.10/dist-packages/airflow/example_dags/example_skip_dag.py
[2023-11-02T07:05:35.809+0000] {processor.py:839} INFO - DAG(s) dict_keys(['example_skip_dag']) retrieved from /usr/local/lib/python3.10/dist-packages/airflow/example_dags/example_skip_dag.py
[2023-11-02T07:05:35.825+0000] {logging_mixin.py:151} INFO - [2023-11-02T07:05:35.825+0000] {dag.py:2941} INFO - Sync 1 DAGs
[2023-11-02T07:05:35.845+0000] {logging_mixin.py:151} INFO - [2023-11-02T07:05:35.845+0000] {dag.py:3722} INFO - Setting next_dagrun for example_skip_dag to 2023-11-01T07:05:35.845307+00:00, run_after=2023-11-02T07:05:35.845307+00:00
[2023-11-02T07:05:35.867+0000] {processor.py:179} INFO - Processing /usr/local/lib/python3.10/dist-packages/airflow/example_dags/example_skip_dag.py took 0.072 seconds
[2023-11-02T07:06:19.737+0000] {processor.py:157} INFO - Started process (PID=4777) to work on /usr/local/lib/python3.10/dist-packages/airflow/example_dags/example_skip_dag.py
[2023-11-02T07:06:19.739+0000] {processor.py:829} INFO - Processing file /usr/local/lib/python3.10/dist-packages/airflow/example_dags/example_skip_dag.py for tasks to queue
[2023-11-02T07:06:19.739+0000] {logging_mixin.py:151} INFO - [2023-11-02T07:06:19.739+0000] {dagbag.py:536} INFO - Filling up the DagBag from /usr/local/lib/python3.10/dist-packages/airflow/example_dags/example_skip_dag.py
[2023-11-02T07:06:19.747+0000] {processor.py:839} INFO - DAG(s) dict_keys(['example_skip_dag']) retrieved from /usr/local/lib/python3.10/dist-packages/airflow/example_dags/example_skip_dag.py
[2023-11-02T07:06:19.765+0000] {logging_mixin.py:151} INFO - [2023-11-02T07:06:19.764+0000] {dag.py:2941} INFO - Sync 1 DAGs
[2023-11-02T07:06:19.785+0000] {logging_mixin.py:151} INFO - [2023-11-02T07:06:19.785+0000] {dag.py:3722} INFO - Setting next_dagrun for example_skip_dag to 2023-11-01T07:06:19.785079+00:00, run_after=2023-11-02T07:06:19.785079+00:00
[2023-11-02T07:06:19.808+0000] {processor.py:179} INFO - Processing /usr/local/lib/python3.10/dist-packages/airflow/example_dags/example_skip_dag.py took 0.073 seconds
[2023-11-02T07:07:08.688+0000] {processor.py:157} INFO - Started process (PID=4826) to work on /usr/local/lib/python3.10/dist-packages/airflow/example_dags/example_skip_dag.py
[2023-11-02T07:07:08.689+0000] {processor.py:829} INFO - Processing file /usr/local/lib/python3.10/dist-packages/airflow/example_dags/example_skip_dag.py for tasks to queue
[2023-11-02T07:07:08.690+0000] {logging_mixin.py:151} INFO - [2023-11-02T07:07:08.689+0000] {dagbag.py:536} INFO - Filling up the DagBag from /usr/local/lib/python3.10/dist-packages/airflow/example_dags/example_skip_dag.py
[2023-11-02T07:07:08.698+0000] {processor.py:839} INFO - DAG(s) dict_keys(['example_skip_dag']) retrieved from /usr/local/lib/python3.10/dist-packages/airflow/example_dags/example_skip_dag.py
[2023-11-02T07:07:08.716+0000] {logging_mixin.py:151} INFO - [2023-11-02T07:07:08.715+0000] {dag.py:2941} INFO - Sync 1 DAGs
[2023-11-02T07:07:08.737+0000] {logging_mixin.py:151} INFO - [2023-11-02T07:07:08.736+0000] {dag.py:3722} INFO - Setting next_dagrun for example_skip_dag to 2023-11-01T07:07:08.736505+00:00, run_after=2023-11-02T07:07:08.736505+00:00
[2023-11-02T07:07:08.769+0000] {processor.py:179} INFO - Processing /usr/local/lib/python3.10/dist-packages/airflow/example_dags/example_skip_dag.py took 0.085 seconds
[2023-11-02T07:07:50.949+0000] {processor.py:157} INFO - Started process (PID=4873) to work on /usr/local/lib/python3.10/dist-packages/airflow/example_dags/example_skip_dag.py
[2023-11-02T07:07:50.950+0000] {processor.py:829} INFO - Processing file /usr/local/lib/python3.10/dist-packages/airflow/example_dags/example_skip_dag.py for tasks to queue
[2023-11-02T07:07:50.951+0000] {logging_mixin.py:151} INFO - [2023-11-02T07:07:50.951+0000] {dagbag.py:536} INFO - Filling up the DagBag from /usr/local/lib/python3.10/dist-packages/airflow/example_dags/example_skip_dag.py
[2023-11-02T07:07:50.959+0000] {processor.py:839} INFO - DAG(s) dict_keys(['example_skip_dag']) retrieved from /usr/local/lib/python3.10/dist-packages/airflow/example_dags/example_skip_dag.py
[2023-11-02T07:07:50.977+0000] {logging_mixin.py:151} INFO - [2023-11-02T07:07:50.977+0000] {dag.py:2941} INFO - Sync 1 DAGs
[2023-11-02T07:07:50.999+0000] {logging_mixin.py:151} INFO - [2023-11-02T07:07:50.998+0000] {dag.py:3722} INFO - Setting next_dagrun for example_skip_dag to 2023-11-01T07:07:50.998600+00:00, run_after=2023-11-02T07:07:50.998600+00:00
[2023-11-02T07:07:51.022+0000] {processor.py:179} INFO - Processing /usr/local/lib/python3.10/dist-packages/airflow/example_dags/example_skip_dag.py took 0.077 seconds
[2023-11-02T07:08:40.080+0000] {processor.py:157} INFO - Started process (PID=5154) to work on /usr/local/lib/python3.10/dist-packages/airflow/example_dags/example_skip_dag.py
[2023-11-02T07:08:40.081+0000] {processor.py:829} INFO - Processing file /usr/local/lib/python3.10/dist-packages/airflow/example_dags/example_skip_dag.py for tasks to queue
[2023-11-02T07:08:40.082+0000] {logging_mixin.py:151} INFO - [2023-11-02T07:08:40.081+0000] {dagbag.py:536} INFO - Filling up the DagBag from /usr/local/lib/python3.10/dist-packages/airflow/example_dags/example_skip_dag.py
[2023-11-02T07:08:40.090+0000] {processor.py:839} INFO - DAG(s) dict_keys(['example_skip_dag']) retrieved from /usr/local/lib/python3.10/dist-packages/airflow/example_dags/example_skip_dag.py
[2023-11-02T07:08:40.107+0000] {logging_mixin.py:151} INFO - [2023-11-02T07:08:40.107+0000] {dag.py:2941} INFO - Sync 1 DAGs
[2023-11-02T07:08:40.127+0000] {logging_mixin.py:151} INFO - [2023-11-02T07:08:40.126+0000] {dag.py:3722} INFO - Setting next_dagrun for example_skip_dag to 2023-11-01T07:08:40.126700+00:00, run_after=2023-11-02T07:08:40.126700+00:00
[2023-11-02T07:08:40.148+0000] {processor.py:179} INFO - Processing /usr/local/lib/python3.10/dist-packages/airflow/example_dags/example_skip_dag.py took 0.071 seconds
[2023-11-02T07:09:23.381+0000] {processor.py:157} INFO - Started process (PID=5359) to work on /usr/local/lib/python3.10/dist-packages/airflow/example_dags/example_skip_dag.py
[2023-11-02T07:09:23.382+0000] {processor.py:829} INFO - Processing file /usr/local/lib/python3.10/dist-packages/airflow/example_dags/example_skip_dag.py for tasks to queue
[2023-11-02T07:09:23.383+0000] {logging_mixin.py:151} INFO - [2023-11-02T07:09:23.382+0000] {dagbag.py:536} INFO - Filling up the DagBag from /usr/local/lib/python3.10/dist-packages/airflow/example_dags/example_skip_dag.py
[2023-11-02T07:09:23.391+0000] {processor.py:839} INFO - DAG(s) dict_keys(['example_skip_dag']) retrieved from /usr/local/lib/python3.10/dist-packages/airflow/example_dags/example_skip_dag.py
[2023-11-02T07:09:23.409+0000] {logging_mixin.py:151} INFO - [2023-11-02T07:09:23.409+0000] {dag.py:2941} INFO - Sync 1 DAGs
[2023-11-02T07:09:23.429+0000] {logging_mixin.py:151} INFO - [2023-11-02T07:09:23.429+0000] {dag.py:3722} INFO - Setting next_dagrun for example_skip_dag to 2023-11-01T07:09:23.429501+00:00, run_after=2023-11-02T07:09:23.429501+00:00
[2023-11-02T07:09:23.451+0000] {processor.py:179} INFO - Processing /usr/local/lib/python3.10/dist-packages/airflow/example_dags/example_skip_dag.py took 0.073 seconds
[2023-11-02T07:10:09.782+0000] {processor.py:157} INFO - Started process (PID=5408) to work on /usr/local/lib/python3.10/dist-packages/airflow/example_dags/example_skip_dag.py
[2023-11-02T07:10:09.784+0000] {processor.py:829} INFO - Processing file /usr/local/lib/python3.10/dist-packages/airflow/example_dags/example_skip_dag.py for tasks to queue
[2023-11-02T07:10:09.785+0000] {logging_mixin.py:151} INFO - [2023-11-02T07:10:09.784+0000] {dagbag.py:536} INFO - Filling up the DagBag from /usr/local/lib/python3.10/dist-packages/airflow/example_dags/example_skip_dag.py
[2023-11-02T07:10:09.793+0000] {processor.py:839} INFO - DAG(s) dict_keys(['example_skip_dag']) retrieved from /usr/local/lib/python3.10/dist-packages/airflow/example_dags/example_skip_dag.py
[2023-11-02T07:10:09.810+0000] {logging_mixin.py:151} INFO - [2023-11-02T07:10:09.810+0000] {dag.py:2941} INFO - Sync 1 DAGs
[2023-11-02T07:10:09.830+0000] {logging_mixin.py:151} INFO - [2023-11-02T07:10:09.829+0000] {dag.py:3722} INFO - Setting next_dagrun for example_skip_dag to 2023-11-01T07:10:09.829682+00:00, run_after=2023-11-02T07:10:09.829682+00:00
[2023-11-02T07:10:09.851+0000] {processor.py:179} INFO - Processing /usr/local/lib/python3.10/dist-packages/airflow/example_dags/example_skip_dag.py took 0.072 seconds
[2023-11-02T07:10:57.048+0000] {processor.py:157} INFO - Started process (PID=5456) to work on /usr/local/lib/python3.10/dist-packages/airflow/example_dags/example_skip_dag.py
[2023-11-02T07:10:57.049+0000] {processor.py:829} INFO - Processing file /usr/local/lib/python3.10/dist-packages/airflow/example_dags/example_skip_dag.py for tasks to queue
[2023-11-02T07:10:57.050+0000] {logging_mixin.py:151} INFO - [2023-11-02T07:10:57.050+0000] {dagbag.py:536} INFO - Filling up the DagBag from /usr/local/lib/python3.10/dist-packages/airflow/example_dags/example_skip_dag.py
[2023-11-02T07:10:57.059+0000] {processor.py:839} INFO - DAG(s) dict_keys(['example_skip_dag']) retrieved from /usr/local/lib/python3.10/dist-packages/airflow/example_dags/example_skip_dag.py
[2023-11-02T07:10:57.076+0000] {logging_mixin.py:151} INFO - [2023-11-02T07:10:57.076+0000] {dag.py:2941} INFO - Sync 1 DAGs
[2023-11-02T07:10:57.098+0000] {logging_mixin.py:151} INFO - [2023-11-02T07:10:57.097+0000] {dag.py:3722} INFO - Setting next_dagrun for example_skip_dag to 2023-11-01T07:10:57.097694+00:00, run_after=2023-11-02T07:10:57.097694+00:00
[2023-11-02T07:10:57.121+0000] {processor.py:179} INFO - Processing /usr/local/lib/python3.10/dist-packages/airflow/example_dags/example_skip_dag.py took 0.077 seconds
[2023-11-02T07:11:45.408+0000] {processor.py:157} INFO - Started process (PID=5510) to work on /usr/local/lib/python3.10/dist-packages/airflow/example_dags/example_skip_dag.py
[2023-11-02T07:11:45.409+0000] {processor.py:829} INFO - Processing file /usr/local/lib/python3.10/dist-packages/airflow/example_dags/example_skip_dag.py for tasks to queue
[2023-11-02T07:11:45.410+0000] {logging_mixin.py:151} INFO - [2023-11-02T07:11:45.410+0000] {dagbag.py:536} INFO - Filling up the DagBag from /usr/local/lib/python3.10/dist-packages/airflow/example_dags/example_skip_dag.py
[2023-11-02T07:11:45.418+0000] {processor.py:839} INFO - DAG(s) dict_keys(['example_skip_dag']) retrieved from /usr/local/lib/python3.10/dist-packages/airflow/example_dags/example_skip_dag.py
[2023-11-02T07:11:45.437+0000] {logging_mixin.py:151} INFO - [2023-11-02T07:11:45.436+0000] {dag.py:2941} INFO - Sync 1 DAGs
[2023-11-02T07:11:45.458+0000] {logging_mixin.py:151} INFO - [2023-11-02T07:11:45.457+0000] {dag.py:3722} INFO - Setting next_dagrun for example_skip_dag to 2023-11-01T07:11:45.457568+00:00, run_after=2023-11-02T07:11:45.457568+00:00
[2023-11-02T07:11:45.481+0000] {processor.py:179} INFO - Processing /usr/local/lib/python3.10/dist-packages/airflow/example_dags/example_skip_dag.py took 0.076 seconds
[2023-11-02T07:12:26.444+0000] {processor.py:157} INFO - Started process (PID=5555) to work on /usr/local/lib/python3.10/dist-packages/airflow/example_dags/example_skip_dag.py
[2023-11-02T07:12:26.445+0000] {processor.py:829} INFO - Processing file /usr/local/lib/python3.10/dist-packages/airflow/example_dags/example_skip_dag.py for tasks to queue
[2023-11-02T07:12:26.446+0000] {logging_mixin.py:151} INFO - [2023-11-02T07:12:26.446+0000] {dagbag.py:536} INFO - Filling up the DagBag from /usr/local/lib/python3.10/dist-packages/airflow/example_dags/example_skip_dag.py
[2023-11-02T07:12:26.454+0000] {processor.py:839} INFO - DAG(s) dict_keys(['example_skip_dag']) retrieved from /usr/local/lib/python3.10/dist-packages/airflow/example_dags/example_skip_dag.py
[2023-11-02T07:12:26.471+0000] {logging_mixin.py:151} INFO - [2023-11-02T07:12:26.471+0000] {dag.py:2941} INFO - Sync 1 DAGs
[2023-11-02T07:12:26.492+0000] {logging_mixin.py:151} INFO - [2023-11-02T07:12:26.492+0000] {dag.py:3722} INFO - Setting next_dagrun for example_skip_dag to 2023-11-01T07:12:26.491783+00:00, run_after=2023-11-02T07:12:26.491783+00:00
[2023-11-02T07:12:26.513+0000] {processor.py:179} INFO - Processing /usr/local/lib/python3.10/dist-packages/airflow/example_dags/example_skip_dag.py took 0.072 seconds
