[2023-11-02T06:49:49.853+0000] {processor.py:157} INFO - Started process (PID=3716) to work on /home/ubuntu/customer_churn_venv/lib/python3.10/site-packages/airflow/example_dags/example_time_delta_sensor_async.py
[2023-11-02T06:49:49.854+0000] {processor.py:829} INFO - Processing file /home/ubuntu/customer_churn_venv/lib/python3.10/site-packages/airflow/example_dags/example_time_delta_sensor_async.py for tasks to queue
[2023-11-02T06:49:49.855+0000] {logging_mixin.py:151} INFO - [2023-11-02T06:49:49.854+0000] {dagbag.py:536} INFO - Filling up the DagBag from /home/ubuntu/customer_churn_venv/lib/python3.10/site-packages/airflow/example_dags/example_time_delta_sensor_async.py
[2023-11-02T06:49:49.859+0000] {processor.py:839} INFO - DAG(s) dict_keys(['example_time_delta_sensor_async']) retrieved from /home/ubuntu/customer_churn_venv/lib/python3.10/site-packages/airflow/example_dags/example_time_delta_sensor_async.py
[2023-11-02T06:49:50.082+0000] {logging_mixin.py:151} INFO - [2023-11-02T06:49:50.082+0000] {manager.py:499} INFO - Created Permission View: %s
[2023-11-02T06:49:50.098+0000] {logging_mixin.py:151} INFO - [2023-11-02T06:49:50.097+0000] {manager.py:499} INFO - Created Permission View: %s
[2023-11-02T06:49:50.107+0000] {logging_mixin.py:151} INFO - [2023-11-02T06:49:50.107+0000] {manager.py:499} INFO - Created Permission View: %s
[2023-11-02T06:49:50.107+0000] {logging_mixin.py:151} INFO - [2023-11-02T06:49:50.107+0000] {dag.py:2941} INFO - Sync 1 DAGs
[2023-11-02T06:49:50.118+0000] {logging_mixin.py:151} INFO - [2023-11-02T06:49:50.117+0000] {dag.py:2963} INFO - Creating ORM DAG for example_time_delta_sensor_async
[2023-11-02T06:49:50.118+0000] {logging_mixin.py:151} INFO - [2023-11-02T06:49:50.118+0000] {dag.py:3722} INFO - Setting next_dagrun for example_time_delta_sensor_async to None, run_after=None
[2023-11-02T06:49:50.140+0000] {processor.py:179} INFO - Processing /home/ubuntu/customer_churn_venv/lib/python3.10/site-packages/airflow/example_dags/example_time_delta_sensor_async.py took 0.290 seconds
[2023-11-02T06:50:44.595+0000] {processor.py:157} INFO - Started process (PID=3762) to work on /home/ubuntu/customer_churn_venv/lib/python3.10/site-packages/airflow/example_dags/example_time_delta_sensor_async.py
[2023-11-02T06:50:44.597+0000] {processor.py:829} INFO - Processing file /home/ubuntu/customer_churn_venv/lib/python3.10/site-packages/airflow/example_dags/example_time_delta_sensor_async.py for tasks to queue
[2023-11-02T06:50:44.598+0000] {logging_mixin.py:151} INFO - [2023-11-02T06:50:44.597+0000] {dagbag.py:536} INFO - Filling up the DagBag from /home/ubuntu/customer_churn_venv/lib/python3.10/site-packages/airflow/example_dags/example_time_delta_sensor_async.py
[2023-11-02T06:50:44.602+0000] {processor.py:839} INFO - DAG(s) dict_keys(['example_time_delta_sensor_async']) retrieved from /home/ubuntu/customer_churn_venv/lib/python3.10/site-packages/airflow/example_dags/example_time_delta_sensor_async.py
[2023-11-02T06:50:44.621+0000] {logging_mixin.py:151} INFO - [2023-11-02T06:50:44.621+0000] {dag.py:2941} INFO - Sync 1 DAGs
[2023-11-02T06:50:44.636+0000] {logging_mixin.py:151} INFO - [2023-11-02T06:50:44.635+0000] {dag.py:3722} INFO - Setting next_dagrun for example_time_delta_sensor_async to None, run_after=None
[2023-11-02T06:50:44.660+0000] {processor.py:179} INFO - Processing /home/ubuntu/customer_churn_venv/lib/python3.10/site-packages/airflow/example_dags/example_time_delta_sensor_async.py took 0.068 seconds
[2023-11-02T06:51:28.809+0000] {processor.py:157} INFO - Started process (PID=3810) to work on /home/ubuntu/customer_churn_venv/lib/python3.10/site-packages/airflow/example_dags/example_time_delta_sensor_async.py
[2023-11-02T06:51:28.811+0000] {processor.py:829} INFO - Processing file /home/ubuntu/customer_churn_venv/lib/python3.10/site-packages/airflow/example_dags/example_time_delta_sensor_async.py for tasks to queue
[2023-11-02T06:51:28.811+0000] {logging_mixin.py:151} INFO - [2023-11-02T06:51:28.811+0000] {dagbag.py:536} INFO - Filling up the DagBag from /home/ubuntu/customer_churn_venv/lib/python3.10/site-packages/airflow/example_dags/example_time_delta_sensor_async.py
[2023-11-02T06:51:28.817+0000] {processor.py:839} INFO - DAG(s) dict_keys(['example_time_delta_sensor_async']) retrieved from /home/ubuntu/customer_churn_venv/lib/python3.10/site-packages/airflow/example_dags/example_time_delta_sensor_async.py
[2023-11-02T06:51:28.834+0000] {logging_mixin.py:151} INFO - [2023-11-02T06:51:28.834+0000] {dag.py:2941} INFO - Sync 1 DAGs
[2023-11-02T06:51:28.846+0000] {logging_mixin.py:151} INFO - [2023-11-02T06:51:28.846+0000] {dag.py:3722} INFO - Setting next_dagrun for example_time_delta_sensor_async to None, run_after=None
[2023-11-02T06:51:28.868+0000] {processor.py:179} INFO - Processing /home/ubuntu/customer_churn_venv/lib/python3.10/site-packages/airflow/example_dags/example_time_delta_sensor_async.py took 0.062 seconds
[2023-11-02T06:52:15.365+0000] {processor.py:157} INFO - Started process (PID=3857) to work on /home/ubuntu/customer_churn_venv/lib/python3.10/site-packages/airflow/example_dags/example_time_delta_sensor_async.py
[2023-11-02T06:52:15.367+0000] {processor.py:829} INFO - Processing file /home/ubuntu/customer_churn_venv/lib/python3.10/site-packages/airflow/example_dags/example_time_delta_sensor_async.py for tasks to queue
[2023-11-02T06:52:15.367+0000] {logging_mixin.py:151} INFO - [2023-11-02T06:52:15.367+0000] {dagbag.py:536} INFO - Filling up the DagBag from /home/ubuntu/customer_churn_venv/lib/python3.10/site-packages/airflow/example_dags/example_time_delta_sensor_async.py
[2023-11-02T06:52:15.373+0000] {processor.py:839} INFO - DAG(s) dict_keys(['example_time_delta_sensor_async']) retrieved from /home/ubuntu/customer_churn_venv/lib/python3.10/site-packages/airflow/example_dags/example_time_delta_sensor_async.py
[2023-11-02T06:52:15.390+0000] {logging_mixin.py:151} INFO - [2023-11-02T06:52:15.390+0000] {dag.py:2941} INFO - Sync 1 DAGs
[2023-11-02T06:52:15.402+0000] {logging_mixin.py:151} INFO - [2023-11-02T06:52:15.402+0000] {dag.py:3722} INFO - Setting next_dagrun for example_time_delta_sensor_async to None, run_after=None
[2023-11-02T06:52:15.423+0000] {processor.py:179} INFO - Processing /home/ubuntu/customer_churn_venv/lib/python3.10/site-packages/airflow/example_dags/example_time_delta_sensor_async.py took 0.061 seconds
[2023-11-02T06:53:02.116+0000] {processor.py:157} INFO - Started process (PID=3905) to work on /home/ubuntu/customer_churn_venv/lib/python3.10/site-packages/airflow/example_dags/example_time_delta_sensor_async.py
[2023-11-02T06:53:02.118+0000] {processor.py:829} INFO - Processing file /home/ubuntu/customer_churn_venv/lib/python3.10/site-packages/airflow/example_dags/example_time_delta_sensor_async.py for tasks to queue
[2023-11-02T06:53:02.118+0000] {logging_mixin.py:151} INFO - [2023-11-02T06:53:02.118+0000] {dagbag.py:536} INFO - Filling up the DagBag from /home/ubuntu/customer_churn_venv/lib/python3.10/site-packages/airflow/example_dags/example_time_delta_sensor_async.py
[2023-11-02T06:53:02.123+0000] {processor.py:839} INFO - DAG(s) dict_keys(['example_time_delta_sensor_async']) retrieved from /home/ubuntu/customer_churn_venv/lib/python3.10/site-packages/airflow/example_dags/example_time_delta_sensor_async.py
[2023-11-02T06:53:02.141+0000] {logging_mixin.py:151} INFO - [2023-11-02T06:53:02.141+0000] {dag.py:2941} INFO - Sync 1 DAGs
[2023-11-02T06:53:02.153+0000] {logging_mixin.py:151} INFO - [2023-11-02T06:53:02.153+0000] {dag.py:3722} INFO - Setting next_dagrun for example_time_delta_sensor_async to None, run_after=None
[2023-11-02T06:53:02.177+0000] {processor.py:179} INFO - Processing /home/ubuntu/customer_churn_venv/lib/python3.10/site-packages/airflow/example_dags/example_time_delta_sensor_async.py took 0.064 seconds
[2023-11-02T07:00:00.493+0000] {processor.py:157} INFO - Started process (PID=4380) to work on /usr/local/lib/python3.10/dist-packages/airflow/example_dags/example_time_delta_sensor_async.py
[2023-11-02T07:00:00.494+0000] {processor.py:829} INFO - Processing file /usr/local/lib/python3.10/dist-packages/airflow/example_dags/example_time_delta_sensor_async.py for tasks to queue
[2023-11-02T07:00:00.495+0000] {logging_mixin.py:151} INFO - [2023-11-02T07:00:00.495+0000] {dagbag.py:536} INFO - Filling up the DagBag from /usr/local/lib/python3.10/dist-packages/airflow/example_dags/example_time_delta_sensor_async.py
[2023-11-02T07:00:00.500+0000] {processor.py:839} INFO - DAG(s) dict_keys(['example_time_delta_sensor_async']) retrieved from /usr/local/lib/python3.10/dist-packages/airflow/example_dags/example_time_delta_sensor_async.py
[2023-11-02T07:00:00.625+0000] {logging_mixin.py:151} INFO - [2023-11-02T07:00:00.624+0000] {dag.py:2941} INFO - Sync 1 DAGs
[2023-11-02T07:00:00.636+0000] {logging_mixin.py:151} INFO - [2023-11-02T07:00:00.635+0000] {dag.py:3722} INFO - Setting next_dagrun for example_time_delta_sensor_async to None, run_after=None
[2023-11-02T07:00:00.658+0000] {processor.py:179} INFO - Processing /usr/local/lib/python3.10/dist-packages/airflow/example_dags/example_time_delta_sensor_async.py took 0.168 seconds
[2023-11-02T07:00:45.973+0000] {processor.py:157} INFO - Started process (PID=4427) to work on /usr/local/lib/python3.10/dist-packages/airflow/example_dags/example_time_delta_sensor_async.py
[2023-11-02T07:00:45.974+0000] {processor.py:829} INFO - Processing file /usr/local/lib/python3.10/dist-packages/airflow/example_dags/example_time_delta_sensor_async.py for tasks to queue
[2023-11-02T07:00:45.975+0000] {logging_mixin.py:151} INFO - [2023-11-02T07:00:45.975+0000] {dagbag.py:536} INFO - Filling up the DagBag from /usr/local/lib/python3.10/dist-packages/airflow/example_dags/example_time_delta_sensor_async.py
[2023-11-02T07:00:45.981+0000] {processor.py:839} INFO - DAG(s) dict_keys(['example_time_delta_sensor_async']) retrieved from /usr/local/lib/python3.10/dist-packages/airflow/example_dags/example_time_delta_sensor_async.py
[2023-11-02T07:00:45.999+0000] {logging_mixin.py:151} INFO - [2023-11-02T07:00:45.998+0000] {dag.py:2941} INFO - Sync 1 DAGs
[2023-11-02T07:00:46.011+0000] {logging_mixin.py:151} INFO - [2023-11-02T07:00:46.011+0000] {dag.py:3722} INFO - Setting next_dagrun for example_time_delta_sensor_async to None, run_after=None
[2023-11-02T07:00:46.034+0000] {processor.py:179} INFO - Processing /usr/local/lib/python3.10/dist-packages/airflow/example_dags/example_time_delta_sensor_async.py took 0.064 seconds
[2023-11-02T07:01:31.065+0000] {processor.py:157} INFO - Started process (PID=4473) to work on /usr/local/lib/python3.10/dist-packages/airflow/example_dags/example_time_delta_sensor_async.py
[2023-11-02T07:01:31.066+0000] {processor.py:829} INFO - Processing file /usr/local/lib/python3.10/dist-packages/airflow/example_dags/example_time_delta_sensor_async.py for tasks to queue
[2023-11-02T07:01:31.067+0000] {logging_mixin.py:151} INFO - [2023-11-02T07:01:31.066+0000] {dagbag.py:536} INFO - Filling up the DagBag from /usr/local/lib/python3.10/dist-packages/airflow/example_dags/example_time_delta_sensor_async.py
[2023-11-02T07:01:31.073+0000] {processor.py:839} INFO - DAG(s) dict_keys(['example_time_delta_sensor_async']) retrieved from /usr/local/lib/python3.10/dist-packages/airflow/example_dags/example_time_delta_sensor_async.py
[2023-11-02T07:01:31.090+0000] {logging_mixin.py:151} INFO - [2023-11-02T07:01:31.089+0000] {dag.py:2941} INFO - Sync 1 DAGs
[2023-11-02T07:01:31.101+0000] {logging_mixin.py:151} INFO - [2023-11-02T07:01:31.101+0000] {dag.py:3722} INFO - Setting next_dagrun for example_time_delta_sensor_async to None, run_after=None
[2023-11-02T07:01:31.122+0000] {processor.py:179} INFO - Processing /usr/local/lib/python3.10/dist-packages/airflow/example_dags/example_time_delta_sensor_async.py took 0.061 seconds
[2023-11-02T07:02:14.197+0000] {processor.py:157} INFO - Started process (PID=4519) to work on /usr/local/lib/python3.10/dist-packages/airflow/example_dags/example_time_delta_sensor_async.py
[2023-11-02T07:02:14.198+0000] {processor.py:829} INFO - Processing file /usr/local/lib/python3.10/dist-packages/airflow/example_dags/example_time_delta_sensor_async.py for tasks to queue
[2023-11-02T07:02:14.199+0000] {logging_mixin.py:151} INFO - [2023-11-02T07:02:14.198+0000] {dagbag.py:536} INFO - Filling up the DagBag from /usr/local/lib/python3.10/dist-packages/airflow/example_dags/example_time_delta_sensor_async.py
[2023-11-02T07:02:14.204+0000] {processor.py:839} INFO - DAG(s) dict_keys(['example_time_delta_sensor_async']) retrieved from /usr/local/lib/python3.10/dist-packages/airflow/example_dags/example_time_delta_sensor_async.py
[2023-11-02T07:02:14.222+0000] {logging_mixin.py:151} INFO - [2023-11-02T07:02:14.222+0000] {dag.py:2941} INFO - Sync 1 DAGs
[2023-11-02T07:02:14.234+0000] {logging_mixin.py:151} INFO - [2023-11-02T07:02:14.234+0000] {dag.py:3722} INFO - Setting next_dagrun for example_time_delta_sensor_async to None, run_after=None
[2023-11-02T07:02:14.257+0000] {processor.py:179} INFO - Processing /usr/local/lib/python3.10/dist-packages/airflow/example_dags/example_time_delta_sensor_async.py took 0.063 seconds
[2023-11-02T07:02:59.601+0000] {processor.py:157} INFO - Started process (PID=4566) to work on /usr/local/lib/python3.10/dist-packages/airflow/example_dags/example_time_delta_sensor_async.py
[2023-11-02T07:02:59.602+0000] {processor.py:829} INFO - Processing file /usr/local/lib/python3.10/dist-packages/airflow/example_dags/example_time_delta_sensor_async.py for tasks to queue
[2023-11-02T07:02:59.603+0000] {logging_mixin.py:151} INFO - [2023-11-02T07:02:59.602+0000] {dagbag.py:536} INFO - Filling up the DagBag from /usr/local/lib/python3.10/dist-packages/airflow/example_dags/example_time_delta_sensor_async.py
[2023-11-02T07:02:59.608+0000] {processor.py:839} INFO - DAG(s) dict_keys(['example_time_delta_sensor_async']) retrieved from /usr/local/lib/python3.10/dist-packages/airflow/example_dags/example_time_delta_sensor_async.py
[2023-11-02T07:02:59.625+0000] {logging_mixin.py:151} INFO - [2023-11-02T07:02:59.624+0000] {dag.py:2941} INFO - Sync 1 DAGs
[2023-11-02T07:02:59.636+0000] {logging_mixin.py:151} INFO - [2023-11-02T07:02:59.636+0000] {dag.py:3722} INFO - Setting next_dagrun for example_time_delta_sensor_async to None, run_after=None
[2023-11-02T07:02:59.659+0000] {processor.py:179} INFO - Processing /usr/local/lib/python3.10/dist-packages/airflow/example_dags/example_time_delta_sensor_async.py took 0.062 seconds
[2023-11-02T07:03:42.659+0000] {processor.py:157} INFO - Started process (PID=4609) to work on /usr/local/lib/python3.10/dist-packages/airflow/example_dags/example_time_delta_sensor_async.py
[2023-11-02T07:03:42.660+0000] {processor.py:829} INFO - Processing file /usr/local/lib/python3.10/dist-packages/airflow/example_dags/example_time_delta_sensor_async.py for tasks to queue
[2023-11-02T07:03:42.661+0000] {logging_mixin.py:151} INFO - [2023-11-02T07:03:42.661+0000] {dagbag.py:536} INFO - Filling up the DagBag from /usr/local/lib/python3.10/dist-packages/airflow/example_dags/example_time_delta_sensor_async.py
[2023-11-02T07:03:42.666+0000] {processor.py:839} INFO - DAG(s) dict_keys(['example_time_delta_sensor_async']) retrieved from /usr/local/lib/python3.10/dist-packages/airflow/example_dags/example_time_delta_sensor_async.py
[2023-11-02T07:03:42.683+0000] {logging_mixin.py:151} INFO - [2023-11-02T07:03:42.683+0000] {dag.py:2941} INFO - Sync 1 DAGs
[2023-11-02T07:03:42.695+0000] {logging_mixin.py:151} INFO - [2023-11-02T07:03:42.695+0000] {dag.py:3722} INFO - Setting next_dagrun for example_time_delta_sensor_async to None, run_after=None
[2023-11-02T07:03:42.720+0000] {processor.py:179} INFO - Processing /usr/local/lib/python3.10/dist-packages/airflow/example_dags/example_time_delta_sensor_async.py took 0.064 seconds
[2023-11-02T07:04:26.723+0000] {processor.py:157} INFO - Started process (PID=4659) to work on /usr/local/lib/python3.10/dist-packages/airflow/example_dags/example_time_delta_sensor_async.py
[2023-11-02T07:04:26.724+0000] {processor.py:829} INFO - Processing file /usr/local/lib/python3.10/dist-packages/airflow/example_dags/example_time_delta_sensor_async.py for tasks to queue
[2023-11-02T07:04:26.725+0000] {logging_mixin.py:151} INFO - [2023-11-02T07:04:26.724+0000] {dagbag.py:536} INFO - Filling up the DagBag from /usr/local/lib/python3.10/dist-packages/airflow/example_dags/example_time_delta_sensor_async.py
[2023-11-02T07:04:26.730+0000] {processor.py:839} INFO - DAG(s) dict_keys(['example_time_delta_sensor_async']) retrieved from /usr/local/lib/python3.10/dist-packages/airflow/example_dags/example_time_delta_sensor_async.py
[2023-11-02T07:04:26.747+0000] {logging_mixin.py:151} INFO - [2023-11-02T07:04:26.747+0000] {dag.py:2941} INFO - Sync 1 DAGs
[2023-11-02T07:04:26.759+0000] {logging_mixin.py:151} INFO - [2023-11-02T07:04:26.759+0000] {dag.py:3722} INFO - Setting next_dagrun for example_time_delta_sensor_async to None, run_after=None
[2023-11-02T07:04:26.781+0000] {processor.py:179} INFO - Processing /usr/local/lib/python3.10/dist-packages/airflow/example_dags/example_time_delta_sensor_async.py took 0.062 seconds
[2023-11-02T07:05:08.923+0000] {processor.py:157} INFO - Started process (PID=4705) to work on /usr/local/lib/python3.10/dist-packages/airflow/example_dags/example_time_delta_sensor_async.py
[2023-11-02T07:05:08.924+0000] {processor.py:829} INFO - Processing file /usr/local/lib/python3.10/dist-packages/airflow/example_dags/example_time_delta_sensor_async.py for tasks to queue
[2023-11-02T07:05:08.925+0000] {logging_mixin.py:151} INFO - [2023-11-02T07:05:08.925+0000] {dagbag.py:536} INFO - Filling up the DagBag from /usr/local/lib/python3.10/dist-packages/airflow/example_dags/example_time_delta_sensor_async.py
[2023-11-02T07:05:08.930+0000] {processor.py:839} INFO - DAG(s) dict_keys(['example_time_delta_sensor_async']) retrieved from /usr/local/lib/python3.10/dist-packages/airflow/example_dags/example_time_delta_sensor_async.py
[2023-11-02T07:05:08.947+0000] {logging_mixin.py:151} INFO - [2023-11-02T07:05:08.946+0000] {dag.py:2941} INFO - Sync 1 DAGs
[2023-11-02T07:05:08.960+0000] {logging_mixin.py:151} INFO - [2023-11-02T07:05:08.960+0000] {dag.py:3722} INFO - Setting next_dagrun for example_time_delta_sensor_async to None, run_after=None
[2023-11-02T07:05:08.982+0000] {processor.py:179} INFO - Processing /usr/local/lib/python3.10/dist-packages/airflow/example_dags/example_time_delta_sensor_async.py took 0.063 seconds
[2023-11-02T07:05:52.387+0000] {processor.py:157} INFO - Started process (PID=4750) to work on /usr/local/lib/python3.10/dist-packages/airflow/example_dags/example_time_delta_sensor_async.py
[2023-11-02T07:05:52.388+0000] {processor.py:829} INFO - Processing file /usr/local/lib/python3.10/dist-packages/airflow/example_dags/example_time_delta_sensor_async.py for tasks to queue
[2023-11-02T07:05:52.389+0000] {logging_mixin.py:151} INFO - [2023-11-02T07:05:52.389+0000] {dagbag.py:536} INFO - Filling up the DagBag from /usr/local/lib/python3.10/dist-packages/airflow/example_dags/example_time_delta_sensor_async.py
[2023-11-02T07:05:52.394+0000] {processor.py:839} INFO - DAG(s) dict_keys(['example_time_delta_sensor_async']) retrieved from /usr/local/lib/python3.10/dist-packages/airflow/example_dags/example_time_delta_sensor_async.py
[2023-11-02T07:05:52.415+0000] {logging_mixin.py:151} INFO - [2023-11-02T07:05:52.415+0000] {dag.py:2941} INFO - Sync 1 DAGs
[2023-11-02T07:05:52.429+0000] {logging_mixin.py:151} INFO - [2023-11-02T07:05:52.428+0000] {dag.py:3722} INFO - Setting next_dagrun for example_time_delta_sensor_async to None, run_after=None
[2023-11-02T07:05:52.453+0000] {processor.py:179} INFO - Processing /usr/local/lib/python3.10/dist-packages/airflow/example_dags/example_time_delta_sensor_async.py took 0.069 seconds
[2023-11-02T07:06:40.697+0000] {processor.py:157} INFO - Started process (PID=4798) to work on /usr/local/lib/python3.10/dist-packages/airflow/example_dags/example_time_delta_sensor_async.py
[2023-11-02T07:06:40.698+0000] {processor.py:829} INFO - Processing file /usr/local/lib/python3.10/dist-packages/airflow/example_dags/example_time_delta_sensor_async.py for tasks to queue
[2023-11-02T07:06:40.699+0000] {logging_mixin.py:151} INFO - [2023-11-02T07:06:40.698+0000] {dagbag.py:536} INFO - Filling up the DagBag from /usr/local/lib/python3.10/dist-packages/airflow/example_dags/example_time_delta_sensor_async.py
[2023-11-02T07:06:40.704+0000] {processor.py:839} INFO - DAG(s) dict_keys(['example_time_delta_sensor_async']) retrieved from /usr/local/lib/python3.10/dist-packages/airflow/example_dags/example_time_delta_sensor_async.py
[2023-11-02T07:06:40.722+0000] {logging_mixin.py:151} INFO - [2023-11-02T07:06:40.722+0000] {dag.py:2941} INFO - Sync 1 DAGs
[2023-11-02T07:06:40.736+0000] {logging_mixin.py:151} INFO - [2023-11-02T07:06:40.735+0000] {dag.py:3722} INFO - Setting next_dagrun for example_time_delta_sensor_async to None, run_after=None
[2023-11-02T07:06:40.760+0000] {processor.py:179} INFO - Processing /usr/local/lib/python3.10/dist-packages/airflow/example_dags/example_time_delta_sensor_async.py took 0.066 seconds
[2023-11-02T07:07:28.062+0000] {processor.py:157} INFO - Started process (PID=4846) to work on /usr/local/lib/python3.10/dist-packages/airflow/example_dags/example_time_delta_sensor_async.py
[2023-11-02T07:07:28.063+0000] {processor.py:829} INFO - Processing file /usr/local/lib/python3.10/dist-packages/airflow/example_dags/example_time_delta_sensor_async.py for tasks to queue
[2023-11-02T07:07:28.064+0000] {logging_mixin.py:151} INFO - [2023-11-02T07:07:28.064+0000] {dagbag.py:536} INFO - Filling up the DagBag from /usr/local/lib/python3.10/dist-packages/airflow/example_dags/example_time_delta_sensor_async.py
[2023-11-02T07:07:28.070+0000] {processor.py:839} INFO - DAG(s) dict_keys(['example_time_delta_sensor_async']) retrieved from /usr/local/lib/python3.10/dist-packages/airflow/example_dags/example_time_delta_sensor_async.py
[2023-11-02T07:07:28.086+0000] {logging_mixin.py:151} INFO - [2023-11-02T07:07:28.086+0000] {dag.py:2941} INFO - Sync 1 DAGs
[2023-11-02T07:07:28.098+0000] {logging_mixin.py:151} INFO - [2023-11-02T07:07:28.098+0000] {dag.py:3722} INFO - Setting next_dagrun for example_time_delta_sensor_async to None, run_after=None
[2023-11-02T07:07:28.121+0000] {processor.py:179} INFO - Processing /usr/local/lib/python3.10/dist-packages/airflow/example_dags/example_time_delta_sensor_async.py took 0.062 seconds
[2023-11-02T07:08:10.191+0000] {processor.py:157} INFO - Started process (PID=4892) to work on /usr/local/lib/python3.10/dist-packages/airflow/example_dags/example_time_delta_sensor_async.py
[2023-11-02T07:08:10.192+0000] {processor.py:829} INFO - Processing file /usr/local/lib/python3.10/dist-packages/airflow/example_dags/example_time_delta_sensor_async.py for tasks to queue
[2023-11-02T07:08:10.193+0000] {logging_mixin.py:151} INFO - [2023-11-02T07:08:10.193+0000] {dagbag.py:536} INFO - Filling up the DagBag from /usr/local/lib/python3.10/dist-packages/airflow/example_dags/example_time_delta_sensor_async.py
[2023-11-02T07:08:10.199+0000] {processor.py:839} INFO - DAG(s) dict_keys(['example_time_delta_sensor_async']) retrieved from /usr/local/lib/python3.10/dist-packages/airflow/example_dags/example_time_delta_sensor_async.py
[2023-11-02T07:08:10.215+0000] {logging_mixin.py:151} INFO - [2023-11-02T07:08:10.215+0000] {dag.py:2941} INFO - Sync 1 DAGs
[2023-11-02T07:08:10.228+0000] {logging_mixin.py:151} INFO - [2023-11-02T07:08:10.227+0000] {dag.py:3722} INFO - Setting next_dagrun for example_time_delta_sensor_async to None, run_after=None
[2023-11-02T07:08:10.250+0000] {processor.py:179} INFO - Processing /usr/local/lib/python3.10/dist-packages/airflow/example_dags/example_time_delta_sensor_async.py took 0.062 seconds
[2023-11-02T07:08:57.789+0000] {processor.py:157} INFO - Started process (PID=5174) to work on /usr/local/lib/python3.10/dist-packages/airflow/example_dags/example_time_delta_sensor_async.py
[2023-11-02T07:08:57.790+0000] {processor.py:829} INFO - Processing file /usr/local/lib/python3.10/dist-packages/airflow/example_dags/example_time_delta_sensor_async.py for tasks to queue
[2023-11-02T07:08:57.791+0000] {logging_mixin.py:151} INFO - [2023-11-02T07:08:57.790+0000] {dagbag.py:536} INFO - Filling up the DagBag from /usr/local/lib/python3.10/dist-packages/airflow/example_dags/example_time_delta_sensor_async.py
[2023-11-02T07:08:57.795+0000] {processor.py:839} INFO - DAG(s) dict_keys(['example_time_delta_sensor_async']) retrieved from /usr/local/lib/python3.10/dist-packages/airflow/example_dags/example_time_delta_sensor_async.py
[2023-11-02T07:08:57.812+0000] {logging_mixin.py:151} INFO - [2023-11-02T07:08:57.812+0000] {dag.py:2941} INFO - Sync 1 DAGs
[2023-11-02T07:08:57.824+0000] {logging_mixin.py:151} INFO - [2023-11-02T07:08:57.823+0000] {dag.py:3722} INFO - Setting next_dagrun for example_time_delta_sensor_async to None, run_after=None
[2023-11-02T07:08:57.846+0000] {processor.py:179} INFO - Processing /usr/local/lib/python3.10/dist-packages/airflow/example_dags/example_time_delta_sensor_async.py took 0.060 seconds
[2023-11-02T07:09:41.382+0000] {processor.py:157} INFO - Started process (PID=5377) to work on /usr/local/lib/python3.10/dist-packages/airflow/example_dags/example_time_delta_sensor_async.py
[2023-11-02T07:09:41.384+0000] {processor.py:829} INFO - Processing file /usr/local/lib/python3.10/dist-packages/airflow/example_dags/example_time_delta_sensor_async.py for tasks to queue
[2023-11-02T07:09:41.384+0000] {logging_mixin.py:151} INFO - [2023-11-02T07:09:41.384+0000] {dagbag.py:536} INFO - Filling up the DagBag from /usr/local/lib/python3.10/dist-packages/airflow/example_dags/example_time_delta_sensor_async.py
[2023-11-02T07:09:41.389+0000] {processor.py:839} INFO - DAG(s) dict_keys(['example_time_delta_sensor_async']) retrieved from /usr/local/lib/python3.10/dist-packages/airflow/example_dags/example_time_delta_sensor_async.py
[2023-11-02T07:09:41.406+0000] {logging_mixin.py:151} INFO - [2023-11-02T07:09:41.406+0000] {dag.py:2941} INFO - Sync 1 DAGs
[2023-11-02T07:09:41.418+0000] {logging_mixin.py:151} INFO - [2023-11-02T07:09:41.418+0000] {dag.py:3722} INFO - Setting next_dagrun for example_time_delta_sensor_async to None, run_after=None
[2023-11-02T07:09:41.441+0000] {processor.py:179} INFO - Processing /usr/local/lib/python3.10/dist-packages/airflow/example_dags/example_time_delta_sensor_async.py took 0.062 seconds
[2023-11-02T07:10:26.615+0000] {processor.py:157} INFO - Started process (PID=5425) to work on /usr/local/lib/python3.10/dist-packages/airflow/example_dags/example_time_delta_sensor_async.py
[2023-11-02T07:10:26.616+0000] {processor.py:829} INFO - Processing file /usr/local/lib/python3.10/dist-packages/airflow/example_dags/example_time_delta_sensor_async.py for tasks to queue
[2023-11-02T07:10:26.617+0000] {logging_mixin.py:151} INFO - [2023-11-02T07:10:26.616+0000] {dagbag.py:536} INFO - Filling up the DagBag from /usr/local/lib/python3.10/dist-packages/airflow/example_dags/example_time_delta_sensor_async.py
[2023-11-02T07:10:26.622+0000] {processor.py:839} INFO - DAG(s) dict_keys(['example_time_delta_sensor_async']) retrieved from /usr/local/lib/python3.10/dist-packages/airflow/example_dags/example_time_delta_sensor_async.py
[2023-11-02T07:10:26.639+0000] {logging_mixin.py:151} INFO - [2023-11-02T07:10:26.639+0000] {dag.py:2941} INFO - Sync 1 DAGs
[2023-11-02T07:10:26.651+0000] {logging_mixin.py:151} INFO - [2023-11-02T07:10:26.651+0000] {dag.py:3722} INFO - Setting next_dagrun for example_time_delta_sensor_async to None, run_after=None
[2023-11-02T07:10:26.673+0000] {processor.py:179} INFO - Processing /usr/local/lib/python3.10/dist-packages/airflow/example_dags/example_time_delta_sensor_async.py took 0.062 seconds
[2023-11-02T07:11:15.465+0000] {processor.py:157} INFO - Started process (PID=5474) to work on /usr/local/lib/python3.10/dist-packages/airflow/example_dags/example_time_delta_sensor_async.py
[2023-11-02T07:11:15.467+0000] {processor.py:829} INFO - Processing file /usr/local/lib/python3.10/dist-packages/airflow/example_dags/example_time_delta_sensor_async.py for tasks to queue
[2023-11-02T07:11:15.467+0000] {logging_mixin.py:151} INFO - [2023-11-02T07:11:15.467+0000] {dagbag.py:536} INFO - Filling up the DagBag from /usr/local/lib/python3.10/dist-packages/airflow/example_dags/example_time_delta_sensor_async.py
[2023-11-02T07:11:15.473+0000] {processor.py:839} INFO - DAG(s) dict_keys(['example_time_delta_sensor_async']) retrieved from /usr/local/lib/python3.10/dist-packages/airflow/example_dags/example_time_delta_sensor_async.py
[2023-11-02T07:11:15.490+0000] {logging_mixin.py:151} INFO - [2023-11-02T07:11:15.490+0000] {dag.py:2941} INFO - Sync 1 DAGs
[2023-11-02T07:11:15.503+0000] {logging_mixin.py:151} INFO - [2023-11-02T07:11:15.503+0000] {dag.py:3722} INFO - Setting next_dagrun for example_time_delta_sensor_async to None, run_after=None
[2023-11-02T07:11:15.529+0000] {processor.py:179} INFO - Processing /usr/local/lib/python3.10/dist-packages/airflow/example_dags/example_time_delta_sensor_async.py took 0.067 seconds
[2023-11-02T07:12:01.828+0000] {processor.py:157} INFO - Started process (PID=5527) to work on /usr/local/lib/python3.10/dist-packages/airflow/example_dags/example_time_delta_sensor_async.py
[2023-11-02T07:12:01.829+0000] {processor.py:829} INFO - Processing file /usr/local/lib/python3.10/dist-packages/airflow/example_dags/example_time_delta_sensor_async.py for tasks to queue
[2023-11-02T07:12:01.830+0000] {logging_mixin.py:151} INFO - [2023-11-02T07:12:01.830+0000] {dagbag.py:536} INFO - Filling up the DagBag from /usr/local/lib/python3.10/dist-packages/airflow/example_dags/example_time_delta_sensor_async.py
[2023-11-02T07:12:01.835+0000] {processor.py:839} INFO - DAG(s) dict_keys(['example_time_delta_sensor_async']) retrieved from /usr/local/lib/python3.10/dist-packages/airflow/example_dags/example_time_delta_sensor_async.py
[2023-11-02T07:12:01.853+0000] {logging_mixin.py:151} INFO - [2023-11-02T07:12:01.853+0000] {dag.py:2941} INFO - Sync 1 DAGs
[2023-11-02T07:12:01.866+0000] {logging_mixin.py:151} INFO - [2023-11-02T07:12:01.865+0000] {dag.py:3722} INFO - Setting next_dagrun for example_time_delta_sensor_async to None, run_after=None
[2023-11-02T07:12:01.891+0000] {processor.py:179} INFO - Processing /usr/local/lib/python3.10/dist-packages/airflow/example_dags/example_time_delta_sensor_async.py took 0.066 seconds
[2023-11-02T07:12:40.739+0000] {processor.py:157} INFO - Started process (PID=5569) to work on /usr/local/lib/python3.10/dist-packages/airflow/example_dags/example_time_delta_sensor_async.py
[2023-11-02T07:12:40.741+0000] {processor.py:829} INFO - Processing file /usr/local/lib/python3.10/dist-packages/airflow/example_dags/example_time_delta_sensor_async.py for tasks to queue
[2023-11-02T07:12:40.741+0000] {logging_mixin.py:151} INFO - [2023-11-02T07:12:40.741+0000] {dagbag.py:536} INFO - Filling up the DagBag from /usr/local/lib/python3.10/dist-packages/airflow/example_dags/example_time_delta_sensor_async.py
[2023-11-02T07:12:40.746+0000] {processor.py:839} INFO - DAG(s) dict_keys(['example_time_delta_sensor_async']) retrieved from /usr/local/lib/python3.10/dist-packages/airflow/example_dags/example_time_delta_sensor_async.py
[2023-11-02T07:12:40.763+0000] {logging_mixin.py:151} INFO - [2023-11-02T07:12:40.763+0000] {dag.py:2941} INFO - Sync 1 DAGs
[2023-11-02T07:12:40.775+0000] {logging_mixin.py:151} INFO - [2023-11-02T07:12:40.774+0000] {dag.py:3722} INFO - Setting next_dagrun for example_time_delta_sensor_async to None, run_after=None
[2023-11-02T07:12:40.796+0000] {processor.py:179} INFO - Processing /usr/local/lib/python3.10/dist-packages/airflow/example_dags/example_time_delta_sensor_async.py took 0.060 seconds
