[2023-11-02T06:50:03.194+0000] {processor.py:157} INFO - Started process (PID=3726) to work on /home/ubuntu/customer_churn_venv/lib/python3.10/site-packages/airflow/example_dags/example_setup_teardown.py
[2023-11-02T06:50:03.195+0000] {processor.py:829} INFO - Processing file /home/ubuntu/customer_churn_venv/lib/python3.10/site-packages/airflow/example_dags/example_setup_teardown.py for tasks to queue
[2023-11-02T06:50:03.196+0000] {logging_mixin.py:151} INFO - [2023-11-02T06:50:03.195+0000] {dagbag.py:536} INFO - Filling up the DagBag from /home/ubuntu/customer_churn_venv/lib/python3.10/site-packages/airflow/example_dags/example_setup_teardown.py
[2023-11-02T06:50:03.203+0000] {processor.py:839} INFO - DAG(s) dict_keys(['example_setup_teardown']) retrieved from /home/ubuntu/customer_churn_venv/lib/python3.10/site-packages/airflow/example_dags/example_setup_teardown.py
[2023-11-02T06:50:03.418+0000] {logging_mixin.py:151} INFO - [2023-11-02T06:50:03.417+0000] {manager.py:499} INFO - Created Permission View: %s
[2023-11-02T06:50:03.430+0000] {logging_mixin.py:151} INFO - [2023-11-02T06:50:03.430+0000] {manager.py:499} INFO - Created Permission View: %s
[2023-11-02T06:50:03.439+0000] {logging_mixin.py:151} INFO - [2023-11-02T06:50:03.439+0000] {manager.py:499} INFO - Created Permission View: %s
[2023-11-02T06:50:03.440+0000] {logging_mixin.py:151} INFO - [2023-11-02T06:50:03.440+0000] {dag.py:2941} INFO - Sync 1 DAGs
[2023-11-02T06:50:03.450+0000] {logging_mixin.py:151} INFO - [2023-11-02T06:50:03.450+0000] {dag.py:2963} INFO - Creating ORM DAG for example_setup_teardown
[2023-11-02T06:50:03.458+0000] {logging_mixin.py:151} INFO - [2023-11-02T06:50:03.458+0000] {dag.py:3722} INFO - Setting next_dagrun for example_setup_teardown to 2023-11-01T06:50:03.458056+00:00, run_after=2023-11-02T06:50:03.458056+00:00
[2023-11-02T06:50:03.480+0000] {processor.py:179} INFO - Processing /home/ubuntu/customer_churn_venv/lib/python3.10/site-packages/airflow/example_dags/example_setup_teardown.py took 0.289 seconds
[2023-11-02T06:50:54.955+0000] {processor.py:157} INFO - Started process (PID=3772) to work on /home/ubuntu/customer_churn_venv/lib/python3.10/site-packages/airflow/example_dags/example_setup_teardown.py
[2023-11-02T06:50:54.956+0000] {processor.py:829} INFO - Processing file /home/ubuntu/customer_churn_venv/lib/python3.10/site-packages/airflow/example_dags/example_setup_teardown.py for tasks to queue
[2023-11-02T06:50:54.957+0000] {logging_mixin.py:151} INFO - [2023-11-02T06:50:54.957+0000] {dagbag.py:536} INFO - Filling up the DagBag from /home/ubuntu/customer_churn_venv/lib/python3.10/site-packages/airflow/example_dags/example_setup_teardown.py
[2023-11-02T06:50:54.967+0000] {processor.py:839} INFO - DAG(s) dict_keys(['example_setup_teardown']) retrieved from /home/ubuntu/customer_churn_venv/lib/python3.10/site-packages/airflow/example_dags/example_setup_teardown.py
[2023-11-02T06:50:54.984+0000] {logging_mixin.py:151} INFO - [2023-11-02T06:50:54.984+0000] {dag.py:2941} INFO - Sync 1 DAGs
[2023-11-02T06:50:55.005+0000] {logging_mixin.py:151} INFO - [2023-11-02T06:50:55.005+0000] {dag.py:3722} INFO - Setting next_dagrun for example_setup_teardown to 2023-11-01T06:50:55.005451+00:00, run_after=2023-11-02T06:50:55.005451+00:00
[2023-11-02T06:50:55.028+0000] {processor.py:179} INFO - Processing /home/ubuntu/customer_churn_venv/lib/python3.10/site-packages/airflow/example_dags/example_setup_teardown.py took 0.076 seconds
[2023-11-02T06:51:39.852+0000] {processor.py:157} INFO - Started process (PID=3821) to work on /home/ubuntu/customer_churn_venv/lib/python3.10/site-packages/airflow/example_dags/example_setup_teardown.py
[2023-11-02T06:51:39.854+0000] {processor.py:829} INFO - Processing file /home/ubuntu/customer_churn_venv/lib/python3.10/site-packages/airflow/example_dags/example_setup_teardown.py for tasks to queue
[2023-11-02T06:51:39.854+0000] {logging_mixin.py:151} INFO - [2023-11-02T06:51:39.854+0000] {dagbag.py:536} INFO - Filling up the DagBag from /home/ubuntu/customer_churn_venv/lib/python3.10/site-packages/airflow/example_dags/example_setup_teardown.py
[2023-11-02T06:51:39.863+0000] {processor.py:839} INFO - DAG(s) dict_keys(['example_setup_teardown']) retrieved from /home/ubuntu/customer_churn_venv/lib/python3.10/site-packages/airflow/example_dags/example_setup_teardown.py
[2023-11-02T06:51:39.880+0000] {logging_mixin.py:151} INFO - [2023-11-02T06:51:39.879+0000] {dag.py:2941} INFO - Sync 1 DAGs
[2023-11-02T06:51:39.900+0000] {logging_mixin.py:151} INFO - [2023-11-02T06:51:39.900+0000] {dag.py:3722} INFO - Setting next_dagrun for example_setup_teardown to 2023-11-01T06:51:39.900320+00:00, run_after=2023-11-02T06:51:39.900320+00:00
[2023-11-02T06:51:39.923+0000] {processor.py:179} INFO - Processing /home/ubuntu/customer_churn_venv/lib/python3.10/site-packages/airflow/example_dags/example_setup_teardown.py took 0.074 seconds
[2023-11-02T06:52:27.573+0000] {processor.py:157} INFO - Started process (PID=3869) to work on /home/ubuntu/customer_churn_venv/lib/python3.10/site-packages/airflow/example_dags/example_setup_teardown.py
[2023-11-02T06:52:27.575+0000] {processor.py:829} INFO - Processing file /home/ubuntu/customer_churn_venv/lib/python3.10/site-packages/airflow/example_dags/example_setup_teardown.py for tasks to queue
[2023-11-02T06:52:27.575+0000] {logging_mixin.py:151} INFO - [2023-11-02T06:52:27.575+0000] {dagbag.py:536} INFO - Filling up the DagBag from /home/ubuntu/customer_churn_venv/lib/python3.10/site-packages/airflow/example_dags/example_setup_teardown.py
[2023-11-02T06:52:27.583+0000] {processor.py:839} INFO - DAG(s) dict_keys(['example_setup_teardown']) retrieved from /home/ubuntu/customer_churn_venv/lib/python3.10/site-packages/airflow/example_dags/example_setup_teardown.py
[2023-11-02T06:52:27.600+0000] {logging_mixin.py:151} INFO - [2023-11-02T06:52:27.600+0000] {dag.py:2941} INFO - Sync 1 DAGs
[2023-11-02T06:52:27.621+0000] {logging_mixin.py:151} INFO - [2023-11-02T06:52:27.621+0000] {dag.py:3722} INFO - Setting next_dagrun for example_setup_teardown to 2023-11-01T06:52:27.620876+00:00, run_after=2023-11-02T06:52:27.620876+00:00
[2023-11-02T06:52:27.643+0000] {processor.py:179} INFO - Processing /home/ubuntu/customer_churn_venv/lib/python3.10/site-packages/airflow/example_dags/example_setup_teardown.py took 0.073 seconds
[2023-11-02T07:00:10.993+0000] {processor.py:157} INFO - Started process (PID=4390) to work on /usr/local/lib/python3.10/dist-packages/airflow/example_dags/example_setup_teardown.py
[2023-11-02T07:00:10.994+0000] {processor.py:829} INFO - Processing file /usr/local/lib/python3.10/dist-packages/airflow/example_dags/example_setup_teardown.py for tasks to queue
[2023-11-02T07:00:10.995+0000] {logging_mixin.py:151} INFO - [2023-11-02T07:00:10.995+0000] {dagbag.py:536} INFO - Filling up the DagBag from /usr/local/lib/python3.10/dist-packages/airflow/example_dags/example_setup_teardown.py
[2023-11-02T07:00:11.004+0000] {processor.py:839} INFO - DAG(s) dict_keys(['example_setup_teardown']) retrieved from /usr/local/lib/python3.10/dist-packages/airflow/example_dags/example_setup_teardown.py
[2023-11-02T07:00:11.023+0000] {logging_mixin.py:151} INFO - [2023-11-02T07:00:11.023+0000] {dag.py:2941} INFO - Sync 1 DAGs
[2023-11-02T07:00:11.044+0000] {logging_mixin.py:151} INFO - [2023-11-02T07:00:11.044+0000] {dag.py:3722} INFO - Setting next_dagrun for example_setup_teardown to 2023-11-01T07:00:11.043890+00:00, run_after=2023-11-02T07:00:11.043890+00:00
[2023-11-02T07:00:11.067+0000] {processor.py:179} INFO - Processing /usr/local/lib/python3.10/dist-packages/airflow/example_dags/example_setup_teardown.py took 0.078 seconds
[2023-11-02T07:00:56.218+0000] {processor.py:157} INFO - Started process (PID=4437) to work on /usr/local/lib/python3.10/dist-packages/airflow/example_dags/example_setup_teardown.py
[2023-11-02T07:00:56.219+0000] {processor.py:829} INFO - Processing file /usr/local/lib/python3.10/dist-packages/airflow/example_dags/example_setup_teardown.py for tasks to queue
[2023-11-02T07:00:56.220+0000] {logging_mixin.py:151} INFO - [2023-11-02T07:00:56.219+0000] {dagbag.py:536} INFO - Filling up the DagBag from /usr/local/lib/python3.10/dist-packages/airflow/example_dags/example_setup_teardown.py
[2023-11-02T07:00:56.228+0000] {processor.py:839} INFO - DAG(s) dict_keys(['example_setup_teardown']) retrieved from /usr/local/lib/python3.10/dist-packages/airflow/example_dags/example_setup_teardown.py
[2023-11-02T07:00:56.245+0000] {logging_mixin.py:151} INFO - [2023-11-02T07:00:56.245+0000] {dag.py:2941} INFO - Sync 1 DAGs
[2023-11-02T07:00:56.266+0000] {logging_mixin.py:151} INFO - [2023-11-02T07:00:56.265+0000] {dag.py:3722} INFO - Setting next_dagrun for example_setup_teardown to 2023-11-01T07:00:56.265728+00:00, run_after=2023-11-02T07:00:56.265728+00:00
[2023-11-02T07:00:56.289+0000] {processor.py:179} INFO - Processing /usr/local/lib/python3.10/dist-packages/airflow/example_dags/example_setup_teardown.py took 0.074 seconds
[2023-11-02T07:01:41.036+0000] {processor.py:157} INFO - Started process (PID=4483) to work on /usr/local/lib/python3.10/dist-packages/airflow/example_dags/example_setup_teardown.py
[2023-11-02T07:01:41.037+0000] {processor.py:829} INFO - Processing file /usr/local/lib/python3.10/dist-packages/airflow/example_dags/example_setup_teardown.py for tasks to queue
[2023-11-02T07:01:41.038+0000] {logging_mixin.py:151} INFO - [2023-11-02T07:01:41.037+0000] {dagbag.py:536} INFO - Filling up the DagBag from /usr/local/lib/python3.10/dist-packages/airflow/example_dags/example_setup_teardown.py
[2023-11-02T07:01:41.046+0000] {processor.py:839} INFO - DAG(s) dict_keys(['example_setup_teardown']) retrieved from /usr/local/lib/python3.10/dist-packages/airflow/example_dags/example_setup_teardown.py
[2023-11-02T07:01:41.063+0000] {logging_mixin.py:151} INFO - [2023-11-02T07:01:41.062+0000] {dag.py:2941} INFO - Sync 1 DAGs
[2023-11-02T07:01:41.083+0000] {logging_mixin.py:151} INFO - [2023-11-02T07:01:41.083+0000] {dag.py:3722} INFO - Setting next_dagrun for example_setup_teardown to 2023-11-01T07:01:41.083084+00:00, run_after=2023-11-02T07:01:41.083084+00:00
[2023-11-02T07:01:41.106+0000] {processor.py:179} INFO - Processing /usr/local/lib/python3.10/dist-packages/airflow/example_dags/example_setup_teardown.py took 0.074 seconds
[2023-11-02T07:02:24.164+0000] {processor.py:157} INFO - Started process (PID=4529) to work on /usr/local/lib/python3.10/dist-packages/airflow/example_dags/example_setup_teardown.py
[2023-11-02T07:02:24.165+0000] {processor.py:829} INFO - Processing file /usr/local/lib/python3.10/dist-packages/airflow/example_dags/example_setup_teardown.py for tasks to queue
[2023-11-02T07:02:24.166+0000] {logging_mixin.py:151} INFO - [2023-11-02T07:02:24.166+0000] {dagbag.py:536} INFO - Filling up the DagBag from /usr/local/lib/python3.10/dist-packages/airflow/example_dags/example_setup_teardown.py
[2023-11-02T07:02:24.174+0000] {processor.py:839} INFO - DAG(s) dict_keys(['example_setup_teardown']) retrieved from /usr/local/lib/python3.10/dist-packages/airflow/example_dags/example_setup_teardown.py
[2023-11-02T07:02:24.191+0000] {logging_mixin.py:151} INFO - [2023-11-02T07:02:24.191+0000] {dag.py:2941} INFO - Sync 1 DAGs
[2023-11-02T07:02:24.212+0000] {logging_mixin.py:151} INFO - [2023-11-02T07:02:24.212+0000] {dag.py:3722} INFO - Setting next_dagrun for example_setup_teardown to 2023-11-01T07:02:24.211792+00:00, run_after=2023-11-02T07:02:24.211792+00:00
[2023-11-02T07:02:24.234+0000] {processor.py:179} INFO - Processing /usr/local/lib/python3.10/dist-packages/airflow/example_dags/example_setup_teardown.py took 0.073 seconds
[2023-11-02T07:03:10.340+0000] {processor.py:157} INFO - Started process (PID=4576) to work on /usr/local/lib/python3.10/dist-packages/airflow/example_dags/example_setup_teardown.py
[2023-11-02T07:03:10.342+0000] {processor.py:829} INFO - Processing file /usr/local/lib/python3.10/dist-packages/airflow/example_dags/example_setup_teardown.py for tasks to queue
[2023-11-02T07:03:10.342+0000] {logging_mixin.py:151} INFO - [2023-11-02T07:03:10.342+0000] {dagbag.py:536} INFO - Filling up the DagBag from /usr/local/lib/python3.10/dist-packages/airflow/example_dags/example_setup_teardown.py
[2023-11-02T07:03:10.351+0000] {processor.py:839} INFO - DAG(s) dict_keys(['example_setup_teardown']) retrieved from /usr/local/lib/python3.10/dist-packages/airflow/example_dags/example_setup_teardown.py
[2023-11-02T07:03:10.368+0000] {logging_mixin.py:151} INFO - [2023-11-02T07:03:10.367+0000] {dag.py:2941} INFO - Sync 1 DAGs
[2023-11-02T07:03:10.388+0000] {logging_mixin.py:151} INFO - [2023-11-02T07:03:10.388+0000] {dag.py:3722} INFO - Setting next_dagrun for example_setup_teardown to 2023-11-01T07:03:10.388262+00:00, run_after=2023-11-02T07:03:10.388262+00:00
[2023-11-02T07:03:10.412+0000] {processor.py:179} INFO - Processing /usr/local/lib/python3.10/dist-packages/airflow/example_dags/example_setup_teardown.py took 0.075 seconds
[2023-11-02T07:03:55.634+0000] {processor.py:157} INFO - Started process (PID=4624) to work on /usr/local/lib/python3.10/dist-packages/airflow/example_dags/example_setup_teardown.py
[2023-11-02T07:03:55.635+0000] {processor.py:829} INFO - Processing file /usr/local/lib/python3.10/dist-packages/airflow/example_dags/example_setup_teardown.py for tasks to queue
[2023-11-02T07:03:55.636+0000] {logging_mixin.py:151} INFO - [2023-11-02T07:03:55.636+0000] {dagbag.py:536} INFO - Filling up the DagBag from /usr/local/lib/python3.10/dist-packages/airflow/example_dags/example_setup_teardown.py
[2023-11-02T07:03:55.644+0000] {processor.py:839} INFO - DAG(s) dict_keys(['example_setup_teardown']) retrieved from /usr/local/lib/python3.10/dist-packages/airflow/example_dags/example_setup_teardown.py
[2023-11-02T07:03:55.661+0000] {logging_mixin.py:151} INFO - [2023-11-02T07:03:55.661+0000] {dag.py:2941} INFO - Sync 1 DAGs
[2023-11-02T07:03:55.681+0000] {logging_mixin.py:151} INFO - [2023-11-02T07:03:55.681+0000] {dag.py:3722} INFO - Setting next_dagrun for example_setup_teardown to 2023-11-01T07:03:55.681468+00:00, run_after=2023-11-02T07:03:55.681468+00:00
[2023-11-02T07:03:55.704+0000] {processor.py:179} INFO - Processing /usr/local/lib/python3.10/dist-packages/airflow/example_dags/example_setup_teardown.py took 0.073 seconds
[2023-11-02T07:04:40.548+0000] {processor.py:157} INFO - Started process (PID=4674) to work on /usr/local/lib/python3.10/dist-packages/airflow/example_dags/example_setup_teardown.py
[2023-11-02T07:04:40.549+0000] {processor.py:829} INFO - Processing file /usr/local/lib/python3.10/dist-packages/airflow/example_dags/example_setup_teardown.py for tasks to queue
[2023-11-02T07:04:40.550+0000] {logging_mixin.py:151} INFO - [2023-11-02T07:04:40.550+0000] {dagbag.py:536} INFO - Filling up the DagBag from /usr/local/lib/python3.10/dist-packages/airflow/example_dags/example_setup_teardown.py
[2023-11-02T07:04:40.558+0000] {processor.py:839} INFO - DAG(s) dict_keys(['example_setup_teardown']) retrieved from /usr/local/lib/python3.10/dist-packages/airflow/example_dags/example_setup_teardown.py
[2023-11-02T07:04:40.575+0000] {logging_mixin.py:151} INFO - [2023-11-02T07:04:40.575+0000] {dag.py:2941} INFO - Sync 1 DAGs
[2023-11-02T07:04:40.596+0000] {logging_mixin.py:151} INFO - [2023-11-02T07:04:40.595+0000] {dag.py:3722} INFO - Setting next_dagrun for example_setup_teardown to 2023-11-01T07:04:40.595660+00:00, run_after=2023-11-02T07:04:40.595660+00:00
[2023-11-02T07:04:40.619+0000] {processor.py:179} INFO - Processing /usr/local/lib/python3.10/dist-packages/airflow/example_dags/example_setup_teardown.py took 0.075 seconds
[2023-11-02T07:05:20.457+0000] {processor.py:157} INFO - Started process (PID=4717) to work on /usr/local/lib/python3.10/dist-packages/airflow/example_dags/example_setup_teardown.py
[2023-11-02T07:05:20.458+0000] {processor.py:829} INFO - Processing file /usr/local/lib/python3.10/dist-packages/airflow/example_dags/example_setup_teardown.py for tasks to queue
[2023-11-02T07:05:20.459+0000] {logging_mixin.py:151} INFO - [2023-11-02T07:05:20.459+0000] {dagbag.py:536} INFO - Filling up the DagBag from /usr/local/lib/python3.10/dist-packages/airflow/example_dags/example_setup_teardown.py
[2023-11-02T07:05:20.467+0000] {processor.py:839} INFO - DAG(s) dict_keys(['example_setup_teardown']) retrieved from /usr/local/lib/python3.10/dist-packages/airflow/example_dags/example_setup_teardown.py
[2023-11-02T07:05:20.483+0000] {logging_mixin.py:151} INFO - [2023-11-02T07:05:20.483+0000] {dag.py:2941} INFO - Sync 1 DAGs
[2023-11-02T07:05:20.503+0000] {logging_mixin.py:151} INFO - [2023-11-02T07:05:20.503+0000] {dag.py:3722} INFO - Setting next_dagrun for example_setup_teardown to 2023-11-01T07:05:20.503367+00:00, run_after=2023-11-02T07:05:20.503367+00:00
[2023-11-02T07:05:20.526+0000] {processor.py:179} INFO - Processing /usr/local/lib/python3.10/dist-packages/airflow/example_dags/example_setup_teardown.py took 0.072 seconds
[2023-11-02T07:06:05.662+0000] {processor.py:157} INFO - Started process (PID=4763) to work on /usr/local/lib/python3.10/dist-packages/airflow/example_dags/example_setup_teardown.py
[2023-11-02T07:06:05.663+0000] {processor.py:829} INFO - Processing file /usr/local/lib/python3.10/dist-packages/airflow/example_dags/example_setup_teardown.py for tasks to queue
[2023-11-02T07:06:05.664+0000] {logging_mixin.py:151} INFO - [2023-11-02T07:06:05.664+0000] {dagbag.py:536} INFO - Filling up the DagBag from /usr/local/lib/python3.10/dist-packages/airflow/example_dags/example_setup_teardown.py
[2023-11-02T07:06:05.672+0000] {processor.py:839} INFO - DAG(s) dict_keys(['example_setup_teardown']) retrieved from /usr/local/lib/python3.10/dist-packages/airflow/example_dags/example_setup_teardown.py
[2023-11-02T07:06:05.689+0000] {logging_mixin.py:151} INFO - [2023-11-02T07:06:05.689+0000] {dag.py:2941} INFO - Sync 1 DAGs
[2023-11-02T07:06:05.710+0000] {logging_mixin.py:151} INFO - [2023-11-02T07:06:05.710+0000] {dag.py:3722} INFO - Setting next_dagrun for example_setup_teardown to 2023-11-01T07:06:05.710158+00:00, run_after=2023-11-02T07:06:05.710158+00:00
[2023-11-02T07:06:05.733+0000] {processor.py:179} INFO - Processing /usr/local/lib/python3.10/dist-packages/airflow/example_dags/example_setup_teardown.py took 0.074 seconds
[2023-11-02T07:06:55.662+0000] {processor.py:157} INFO - Started process (PID=4813) to work on /usr/local/lib/python3.10/dist-packages/airflow/example_dags/example_setup_teardown.py
[2023-11-02T07:06:55.664+0000] {processor.py:829} INFO - Processing file /usr/local/lib/python3.10/dist-packages/airflow/example_dags/example_setup_teardown.py for tasks to queue
[2023-11-02T07:06:55.665+0000] {logging_mixin.py:151} INFO - [2023-11-02T07:06:55.664+0000] {dagbag.py:536} INFO - Filling up the DagBag from /usr/local/lib/python3.10/dist-packages/airflow/example_dags/example_setup_teardown.py
[2023-11-02T07:06:55.673+0000] {processor.py:839} INFO - DAG(s) dict_keys(['example_setup_teardown']) retrieved from /usr/local/lib/python3.10/dist-packages/airflow/example_dags/example_setup_teardown.py
[2023-11-02T07:06:55.689+0000] {logging_mixin.py:151} INFO - [2023-11-02T07:06:55.689+0000] {dag.py:2941} INFO - Sync 1 DAGs
[2023-11-02T07:06:55.709+0000] {logging_mixin.py:151} INFO - [2023-11-02T07:06:55.709+0000] {dag.py:3722} INFO - Setting next_dagrun for example_setup_teardown to 2023-11-01T07:06:55.708875+00:00, run_after=2023-11-02T07:06:55.708875+00:00
[2023-11-02T07:06:55.731+0000] {processor.py:179} INFO - Processing /usr/local/lib/python3.10/dist-packages/airflow/example_dags/example_setup_teardown.py took 0.072 seconds
[2023-11-02T07:07:42.144+0000] {processor.py:157} INFO - Started process (PID=4862) to work on /usr/local/lib/python3.10/dist-packages/airflow/example_dags/example_setup_teardown.py
[2023-11-02T07:07:42.145+0000] {processor.py:829} INFO - Processing file /usr/local/lib/python3.10/dist-packages/airflow/example_dags/example_setup_teardown.py for tasks to queue
[2023-11-02T07:07:42.146+0000] {logging_mixin.py:151} INFO - [2023-11-02T07:07:42.146+0000] {dagbag.py:536} INFO - Filling up the DagBag from /usr/local/lib/python3.10/dist-packages/airflow/example_dags/example_setup_teardown.py
[2023-11-02T07:07:42.154+0000] {processor.py:839} INFO - DAG(s) dict_keys(['example_setup_teardown']) retrieved from /usr/local/lib/python3.10/dist-packages/airflow/example_dags/example_setup_teardown.py
[2023-11-02T07:07:42.171+0000] {logging_mixin.py:151} INFO - [2023-11-02T07:07:42.171+0000] {dag.py:2941} INFO - Sync 1 DAGs
[2023-11-02T07:07:42.192+0000] {logging_mixin.py:151} INFO - [2023-11-02T07:07:42.192+0000] {dag.py:3722} INFO - Setting next_dagrun for example_setup_teardown to 2023-11-01T07:07:42.191772+00:00, run_after=2023-11-02T07:07:42.191772+00:00
[2023-11-02T07:07:42.216+0000] {processor.py:179} INFO - Processing /usr/local/lib/python3.10/dist-packages/airflow/example_dags/example_setup_teardown.py took 0.075 seconds
[2023-11-02T07:08:25.968+0000] {processor.py:157} INFO - Started process (PID=5108) to work on /usr/local/lib/python3.10/dist-packages/airflow/example_dags/example_setup_teardown.py
[2023-11-02T07:08:25.969+0000] {processor.py:829} INFO - Processing file /usr/local/lib/python3.10/dist-packages/airflow/example_dags/example_setup_teardown.py for tasks to queue
[2023-11-02T07:08:25.970+0000] {logging_mixin.py:151} INFO - [2023-11-02T07:08:25.970+0000] {dagbag.py:536} INFO - Filling up the DagBag from /usr/local/lib/python3.10/dist-packages/airflow/example_dags/example_setup_teardown.py
[2023-11-02T07:08:25.979+0000] {processor.py:839} INFO - DAG(s) dict_keys(['example_setup_teardown']) retrieved from /usr/local/lib/python3.10/dist-packages/airflow/example_dags/example_setup_teardown.py
[2023-11-02T07:08:25.996+0000] {logging_mixin.py:151} INFO - [2023-11-02T07:08:25.996+0000] {dag.py:2941} INFO - Sync 1 DAGs
[2023-11-02T07:08:26.019+0000] {logging_mixin.py:151} INFO - [2023-11-02T07:08:26.018+0000] {dag.py:3722} INFO - Setting next_dagrun for example_setup_teardown to 2023-11-01T07:08:26.018543+00:00, run_after=2023-11-02T07:08:26.018543+00:00
[2023-11-02T07:08:26.064+0000] {processor.py:179} INFO - Processing /usr/local/lib/python3.10/dist-packages/airflow/example_dags/example_setup_teardown.py took 0.100 seconds
[2023-11-02T07:09:09.488+0000] {processor.py:157} INFO - Started process (PID=5333) to work on /usr/local/lib/python3.10/dist-packages/airflow/example_dags/example_setup_teardown.py
[2023-11-02T07:09:09.489+0000] {processor.py:829} INFO - Processing file /usr/local/lib/python3.10/dist-packages/airflow/example_dags/example_setup_teardown.py for tasks to queue
[2023-11-02T07:09:09.490+0000] {logging_mixin.py:151} INFO - [2023-11-02T07:09:09.489+0000] {dagbag.py:536} INFO - Filling up the DagBag from /usr/local/lib/python3.10/dist-packages/airflow/example_dags/example_setup_teardown.py
[2023-11-02T07:09:09.498+0000] {processor.py:839} INFO - DAG(s) dict_keys(['example_setup_teardown']) retrieved from /usr/local/lib/python3.10/dist-packages/airflow/example_dags/example_setup_teardown.py
[2023-11-02T07:09:09.517+0000] {logging_mixin.py:151} INFO - [2023-11-02T07:09:09.516+0000] {dag.py:2941} INFO - Sync 1 DAGs
[2023-11-02T07:09:09.538+0000] {logging_mixin.py:151} INFO - [2023-11-02T07:09:09.537+0000] {dag.py:3722} INFO - Setting next_dagrun for example_setup_teardown to 2023-11-01T07:09:09.537548+00:00, run_after=2023-11-02T07:09:09.537548+00:00
[2023-11-02T07:09:09.562+0000] {processor.py:179} INFO - Processing /usr/local/lib/python3.10/dist-packages/airflow/example_dags/example_setup_teardown.py took 0.078 seconds
[2023-11-02T07:09:56.057+0000] {processor.py:157} INFO - Started process (PID=5394) to work on /usr/local/lib/python3.10/dist-packages/airflow/example_dags/example_setup_teardown.py
[2023-11-02T07:09:56.058+0000] {processor.py:829} INFO - Processing file /usr/local/lib/python3.10/dist-packages/airflow/example_dags/example_setup_teardown.py for tasks to queue
[2023-11-02T07:09:56.059+0000] {logging_mixin.py:151} INFO - [2023-11-02T07:09:56.059+0000] {dagbag.py:536} INFO - Filling up the DagBag from /usr/local/lib/python3.10/dist-packages/airflow/example_dags/example_setup_teardown.py
[2023-11-02T07:09:56.067+0000] {processor.py:839} INFO - DAG(s) dict_keys(['example_setup_teardown']) retrieved from /usr/local/lib/python3.10/dist-packages/airflow/example_dags/example_setup_teardown.py
[2023-11-02T07:09:56.084+0000] {logging_mixin.py:151} INFO - [2023-11-02T07:09:56.084+0000] {dag.py:2941} INFO - Sync 1 DAGs
[2023-11-02T07:09:56.105+0000] {logging_mixin.py:151} INFO - [2023-11-02T07:09:56.105+0000] {dag.py:3722} INFO - Setting next_dagrun for example_setup_teardown to 2023-11-01T07:09:56.105360+00:00, run_after=2023-11-02T07:09:56.105360+00:00
[2023-11-02T07:09:56.139+0000] {processor.py:179} INFO - Processing /usr/local/lib/python3.10/dist-packages/airflow/example_dags/example_setup_teardown.py took 0.086 seconds
[2023-11-02T07:10:42.173+0000] {processor.py:157} INFO - Started process (PID=5441) to work on /usr/local/lib/python3.10/dist-packages/airflow/example_dags/example_setup_teardown.py
[2023-11-02T07:10:42.174+0000] {processor.py:829} INFO - Processing file /usr/local/lib/python3.10/dist-packages/airflow/example_dags/example_setup_teardown.py for tasks to queue
[2023-11-02T07:10:42.175+0000] {logging_mixin.py:151} INFO - [2023-11-02T07:10:42.175+0000] {dagbag.py:536} INFO - Filling up the DagBag from /usr/local/lib/python3.10/dist-packages/airflow/example_dags/example_setup_teardown.py
[2023-11-02T07:10:42.183+0000] {processor.py:839} INFO - DAG(s) dict_keys(['example_setup_teardown']) retrieved from /usr/local/lib/python3.10/dist-packages/airflow/example_dags/example_setup_teardown.py
[2023-11-02T07:10:42.200+0000] {logging_mixin.py:151} INFO - [2023-11-02T07:10:42.200+0000] {dag.py:2941} INFO - Sync 1 DAGs
[2023-11-02T07:10:42.222+0000] {logging_mixin.py:151} INFO - [2023-11-02T07:10:42.222+0000] {dag.py:3722} INFO - Setting next_dagrun for example_setup_teardown to 2023-11-01T07:10:42.221965+00:00, run_after=2023-11-02T07:10:42.221965+00:00
[2023-11-02T07:10:42.246+0000] {processor.py:179} INFO - Processing /usr/local/lib/python3.10/dist-packages/airflow/example_dags/example_setup_teardown.py took 0.077 seconds
[2023-11-02T07:11:32.735+0000] {processor.py:157} INFO - Started process (PID=5496) to work on /usr/local/lib/python3.10/dist-packages/airflow/example_dags/example_setup_teardown.py
[2023-11-02T07:11:32.736+0000] {processor.py:829} INFO - Processing file /usr/local/lib/python3.10/dist-packages/airflow/example_dags/example_setup_teardown.py for tasks to queue
[2023-11-02T07:11:32.737+0000] {logging_mixin.py:151} INFO - [2023-11-02T07:11:32.736+0000] {dagbag.py:536} INFO - Filling up the DagBag from /usr/local/lib/python3.10/dist-packages/airflow/example_dags/example_setup_teardown.py
[2023-11-02T07:11:32.745+0000] {processor.py:839} INFO - DAG(s) dict_keys(['example_setup_teardown']) retrieved from /usr/local/lib/python3.10/dist-packages/airflow/example_dags/example_setup_teardown.py
[2023-11-02T07:11:32.762+0000] {logging_mixin.py:151} INFO - [2023-11-02T07:11:32.762+0000] {dag.py:2941} INFO - Sync 1 DAGs
[2023-11-02T07:11:32.782+0000] {logging_mixin.py:151} INFO - [2023-11-02T07:11:32.782+0000] {dag.py:3722} INFO - Setting next_dagrun for example_setup_teardown to 2023-11-01T07:11:32.782030+00:00, run_after=2023-11-02T07:11:32.782030+00:00
[2023-11-02T07:11:32.804+0000] {processor.py:179} INFO - Processing /usr/local/lib/python3.10/dist-packages/airflow/example_dags/example_setup_teardown.py took 0.073 seconds
[2023-11-02T07:12:14.894+0000] {processor.py:157} INFO - Started process (PID=5543) to work on /usr/local/lib/python3.10/dist-packages/airflow/example_dags/example_setup_teardown.py
[2023-11-02T07:12:14.896+0000] {processor.py:829} INFO - Processing file /usr/local/lib/python3.10/dist-packages/airflow/example_dags/example_setup_teardown.py for tasks to queue
[2023-11-02T07:12:14.897+0000] {logging_mixin.py:151} INFO - [2023-11-02T07:12:14.896+0000] {dagbag.py:536} INFO - Filling up the DagBag from /usr/local/lib/python3.10/dist-packages/airflow/example_dags/example_setup_teardown.py
[2023-11-02T07:12:14.905+0000] {processor.py:839} INFO - DAG(s) dict_keys(['example_setup_teardown']) retrieved from /usr/local/lib/python3.10/dist-packages/airflow/example_dags/example_setup_teardown.py
[2023-11-02T07:12:14.924+0000] {logging_mixin.py:151} INFO - [2023-11-02T07:12:14.924+0000] {dag.py:2941} INFO - Sync 1 DAGs
[2023-11-02T07:12:14.945+0000] {logging_mixin.py:151} INFO - [2023-11-02T07:12:14.944+0000] {dag.py:3722} INFO - Setting next_dagrun for example_setup_teardown to 2023-11-01T07:12:14.944645+00:00, run_after=2023-11-02T07:12:14.944645+00:00
[2023-11-02T07:12:14.967+0000] {processor.py:179} INFO - Processing /usr/local/lib/python3.10/dist-packages/airflow/example_dags/example_setup_teardown.py took 0.076 seconds
