[2023-11-02T06:49:53.852+0000] {processor.py:157} INFO - Started process (PID=3719) to work on /home/ubuntu/customer_churn_venv/lib/python3.10/site-packages/airflow/example_dags/example_sla_dag.py
[2023-11-02T06:49:53.853+0000] {processor.py:829} INFO - Processing file /home/ubuntu/customer_churn_venv/lib/python3.10/site-packages/airflow/example_dags/example_sla_dag.py for tasks to queue
[2023-11-02T06:49:53.854+0000] {logging_mixin.py:151} INFO - [2023-11-02T06:49:53.854+0000] {dagbag.py:536} INFO - Filling up the DagBag from /home/ubuntu/customer_churn_venv/lib/python3.10/site-packages/airflow/example_dags/example_sla_dag.py
[2023-11-02T06:49:53.863+0000] {processor.py:839} INFO - DAG(s) dict_keys(['example_sla_dag']) retrieved from /home/ubuntu/customer_churn_venv/lib/python3.10/site-packages/airflow/example_dags/example_sla_dag.py
[2023-11-02T06:49:54.088+0000] {logging_mixin.py:151} INFO - [2023-11-02T06:49:54.088+0000] {manager.py:499} INFO - Created Permission View: %s
[2023-11-02T06:49:54.106+0000] {logging_mixin.py:151} INFO - [2023-11-02T06:49:54.106+0000] {manager.py:499} INFO - Created Permission View: %s
[2023-11-02T06:49:54.117+0000] {logging_mixin.py:151} INFO - [2023-11-02T06:49:54.116+0000] {manager.py:499} INFO - Created Permission View: %s
[2023-11-02T06:49:54.117+0000] {logging_mixin.py:151} INFO - [2023-11-02T06:49:54.117+0000] {dag.py:2941} INFO - Sync 1 DAGs
[2023-11-02T06:49:54.127+0000] {logging_mixin.py:151} INFO - [2023-11-02T06:49:54.127+0000] {dag.py:2963} INFO - Creating ORM DAG for example_sla_dag
[2023-11-02T06:49:54.139+0000] {logging_mixin.py:151} INFO - [2023-11-02T06:49:54.139+0000] {dag.py:3722} INFO - Setting next_dagrun for example_sla_dag to 2023-11-02T06:46:00+00:00, run_after=2023-11-02T06:48:00+00:00
[2023-11-02T06:49:54.159+0000] {processor.py:179} INFO - Processing /home/ubuntu/customer_churn_venv/lib/python3.10/site-packages/airflow/example_dags/example_sla_dag.py took 0.310 seconds
[2023-11-02T06:50:47.462+0000] {processor.py:157} INFO - Started process (PID=3765) to work on /home/ubuntu/customer_churn_venv/lib/python3.10/site-packages/airflow/example_dags/example_sla_dag.py
[2023-11-02T06:50:47.464+0000] {processor.py:829} INFO - Processing file /home/ubuntu/customer_churn_venv/lib/python3.10/site-packages/airflow/example_dags/example_sla_dag.py for tasks to queue
[2023-11-02T06:50:47.464+0000] {logging_mixin.py:151} INFO - [2023-11-02T06:50:47.464+0000] {dagbag.py:536} INFO - Filling up the DagBag from /home/ubuntu/customer_churn_venv/lib/python3.10/site-packages/airflow/example_dags/example_sla_dag.py
[2023-11-02T06:50:47.474+0000] {processor.py:839} INFO - DAG(s) dict_keys(['example_sla_dag']) retrieved from /home/ubuntu/customer_churn_venv/lib/python3.10/site-packages/airflow/example_dags/example_sla_dag.py
[2023-11-02T06:50:47.491+0000] {logging_mixin.py:151} INFO - [2023-11-02T06:50:47.490+0000] {dag.py:2941} INFO - Sync 1 DAGs
[2023-11-02T06:50:47.515+0000] {logging_mixin.py:151} INFO - [2023-11-02T06:50:47.515+0000] {dag.py:3722} INFO - Setting next_dagrun for example_sla_dag to 2023-11-02T06:48:00+00:00, run_after=2023-11-02T06:50:00+00:00
[2023-11-02T06:50:47.539+0000] {processor.py:179} INFO - Processing /home/ubuntu/customer_churn_venv/lib/python3.10/site-packages/airflow/example_dags/example_sla_dag.py took 0.080 seconds
[2023-11-02T06:51:31.995+0000] {processor.py:157} INFO - Started process (PID=3813) to work on /home/ubuntu/customer_churn_venv/lib/python3.10/site-packages/airflow/example_dags/example_sla_dag.py
[2023-11-02T06:51:31.996+0000] {processor.py:829} INFO - Processing file /home/ubuntu/customer_churn_venv/lib/python3.10/site-packages/airflow/example_dags/example_sla_dag.py for tasks to queue
[2023-11-02T06:51:31.997+0000] {logging_mixin.py:151} INFO - [2023-11-02T06:51:31.997+0000] {dagbag.py:536} INFO - Filling up the DagBag from /home/ubuntu/customer_churn_venv/lib/python3.10/site-packages/airflow/example_dags/example_sla_dag.py
[2023-11-02T06:51:32.008+0000] {processor.py:839} INFO - DAG(s) dict_keys(['example_sla_dag']) retrieved from /home/ubuntu/customer_churn_venv/lib/python3.10/site-packages/airflow/example_dags/example_sla_dag.py
[2023-11-02T06:51:32.026+0000] {logging_mixin.py:151} INFO - [2023-11-02T06:51:32.026+0000] {dag.py:2941} INFO - Sync 1 DAGs
[2023-11-02T06:51:32.049+0000] {logging_mixin.py:151} INFO - [2023-11-02T06:51:32.049+0000] {dag.py:3722} INFO - Setting next_dagrun for example_sla_dag to 2023-11-02T06:48:00+00:00, run_after=2023-11-02T06:50:00+00:00
[2023-11-02T06:51:32.072+0000] {processor.py:179} INFO - Processing /home/ubuntu/customer_churn_venv/lib/python3.10/site-packages/airflow/example_dags/example_sla_dag.py took 0.081 seconds
[2023-11-02T06:52:18.783+0000] {processor.py:157} INFO - Started process (PID=3860) to work on /home/ubuntu/customer_churn_venv/lib/python3.10/site-packages/airflow/example_dags/example_sla_dag.py
[2023-11-02T06:52:18.784+0000] {processor.py:829} INFO - Processing file /home/ubuntu/customer_churn_venv/lib/python3.10/site-packages/airflow/example_dags/example_sla_dag.py for tasks to queue
[2023-11-02T06:52:18.785+0000] {logging_mixin.py:151} INFO - [2023-11-02T06:52:18.785+0000] {dagbag.py:536} INFO - Filling up the DagBag from /home/ubuntu/customer_churn_venv/lib/python3.10/site-packages/airflow/example_dags/example_sla_dag.py
[2023-11-02T06:52:18.794+0000] {processor.py:839} INFO - DAG(s) dict_keys(['example_sla_dag']) retrieved from /home/ubuntu/customer_churn_venv/lib/python3.10/site-packages/airflow/example_dags/example_sla_dag.py
[2023-11-02T06:52:18.810+0000] {logging_mixin.py:151} INFO - [2023-11-02T06:52:18.810+0000] {dag.py:2941} INFO - Sync 1 DAGs
[2023-11-02T06:52:18.833+0000] {logging_mixin.py:151} INFO - [2023-11-02T06:52:18.833+0000] {dag.py:3722} INFO - Setting next_dagrun for example_sla_dag to 2023-11-02T06:50:00+00:00, run_after=2023-11-02T06:52:00+00:00
[2023-11-02T06:52:18.855+0000] {processor.py:179} INFO - Processing /home/ubuntu/customer_churn_venv/lib/python3.10/site-packages/airflow/example_dags/example_sla_dag.py took 0.075 seconds
[2023-11-02T06:53:05.537+0000] {processor.py:157} INFO - Started process (PID=3908) to work on /home/ubuntu/customer_churn_venv/lib/python3.10/site-packages/airflow/example_dags/example_sla_dag.py
[2023-11-02T06:53:05.539+0000] {processor.py:829} INFO - Processing file /home/ubuntu/customer_churn_venv/lib/python3.10/site-packages/airflow/example_dags/example_sla_dag.py for tasks to queue
[2023-11-02T06:53:05.540+0000] {logging_mixin.py:151} INFO - [2023-11-02T06:53:05.540+0000] {dagbag.py:536} INFO - Filling up the DagBag from /home/ubuntu/customer_churn_venv/lib/python3.10/site-packages/airflow/example_dags/example_sla_dag.py
[2023-11-02T06:53:05.552+0000] {processor.py:839} INFO - DAG(s) dict_keys(['example_sla_dag']) retrieved from /home/ubuntu/customer_churn_venv/lib/python3.10/site-packages/airflow/example_dags/example_sla_dag.py
[2023-11-02T06:53:05.569+0000] {logging_mixin.py:151} INFO - [2023-11-02T06:53:05.569+0000] {dag.py:2941} INFO - Sync 1 DAGs
[2023-11-02T06:53:05.592+0000] {logging_mixin.py:151} INFO - [2023-11-02T06:53:05.592+0000] {dag.py:3722} INFO - Setting next_dagrun for example_sla_dag to 2023-11-02T06:50:00+00:00, run_after=2023-11-02T06:52:00+00:00
[2023-11-02T06:53:05.616+0000] {processor.py:179} INFO - Processing /home/ubuntu/customer_churn_venv/lib/python3.10/site-packages/airflow/example_dags/example_sla_dag.py took 0.085 seconds
[2023-11-02T07:00:03.350+0000] {processor.py:157} INFO - Started process (PID=4383) to work on /usr/local/lib/python3.10/dist-packages/airflow/example_dags/example_sla_dag.py
[2023-11-02T07:00:03.352+0000] {processor.py:829} INFO - Processing file /usr/local/lib/python3.10/dist-packages/airflow/example_dags/example_sla_dag.py for tasks to queue
[2023-11-02T07:00:03.352+0000] {logging_mixin.py:151} INFO - [2023-11-02T07:00:03.352+0000] {dagbag.py:536} INFO - Filling up the DagBag from /usr/local/lib/python3.10/dist-packages/airflow/example_dags/example_sla_dag.py
[2023-11-02T07:00:03.484+0000] {processor.py:839} INFO - DAG(s) dict_keys(['example_sla_dag']) retrieved from /usr/local/lib/python3.10/dist-packages/airflow/example_dags/example_sla_dag.py
[2023-11-02T07:00:03.490+0000] {logging_mixin.py:151} INFO - [2023-11-02T07:00:03.490+0000] {dag.py:2941} INFO - Sync 1 DAGs
[2023-11-02T07:00:03.513+0000] {logging_mixin.py:151} INFO - [2023-11-02T07:00:03.513+0000] {dag.py:3722} INFO - Setting next_dagrun for example_sla_dag to 2023-11-02T06:58:00+00:00, run_after=2023-11-02T07:00:00+00:00
[2023-11-02T07:00:03.535+0000] {processor.py:179} INFO - Processing /usr/local/lib/python3.10/dist-packages/airflow/example_dags/example_sla_dag.py took 0.189 seconds
[2023-11-02T07:00:49.392+0000] {processor.py:157} INFO - Started process (PID=4430) to work on /usr/local/lib/python3.10/dist-packages/airflow/example_dags/example_sla_dag.py
[2023-11-02T07:00:49.394+0000] {processor.py:829} INFO - Processing file /usr/local/lib/python3.10/dist-packages/airflow/example_dags/example_sla_dag.py for tasks to queue
[2023-11-02T07:00:49.395+0000] {logging_mixin.py:151} INFO - [2023-11-02T07:00:49.394+0000] {dagbag.py:536} INFO - Filling up the DagBag from /usr/local/lib/python3.10/dist-packages/airflow/example_dags/example_sla_dag.py
[2023-11-02T07:00:49.404+0000] {processor.py:839} INFO - DAG(s) dict_keys(['example_sla_dag']) retrieved from /usr/local/lib/python3.10/dist-packages/airflow/example_dags/example_sla_dag.py
[2023-11-02T07:00:49.421+0000] {logging_mixin.py:151} INFO - [2023-11-02T07:00:49.421+0000] {dag.py:2941} INFO - Sync 1 DAGs
[2023-11-02T07:00:49.447+0000] {logging_mixin.py:151} INFO - [2023-11-02T07:00:49.447+0000] {dag.py:3722} INFO - Setting next_dagrun for example_sla_dag to 2023-11-02T06:58:00+00:00, run_after=2023-11-02T07:00:00+00:00
[2023-11-02T07:00:49.471+0000] {processor.py:179} INFO - Processing /usr/local/lib/python3.10/dist-packages/airflow/example_dags/example_sla_dag.py took 0.082 seconds
[2023-11-02T07:01:33.507+0000] {processor.py:157} INFO - Started process (PID=4476) to work on /usr/local/lib/python3.10/dist-packages/airflow/example_dags/example_sla_dag.py
[2023-11-02T07:01:33.509+0000] {processor.py:829} INFO - Processing file /usr/local/lib/python3.10/dist-packages/airflow/example_dags/example_sla_dag.py for tasks to queue
[2023-11-02T07:01:33.510+0000] {logging_mixin.py:151} INFO - [2023-11-02T07:01:33.509+0000] {dagbag.py:536} INFO - Filling up the DagBag from /usr/local/lib/python3.10/dist-packages/airflow/example_dags/example_sla_dag.py
[2023-11-02T07:01:33.519+0000] {processor.py:839} INFO - DAG(s) dict_keys(['example_sla_dag']) retrieved from /usr/local/lib/python3.10/dist-packages/airflow/example_dags/example_sla_dag.py
[2023-11-02T07:01:33.535+0000] {logging_mixin.py:151} INFO - [2023-11-02T07:01:33.535+0000] {dag.py:2941} INFO - Sync 1 DAGs
[2023-11-02T07:01:33.559+0000] {logging_mixin.py:151} INFO - [2023-11-02T07:01:33.558+0000] {dag.py:3722} INFO - Setting next_dagrun for example_sla_dag to 2023-11-02T06:58:00+00:00, run_after=2023-11-02T07:00:00+00:00
[2023-11-02T07:01:33.580+0000] {processor.py:179} INFO - Processing /usr/local/lib/python3.10/dist-packages/airflow/example_dags/example_sla_dag.py took 0.076 seconds
[2023-11-02T07:02:17.243+0000] {processor.py:157} INFO - Started process (PID=4522) to work on /usr/local/lib/python3.10/dist-packages/airflow/example_dags/example_sla_dag.py
[2023-11-02T07:02:17.244+0000] {processor.py:829} INFO - Processing file /usr/local/lib/python3.10/dist-packages/airflow/example_dags/example_sla_dag.py for tasks to queue
[2023-11-02T07:02:17.245+0000] {logging_mixin.py:151} INFO - [2023-11-02T07:02:17.245+0000] {dagbag.py:536} INFO - Filling up the DagBag from /usr/local/lib/python3.10/dist-packages/airflow/example_dags/example_sla_dag.py
[2023-11-02T07:02:17.254+0000] {processor.py:839} INFO - DAG(s) dict_keys(['example_sla_dag']) retrieved from /usr/local/lib/python3.10/dist-packages/airflow/example_dags/example_sla_dag.py
[2023-11-02T07:02:17.271+0000] {logging_mixin.py:151} INFO - [2023-11-02T07:02:17.270+0000] {dag.py:2941} INFO - Sync 1 DAGs
[2023-11-02T07:02:17.295+0000] {logging_mixin.py:151} INFO - [2023-11-02T07:02:17.295+0000] {dag.py:3722} INFO - Setting next_dagrun for example_sla_dag to 2023-11-02T07:00:00+00:00, run_after=2023-11-02T07:02:00+00:00
[2023-11-02T07:02:17.318+0000] {processor.py:179} INFO - Processing /usr/local/lib/python3.10/dist-packages/airflow/example_dags/example_sla_dag.py took 0.078 seconds
[2023-11-02T07:03:03.021+0000] {processor.py:157} INFO - Started process (PID=4569) to work on /usr/local/lib/python3.10/dist-packages/airflow/example_dags/example_sla_dag.py
[2023-11-02T07:03:03.022+0000] {processor.py:829} INFO - Processing file /usr/local/lib/python3.10/dist-packages/airflow/example_dags/example_sla_dag.py for tasks to queue
[2023-11-02T07:03:03.023+0000] {logging_mixin.py:151} INFO - [2023-11-02T07:03:03.022+0000] {dagbag.py:536} INFO - Filling up the DagBag from /usr/local/lib/python3.10/dist-packages/airflow/example_dags/example_sla_dag.py
[2023-11-02T07:03:03.033+0000] {processor.py:839} INFO - DAG(s) dict_keys(['example_sla_dag']) retrieved from /usr/local/lib/python3.10/dist-packages/airflow/example_dags/example_sla_dag.py
[2023-11-02T07:03:03.049+0000] {logging_mixin.py:151} INFO - [2023-11-02T07:03:03.049+0000] {dag.py:2941} INFO - Sync 1 DAGs
[2023-11-02T07:03:03.074+0000] {logging_mixin.py:151} INFO - [2023-11-02T07:03:03.074+0000] {dag.py:3722} INFO - Setting next_dagrun for example_sla_dag to 2023-11-02T07:00:00+00:00, run_after=2023-11-02T07:02:00+00:00
[2023-11-02T07:03:03.106+0000] {processor.py:179} INFO - Processing /usr/local/lib/python3.10/dist-packages/airflow/example_dags/example_sla_dag.py took 0.089 seconds
[2023-11-02T07:03:48.455+0000] {processor.py:157} INFO - Started process (PID=4617) to work on /usr/local/lib/python3.10/dist-packages/airflow/example_dags/example_sla_dag.py
[2023-11-02T07:03:48.457+0000] {processor.py:829} INFO - Processing file /usr/local/lib/python3.10/dist-packages/airflow/example_dags/example_sla_dag.py for tasks to queue
[2023-11-02T07:03:48.457+0000] {logging_mixin.py:151} INFO - [2023-11-02T07:03:48.457+0000] {dagbag.py:536} INFO - Filling up the DagBag from /usr/local/lib/python3.10/dist-packages/airflow/example_dags/example_sla_dag.py
[2023-11-02T07:03:48.466+0000] {processor.py:839} INFO - DAG(s) dict_keys(['example_sla_dag']) retrieved from /usr/local/lib/python3.10/dist-packages/airflow/example_dags/example_sla_dag.py
[2023-11-02T07:03:48.483+0000] {logging_mixin.py:151} INFO - [2023-11-02T07:03:48.482+0000] {dag.py:2941} INFO - Sync 1 DAGs
[2023-11-02T07:03:48.506+0000] {logging_mixin.py:151} INFO - [2023-11-02T07:03:48.506+0000] {dag.py:3722} INFO - Setting next_dagrun for example_sla_dag to 2023-11-02T07:00:00+00:00, run_after=2023-11-02T07:02:00+00:00
[2023-11-02T07:03:48.527+0000] {processor.py:179} INFO - Processing /usr/local/lib/python3.10/dist-packages/airflow/example_dags/example_sla_dag.py took 0.075 seconds
[2023-11-02T07:04:30.154+0000] {processor.py:157} INFO - Started process (PID=4662) to work on /usr/local/lib/python3.10/dist-packages/airflow/example_dags/example_sla_dag.py
[2023-11-02T07:04:30.156+0000] {processor.py:829} INFO - Processing file /usr/local/lib/python3.10/dist-packages/airflow/example_dags/example_sla_dag.py for tasks to queue
[2023-11-02T07:04:30.157+0000] {logging_mixin.py:151} INFO - [2023-11-02T07:04:30.156+0000] {dagbag.py:536} INFO - Filling up the DagBag from /usr/local/lib/python3.10/dist-packages/airflow/example_dags/example_sla_dag.py
[2023-11-02T07:04:30.166+0000] {processor.py:839} INFO - DAG(s) dict_keys(['example_sla_dag']) retrieved from /usr/local/lib/python3.10/dist-packages/airflow/example_dags/example_sla_dag.py
[2023-11-02T07:04:30.183+0000] {logging_mixin.py:151} INFO - [2023-11-02T07:04:30.183+0000] {dag.py:2941} INFO - Sync 1 DAGs
[2023-11-02T07:04:30.207+0000] {logging_mixin.py:151} INFO - [2023-11-02T07:04:30.207+0000] {dag.py:3722} INFO - Setting next_dagrun for example_sla_dag to 2023-11-02T07:02:00+00:00, run_after=2023-11-02T07:04:00+00:00
[2023-11-02T07:04:30.231+0000] {processor.py:179} INFO - Processing /usr/local/lib/python3.10/dist-packages/airflow/example_dags/example_sla_dag.py took 0.080 seconds
[2023-11-02T07:05:12.354+0000] {processor.py:157} INFO - Started process (PID=4708) to work on /usr/local/lib/python3.10/dist-packages/airflow/example_dags/example_sla_dag.py
[2023-11-02T07:05:12.355+0000] {processor.py:829} INFO - Processing file /usr/local/lib/python3.10/dist-packages/airflow/example_dags/example_sla_dag.py for tasks to queue
[2023-11-02T07:05:12.356+0000] {logging_mixin.py:151} INFO - [2023-11-02T07:05:12.356+0000] {dagbag.py:536} INFO - Filling up the DagBag from /usr/local/lib/python3.10/dist-packages/airflow/example_dags/example_sla_dag.py
[2023-11-02T07:05:12.365+0000] {processor.py:839} INFO - DAG(s) dict_keys(['example_sla_dag']) retrieved from /usr/local/lib/python3.10/dist-packages/airflow/example_dags/example_sla_dag.py
[2023-11-02T07:05:12.382+0000] {logging_mixin.py:151} INFO - [2023-11-02T07:05:12.381+0000] {dag.py:2941} INFO - Sync 1 DAGs
[2023-11-02T07:05:12.405+0000] {logging_mixin.py:151} INFO - [2023-11-02T07:05:12.405+0000] {dag.py:3722} INFO - Setting next_dagrun for example_sla_dag to 2023-11-02T07:02:00+00:00, run_after=2023-11-02T07:04:00+00:00
[2023-11-02T07:05:12.426+0000] {processor.py:179} INFO - Processing /usr/local/lib/python3.10/dist-packages/airflow/example_dags/example_sla_dag.py took 0.076 seconds
[2023-11-02T07:05:55.260+0000] {processor.py:157} INFO - Started process (PID=4753) to work on /usr/local/lib/python3.10/dist-packages/airflow/example_dags/example_sla_dag.py
[2023-11-02T07:05:55.261+0000] {processor.py:829} INFO - Processing file /usr/local/lib/python3.10/dist-packages/airflow/example_dags/example_sla_dag.py for tasks to queue
[2023-11-02T07:05:55.262+0000] {logging_mixin.py:151} INFO - [2023-11-02T07:05:55.262+0000] {dagbag.py:536} INFO - Filling up the DagBag from /usr/local/lib/python3.10/dist-packages/airflow/example_dags/example_sla_dag.py
[2023-11-02T07:05:55.272+0000] {processor.py:839} INFO - DAG(s) dict_keys(['example_sla_dag']) retrieved from /usr/local/lib/python3.10/dist-packages/airflow/example_dags/example_sla_dag.py
[2023-11-02T07:05:55.289+0000] {logging_mixin.py:151} INFO - [2023-11-02T07:05:55.289+0000] {dag.py:2941} INFO - Sync 1 DAGs
[2023-11-02T07:05:55.313+0000] {logging_mixin.py:151} INFO - [2023-11-02T07:05:55.313+0000] {dag.py:3722} INFO - Setting next_dagrun for example_sla_dag to 2023-11-02T07:02:00+00:00, run_after=2023-11-02T07:04:00+00:00
[2023-11-02T07:05:55.338+0000] {processor.py:179} INFO - Processing /usr/local/lib/python3.10/dist-packages/airflow/example_dags/example_sla_dag.py took 0.081 seconds
[2023-11-02T07:06:43.355+0000] {processor.py:157} INFO - Started process (PID=4801) to work on /usr/local/lib/python3.10/dist-packages/airflow/example_dags/example_sla_dag.py
[2023-11-02T07:06:43.356+0000] {processor.py:829} INFO - Processing file /usr/local/lib/python3.10/dist-packages/airflow/example_dags/example_sla_dag.py for tasks to queue
[2023-11-02T07:06:43.357+0000] {logging_mixin.py:151} INFO - [2023-11-02T07:06:43.357+0000] {dagbag.py:536} INFO - Filling up the DagBag from /usr/local/lib/python3.10/dist-packages/airflow/example_dags/example_sla_dag.py
[2023-11-02T07:06:43.367+0000] {processor.py:839} INFO - DAG(s) dict_keys(['example_sla_dag']) retrieved from /usr/local/lib/python3.10/dist-packages/airflow/example_dags/example_sla_dag.py
[2023-11-02T07:06:43.384+0000] {logging_mixin.py:151} INFO - [2023-11-02T07:06:43.383+0000] {dag.py:2941} INFO - Sync 1 DAGs
[2023-11-02T07:06:43.409+0000] {logging_mixin.py:151} INFO - [2023-11-02T07:06:43.409+0000] {dag.py:3722} INFO - Setting next_dagrun for example_sla_dag to 2023-11-02T07:04:00+00:00, run_after=2023-11-02T07:06:00+00:00
[2023-11-02T07:06:43.433+0000] {processor.py:179} INFO - Processing /usr/local/lib/python3.10/dist-packages/airflow/example_dags/example_sla_dag.py took 0.081 seconds
[2023-11-02T07:07:30.761+0000] {processor.py:157} INFO - Started process (PID=4849) to work on /usr/local/lib/python3.10/dist-packages/airflow/example_dags/example_sla_dag.py
[2023-11-02T07:07:30.762+0000] {processor.py:829} INFO - Processing file /usr/local/lib/python3.10/dist-packages/airflow/example_dags/example_sla_dag.py for tasks to queue
[2023-11-02T07:07:30.763+0000] {logging_mixin.py:151} INFO - [2023-11-02T07:07:30.763+0000] {dagbag.py:536} INFO - Filling up the DagBag from /usr/local/lib/python3.10/dist-packages/airflow/example_dags/example_sla_dag.py
[2023-11-02T07:07:30.773+0000] {processor.py:839} INFO - DAG(s) dict_keys(['example_sla_dag']) retrieved from /usr/local/lib/python3.10/dist-packages/airflow/example_dags/example_sla_dag.py
[2023-11-02T07:07:30.789+0000] {logging_mixin.py:151} INFO - [2023-11-02T07:07:30.789+0000] {dag.py:2941} INFO - Sync 1 DAGs
[2023-11-02T07:07:30.813+0000] {logging_mixin.py:151} INFO - [2023-11-02T07:07:30.813+0000] {dag.py:3722} INFO - Setting next_dagrun for example_sla_dag to 2023-11-02T07:04:00+00:00, run_after=2023-11-02T07:06:00+00:00
[2023-11-02T07:07:30.834+0000] {processor.py:179} INFO - Processing /usr/local/lib/python3.10/dist-packages/airflow/example_dags/example_sla_dag.py took 0.076 seconds
[2023-11-02T07:08:13.258+0000] {processor.py:157} INFO - Started process (PID=4895) to work on /usr/local/lib/python3.10/dist-packages/airflow/example_dags/example_sla_dag.py
[2023-11-02T07:08:13.259+0000] {processor.py:829} INFO - Processing file /usr/local/lib/python3.10/dist-packages/airflow/example_dags/example_sla_dag.py for tasks to queue
[2023-11-02T07:08:13.260+0000] {logging_mixin.py:151} INFO - [2023-11-02T07:08:13.260+0000] {dagbag.py:536} INFO - Filling up the DagBag from /usr/local/lib/python3.10/dist-packages/airflow/example_dags/example_sla_dag.py
[2023-11-02T07:08:13.269+0000] {processor.py:839} INFO - DAG(s) dict_keys(['example_sla_dag']) retrieved from /usr/local/lib/python3.10/dist-packages/airflow/example_dags/example_sla_dag.py
[2023-11-02T07:08:13.285+0000] {logging_mixin.py:151} INFO - [2023-11-02T07:08:13.285+0000] {dag.py:2941} INFO - Sync 1 DAGs
[2023-11-02T07:08:13.309+0000] {logging_mixin.py:151} INFO - [2023-11-02T07:08:13.309+0000] {dag.py:3722} INFO - Setting next_dagrun for example_sla_dag to 2023-11-02T07:06:00+00:00, run_after=2023-11-02T07:08:00+00:00
[2023-11-02T07:08:13.332+0000] {processor.py:179} INFO - Processing /usr/local/lib/python3.10/dist-packages/airflow/example_dags/example_sla_dag.py took 0.077 seconds
[2023-11-02T07:09:00.658+0000] {processor.py:157} INFO - Started process (PID=5177) to work on /usr/local/lib/python3.10/dist-packages/airflow/example_dags/example_sla_dag.py
[2023-11-02T07:09:00.660+0000] {processor.py:829} INFO - Processing file /usr/local/lib/python3.10/dist-packages/airflow/example_dags/example_sla_dag.py for tasks to queue
[2023-11-02T07:09:00.660+0000] {logging_mixin.py:151} INFO - [2023-11-02T07:09:00.660+0000] {dagbag.py:536} INFO - Filling up the DagBag from /usr/local/lib/python3.10/dist-packages/airflow/example_dags/example_sla_dag.py
[2023-11-02T07:09:00.670+0000] {processor.py:839} INFO - DAG(s) dict_keys(['example_sla_dag']) retrieved from /usr/local/lib/python3.10/dist-packages/airflow/example_dags/example_sla_dag.py
[2023-11-02T07:09:00.687+0000] {logging_mixin.py:151} INFO - [2023-11-02T07:09:00.687+0000] {dag.py:2941} INFO - Sync 1 DAGs
[2023-11-02T07:09:00.712+0000] {logging_mixin.py:151} INFO - [2023-11-02T07:09:00.712+0000] {dag.py:3722} INFO - Setting next_dagrun for example_sla_dag to 2023-11-02T07:06:00+00:00, run_after=2023-11-02T07:08:00+00:00
[2023-11-02T07:09:00.737+0000] {processor.py:179} INFO - Processing /usr/local/lib/python3.10/dist-packages/airflow/example_dags/example_sla_dag.py took 0.082 seconds
[2023-11-02T07:09:43.980+0000] {processor.py:157} INFO - Started process (PID=5380) to work on /usr/local/lib/python3.10/dist-packages/airflow/example_dags/example_sla_dag.py
[2023-11-02T07:09:43.982+0000] {processor.py:829} INFO - Processing file /usr/local/lib/python3.10/dist-packages/airflow/example_dags/example_sla_dag.py for tasks to queue
[2023-11-02T07:09:43.982+0000] {logging_mixin.py:151} INFO - [2023-11-02T07:09:43.982+0000] {dagbag.py:536} INFO - Filling up the DagBag from /usr/local/lib/python3.10/dist-packages/airflow/example_dags/example_sla_dag.py
[2023-11-02T07:09:43.992+0000] {processor.py:839} INFO - DAG(s) dict_keys(['example_sla_dag']) retrieved from /usr/local/lib/python3.10/dist-packages/airflow/example_dags/example_sla_dag.py
[2023-11-02T07:09:44.008+0000] {logging_mixin.py:151} INFO - [2023-11-02T07:09:44.008+0000] {dag.py:2941} INFO - Sync 1 DAGs
[2023-11-02T07:09:44.032+0000] {logging_mixin.py:151} INFO - [2023-11-02T07:09:44.032+0000] {dag.py:3722} INFO - Setting next_dagrun for example_sla_dag to 2023-11-02T07:06:00+00:00, run_after=2023-11-02T07:08:00+00:00
[2023-11-02T07:09:44.054+0000] {processor.py:179} INFO - Processing /usr/local/lib/python3.10/dist-packages/airflow/example_dags/example_sla_dag.py took 0.078 seconds
[2023-11-02T07:10:29.162+0000] {processor.py:157} INFO - Started process (PID=5428) to work on /usr/local/lib/python3.10/dist-packages/airflow/example_dags/example_sla_dag.py
[2023-11-02T07:10:29.163+0000] {processor.py:829} INFO - Processing file /usr/local/lib/python3.10/dist-packages/airflow/example_dags/example_sla_dag.py for tasks to queue
[2023-11-02T07:10:29.164+0000] {logging_mixin.py:151} INFO - [2023-11-02T07:10:29.164+0000] {dagbag.py:536} INFO - Filling up the DagBag from /usr/local/lib/python3.10/dist-packages/airflow/example_dags/example_sla_dag.py
[2023-11-02T07:10:29.173+0000] {processor.py:839} INFO - DAG(s) dict_keys(['example_sla_dag']) retrieved from /usr/local/lib/python3.10/dist-packages/airflow/example_dags/example_sla_dag.py
[2023-11-02T07:10:29.191+0000] {logging_mixin.py:151} INFO - [2023-11-02T07:10:29.190+0000] {dag.py:2941} INFO - Sync 1 DAGs
[2023-11-02T07:10:29.214+0000] {logging_mixin.py:151} INFO - [2023-11-02T07:10:29.214+0000] {dag.py:3722} INFO - Setting next_dagrun for example_sla_dag to 2023-11-02T07:08:00+00:00, run_after=2023-11-02T07:10:00+00:00
[2023-11-02T07:10:29.238+0000] {processor.py:179} INFO - Processing /usr/local/lib/python3.10/dist-packages/airflow/example_dags/example_sla_dag.py took 0.079 seconds
[2023-11-02T07:11:18.325+0000] {processor.py:157} INFO - Started process (PID=5477) to work on /usr/local/lib/python3.10/dist-packages/airflow/example_dags/example_sla_dag.py
[2023-11-02T07:11:18.326+0000] {processor.py:829} INFO - Processing file /usr/local/lib/python3.10/dist-packages/airflow/example_dags/example_sla_dag.py for tasks to queue
[2023-11-02T07:11:18.327+0000] {logging_mixin.py:151} INFO - [2023-11-02T07:11:18.326+0000] {dagbag.py:536} INFO - Filling up the DagBag from /usr/local/lib/python3.10/dist-packages/airflow/example_dags/example_sla_dag.py
[2023-11-02T07:11:18.336+0000] {processor.py:839} INFO - DAG(s) dict_keys(['example_sla_dag']) retrieved from /usr/local/lib/python3.10/dist-packages/airflow/example_dags/example_sla_dag.py
[2023-11-02T07:11:18.353+0000] {logging_mixin.py:151} INFO - [2023-11-02T07:11:18.353+0000] {dag.py:2941} INFO - Sync 1 DAGs
[2023-11-02T07:11:18.376+0000] {logging_mixin.py:151} INFO - [2023-11-02T07:11:18.376+0000] {dag.py:3722} INFO - Setting next_dagrun for example_sla_dag to 2023-11-02T07:08:00+00:00, run_after=2023-11-02T07:10:00+00:00
[2023-11-02T07:11:18.399+0000] {processor.py:179} INFO - Processing /usr/local/lib/python3.10/dist-packages/airflow/example_dags/example_sla_dag.py took 0.077 seconds
[2023-11-02T07:12:04.360+0000] {processor.py:157} INFO - Started process (PID=5530) to work on /usr/local/lib/python3.10/dist-packages/airflow/example_dags/example_sla_dag.py
[2023-11-02T07:12:04.361+0000] {processor.py:829} INFO - Processing file /usr/local/lib/python3.10/dist-packages/airflow/example_dags/example_sla_dag.py for tasks to queue
[2023-11-02T07:12:04.362+0000] {logging_mixin.py:151} INFO - [2023-11-02T07:12:04.361+0000] {dagbag.py:536} INFO - Filling up the DagBag from /usr/local/lib/python3.10/dist-packages/airflow/example_dags/example_sla_dag.py
[2023-11-02T07:12:04.371+0000] {processor.py:839} INFO - DAG(s) dict_keys(['example_sla_dag']) retrieved from /usr/local/lib/python3.10/dist-packages/airflow/example_dags/example_sla_dag.py
[2023-11-02T07:12:04.387+0000] {logging_mixin.py:151} INFO - [2023-11-02T07:12:04.387+0000] {dag.py:2941} INFO - Sync 1 DAGs
[2023-11-02T07:12:04.410+0000] {logging_mixin.py:151} INFO - [2023-11-02T07:12:04.410+0000] {dag.py:3722} INFO - Setting next_dagrun for example_sla_dag to 2023-11-02T07:10:00+00:00, run_after=2023-11-02T07:12:00+00:00
[2023-11-02T07:12:04.433+0000] {processor.py:179} INFO - Processing /usr/local/lib/python3.10/dist-packages/airflow/example_dags/example_sla_dag.py took 0.076 seconds
[2023-11-02T07:12:43.985+0000] {processor.py:157} INFO - Started process (PID=5572) to work on /usr/local/lib/python3.10/dist-packages/airflow/example_dags/example_sla_dag.py
[2023-11-02T07:12:43.987+0000] {processor.py:829} INFO - Processing file /usr/local/lib/python3.10/dist-packages/airflow/example_dags/example_sla_dag.py for tasks to queue
[2023-11-02T07:12:43.987+0000] {logging_mixin.py:151} INFO - [2023-11-02T07:12:43.987+0000] {dagbag.py:536} INFO - Filling up the DagBag from /usr/local/lib/python3.10/dist-packages/airflow/example_dags/example_sla_dag.py
[2023-11-02T07:12:43.997+0000] {processor.py:839} INFO - DAG(s) dict_keys(['example_sla_dag']) retrieved from /usr/local/lib/python3.10/dist-packages/airflow/example_dags/example_sla_dag.py
[2023-11-02T07:12:44.013+0000] {logging_mixin.py:151} INFO - [2023-11-02T07:12:44.013+0000] {dag.py:2941} INFO - Sync 1 DAGs
[2023-11-02T07:12:44.037+0000] {logging_mixin.py:151} INFO - [2023-11-02T07:12:44.037+0000] {dag.py:3722} INFO - Setting next_dagrun for example_sla_dag to 2023-11-02T07:10:00+00:00, run_after=2023-11-02T07:12:00+00:00
[2023-11-02T07:12:44.059+0000] {processor.py:179} INFO - Processing /usr/local/lib/python3.10/dist-packages/airflow/example_dags/example_sla_dag.py took 0.076 seconds
