[2023-11-02T06:50:21.406+0000] {processor.py:157} INFO - Started process (PID=3740) to work on /home/ubuntu/customer_churn_venv/lib/python3.10/site-packages/airflow/example_dags/example_dag_decorator.py
[2023-11-02T06:50:21.407+0000] {processor.py:829} INFO - Processing file /home/ubuntu/customer_churn_venv/lib/python3.10/site-packages/airflow/example_dags/example_dag_decorator.py for tasks to queue
[2023-11-02T06:50:21.408+0000] {logging_mixin.py:151} INFO - [2023-11-02T06:50:21.408+0000] {dagbag.py:536} INFO - Filling up the DagBag from /home/ubuntu/customer_churn_venv/lib/python3.10/site-packages/airflow/example_dags/example_dag_decorator.py
[2023-11-02T06:50:21.624+0000] {processor.py:839} INFO - DAG(s) dict_keys(['example_dag_decorator']) retrieved from /home/ubuntu/customer_churn_venv/lib/python3.10/site-packages/airflow/example_dags/example_dag_decorator.py
[2023-11-02T06:50:21.742+0000] {logging_mixin.py:151} INFO - [2023-11-02T06:50:21.742+0000] {manager.py:499} INFO - Created Permission View: %s
[2023-11-02T06:50:21.758+0000] {logging_mixin.py:151} INFO - [2023-11-02T06:50:21.758+0000] {manager.py:499} INFO - Created Permission View: %s
[2023-11-02T06:50:21.770+0000] {logging_mixin.py:151} INFO - [2023-11-02T06:50:21.770+0000] {manager.py:499} INFO - Created Permission View: %s
[2023-11-02T06:50:21.770+0000] {logging_mixin.py:151} INFO - [2023-11-02T06:50:21.770+0000] {dag.py:2941} INFO - Sync 1 DAGs
[2023-11-02T06:50:21.783+0000] {logging_mixin.py:151} INFO - [2023-11-02T06:50:21.783+0000] {dag.py:2963} INFO - Creating ORM DAG for example_dag_decorator
[2023-11-02T06:50:21.784+0000] {logging_mixin.py:151} INFO - [2023-11-02T06:50:21.784+0000] {dag.py:3722} INFO - Setting next_dagrun for example_dag_decorator to None, run_after=None
[2023-11-02T06:50:21.810+0000] {processor.py:179} INFO - Processing /home/ubuntu/customer_churn_venv/lib/python3.10/site-packages/airflow/example_dags/example_dag_decorator.py took 0.406 seconds
[2023-11-02T06:51:17.159+0000] {processor.py:157} INFO - Started process (PID=3798) to work on /home/ubuntu/customer_churn_venv/lib/python3.10/site-packages/airflow/example_dags/example_dag_decorator.py
[2023-11-02T06:51:17.161+0000] {processor.py:829} INFO - Processing file /home/ubuntu/customer_churn_venv/lib/python3.10/site-packages/airflow/example_dags/example_dag_decorator.py for tasks to queue
[2023-11-02T06:51:17.162+0000] {logging_mixin.py:151} INFO - [2023-11-02T06:51:17.161+0000] {dagbag.py:536} INFO - Filling up the DagBag from /home/ubuntu/customer_churn_venv/lib/python3.10/site-packages/airflow/example_dags/example_dag_decorator.py
[2023-11-02T06:51:17.249+0000] {processor.py:839} INFO - DAG(s) dict_keys(['example_dag_decorator']) retrieved from /home/ubuntu/customer_churn_venv/lib/python3.10/site-packages/airflow/example_dags/example_dag_decorator.py
[2023-11-02T06:51:17.348+0000] {logging_mixin.py:151} INFO - [2023-11-02T06:51:17.347+0000] {dag.py:2941} INFO - Sync 1 DAGs
[2023-11-02T06:51:17.358+0000] {logging_mixin.py:151} INFO - [2023-11-02T06:51:17.357+0000] {dag.py:3722} INFO - Setting next_dagrun for example_dag_decorator to None, run_after=None
[2023-11-02T06:51:17.381+0000] {processor.py:179} INFO - Processing /home/ubuntu/customer_churn_venv/lib/python3.10/site-packages/airflow/example_dags/example_dag_decorator.py took 0.225 seconds
[2023-11-02T06:52:03.562+0000] {processor.py:157} INFO - Started process (PID=3845) to work on /home/ubuntu/customer_churn_venv/lib/python3.10/site-packages/airflow/example_dags/example_dag_decorator.py
[2023-11-02T06:52:03.563+0000] {processor.py:829} INFO - Processing file /home/ubuntu/customer_churn_venv/lib/python3.10/site-packages/airflow/example_dags/example_dag_decorator.py for tasks to queue
[2023-11-02T06:52:03.564+0000] {logging_mixin.py:151} INFO - [2023-11-02T06:52:03.564+0000] {dagbag.py:536} INFO - Filling up the DagBag from /home/ubuntu/customer_churn_venv/lib/python3.10/site-packages/airflow/example_dags/example_dag_decorator.py
[2023-11-02T06:52:03.652+0000] {processor.py:839} INFO - DAG(s) dict_keys(['example_dag_decorator']) retrieved from /home/ubuntu/customer_churn_venv/lib/python3.10/site-packages/airflow/example_dags/example_dag_decorator.py
[2023-11-02T06:52:03.754+0000] {logging_mixin.py:151} INFO - [2023-11-02T06:52:03.754+0000] {dag.py:2941} INFO - Sync 1 DAGs
[2023-11-02T06:52:03.764+0000] {logging_mixin.py:151} INFO - [2023-11-02T06:52:03.764+0000] {dag.py:3722} INFO - Setting next_dagrun for example_dag_decorator to None, run_after=None
[2023-11-02T06:52:03.788+0000] {processor.py:179} INFO - Processing /home/ubuntu/customer_churn_venv/lib/python3.10/site-packages/airflow/example_dags/example_dag_decorator.py took 0.231 seconds
[2023-11-02T06:52:50.463+0000] {processor.py:157} INFO - Started process (PID=3893) to work on /home/ubuntu/customer_churn_venv/lib/python3.10/site-packages/airflow/example_dags/example_dag_decorator.py
[2023-11-02T06:52:50.464+0000] {processor.py:829} INFO - Processing file /home/ubuntu/customer_churn_venv/lib/python3.10/site-packages/airflow/example_dags/example_dag_decorator.py for tasks to queue
[2023-11-02T06:52:50.465+0000] {logging_mixin.py:151} INFO - [2023-11-02T06:52:50.465+0000] {dagbag.py:536} INFO - Filling up the DagBag from /home/ubuntu/customer_churn_venv/lib/python3.10/site-packages/airflow/example_dags/example_dag_decorator.py
[2023-11-02T06:52:50.552+0000] {processor.py:839} INFO - DAG(s) dict_keys(['example_dag_decorator']) retrieved from /home/ubuntu/customer_churn_venv/lib/python3.10/site-packages/airflow/example_dags/example_dag_decorator.py
[2023-11-02T06:52:50.650+0000] {logging_mixin.py:151} INFO - [2023-11-02T06:52:50.650+0000] {dag.py:2941} INFO - Sync 1 DAGs
[2023-11-02T06:52:50.661+0000] {logging_mixin.py:151} INFO - [2023-11-02T06:52:50.660+0000] {dag.py:3722} INFO - Setting next_dagrun for example_dag_decorator to None, run_after=None
[2023-11-02T06:52:50.686+0000] {processor.py:179} INFO - Processing /home/ubuntu/customer_churn_venv/lib/python3.10/site-packages/airflow/example_dags/example_dag_decorator.py took 0.226 seconds
[2023-11-02T07:00:19.002+0000] {processor.py:157} INFO - Started process (PID=4399) to work on /usr/local/lib/python3.10/dist-packages/airflow/example_dags/example_dag_decorator.py
[2023-11-02T07:00:19.008+0000] {processor.py:829} INFO - Processing file /usr/local/lib/python3.10/dist-packages/airflow/example_dags/example_dag_decorator.py for tasks to queue
[2023-11-02T07:00:19.009+0000] {logging_mixin.py:151} INFO - [2023-11-02T07:00:19.009+0000] {dagbag.py:536} INFO - Filling up the DagBag from /usr/local/lib/python3.10/dist-packages/airflow/example_dags/example_dag_decorator.py
[2023-11-02T07:00:19.097+0000] {processor.py:839} INFO - DAG(s) dict_keys(['example_dag_decorator']) retrieved from /usr/local/lib/python3.10/dist-packages/airflow/example_dags/example_dag_decorator.py
[2023-11-02T07:00:19.196+0000] {logging_mixin.py:151} INFO - [2023-11-02T07:00:19.196+0000] {dag.py:2941} INFO - Sync 1 DAGs
[2023-11-02T07:00:19.206+0000] {logging_mixin.py:151} INFO - [2023-11-02T07:00:19.206+0000] {dag.py:3722} INFO - Setting next_dagrun for example_dag_decorator to None, run_after=None
[2023-11-02T07:00:19.234+0000] {processor.py:179} INFO - Processing /usr/local/lib/python3.10/dist-packages/airflow/example_dags/example_dag_decorator.py took 0.236 seconds
[2023-11-02T07:01:07.769+0000] {processor.py:157} INFO - Started process (PID=4449) to work on /usr/local/lib/python3.10/dist-packages/airflow/example_dags/example_dag_decorator.py
[2023-11-02T07:01:07.770+0000] {processor.py:829} INFO - Processing file /usr/local/lib/python3.10/dist-packages/airflow/example_dags/example_dag_decorator.py for tasks to queue
[2023-11-02T07:01:07.771+0000] {logging_mixin.py:151} INFO - [2023-11-02T07:01:07.771+0000] {dagbag.py:536} INFO - Filling up the DagBag from /usr/local/lib/python3.10/dist-packages/airflow/example_dags/example_dag_decorator.py
[2023-11-02T07:01:07.862+0000] {processor.py:839} INFO - DAG(s) dict_keys(['example_dag_decorator']) retrieved from /usr/local/lib/python3.10/dist-packages/airflow/example_dags/example_dag_decorator.py
[2023-11-02T07:01:07.968+0000] {logging_mixin.py:151} INFO - [2023-11-02T07:01:07.968+0000] {dag.py:2941} INFO - Sync 1 DAGs
[2023-11-02T07:01:07.979+0000] {logging_mixin.py:151} INFO - [2023-11-02T07:01:07.979+0000] {dag.py:3722} INFO - Setting next_dagrun for example_dag_decorator to None, run_after=None
[2023-11-02T07:01:08.007+0000] {processor.py:179} INFO - Processing /usr/local/lib/python3.10/dist-packages/airflow/example_dags/example_dag_decorator.py took 0.242 seconds
[2023-11-02T07:01:51.813+0000] {processor.py:157} INFO - Started process (PID=4495) to work on /usr/local/lib/python3.10/dist-packages/airflow/example_dags/example_dag_decorator.py
[2023-11-02T07:01:51.814+0000] {processor.py:829} INFO - Processing file /usr/local/lib/python3.10/dist-packages/airflow/example_dags/example_dag_decorator.py for tasks to queue
[2023-11-02T07:01:51.815+0000] {logging_mixin.py:151} INFO - [2023-11-02T07:01:51.815+0000] {dagbag.py:536} INFO - Filling up the DagBag from /usr/local/lib/python3.10/dist-packages/airflow/example_dags/example_dag_decorator.py
[2023-11-02T07:01:51.905+0000] {processor.py:839} INFO - DAG(s) dict_keys(['example_dag_decorator']) retrieved from /usr/local/lib/python3.10/dist-packages/airflow/example_dags/example_dag_decorator.py
[2023-11-02T07:01:52.008+0000] {logging_mixin.py:151} INFO - [2023-11-02T07:01:52.007+0000] {dag.py:2941} INFO - Sync 1 DAGs
[2023-11-02T07:01:52.018+0000] {logging_mixin.py:151} INFO - [2023-11-02T07:01:52.018+0000] {dag.py:3722} INFO - Setting next_dagrun for example_dag_decorator to None, run_after=None
[2023-11-02T07:01:52.041+0000] {processor.py:179} INFO - Processing /usr/local/lib/python3.10/dist-packages/airflow/example_dags/example_dag_decorator.py took 0.232 seconds
[2023-11-02T07:02:36.384+0000] {processor.py:157} INFO - Started process (PID=4541) to work on /usr/local/lib/python3.10/dist-packages/airflow/example_dags/example_dag_decorator.py
[2023-11-02T07:02:36.385+0000] {processor.py:829} INFO - Processing file /usr/local/lib/python3.10/dist-packages/airflow/example_dags/example_dag_decorator.py for tasks to queue
[2023-11-02T07:02:36.386+0000] {logging_mixin.py:151} INFO - [2023-11-02T07:02:36.385+0000] {dagbag.py:536} INFO - Filling up the DagBag from /usr/local/lib/python3.10/dist-packages/airflow/example_dags/example_dag_decorator.py
[2023-11-02T07:02:36.472+0000] {processor.py:839} INFO - DAG(s) dict_keys(['example_dag_decorator']) retrieved from /usr/local/lib/python3.10/dist-packages/airflow/example_dags/example_dag_decorator.py
[2023-11-02T07:02:36.570+0000] {logging_mixin.py:151} INFO - [2023-11-02T07:02:36.570+0000] {dag.py:2941} INFO - Sync 1 DAGs
[2023-11-02T07:02:36.580+0000] {logging_mixin.py:151} INFO - [2023-11-02T07:02:36.580+0000] {dag.py:3722} INFO - Setting next_dagrun for example_dag_decorator to None, run_after=None
[2023-11-02T07:02:36.604+0000] {processor.py:179} INFO - Processing /usr/local/lib/python3.10/dist-packages/airflow/example_dags/example_dag_decorator.py took 0.224 seconds
[2023-11-02T07:03:22.920+0000] {processor.py:157} INFO - Started process (PID=4589) to work on /usr/local/lib/python3.10/dist-packages/airflow/example_dags/example_dag_decorator.py
[2023-11-02T07:03:22.922+0000] {processor.py:829} INFO - Processing file /usr/local/lib/python3.10/dist-packages/airflow/example_dags/example_dag_decorator.py for tasks to queue
[2023-11-02T07:03:22.923+0000] {logging_mixin.py:151} INFO - [2023-11-02T07:03:22.922+0000] {dagbag.py:536} INFO - Filling up the DagBag from /usr/local/lib/python3.10/dist-packages/airflow/example_dags/example_dag_decorator.py
[2023-11-02T07:03:23.014+0000] {processor.py:839} INFO - DAG(s) dict_keys(['example_dag_decorator']) retrieved from /usr/local/lib/python3.10/dist-packages/airflow/example_dags/example_dag_decorator.py
[2023-11-02T07:03:23.035+0000] {logging_mixin.py:151} INFO - [2023-11-02T07:03:23.035+0000] {dag.py:2941} INFO - Sync 1 DAGs
[2023-11-02T07:03:23.048+0000] {logging_mixin.py:151} INFO - [2023-11-02T07:03:23.047+0000] {dag.py:3722} INFO - Setting next_dagrun for example_dag_decorator to None, run_after=None
[2023-11-02T07:03:23.071+0000] {processor.py:179} INFO - Processing /usr/local/lib/python3.10/dist-packages/airflow/example_dags/example_dag_decorator.py took 0.154 seconds
[2023-11-02T07:04:06.034+0000] {processor.py:157} INFO - Started process (PID=4635) to work on /usr/local/lib/python3.10/dist-packages/airflow/example_dags/example_dag_decorator.py
[2023-11-02T07:04:06.035+0000] {processor.py:829} INFO - Processing file /usr/local/lib/python3.10/dist-packages/airflow/example_dags/example_dag_decorator.py for tasks to queue
[2023-11-02T07:04:06.036+0000] {logging_mixin.py:151} INFO - [2023-11-02T07:04:06.036+0000] {dagbag.py:536} INFO - Filling up the DagBag from /usr/local/lib/python3.10/dist-packages/airflow/example_dags/example_dag_decorator.py
[2023-11-02T07:04:06.123+0000] {processor.py:839} INFO - DAG(s) dict_keys(['example_dag_decorator']) retrieved from /usr/local/lib/python3.10/dist-packages/airflow/example_dags/example_dag_decorator.py
[2023-11-02T07:04:06.142+0000] {logging_mixin.py:151} INFO - [2023-11-02T07:04:06.141+0000] {dag.py:2941} INFO - Sync 1 DAGs
[2023-11-02T07:04:06.153+0000] {logging_mixin.py:151} INFO - [2023-11-02T07:04:06.153+0000] {dag.py:3722} INFO - Setting next_dagrun for example_dag_decorator to None, run_after=None
[2023-11-02T07:04:06.178+0000] {processor.py:179} INFO - Processing /usr/local/lib/python3.10/dist-packages/airflow/example_dags/example_dag_decorator.py took 0.148 seconds
[2023-11-02T07:04:47.026+0000] {processor.py:157} INFO - Started process (PID=4683) to work on /usr/local/lib/python3.10/dist-packages/airflow/example_dags/example_dag_decorator.py
[2023-11-02T07:04:47.027+0000] {processor.py:829} INFO - Processing file /usr/local/lib/python3.10/dist-packages/airflow/example_dags/example_dag_decorator.py for tasks to queue
[2023-11-02T07:04:47.028+0000] {logging_mixin.py:151} INFO - [2023-11-02T07:04:47.028+0000] {dagbag.py:536} INFO - Filling up the DagBag from /usr/local/lib/python3.10/dist-packages/airflow/example_dags/example_dag_decorator.py
[2023-11-02T07:04:47.115+0000] {processor.py:839} INFO - DAG(s) dict_keys(['example_dag_decorator']) retrieved from /usr/local/lib/python3.10/dist-packages/airflow/example_dags/example_dag_decorator.py
[2023-11-02T07:04:47.213+0000] {logging_mixin.py:151} INFO - [2023-11-02T07:04:47.212+0000] {dag.py:2941} INFO - Sync 1 DAGs
[2023-11-02T07:04:47.223+0000] {logging_mixin.py:151} INFO - [2023-11-02T07:04:47.223+0000] {dag.py:3722} INFO - Setting next_dagrun for example_dag_decorator to None, run_after=None
[2023-11-02T07:04:47.245+0000] {processor.py:179} INFO - Processing /usr/local/lib/python3.10/dist-packages/airflow/example_dags/example_dag_decorator.py took 0.223 seconds
[2023-11-02T07:05:39.808+0000] {processor.py:157} INFO - Started process (PID=4737) to work on /usr/local/lib/python3.10/dist-packages/airflow/example_dags/example_dag_decorator.py
[2023-11-02T07:05:39.809+0000] {processor.py:829} INFO - Processing file /usr/local/lib/python3.10/dist-packages/airflow/example_dags/example_dag_decorator.py for tasks to queue
[2023-11-02T07:05:39.810+0000] {logging_mixin.py:151} INFO - [2023-11-02T07:05:39.809+0000] {dagbag.py:536} INFO - Filling up the DagBag from /usr/local/lib/python3.10/dist-packages/airflow/example_dags/example_dag_decorator.py
[2023-11-02T07:05:39.896+0000] {processor.py:839} INFO - DAG(s) dict_keys(['example_dag_decorator']) retrieved from /usr/local/lib/python3.10/dist-packages/airflow/example_dags/example_dag_decorator.py
[2023-11-02T07:05:39.998+0000] {logging_mixin.py:151} INFO - [2023-11-02T07:05:39.997+0000] {dag.py:2941} INFO - Sync 1 DAGs
[2023-11-02T07:05:40.008+0000] {logging_mixin.py:151} INFO - [2023-11-02T07:05:40.008+0000] {dag.py:3722} INFO - Setting next_dagrun for example_dag_decorator to None, run_after=None
[2023-11-02T07:05:40.030+0000] {processor.py:179} INFO - Processing /usr/local/lib/python3.10/dist-packages/airflow/example_dags/example_dag_decorator.py took 0.225 seconds
[2023-11-02T07:06:23.419+0000] {processor.py:157} INFO - Started process (PID=4781) to work on /usr/local/lib/python3.10/dist-packages/airflow/example_dags/example_dag_decorator.py
[2023-11-02T07:06:23.421+0000] {processor.py:829} INFO - Processing file /usr/local/lib/python3.10/dist-packages/airflow/example_dags/example_dag_decorator.py for tasks to queue
[2023-11-02T07:06:23.421+0000] {logging_mixin.py:151} INFO - [2023-11-02T07:06:23.421+0000] {dagbag.py:536} INFO - Filling up the DagBag from /usr/local/lib/python3.10/dist-packages/airflow/example_dags/example_dag_decorator.py
[2023-11-02T07:06:23.509+0000] {processor.py:839} INFO - DAG(s) dict_keys(['example_dag_decorator']) retrieved from /usr/local/lib/python3.10/dist-packages/airflow/example_dags/example_dag_decorator.py
[2023-11-02T07:06:23.605+0000] {logging_mixin.py:151} INFO - [2023-11-02T07:06:23.605+0000] {dag.py:2941} INFO - Sync 1 DAGs
[2023-11-02T07:06:23.615+0000] {logging_mixin.py:151} INFO - [2023-11-02T07:06:23.615+0000] {dag.py:3722} INFO - Setting next_dagrun for example_dag_decorator to None, run_after=None
[2023-11-02T07:06:23.638+0000] {processor.py:179} INFO - Processing /usr/local/lib/python3.10/dist-packages/airflow/example_dags/example_dag_decorator.py took 0.222 seconds
[2023-11-02T07:07:12.703+0000] {processor.py:157} INFO - Started process (PID=4830) to work on /usr/local/lib/python3.10/dist-packages/airflow/example_dags/example_dag_decorator.py
[2023-11-02T07:07:12.705+0000] {processor.py:829} INFO - Processing file /usr/local/lib/python3.10/dist-packages/airflow/example_dags/example_dag_decorator.py for tasks to queue
[2023-11-02T07:07:12.706+0000] {logging_mixin.py:151} INFO - [2023-11-02T07:07:12.705+0000] {dagbag.py:536} INFO - Filling up the DagBag from /usr/local/lib/python3.10/dist-packages/airflow/example_dags/example_dag_decorator.py
[2023-11-02T07:07:12.797+0000] {processor.py:839} INFO - DAG(s) dict_keys(['example_dag_decorator']) retrieved from /usr/local/lib/python3.10/dist-packages/airflow/example_dags/example_dag_decorator.py
[2023-11-02T07:07:12.817+0000] {logging_mixin.py:151} INFO - [2023-11-02T07:07:12.817+0000] {dag.py:2941} INFO - Sync 1 DAGs
[2023-11-02T07:07:12.829+0000] {logging_mixin.py:151} INFO - [2023-11-02T07:07:12.829+0000] {dag.py:3722} INFO - Setting next_dagrun for example_dag_decorator to None, run_after=None
[2023-11-02T07:07:12.853+0000] {processor.py:179} INFO - Processing /usr/local/lib/python3.10/dist-packages/airflow/example_dags/example_dag_decorator.py took 0.154 seconds
[2023-11-02T07:07:54.954+0000] {processor.py:157} INFO - Started process (PID=4877) to work on /usr/local/lib/python3.10/dist-packages/airflow/example_dags/example_dag_decorator.py
[2023-11-02T07:07:54.955+0000] {processor.py:829} INFO - Processing file /usr/local/lib/python3.10/dist-packages/airflow/example_dags/example_dag_decorator.py for tasks to queue
[2023-11-02T07:07:54.956+0000] {logging_mixin.py:151} INFO - [2023-11-02T07:07:54.956+0000] {dagbag.py:536} INFO - Filling up the DagBag from /usr/local/lib/python3.10/dist-packages/airflow/example_dags/example_dag_decorator.py
[2023-11-02T07:07:55.042+0000] {processor.py:839} INFO - DAG(s) dict_keys(['example_dag_decorator']) retrieved from /usr/local/lib/python3.10/dist-packages/airflow/example_dags/example_dag_decorator.py
[2023-11-02T07:07:55.138+0000] {logging_mixin.py:151} INFO - [2023-11-02T07:07:55.138+0000] {dag.py:2941} INFO - Sync 1 DAGs
[2023-11-02T07:07:55.148+0000] {logging_mixin.py:151} INFO - [2023-11-02T07:07:55.148+0000] {dag.py:3722} INFO - Setting next_dagrun for example_dag_decorator to None, run_after=None
[2023-11-02T07:07:55.170+0000] {processor.py:179} INFO - Processing /usr/local/lib/python3.10/dist-packages/airflow/example_dags/example_dag_decorator.py took 0.220 seconds
[2023-11-02T07:08:43.638+0000] {processor.py:157} INFO - Started process (PID=5158) to work on /usr/local/lib/python3.10/dist-packages/airflow/example_dags/example_dag_decorator.py
[2023-11-02T07:08:43.639+0000] {processor.py:829} INFO - Processing file /usr/local/lib/python3.10/dist-packages/airflow/example_dags/example_dag_decorator.py for tasks to queue
[2023-11-02T07:08:43.640+0000] {logging_mixin.py:151} INFO - [2023-11-02T07:08:43.640+0000] {dagbag.py:536} INFO - Filling up the DagBag from /usr/local/lib/python3.10/dist-packages/airflow/example_dags/example_dag_decorator.py
[2023-11-02T07:08:43.724+0000] {processor.py:839} INFO - DAG(s) dict_keys(['example_dag_decorator']) retrieved from /usr/local/lib/python3.10/dist-packages/airflow/example_dags/example_dag_decorator.py
[2023-11-02T07:08:43.818+0000] {logging_mixin.py:151} INFO - [2023-11-02T07:08:43.818+0000] {dag.py:2941} INFO - Sync 1 DAGs
[2023-11-02T07:08:43.829+0000] {logging_mixin.py:151} INFO - [2023-11-02T07:08:43.829+0000] {dag.py:3722} INFO - Setting next_dagrun for example_dag_decorator to None, run_after=None
[2023-11-02T07:08:43.851+0000] {processor.py:179} INFO - Processing /usr/local/lib/python3.10/dist-packages/airflow/example_dags/example_dag_decorator.py took 0.216 seconds
[2023-11-02T07:09:27.543+0000] {processor.py:157} INFO - Started process (PID=5363) to work on /usr/local/lib/python3.10/dist-packages/airflow/example_dags/example_dag_decorator.py
[2023-11-02T07:09:27.544+0000] {processor.py:829} INFO - Processing file /usr/local/lib/python3.10/dist-packages/airflow/example_dags/example_dag_decorator.py for tasks to queue
[2023-11-02T07:09:27.545+0000] {logging_mixin.py:151} INFO - [2023-11-02T07:09:27.544+0000] {dagbag.py:536} INFO - Filling up the DagBag from /usr/local/lib/python3.10/dist-packages/airflow/example_dags/example_dag_decorator.py
[2023-11-02T07:09:27.631+0000] {processor.py:839} INFO - DAG(s) dict_keys(['example_dag_decorator']) retrieved from /usr/local/lib/python3.10/dist-packages/airflow/example_dags/example_dag_decorator.py
[2023-11-02T07:09:27.730+0000] {logging_mixin.py:151} INFO - [2023-11-02T07:09:27.730+0000] {dag.py:2941} INFO - Sync 1 DAGs
[2023-11-02T07:09:27.741+0000] {logging_mixin.py:151} INFO - [2023-11-02T07:09:27.741+0000] {dag.py:3722} INFO - Setting next_dagrun for example_dag_decorator to None, run_after=None
[2023-11-02T07:09:27.764+0000] {processor.py:179} INFO - Processing /usr/local/lib/python3.10/dist-packages/airflow/example_dags/example_dag_decorator.py took 0.225 seconds
[2023-11-02T07:10:12.955+0000] {processor.py:157} INFO - Started process (PID=5412) to work on /usr/local/lib/python3.10/dist-packages/airflow/example_dags/example_dag_decorator.py
[2023-11-02T07:10:12.957+0000] {processor.py:829} INFO - Processing file /usr/local/lib/python3.10/dist-packages/airflow/example_dags/example_dag_decorator.py for tasks to queue
[2023-11-02T07:10:12.958+0000] {logging_mixin.py:151} INFO - [2023-11-02T07:10:12.957+0000] {dagbag.py:536} INFO - Filling up the DagBag from /usr/local/lib/python3.10/dist-packages/airflow/example_dags/example_dag_decorator.py
[2023-11-02T07:10:13.047+0000] {processor.py:839} INFO - DAG(s) dict_keys(['example_dag_decorator']) retrieved from /usr/local/lib/python3.10/dist-packages/airflow/example_dags/example_dag_decorator.py
[2023-11-02T07:10:13.068+0000] {logging_mixin.py:151} INFO - [2023-11-02T07:10:13.067+0000] {dag.py:2941} INFO - Sync 1 DAGs
[2023-11-02T07:10:13.081+0000] {logging_mixin.py:151} INFO - [2023-11-02T07:10:13.081+0000] {dag.py:3722} INFO - Setting next_dagrun for example_dag_decorator to None, run_after=None
[2023-11-02T07:10:13.105+0000] {processor.py:179} INFO - Processing /usr/local/lib/python3.10/dist-packages/airflow/example_dags/example_dag_decorator.py took 0.153 seconds
[2023-11-02T07:11:01.088+0000] {processor.py:157} INFO - Started process (PID=5460) to work on /usr/local/lib/python3.10/dist-packages/airflow/example_dags/example_dag_decorator.py
[2023-11-02T07:11:01.090+0000] {processor.py:829} INFO - Processing file /usr/local/lib/python3.10/dist-packages/airflow/example_dags/example_dag_decorator.py for tasks to queue
[2023-11-02T07:11:01.090+0000] {logging_mixin.py:151} INFO - [2023-11-02T07:11:01.090+0000] {dagbag.py:536} INFO - Filling up the DagBag from /usr/local/lib/python3.10/dist-packages/airflow/example_dags/example_dag_decorator.py
[2023-11-02T07:11:01.181+0000] {processor.py:839} INFO - DAG(s) dict_keys(['example_dag_decorator']) retrieved from /usr/local/lib/python3.10/dist-packages/airflow/example_dags/example_dag_decorator.py
[2023-11-02T07:11:01.201+0000] {logging_mixin.py:151} INFO - [2023-11-02T07:11:01.201+0000] {dag.py:2941} INFO - Sync 1 DAGs
[2023-11-02T07:11:01.213+0000] {logging_mixin.py:151} INFO - [2023-11-02T07:11:01.213+0000] {dag.py:3722} INFO - Setting next_dagrun for example_dag_decorator to None, run_after=None
[2023-11-02T07:11:01.238+0000] {processor.py:179} INFO - Processing /usr/local/lib/python3.10/dist-packages/airflow/example_dags/example_dag_decorator.py took 0.153 seconds
[2023-11-02T07:11:50.596+0000] {processor.py:157} INFO - Started process (PID=5516) to work on /usr/local/lib/python3.10/dist-packages/airflow/example_dags/example_dag_decorator.py
[2023-11-02T07:11:50.597+0000] {processor.py:829} INFO - Processing file /usr/local/lib/python3.10/dist-packages/airflow/example_dags/example_dag_decorator.py for tasks to queue
[2023-11-02T07:11:50.598+0000] {logging_mixin.py:151} INFO - [2023-11-02T07:11:50.598+0000] {dagbag.py:536} INFO - Filling up the DagBag from /usr/local/lib/python3.10/dist-packages/airflow/example_dags/example_dag_decorator.py
[2023-11-02T07:11:50.684+0000] {processor.py:839} INFO - DAG(s) dict_keys(['example_dag_decorator']) retrieved from /usr/local/lib/python3.10/dist-packages/airflow/example_dags/example_dag_decorator.py
[2023-11-02T07:11:50.703+0000] {logging_mixin.py:151} INFO - [2023-11-02T07:11:50.703+0000] {dag.py:2941} INFO - Sync 1 DAGs
[2023-11-02T07:11:50.716+0000] {logging_mixin.py:151} INFO - [2023-11-02T07:11:50.716+0000] {dag.py:3722} INFO - Setting next_dagrun for example_dag_decorator to None, run_after=None
[2023-11-02T07:11:50.739+0000] {processor.py:179} INFO - Processing /usr/local/lib/python3.10/dist-packages/airflow/example_dags/example_dag_decorator.py took 0.146 seconds
[2023-11-02T07:12:33.644+0000] {processor.py:157} INFO - Started process (PID=5562) to work on /usr/local/lib/python3.10/dist-packages/airflow/example_dags/example_dag_decorator.py
[2023-11-02T07:12:33.645+0000] {processor.py:829} INFO - Processing file /usr/local/lib/python3.10/dist-packages/airflow/example_dags/example_dag_decorator.py for tasks to queue
[2023-11-02T07:12:33.646+0000] {logging_mixin.py:151} INFO - [2023-11-02T07:12:33.645+0000] {dagbag.py:536} INFO - Filling up the DagBag from /usr/local/lib/python3.10/dist-packages/airflow/example_dags/example_dag_decorator.py
[2023-11-02T07:12:33.732+0000] {processor.py:839} INFO - DAG(s) dict_keys(['example_dag_decorator']) retrieved from /usr/local/lib/python3.10/dist-packages/airflow/example_dags/example_dag_decorator.py
[2023-11-02T07:12:33.830+0000] {logging_mixin.py:151} INFO - [2023-11-02T07:12:33.830+0000] {dag.py:2941} INFO - Sync 1 DAGs
[2023-11-02T07:12:33.840+0000] {logging_mixin.py:151} INFO - [2023-11-02T07:12:33.840+0000] {dag.py:3722} INFO - Setting next_dagrun for example_dag_decorator to None, run_after=None
[2023-11-02T07:12:33.862+0000] {processor.py:179} INFO - Processing /usr/local/lib/python3.10/dist-packages/airflow/example_dags/example_dag_decorator.py took 0.222 seconds
