[2023-11-02T06:50:14.507+0000] {processor.py:157} INFO - Started process (PID=3735) to work on /home/ubuntu/customer_churn_venv/lib/python3.10/site-packages/airflow/example_dags/example_latest_only.py
[2023-11-02T06:50:14.508+0000] {processor.py:829} INFO - Processing file /home/ubuntu/customer_churn_venv/lib/python3.10/site-packages/airflow/example_dags/example_latest_only.py for tasks to queue
[2023-11-02T06:50:14.509+0000] {logging_mixin.py:151} INFO - [2023-11-02T06:50:14.508+0000] {dagbag.py:536} INFO - Filling up the DagBag from /home/ubuntu/customer_churn_venv/lib/python3.10/site-packages/airflow/example_dags/example_latest_only.py
[2023-11-02T06:50:14.640+0000] {processor.py:839} INFO - DAG(s) dict_keys(['latest_only']) retrieved from /home/ubuntu/customer_churn_venv/lib/python3.10/site-packages/airflow/example_dags/example_latest_only.py
[2023-11-02T06:50:14.745+0000] {logging_mixin.py:151} INFO - [2023-11-02T06:50:14.744+0000] {manager.py:499} INFO - Created Permission View: %s
[2023-11-02T06:50:14.758+0000] {logging_mixin.py:151} INFO - [2023-11-02T06:50:14.758+0000] {manager.py:499} INFO - Created Permission View: %s
[2023-11-02T06:50:14.769+0000] {logging_mixin.py:151} INFO - [2023-11-02T06:50:14.768+0000] {manager.py:499} INFO - Created Permission View: %s
[2023-11-02T06:50:14.769+0000] {logging_mixin.py:151} INFO - [2023-11-02T06:50:14.769+0000] {dag.py:2941} INFO - Sync 1 DAGs
[2023-11-02T06:50:14.781+0000] {logging_mixin.py:151} INFO - [2023-11-02T06:50:14.780+0000] {dag.py:2963} INFO - Creating ORM DAG for latest_only
[2023-11-02T06:50:14.790+0000] {logging_mixin.py:151} INFO - [2023-11-02T06:50:14.790+0000] {dag.py:3722} INFO - Setting next_dagrun for latest_only to 2023-11-02T02:50:14.789999+00:00, run_after=2023-11-02T06:50:14.789999+00:00
[2023-11-02T06:50:14.816+0000] {processor.py:179} INFO - Processing /home/ubuntu/customer_churn_venv/lib/python3.10/site-packages/airflow/example_dags/example_latest_only.py took 0.312 seconds
[2023-11-02T06:51:02.977+0000] {processor.py:157} INFO - Started process (PID=3781) to work on /home/ubuntu/customer_churn_venv/lib/python3.10/site-packages/airflow/example_dags/example_latest_only.py
[2023-11-02T06:51:02.978+0000] {processor.py:829} INFO - Processing file /home/ubuntu/customer_churn_venv/lib/python3.10/site-packages/airflow/example_dags/example_latest_only.py for tasks to queue
[2023-11-02T06:51:02.979+0000] {logging_mixin.py:151} INFO - [2023-11-02T06:51:02.978+0000] {dagbag.py:536} INFO - Filling up the DagBag from /home/ubuntu/customer_churn_venv/lib/python3.10/site-packages/airflow/example_dags/example_latest_only.py
[2023-11-02T06:51:02.985+0000] {processor.py:839} INFO - DAG(s) dict_keys(['latest_only']) retrieved from /home/ubuntu/customer_churn_venv/lib/python3.10/site-packages/airflow/example_dags/example_latest_only.py
[2023-11-02T06:51:03.004+0000] {logging_mixin.py:151} INFO - [2023-11-02T06:51:03.004+0000] {dag.py:2941} INFO - Sync 1 DAGs
[2023-11-02T06:51:03.026+0000] {logging_mixin.py:151} INFO - [2023-11-02T06:51:03.026+0000] {dag.py:3722} INFO - Setting next_dagrun for latest_only to 2023-11-02T02:51:03.026050+00:00, run_after=2023-11-02T06:51:03.026050+00:00
[2023-11-02T06:51:03.054+0000] {processor.py:179} INFO - Processing /home/ubuntu/customer_churn_venv/lib/python3.10/site-packages/airflow/example_dags/example_latest_only.py took 0.081 seconds
[2023-11-02T06:51:49.612+0000] {processor.py:157} INFO - Started process (PID=3830) to work on /home/ubuntu/customer_churn_venv/lib/python3.10/site-packages/airflow/example_dags/example_latest_only.py
[2023-11-02T06:51:49.613+0000] {processor.py:829} INFO - Processing file /home/ubuntu/customer_churn_venv/lib/python3.10/site-packages/airflow/example_dags/example_latest_only.py for tasks to queue
[2023-11-02T06:51:49.614+0000] {logging_mixin.py:151} INFO - [2023-11-02T06:51:49.614+0000] {dagbag.py:536} INFO - Filling up the DagBag from /home/ubuntu/customer_churn_venv/lib/python3.10/site-packages/airflow/example_dags/example_latest_only.py
[2023-11-02T06:51:49.621+0000] {processor.py:839} INFO - DAG(s) dict_keys(['latest_only']) retrieved from /home/ubuntu/customer_churn_venv/lib/python3.10/site-packages/airflow/example_dags/example_latest_only.py
[2023-11-02T06:51:49.638+0000] {logging_mixin.py:151} INFO - [2023-11-02T06:51:49.638+0000] {dag.py:2941} INFO - Sync 1 DAGs
[2023-11-02T06:51:49.659+0000] {logging_mixin.py:151} INFO - [2023-11-02T06:51:49.658+0000] {dag.py:3722} INFO - Setting next_dagrun for latest_only to 2023-11-02T02:51:49.658712+00:00, run_after=2023-11-02T06:51:49.658712+00:00
[2023-11-02T06:51:49.682+0000] {processor.py:179} INFO - Processing /home/ubuntu/customer_churn_venv/lib/python3.10/site-packages/airflow/example_dags/example_latest_only.py took 0.073 seconds
[2023-11-02T06:52:36.161+0000] {processor.py:157} INFO - Started process (PID=3878) to work on /home/ubuntu/customer_churn_venv/lib/python3.10/site-packages/airflow/example_dags/example_latest_only.py
[2023-11-02T06:52:36.163+0000] {processor.py:829} INFO - Processing file /home/ubuntu/customer_churn_venv/lib/python3.10/site-packages/airflow/example_dags/example_latest_only.py for tasks to queue
[2023-11-02T06:52:36.163+0000] {logging_mixin.py:151} INFO - [2023-11-02T06:52:36.163+0000] {dagbag.py:536} INFO - Filling up the DagBag from /home/ubuntu/customer_churn_venv/lib/python3.10/site-packages/airflow/example_dags/example_latest_only.py
[2023-11-02T06:52:36.170+0000] {processor.py:839} INFO - DAG(s) dict_keys(['latest_only']) retrieved from /home/ubuntu/customer_churn_venv/lib/python3.10/site-packages/airflow/example_dags/example_latest_only.py
[2023-11-02T06:52:36.187+0000] {logging_mixin.py:151} INFO - [2023-11-02T06:52:36.186+0000] {dag.py:2941} INFO - Sync 1 DAGs
[2023-11-02T06:52:36.208+0000] {logging_mixin.py:151} INFO - [2023-11-02T06:52:36.207+0000] {dag.py:3722} INFO - Setting next_dagrun for latest_only to 2023-11-02T02:52:36.207590+00:00, run_after=2023-11-02T06:52:36.207590+00:00
[2023-11-02T06:52:36.230+0000] {processor.py:179} INFO - Processing /home/ubuntu/customer_churn_venv/lib/python3.10/site-packages/airflow/example_dags/example_latest_only.py took 0.072 seconds
[2023-11-02T07:00:22.734+0000] {processor.py:157} INFO - Started process (PID=4402) to work on /usr/local/lib/python3.10/dist-packages/airflow/example_dags/example_latest_only.py
[2023-11-02T07:00:22.736+0000] {processor.py:829} INFO - Processing file /usr/local/lib/python3.10/dist-packages/airflow/example_dags/example_latest_only.py for tasks to queue
[2023-11-02T07:00:22.737+0000] {logging_mixin.py:151} INFO - [2023-11-02T07:00:22.736+0000] {dagbag.py:536} INFO - Filling up the DagBag from /usr/local/lib/python3.10/dist-packages/airflow/example_dags/example_latest_only.py
[2023-11-02T07:00:22.743+0000] {processor.py:839} INFO - DAG(s) dict_keys(['latest_only']) retrieved from /usr/local/lib/python3.10/dist-packages/airflow/example_dags/example_latest_only.py
[2023-11-02T07:00:22.761+0000] {logging_mixin.py:151} INFO - [2023-11-02T07:00:22.761+0000] {dag.py:2941} INFO - Sync 1 DAGs
[2023-11-02T07:00:22.783+0000] {logging_mixin.py:151} INFO - [2023-11-02T07:00:22.783+0000] {dag.py:3722} INFO - Setting next_dagrun for latest_only to 2023-11-02T03:00:22.782768+00:00, run_after=2023-11-02T07:00:22.782768+00:00
[2023-11-02T07:00:22.806+0000] {processor.py:179} INFO - Processing /usr/local/lib/python3.10/dist-packages/airflow/example_dags/example_latest_only.py took 0.076 seconds
[2023-11-02T07:01:10.623+0000] {processor.py:157} INFO - Started process (PID=4452) to work on /usr/local/lib/python3.10/dist-packages/airflow/example_dags/example_latest_only.py
[2023-11-02T07:01:10.624+0000] {processor.py:829} INFO - Processing file /usr/local/lib/python3.10/dist-packages/airflow/example_dags/example_latest_only.py for tasks to queue
[2023-11-02T07:01:10.625+0000] {logging_mixin.py:151} INFO - [2023-11-02T07:01:10.624+0000] {dagbag.py:536} INFO - Filling up the DagBag from /usr/local/lib/python3.10/dist-packages/airflow/example_dags/example_latest_only.py
[2023-11-02T07:01:10.631+0000] {processor.py:839} INFO - DAG(s) dict_keys(['latest_only']) retrieved from /usr/local/lib/python3.10/dist-packages/airflow/example_dags/example_latest_only.py
[2023-11-02T07:01:10.648+0000] {logging_mixin.py:151} INFO - [2023-11-02T07:01:10.647+0000] {dag.py:2941} INFO - Sync 1 DAGs
[2023-11-02T07:01:10.668+0000] {logging_mixin.py:151} INFO - [2023-11-02T07:01:10.668+0000] {dag.py:3722} INFO - Setting next_dagrun for latest_only to 2023-11-02T03:01:10.668031+00:00, run_after=2023-11-02T07:01:10.668031+00:00
[2023-11-02T07:01:10.690+0000] {processor.py:179} INFO - Processing /usr/local/lib/python3.10/dist-packages/airflow/example_dags/example_latest_only.py took 0.070 seconds
[2023-11-02T07:01:54.675+0000] {processor.py:157} INFO - Started process (PID=4498) to work on /usr/local/lib/python3.10/dist-packages/airflow/example_dags/example_latest_only.py
[2023-11-02T07:01:54.676+0000] {processor.py:829} INFO - Processing file /usr/local/lib/python3.10/dist-packages/airflow/example_dags/example_latest_only.py for tasks to queue
[2023-11-02T07:01:54.677+0000] {logging_mixin.py:151} INFO - [2023-11-02T07:01:54.677+0000] {dagbag.py:536} INFO - Filling up the DagBag from /usr/local/lib/python3.10/dist-packages/airflow/example_dags/example_latest_only.py
[2023-11-02T07:01:54.683+0000] {processor.py:839} INFO - DAG(s) dict_keys(['latest_only']) retrieved from /usr/local/lib/python3.10/dist-packages/airflow/example_dags/example_latest_only.py
[2023-11-02T07:01:54.700+0000] {logging_mixin.py:151} INFO - [2023-11-02T07:01:54.699+0000] {dag.py:2941} INFO - Sync 1 DAGs
[2023-11-02T07:01:54.720+0000] {logging_mixin.py:151} INFO - [2023-11-02T07:01:54.720+0000] {dag.py:3722} INFO - Setting next_dagrun for latest_only to 2023-11-02T03:01:54.720020+00:00, run_after=2023-11-02T07:01:54.720020+00:00
[2023-11-02T07:01:54.743+0000] {processor.py:179} INFO - Processing /usr/local/lib/python3.10/dist-packages/airflow/example_dags/example_latest_only.py took 0.071 seconds
[2023-11-02T07:02:39.708+0000] {processor.py:157} INFO - Started process (PID=4544) to work on /usr/local/lib/python3.10/dist-packages/airflow/example_dags/example_latest_only.py
[2023-11-02T07:02:39.709+0000] {processor.py:829} INFO - Processing file /usr/local/lib/python3.10/dist-packages/airflow/example_dags/example_latest_only.py for tasks to queue
[2023-11-02T07:02:39.710+0000] {logging_mixin.py:151} INFO - [2023-11-02T07:02:39.709+0000] {dagbag.py:536} INFO - Filling up the DagBag from /usr/local/lib/python3.10/dist-packages/airflow/example_dags/example_latest_only.py
[2023-11-02T07:02:39.716+0000] {processor.py:839} INFO - DAG(s) dict_keys(['latest_only']) retrieved from /usr/local/lib/python3.10/dist-packages/airflow/example_dags/example_latest_only.py
[2023-11-02T07:02:39.733+0000] {logging_mixin.py:151} INFO - [2023-11-02T07:02:39.732+0000] {dag.py:2941} INFO - Sync 1 DAGs
[2023-11-02T07:02:39.753+0000] {logging_mixin.py:151} INFO - [2023-11-02T07:02:39.753+0000] {dag.py:3722} INFO - Setting next_dagrun for latest_only to 2023-11-02T03:02:39.752952+00:00, run_after=2023-11-02T07:02:39.752952+00:00
[2023-11-02T07:02:39.775+0000] {processor.py:179} INFO - Processing /usr/local/lib/python3.10/dist-packages/airflow/example_dags/example_latest_only.py took 0.071 seconds
[2023-11-02T07:03:25.888+0000] {processor.py:157} INFO - Started process (PID=4592) to work on /usr/local/lib/python3.10/dist-packages/airflow/example_dags/example_latest_only.py
[2023-11-02T07:03:25.889+0000] {processor.py:829} INFO - Processing file /usr/local/lib/python3.10/dist-packages/airflow/example_dags/example_latest_only.py for tasks to queue
[2023-11-02T07:03:25.890+0000] {logging_mixin.py:151} INFO - [2023-11-02T07:03:25.889+0000] {dagbag.py:536} INFO - Filling up the DagBag from /usr/local/lib/python3.10/dist-packages/airflow/example_dags/example_latest_only.py
[2023-11-02T07:03:25.896+0000] {processor.py:839} INFO - DAG(s) dict_keys(['latest_only']) retrieved from /usr/local/lib/python3.10/dist-packages/airflow/example_dags/example_latest_only.py
[2023-11-02T07:03:25.912+0000] {logging_mixin.py:151} INFO - [2023-11-02T07:03:25.912+0000] {dag.py:2941} INFO - Sync 1 DAGs
[2023-11-02T07:03:25.936+0000] {logging_mixin.py:151} INFO - [2023-11-02T07:03:25.935+0000] {dag.py:3722} INFO - Setting next_dagrun for latest_only to 2023-11-02T03:03:25.935557+00:00, run_after=2023-11-02T07:03:25.935557+00:00
[2023-11-02T07:03:25.958+0000] {processor.py:179} INFO - Processing /usr/local/lib/python3.10/dist-packages/airflow/example_dags/example_latest_only.py took 0.074 seconds
[2023-11-02T07:04:08.839+0000] {processor.py:157} INFO - Started process (PID=4638) to work on /usr/local/lib/python3.10/dist-packages/airflow/example_dags/example_latest_only.py
[2023-11-02T07:04:08.840+0000] {processor.py:829} INFO - Processing file /usr/local/lib/python3.10/dist-packages/airflow/example_dags/example_latest_only.py for tasks to queue
[2023-11-02T07:04:08.841+0000] {logging_mixin.py:151} INFO - [2023-11-02T07:04:08.840+0000] {dagbag.py:536} INFO - Filling up the DagBag from /usr/local/lib/python3.10/dist-packages/airflow/example_dags/example_latest_only.py
[2023-11-02T07:04:08.847+0000] {processor.py:839} INFO - DAG(s) dict_keys(['latest_only']) retrieved from /usr/local/lib/python3.10/dist-packages/airflow/example_dags/example_latest_only.py
[2023-11-02T07:04:08.863+0000] {logging_mixin.py:151} INFO - [2023-11-02T07:04:08.863+0000] {dag.py:2941} INFO - Sync 1 DAGs
[2023-11-02T07:04:08.884+0000] {logging_mixin.py:151} INFO - [2023-11-02T07:04:08.884+0000] {dag.py:3722} INFO - Setting next_dagrun for latest_only to 2023-11-02T03:04:08.884216+00:00, run_after=2023-11-02T07:04:08.884216+00:00
[2023-11-02T07:04:08.908+0000] {processor.py:179} INFO - Processing /usr/local/lib/python3.10/dist-packages/airflow/example_dags/example_latest_only.py took 0.073 seconds
[2023-11-02T07:04:58.624+0000] {processor.py:157} INFO - Started process (PID=4694) to work on /usr/local/lib/python3.10/dist-packages/airflow/example_dags/example_latest_only.py
[2023-11-02T07:04:58.625+0000] {processor.py:829} INFO - Processing file /usr/local/lib/python3.10/dist-packages/airflow/example_dags/example_latest_only.py for tasks to queue
[2023-11-02T07:04:58.626+0000] {logging_mixin.py:151} INFO - [2023-11-02T07:04:58.626+0000] {dagbag.py:536} INFO - Filling up the DagBag from /usr/local/lib/python3.10/dist-packages/airflow/example_dags/example_latest_only.py
[2023-11-02T07:04:58.632+0000] {processor.py:839} INFO - DAG(s) dict_keys(['latest_only']) retrieved from /usr/local/lib/python3.10/dist-packages/airflow/example_dags/example_latest_only.py
[2023-11-02T07:04:58.648+0000] {logging_mixin.py:151} INFO - [2023-11-02T07:04:58.648+0000] {dag.py:2941} INFO - Sync 1 DAGs
[2023-11-02T07:04:58.668+0000] {logging_mixin.py:151} INFO - [2023-11-02T07:04:58.668+0000] {dag.py:3722} INFO - Setting next_dagrun for latest_only to 2023-11-02T03:04:58.667793+00:00, run_after=2023-11-02T07:04:58.667793+00:00
[2023-11-02T07:04:58.689+0000] {processor.py:179} INFO - Processing /usr/local/lib/python3.10/dist-packages/airflow/example_dags/example_latest_only.py took 0.068 seconds
[2023-11-02T07:05:42.799+0000] {processor.py:157} INFO - Started process (PID=4740) to work on /usr/local/lib/python3.10/dist-packages/airflow/example_dags/example_latest_only.py
[2023-11-02T07:05:42.801+0000] {processor.py:829} INFO - Processing file /usr/local/lib/python3.10/dist-packages/airflow/example_dags/example_latest_only.py for tasks to queue
[2023-11-02T07:05:42.801+0000] {logging_mixin.py:151} INFO - [2023-11-02T07:05:42.801+0000] {dagbag.py:536} INFO - Filling up the DagBag from /usr/local/lib/python3.10/dist-packages/airflow/example_dags/example_latest_only.py
[2023-11-02T07:05:42.808+0000] {processor.py:839} INFO - DAG(s) dict_keys(['latest_only']) retrieved from /usr/local/lib/python3.10/dist-packages/airflow/example_dags/example_latest_only.py
[2023-11-02T07:05:42.824+0000] {logging_mixin.py:151} INFO - [2023-11-02T07:05:42.824+0000] {dag.py:2941} INFO - Sync 1 DAGs
[2023-11-02T07:05:42.845+0000] {logging_mixin.py:151} INFO - [2023-11-02T07:05:42.844+0000] {dag.py:3722} INFO - Setting next_dagrun for latest_only to 2023-11-02T03:05:42.844552+00:00, run_after=2023-11-02T07:05:42.844552+00:00
[2023-11-02T07:05:42.867+0000] {processor.py:179} INFO - Processing /usr/local/lib/python3.10/dist-packages/airflow/example_dags/example_latest_only.py took 0.071 seconds
[2023-11-02T07:06:26.391+0000] {processor.py:157} INFO - Started process (PID=4784) to work on /usr/local/lib/python3.10/dist-packages/airflow/example_dags/example_latest_only.py
[2023-11-02T07:06:26.393+0000] {processor.py:829} INFO - Processing file /usr/local/lib/python3.10/dist-packages/airflow/example_dags/example_latest_only.py for tasks to queue
[2023-11-02T07:06:26.393+0000] {logging_mixin.py:151} INFO - [2023-11-02T07:06:26.393+0000] {dagbag.py:536} INFO - Filling up the DagBag from /usr/local/lib/python3.10/dist-packages/airflow/example_dags/example_latest_only.py
[2023-11-02T07:06:26.400+0000] {processor.py:839} INFO - DAG(s) dict_keys(['latest_only']) retrieved from /usr/local/lib/python3.10/dist-packages/airflow/example_dags/example_latest_only.py
[2023-11-02T07:06:26.416+0000] {logging_mixin.py:151} INFO - [2023-11-02T07:06:26.416+0000] {dag.py:2941} INFO - Sync 1 DAGs
[2023-11-02T07:06:26.437+0000] {logging_mixin.py:151} INFO - [2023-11-02T07:06:26.436+0000] {dag.py:3722} INFO - Setting next_dagrun for latest_only to 2023-11-02T03:06:26.436702+00:00, run_after=2023-11-02T07:06:26.436702+00:00
[2023-11-02T07:06:26.459+0000] {processor.py:179} INFO - Processing /usr/local/lib/python3.10/dist-packages/airflow/example_dags/example_latest_only.py took 0.071 seconds
[2023-11-02T07:07:16.326+0000] {processor.py:157} INFO - Started process (PID=4833) to work on /usr/local/lib/python3.10/dist-packages/airflow/example_dags/example_latest_only.py
[2023-11-02T07:07:16.328+0000] {processor.py:829} INFO - Processing file /usr/local/lib/python3.10/dist-packages/airflow/example_dags/example_latest_only.py for tasks to queue
[2023-11-02T07:07:16.329+0000] {logging_mixin.py:151} INFO - [2023-11-02T07:07:16.328+0000] {dagbag.py:536} INFO - Filling up the DagBag from /usr/local/lib/python3.10/dist-packages/airflow/example_dags/example_latest_only.py
[2023-11-02T07:07:16.335+0000] {processor.py:839} INFO - DAG(s) dict_keys(['latest_only']) retrieved from /usr/local/lib/python3.10/dist-packages/airflow/example_dags/example_latest_only.py
[2023-11-02T07:07:16.352+0000] {logging_mixin.py:151} INFO - [2023-11-02T07:07:16.352+0000] {dag.py:2941} INFO - Sync 1 DAGs
[2023-11-02T07:07:16.372+0000] {logging_mixin.py:151} INFO - [2023-11-02T07:07:16.372+0000] {dag.py:3722} INFO - Setting next_dagrun for latest_only to 2023-11-02T03:07:16.372308+00:00, run_after=2023-11-02T07:07:16.372308+00:00
[2023-11-02T07:07:16.396+0000] {processor.py:179} INFO - Processing /usr/local/lib/python3.10/dist-packages/airflow/example_dags/example_latest_only.py took 0.073 seconds
[2023-11-02T07:07:57.810+0000] {processor.py:157} INFO - Started process (PID=4880) to work on /usr/local/lib/python3.10/dist-packages/airflow/example_dags/example_latest_only.py
[2023-11-02T07:07:57.811+0000] {processor.py:829} INFO - Processing file /usr/local/lib/python3.10/dist-packages/airflow/example_dags/example_latest_only.py for tasks to queue
[2023-11-02T07:07:57.812+0000] {logging_mixin.py:151} INFO - [2023-11-02T07:07:57.811+0000] {dagbag.py:536} INFO - Filling up the DagBag from /usr/local/lib/python3.10/dist-packages/airflow/example_dags/example_latest_only.py
[2023-11-02T07:07:57.818+0000] {processor.py:839} INFO - DAG(s) dict_keys(['latest_only']) retrieved from /usr/local/lib/python3.10/dist-packages/airflow/example_dags/example_latest_only.py
[2023-11-02T07:07:57.835+0000] {logging_mixin.py:151} INFO - [2023-11-02T07:07:57.835+0000] {dag.py:2941} INFO - Sync 1 DAGs
[2023-11-02T07:07:57.855+0000] {logging_mixin.py:151} INFO - [2023-11-02T07:07:57.855+0000] {dag.py:3722} INFO - Setting next_dagrun for latest_only to 2023-11-02T03:07:57.855347+00:00, run_after=2023-11-02T07:07:57.855347+00:00
[2023-11-02T07:07:57.878+0000] {processor.py:179} INFO - Processing /usr/local/lib/python3.10/dist-packages/airflow/example_dags/example_latest_only.py took 0.072 seconds
[2023-11-02T07:08:46.457+0000] {processor.py:157} INFO - Started process (PID=5161) to work on /usr/local/lib/python3.10/dist-packages/airflow/example_dags/example_latest_only.py
[2023-11-02T07:08:46.458+0000] {processor.py:829} INFO - Processing file /usr/local/lib/python3.10/dist-packages/airflow/example_dags/example_latest_only.py for tasks to queue
[2023-11-02T07:08:46.459+0000] {logging_mixin.py:151} INFO - [2023-11-02T07:08:46.459+0000] {dagbag.py:536} INFO - Filling up the DagBag from /usr/local/lib/python3.10/dist-packages/airflow/example_dags/example_latest_only.py
[2023-11-02T07:08:46.465+0000] {processor.py:839} INFO - DAG(s) dict_keys(['latest_only']) retrieved from /usr/local/lib/python3.10/dist-packages/airflow/example_dags/example_latest_only.py
[2023-11-02T07:08:46.481+0000] {logging_mixin.py:151} INFO - [2023-11-02T07:08:46.481+0000] {dag.py:2941} INFO - Sync 1 DAGs
[2023-11-02T07:08:46.501+0000] {logging_mixin.py:151} INFO - [2023-11-02T07:08:46.501+0000] {dag.py:3722} INFO - Setting next_dagrun for latest_only to 2023-11-02T03:08:46.500892+00:00, run_after=2023-11-02T07:08:46.500892+00:00
[2023-11-02T07:08:46.522+0000] {processor.py:179} INFO - Processing /usr/local/lib/python3.10/dist-packages/airflow/example_dags/example_latest_only.py took 0.069 seconds
[2023-11-02T07:09:30.400+0000] {processor.py:157} INFO - Started process (PID=5366) to work on /usr/local/lib/python3.10/dist-packages/airflow/example_dags/example_latest_only.py
[2023-11-02T07:09:30.401+0000] {processor.py:829} INFO - Processing file /usr/local/lib/python3.10/dist-packages/airflow/example_dags/example_latest_only.py for tasks to queue
[2023-11-02T07:09:30.402+0000] {logging_mixin.py:151} INFO - [2023-11-02T07:09:30.402+0000] {dagbag.py:536} INFO - Filling up the DagBag from /usr/local/lib/python3.10/dist-packages/airflow/example_dags/example_latest_only.py
[2023-11-02T07:09:30.409+0000] {processor.py:839} INFO - DAG(s) dict_keys(['latest_only']) retrieved from /usr/local/lib/python3.10/dist-packages/airflow/example_dags/example_latest_only.py
[2023-11-02T07:09:30.425+0000] {logging_mixin.py:151} INFO - [2023-11-02T07:09:30.424+0000] {dag.py:2941} INFO - Sync 1 DAGs
[2023-11-02T07:09:30.445+0000] {logging_mixin.py:151} INFO - [2023-11-02T07:09:30.445+0000] {dag.py:3722} INFO - Setting next_dagrun for latest_only to 2023-11-02T03:09:30.445308+00:00, run_after=2023-11-02T07:09:30.445308+00:00
[2023-11-02T07:09:30.467+0000] {processor.py:179} INFO - Processing /usr/local/lib/python3.10/dist-packages/airflow/example_dags/example_latest_only.py took 0.070 seconds
[2023-11-02T07:10:16.574+0000] {processor.py:157} INFO - Started process (PID=5415) to work on /usr/local/lib/python3.10/dist-packages/airflow/example_dags/example_latest_only.py
[2023-11-02T07:10:16.575+0000] {processor.py:829} INFO - Processing file /usr/local/lib/python3.10/dist-packages/airflow/example_dags/example_latest_only.py for tasks to queue
[2023-11-02T07:10:16.576+0000] {logging_mixin.py:151} INFO - [2023-11-02T07:10:16.576+0000] {dagbag.py:536} INFO - Filling up the DagBag from /usr/local/lib/python3.10/dist-packages/airflow/example_dags/example_latest_only.py
[2023-11-02T07:10:16.582+0000] {processor.py:839} INFO - DAG(s) dict_keys(['latest_only']) retrieved from /usr/local/lib/python3.10/dist-packages/airflow/example_dags/example_latest_only.py
[2023-11-02T07:10:16.599+0000] {logging_mixin.py:151} INFO - [2023-11-02T07:10:16.598+0000] {dag.py:2941} INFO - Sync 1 DAGs
[2023-11-02T07:10:16.619+0000] {logging_mixin.py:151} INFO - [2023-11-02T07:10:16.619+0000] {dag.py:3722} INFO - Setting next_dagrun for latest_only to 2023-11-02T03:10:16.618837+00:00, run_after=2023-11-02T07:10:16.618837+00:00
[2023-11-02T07:10:16.641+0000] {processor.py:179} INFO - Processing /usr/local/lib/python3.10/dist-packages/airflow/example_dags/example_latest_only.py took 0.070 seconds
[2023-11-02T07:11:04.026+0000] {processor.py:157} INFO - Started process (PID=5463) to work on /usr/local/lib/python3.10/dist-packages/airflow/example_dags/example_latest_only.py
[2023-11-02T07:11:04.027+0000] {processor.py:829} INFO - Processing file /usr/local/lib/python3.10/dist-packages/airflow/example_dags/example_latest_only.py for tasks to queue
[2023-11-02T07:11:04.028+0000] {logging_mixin.py:151} INFO - [2023-11-02T07:11:04.028+0000] {dagbag.py:536} INFO - Filling up the DagBag from /usr/local/lib/python3.10/dist-packages/airflow/example_dags/example_latest_only.py
[2023-11-02T07:11:04.034+0000] {processor.py:839} INFO - DAG(s) dict_keys(['latest_only']) retrieved from /usr/local/lib/python3.10/dist-packages/airflow/example_dags/example_latest_only.py
[2023-11-02T07:11:04.051+0000] {logging_mixin.py:151} INFO - [2023-11-02T07:11:04.051+0000] {dag.py:2941} INFO - Sync 1 DAGs
[2023-11-02T07:11:04.072+0000] {logging_mixin.py:151} INFO - [2023-11-02T07:11:04.072+0000] {dag.py:3722} INFO - Setting next_dagrun for latest_only to 2023-11-02T03:11:04.072442+00:00, run_after=2023-11-02T07:11:04.072442+00:00
[2023-11-02T07:11:04.097+0000] {processor.py:179} INFO - Processing /usr/local/lib/python3.10/dist-packages/airflow/example_dags/example_latest_only.py took 0.074 seconds
[2023-11-02T07:11:54.219+0000] {processor.py:157} INFO - Started process (PID=5519) to work on /usr/local/lib/python3.10/dist-packages/airflow/example_dags/example_latest_only.py
[2023-11-02T07:11:54.220+0000] {processor.py:829} INFO - Processing file /usr/local/lib/python3.10/dist-packages/airflow/example_dags/example_latest_only.py for tasks to queue
[2023-11-02T07:11:54.221+0000] {logging_mixin.py:151} INFO - [2023-11-02T07:11:54.221+0000] {dagbag.py:536} INFO - Filling up the DagBag from /usr/local/lib/python3.10/dist-packages/airflow/example_dags/example_latest_only.py
[2023-11-02T07:11:54.227+0000] {processor.py:839} INFO - DAG(s) dict_keys(['latest_only']) retrieved from /usr/local/lib/python3.10/dist-packages/airflow/example_dags/example_latest_only.py
[2023-11-02T07:11:54.244+0000] {logging_mixin.py:151} INFO - [2023-11-02T07:11:54.243+0000] {dag.py:2941} INFO - Sync 1 DAGs
[2023-11-02T07:11:54.264+0000] {logging_mixin.py:151} INFO - [2023-11-02T07:11:54.264+0000] {dag.py:3722} INFO - Setting next_dagrun for latest_only to 2023-11-02T03:11:54.264128+00:00, run_after=2023-11-02T07:11:54.264128+00:00
[2023-11-02T07:11:54.286+0000] {processor.py:179} INFO - Processing /usr/local/lib/python3.10/dist-packages/airflow/example_dags/example_latest_only.py took 0.071 seconds
[2023-11-02T07:12:47.139+0000] {processor.py:157} INFO - Started process (PID=5576) to work on /usr/local/lib/python3.10/dist-packages/airflow/example_dags/example_latest_only.py
[2023-11-02T07:12:47.140+0000] {processor.py:829} INFO - Processing file /usr/local/lib/python3.10/dist-packages/airflow/example_dags/example_latest_only.py for tasks to queue
[2023-11-02T07:12:47.141+0000] {logging_mixin.py:151} INFO - [2023-11-02T07:12:47.141+0000] {dagbag.py:536} INFO - Filling up the DagBag from /usr/local/lib/python3.10/dist-packages/airflow/example_dags/example_latest_only.py
[2023-11-02T07:12:47.148+0000] {processor.py:839} INFO - DAG(s) dict_keys(['latest_only']) retrieved from /usr/local/lib/python3.10/dist-packages/airflow/example_dags/example_latest_only.py
[2023-11-02T07:12:47.164+0000] {logging_mixin.py:151} INFO - [2023-11-02T07:12:47.164+0000] {dag.py:2941} INFO - Sync 1 DAGs
[2023-11-02T07:12:47.185+0000] {logging_mixin.py:151} INFO - [2023-11-02T07:12:47.184+0000] {dag.py:3722} INFO - Setting next_dagrun for latest_only to 2023-11-02T03:12:47.184722+00:00, run_after=2023-11-02T07:12:47.184722+00:00
[2023-11-02T07:12:47.210+0000] {processor.py:179} INFO - Processing /usr/local/lib/python3.10/dist-packages/airflow/example_dags/example_latest_only.py took 0.074 seconds
