[2023-11-02T06:50:19.862+0000] {processor.py:157} INFO - Started process (PID=3739) to work on /home/ubuntu/customer_churn_venv/lib/python3.10/site-packages/airflow/example_dags/example_branch_datetime_operator.py
[2023-11-02T06:50:19.863+0000] {processor.py:829} INFO - Processing file /home/ubuntu/customer_churn_venv/lib/python3.10/site-packages/airflow/example_dags/example_branch_datetime_operator.py for tasks to queue
[2023-11-02T06:50:19.864+0000] {logging_mixin.py:151} INFO - [2023-11-02T06:50:19.864+0000] {dagbag.py:536} INFO - Filling up the DagBag from /home/ubuntu/customer_churn_venv/lib/python3.10/site-packages/airflow/example_dags/example_branch_datetime_operator.py
[2023-11-02T06:50:20.001+0000] {processor.py:839} INFO - DAG(s) dict_keys(['example_branch_datetime_operator_3', 'example_branch_datetime_operator', 'example_branch_datetime_operator_2']) retrieved from /home/ubuntu/customer_churn_venv/lib/python3.10/site-packages/airflow/example_dags/example_branch_datetime_operator.py
[2023-11-02T06:50:20.101+0000] {logging_mixin.py:151} INFO - [2023-11-02T06:50:20.100+0000] {manager.py:499} INFO - Created Permission View: %s
[2023-11-02T06:50:20.116+0000] {logging_mixin.py:151} INFO - [2023-11-02T06:50:20.115+0000] {manager.py:499} INFO - Created Permission View: %s
[2023-11-02T06:50:20.126+0000] {logging_mixin.py:151} INFO - [2023-11-02T06:50:20.125+0000] {manager.py:499} INFO - Created Permission View: %s
[2023-11-02T06:50:20.148+0000] {logging_mixin.py:151} INFO - [2023-11-02T06:50:20.148+0000] {manager.py:499} INFO - Created Permission View: %s
[2023-11-02T06:50:20.158+0000] {logging_mixin.py:151} INFO - [2023-11-02T06:50:20.158+0000] {manager.py:499} INFO - Created Permission View: %s
[2023-11-02T06:50:20.168+0000] {logging_mixin.py:151} INFO - [2023-11-02T06:50:20.167+0000] {manager.py:499} INFO - Created Permission View: %s
[2023-11-02T06:50:20.190+0000] {logging_mixin.py:151} INFO - [2023-11-02T06:50:20.190+0000] {manager.py:499} INFO - Created Permission View: %s
[2023-11-02T06:50:20.201+0000] {logging_mixin.py:151} INFO - [2023-11-02T06:50:20.201+0000] {manager.py:499} INFO - Created Permission View: %s
[2023-11-02T06:50:20.212+0000] {logging_mixin.py:151} INFO - [2023-11-02T06:50:20.211+0000] {manager.py:499} INFO - Created Permission View: %s
[2023-11-02T06:50:20.212+0000] {logging_mixin.py:151} INFO - [2023-11-02T06:50:20.212+0000] {dag.py:2941} INFO - Sync 3 DAGs
[2023-11-02T06:50:20.224+0000] {logging_mixin.py:151} INFO - [2023-11-02T06:50:20.223+0000] {dag.py:2963} INFO - Creating ORM DAG for example_branch_datetime_operator_3
[2023-11-02T06:50:20.224+0000] {logging_mixin.py:151} INFO - [2023-11-02T06:50:20.224+0000] {dag.py:2963} INFO - Creating ORM DAG for example_branch_datetime_operator
[2023-11-02T06:50:20.225+0000] {logging_mixin.py:151} INFO - [2023-11-02T06:50:20.225+0000] {dag.py:2963} INFO - Creating ORM DAG for example_branch_datetime_operator_2
[2023-11-02T06:50:20.236+0000] {logging_mixin.py:151} INFO - [2023-11-02T06:50:20.235+0000] {dag.py:3722} INFO - Setting next_dagrun for example_branch_datetime_operator to 2023-11-01T00:00:00+00:00, run_after=2023-11-02T00:00:00+00:00
[2023-11-02T06:50:20.238+0000] {logging_mixin.py:151} INFO - [2023-11-02T06:50:20.238+0000] {dag.py:3722} INFO - Setting next_dagrun for example_branch_datetime_operator_2 to 2023-11-01T00:00:00+00:00, run_after=2023-11-02T00:00:00+00:00
[2023-11-02T06:50:20.240+0000] {logging_mixin.py:151} INFO - [2023-11-02T06:50:20.240+0000] {dag.py:3722} INFO - Setting next_dagrun for example_branch_datetime_operator_3 to 2023-11-01T00:00:00+00:00, run_after=2023-11-02T00:00:00+00:00
[2023-11-02T06:50:20.265+0000] {processor.py:179} INFO - Processing /home/ubuntu/customer_churn_venv/lib/python3.10/site-packages/airflow/example_dags/example_branch_datetime_operator.py took 0.408 seconds
[2023-11-02T06:51:16.020+0000] {processor.py:157} INFO - Started process (PID=3795) to work on /home/ubuntu/customer_churn_venv/lib/python3.10/site-packages/airflow/example_dags/example_branch_datetime_operator.py
[2023-11-02T06:51:16.021+0000] {processor.py:829} INFO - Processing file /home/ubuntu/customer_churn_venv/lib/python3.10/site-packages/airflow/example_dags/example_branch_datetime_operator.py for tasks to queue
[2023-11-02T06:51:16.022+0000] {logging_mixin.py:151} INFO - [2023-11-02T06:51:16.022+0000] {dagbag.py:536} INFO - Filling up the DagBag from /home/ubuntu/customer_churn_venv/lib/python3.10/site-packages/airflow/example_dags/example_branch_datetime_operator.py
[2023-11-02T06:51:16.034+0000] {processor.py:839} INFO - DAG(s) dict_keys(['example_branch_datetime_operator_2', 'example_branch_datetime_operator_3', 'example_branch_datetime_operator']) retrieved from /home/ubuntu/customer_churn_venv/lib/python3.10/site-packages/airflow/example_dags/example_branch_datetime_operator.py
[2023-11-02T06:51:16.058+0000] {logging_mixin.py:151} INFO - [2023-11-02T06:51:16.058+0000] {dag.py:2941} INFO - Sync 3 DAGs
[2023-11-02T06:51:16.082+0000] {logging_mixin.py:151} INFO - [2023-11-02T06:51:16.081+0000] {dag.py:3722} INFO - Setting next_dagrun for example_branch_datetime_operator to 2023-11-01T00:00:00+00:00, run_after=2023-11-02T00:00:00+00:00
[2023-11-02T06:51:16.087+0000] {logging_mixin.py:151} INFO - [2023-11-02T06:51:16.086+0000] {dag.py:3722} INFO - Setting next_dagrun for example_branch_datetime_operator_2 to 2023-11-01T00:00:00+00:00, run_after=2023-11-02T00:00:00+00:00
[2023-11-02T06:51:16.089+0000] {logging_mixin.py:151} INFO - [2023-11-02T06:51:16.089+0000] {dag.py:3722} INFO - Setting next_dagrun for example_branch_datetime_operator_3 to 2023-11-01T00:00:00+00:00, run_after=2023-11-02T00:00:00+00:00
[2023-11-02T06:51:16.110+0000] {processor.py:179} INFO - Processing /home/ubuntu/customer_churn_venv/lib/python3.10/site-packages/airflow/example_dags/example_branch_datetime_operator.py took 0.094 seconds
[2023-11-02T06:52:02.421+0000] {processor.py:157} INFO - Started process (PID=3844) to work on /home/ubuntu/customer_churn_venv/lib/python3.10/site-packages/airflow/example_dags/example_branch_datetime_operator.py
[2023-11-02T06:52:02.422+0000] {processor.py:829} INFO - Processing file /home/ubuntu/customer_churn_venv/lib/python3.10/site-packages/airflow/example_dags/example_branch_datetime_operator.py for tasks to queue
[2023-11-02T06:52:02.423+0000] {logging_mixin.py:151} INFO - [2023-11-02T06:52:02.422+0000] {dagbag.py:536} INFO - Filling up the DagBag from /home/ubuntu/customer_churn_venv/lib/python3.10/site-packages/airflow/example_dags/example_branch_datetime_operator.py
[2023-11-02T06:52:02.434+0000] {processor.py:839} INFO - DAG(s) dict_keys(['example_branch_datetime_operator_2', 'example_branch_datetime_operator', 'example_branch_datetime_operator_3']) retrieved from /home/ubuntu/customer_churn_venv/lib/python3.10/site-packages/airflow/example_dags/example_branch_datetime_operator.py
[2023-11-02T06:52:02.458+0000] {logging_mixin.py:151} INFO - [2023-11-02T06:52:02.458+0000] {dag.py:2941} INFO - Sync 3 DAGs
[2023-11-02T06:52:02.480+0000] {logging_mixin.py:151} INFO - [2023-11-02T06:52:02.480+0000] {dag.py:3722} INFO - Setting next_dagrun for example_branch_datetime_operator to 2023-11-01T00:00:00+00:00, run_after=2023-11-02T00:00:00+00:00
[2023-11-02T06:52:02.485+0000] {logging_mixin.py:151} INFO - [2023-11-02T06:52:02.485+0000] {dag.py:3722} INFO - Setting next_dagrun for example_branch_datetime_operator_2 to 2023-11-01T00:00:00+00:00, run_after=2023-11-02T00:00:00+00:00
[2023-11-02T06:52:02.488+0000] {logging_mixin.py:151} INFO - [2023-11-02T06:52:02.488+0000] {dag.py:3722} INFO - Setting next_dagrun for example_branch_datetime_operator_3 to 2023-11-01T00:00:00+00:00, run_after=2023-11-02T00:00:00+00:00
[2023-11-02T06:52:02.510+0000] {processor.py:179} INFO - Processing /home/ubuntu/customer_churn_venv/lib/python3.10/site-packages/airflow/example_dags/example_branch_datetime_operator.py took 0.092 seconds
[2023-11-02T06:52:49.884+0000] {processor.py:157} INFO - Started process (PID=3892) to work on /home/ubuntu/customer_churn_venv/lib/python3.10/site-packages/airflow/example_dags/example_branch_datetime_operator.py
[2023-11-02T06:52:49.886+0000] {processor.py:829} INFO - Processing file /home/ubuntu/customer_churn_venv/lib/python3.10/site-packages/airflow/example_dags/example_branch_datetime_operator.py for tasks to queue
[2023-11-02T06:52:49.887+0000] {logging_mixin.py:151} INFO - [2023-11-02T06:52:49.886+0000] {dagbag.py:536} INFO - Filling up the DagBag from /home/ubuntu/customer_churn_venv/lib/python3.10/site-packages/airflow/example_dags/example_branch_datetime_operator.py
[2023-11-02T06:52:49.899+0000] {processor.py:839} INFO - DAG(s) dict_keys(['example_branch_datetime_operator_3', 'example_branch_datetime_operator_2', 'example_branch_datetime_operator']) retrieved from /home/ubuntu/customer_churn_venv/lib/python3.10/site-packages/airflow/example_dags/example_branch_datetime_operator.py
[2023-11-02T06:52:49.923+0000] {logging_mixin.py:151} INFO - [2023-11-02T06:52:49.923+0000] {dag.py:2941} INFO - Sync 3 DAGs
[2023-11-02T06:52:49.946+0000] {logging_mixin.py:151} INFO - [2023-11-02T06:52:49.946+0000] {dag.py:3722} INFO - Setting next_dagrun for example_branch_datetime_operator to 2023-11-01T00:00:00+00:00, run_after=2023-11-02T00:00:00+00:00
[2023-11-02T06:52:49.951+0000] {logging_mixin.py:151} INFO - [2023-11-02T06:52:49.951+0000] {dag.py:3722} INFO - Setting next_dagrun for example_branch_datetime_operator_2 to 2023-11-01T00:00:00+00:00, run_after=2023-11-02T00:00:00+00:00
[2023-11-02T06:52:49.954+0000] {logging_mixin.py:151} INFO - [2023-11-02T06:52:49.953+0000] {dag.py:3722} INFO - Setting next_dagrun for example_branch_datetime_operator_3 to 2023-11-01T00:00:00+00:00, run_after=2023-11-02T00:00:00+00:00
[2023-11-02T06:52:49.974+0000] {processor.py:179} INFO - Processing /home/ubuntu/customer_churn_venv/lib/python3.10/site-packages/airflow/example_dags/example_branch_datetime_operator.py took 0.093 seconds
[2023-11-02T07:00:25.506+0000] {processor.py:157} INFO - Started process (PID=4405) to work on /usr/local/lib/python3.10/dist-packages/airflow/example_dags/example_branch_datetime_operator.py
[2023-11-02T07:00:25.508+0000] {processor.py:829} INFO - Processing file /usr/local/lib/python3.10/dist-packages/airflow/example_dags/example_branch_datetime_operator.py for tasks to queue
[2023-11-02T07:00:25.509+0000] {logging_mixin.py:151} INFO - [2023-11-02T07:00:25.508+0000] {dagbag.py:536} INFO - Filling up the DagBag from /usr/local/lib/python3.10/dist-packages/airflow/example_dags/example_branch_datetime_operator.py
[2023-11-02T07:00:25.520+0000] {processor.py:839} INFO - DAG(s) dict_keys(['example_branch_datetime_operator', 'example_branch_datetime_operator_2', 'example_branch_datetime_operator_3']) retrieved from /usr/local/lib/python3.10/dist-packages/airflow/example_dags/example_branch_datetime_operator.py
[2023-11-02T07:00:25.545+0000] {logging_mixin.py:151} INFO - [2023-11-02T07:00:25.545+0000] {dag.py:2941} INFO - Sync 3 DAGs
[2023-11-02T07:00:25.571+0000] {logging_mixin.py:151} INFO - [2023-11-02T07:00:25.571+0000] {dag.py:3722} INFO - Setting next_dagrun for example_branch_datetime_operator to 2023-11-01T00:00:00+00:00, run_after=2023-11-02T00:00:00+00:00
[2023-11-02T07:00:25.577+0000] {logging_mixin.py:151} INFO - [2023-11-02T07:00:25.576+0000] {dag.py:3722} INFO - Setting next_dagrun for example_branch_datetime_operator_2 to 2023-11-01T00:00:00+00:00, run_after=2023-11-02T00:00:00+00:00
[2023-11-02T07:00:25.579+0000] {logging_mixin.py:151} INFO - [2023-11-02T07:00:25.579+0000] {dag.py:3722} INFO - Setting next_dagrun for example_branch_datetime_operator_3 to 2023-11-01T00:00:00+00:00, run_after=2023-11-02T00:00:00+00:00
[2023-11-02T07:00:25.600+0000] {processor.py:179} INFO - Processing /usr/local/lib/python3.10/dist-packages/airflow/example_dags/example_branch_datetime_operator.py took 0.097 seconds
[2023-11-02T07:01:13.638+0000] {processor.py:157} INFO - Started process (PID=4455) to work on /usr/local/lib/python3.10/dist-packages/airflow/example_dags/example_branch_datetime_operator.py
[2023-11-02T07:01:13.639+0000] {processor.py:829} INFO - Processing file /usr/local/lib/python3.10/dist-packages/airflow/example_dags/example_branch_datetime_operator.py for tasks to queue
[2023-11-02T07:01:13.640+0000] {logging_mixin.py:151} INFO - [2023-11-02T07:01:13.640+0000] {dagbag.py:536} INFO - Filling up the DagBag from /usr/local/lib/python3.10/dist-packages/airflow/example_dags/example_branch_datetime_operator.py
[2023-11-02T07:01:13.651+0000] {processor.py:839} INFO - DAG(s) dict_keys(['example_branch_datetime_operator', 'example_branch_datetime_operator_3', 'example_branch_datetime_operator_2']) retrieved from /usr/local/lib/python3.10/dist-packages/airflow/example_dags/example_branch_datetime_operator.py
[2023-11-02T07:01:13.675+0000] {logging_mixin.py:151} INFO - [2023-11-02T07:01:13.675+0000] {dag.py:2941} INFO - Sync 3 DAGs
[2023-11-02T07:01:13.697+0000] {logging_mixin.py:151} INFO - [2023-11-02T07:01:13.697+0000] {dag.py:3722} INFO - Setting next_dagrun for example_branch_datetime_operator to 2023-11-01T00:00:00+00:00, run_after=2023-11-02T00:00:00+00:00
[2023-11-02T07:01:13.702+0000] {logging_mixin.py:151} INFO - [2023-11-02T07:01:13.702+0000] {dag.py:3722} INFO - Setting next_dagrun for example_branch_datetime_operator_2 to 2023-11-01T00:00:00+00:00, run_after=2023-11-02T00:00:00+00:00
[2023-11-02T07:01:13.704+0000] {logging_mixin.py:151} INFO - [2023-11-02T07:01:13.704+0000] {dag.py:3722} INFO - Setting next_dagrun for example_branch_datetime_operator_3 to 2023-11-01T00:00:00+00:00, run_after=2023-11-02T00:00:00+00:00
[2023-11-02T07:01:13.724+0000] {processor.py:179} INFO - Processing /usr/local/lib/python3.10/dist-packages/airflow/example_dags/example_branch_datetime_operator.py took 0.089 seconds
[2023-11-02T07:01:57.162+0000] {processor.py:157} INFO - Started process (PID=4501) to work on /usr/local/lib/python3.10/dist-packages/airflow/example_dags/example_branch_datetime_operator.py
[2023-11-02T07:01:57.163+0000] {processor.py:829} INFO - Processing file /usr/local/lib/python3.10/dist-packages/airflow/example_dags/example_branch_datetime_operator.py for tasks to queue
[2023-11-02T07:01:57.164+0000] {logging_mixin.py:151} INFO - [2023-11-02T07:01:57.163+0000] {dagbag.py:536} INFO - Filling up the DagBag from /usr/local/lib/python3.10/dist-packages/airflow/example_dags/example_branch_datetime_operator.py
[2023-11-02T07:01:57.174+0000] {processor.py:839} INFO - DAG(s) dict_keys(['example_branch_datetime_operator', 'example_branch_datetime_operator_3', 'example_branch_datetime_operator_2']) retrieved from /usr/local/lib/python3.10/dist-packages/airflow/example_dags/example_branch_datetime_operator.py
[2023-11-02T07:01:57.198+0000] {logging_mixin.py:151} INFO - [2023-11-02T07:01:57.197+0000] {dag.py:2941} INFO - Sync 3 DAGs
[2023-11-02T07:01:57.220+0000] {logging_mixin.py:151} INFO - [2023-11-02T07:01:57.220+0000] {dag.py:3722} INFO - Setting next_dagrun for example_branch_datetime_operator to 2023-11-01T00:00:00+00:00, run_after=2023-11-02T00:00:00+00:00
[2023-11-02T07:01:57.226+0000] {logging_mixin.py:151} INFO - [2023-11-02T07:01:57.225+0000] {dag.py:3722} INFO - Setting next_dagrun for example_branch_datetime_operator_2 to 2023-11-01T00:00:00+00:00, run_after=2023-11-02T00:00:00+00:00
[2023-11-02T07:01:57.228+0000] {logging_mixin.py:151} INFO - [2023-11-02T07:01:57.228+0000] {dag.py:3722} INFO - Setting next_dagrun for example_branch_datetime_operator_3 to 2023-11-01T00:00:00+00:00, run_after=2023-11-02T00:00:00+00:00
[2023-11-02T07:01:57.248+0000] {processor.py:179} INFO - Processing /usr/local/lib/python3.10/dist-packages/airflow/example_dags/example_branch_datetime_operator.py took 0.089 seconds
[2023-11-02T07:02:42.662+0000] {processor.py:157} INFO - Started process (PID=4547) to work on /usr/local/lib/python3.10/dist-packages/airflow/example_dags/example_branch_datetime_operator.py
[2023-11-02T07:02:42.663+0000] {processor.py:829} INFO - Processing file /usr/local/lib/python3.10/dist-packages/airflow/example_dags/example_branch_datetime_operator.py for tasks to queue
[2023-11-02T07:02:42.664+0000] {logging_mixin.py:151} INFO - [2023-11-02T07:02:42.664+0000] {dagbag.py:536} INFO - Filling up the DagBag from /usr/local/lib/python3.10/dist-packages/airflow/example_dags/example_branch_datetime_operator.py
[2023-11-02T07:02:42.675+0000] {processor.py:839} INFO - DAG(s) dict_keys(['example_branch_datetime_operator_3', 'example_branch_datetime_operator_2', 'example_branch_datetime_operator']) retrieved from /usr/local/lib/python3.10/dist-packages/airflow/example_dags/example_branch_datetime_operator.py
[2023-11-02T07:02:42.698+0000] {logging_mixin.py:151} INFO - [2023-11-02T07:02:42.698+0000] {dag.py:2941} INFO - Sync 3 DAGs
[2023-11-02T07:02:42.720+0000] {logging_mixin.py:151} INFO - [2023-11-02T07:02:42.720+0000] {dag.py:3722} INFO - Setting next_dagrun for example_branch_datetime_operator to 2023-11-01T00:00:00+00:00, run_after=2023-11-02T00:00:00+00:00
[2023-11-02T07:02:42.725+0000] {logging_mixin.py:151} INFO - [2023-11-02T07:02:42.725+0000] {dag.py:3722} INFO - Setting next_dagrun for example_branch_datetime_operator_2 to 2023-11-01T00:00:00+00:00, run_after=2023-11-02T00:00:00+00:00
[2023-11-02T07:02:42.727+0000] {logging_mixin.py:151} INFO - [2023-11-02T07:02:42.727+0000] {dag.py:3722} INFO - Setting next_dagrun for example_branch_datetime_operator_3 to 2023-11-01T00:00:00+00:00, run_after=2023-11-02T00:00:00+00:00
[2023-11-02T07:02:42.747+0000] {processor.py:179} INFO - Processing /usr/local/lib/python3.10/dist-packages/airflow/example_dags/example_branch_datetime_operator.py took 0.088 seconds
[2023-11-02T07:03:29.310+0000] {processor.py:157} INFO - Started process (PID=4595) to work on /usr/local/lib/python3.10/dist-packages/airflow/example_dags/example_branch_datetime_operator.py
[2023-11-02T07:03:29.311+0000] {processor.py:829} INFO - Processing file /usr/local/lib/python3.10/dist-packages/airflow/example_dags/example_branch_datetime_operator.py for tasks to queue
[2023-11-02T07:03:29.312+0000] {logging_mixin.py:151} INFO - [2023-11-02T07:03:29.312+0000] {dagbag.py:536} INFO - Filling up the DagBag from /usr/local/lib/python3.10/dist-packages/airflow/example_dags/example_branch_datetime_operator.py
[2023-11-02T07:03:29.323+0000] {processor.py:839} INFO - DAG(s) dict_keys(['example_branch_datetime_operator_3', 'example_branch_datetime_operator_2', 'example_branch_datetime_operator']) retrieved from /usr/local/lib/python3.10/dist-packages/airflow/example_dags/example_branch_datetime_operator.py
[2023-11-02T07:03:29.347+0000] {logging_mixin.py:151} INFO - [2023-11-02T07:03:29.347+0000] {dag.py:2941} INFO - Sync 3 DAGs
[2023-11-02T07:03:29.370+0000] {logging_mixin.py:151} INFO - [2023-11-02T07:03:29.370+0000] {dag.py:3722} INFO - Setting next_dagrun for example_branch_datetime_operator to 2023-11-01T00:00:00+00:00, run_after=2023-11-02T00:00:00+00:00
[2023-11-02T07:03:29.375+0000] {logging_mixin.py:151} INFO - [2023-11-02T07:03:29.375+0000] {dag.py:3722} INFO - Setting next_dagrun for example_branch_datetime_operator_2 to 2023-11-01T00:00:00+00:00, run_after=2023-11-02T00:00:00+00:00
[2023-11-02T07:03:29.377+0000] {logging_mixin.py:151} INFO - [2023-11-02T07:03:29.377+0000] {dag.py:3722} INFO - Setting next_dagrun for example_branch_datetime_operator_3 to 2023-11-01T00:00:00+00:00, run_after=2023-11-02T00:00:00+00:00
[2023-11-02T07:03:29.398+0000] {processor.py:179} INFO - Processing /usr/local/lib/python3.10/dist-packages/airflow/example_dags/example_branch_datetime_operator.py took 0.091 seconds
[2023-11-02T07:04:11.280+0000] {processor.py:157} INFO - Started process (PID=4643) to work on /usr/local/lib/python3.10/dist-packages/airflow/example_dags/example_branch_datetime_operator.py
[2023-11-02T07:04:11.281+0000] {processor.py:829} INFO - Processing file /usr/local/lib/python3.10/dist-packages/airflow/example_dags/example_branch_datetime_operator.py for tasks to queue
[2023-11-02T07:04:11.282+0000] {logging_mixin.py:151} INFO - [2023-11-02T07:04:11.282+0000] {dagbag.py:536} INFO - Filling up the DagBag from /usr/local/lib/python3.10/dist-packages/airflow/example_dags/example_branch_datetime_operator.py
[2023-11-02T07:04:11.293+0000] {processor.py:839} INFO - DAG(s) dict_keys(['example_branch_datetime_operator_2', 'example_branch_datetime_operator', 'example_branch_datetime_operator_3']) retrieved from /usr/local/lib/python3.10/dist-packages/airflow/example_dags/example_branch_datetime_operator.py
[2023-11-02T07:04:11.317+0000] {logging_mixin.py:151} INFO - [2023-11-02T07:04:11.316+0000] {dag.py:2941} INFO - Sync 3 DAGs
[2023-11-02T07:04:11.339+0000] {logging_mixin.py:151} INFO - [2023-11-02T07:04:11.338+0000] {dag.py:3722} INFO - Setting next_dagrun for example_branch_datetime_operator to 2023-11-01T00:00:00+00:00, run_after=2023-11-02T00:00:00+00:00
[2023-11-02T07:04:11.343+0000] {logging_mixin.py:151} INFO - [2023-11-02T07:04:11.343+0000] {dag.py:3722} INFO - Setting next_dagrun for example_branch_datetime_operator_2 to 2023-11-01T00:00:00+00:00, run_after=2023-11-02T00:00:00+00:00
[2023-11-02T07:04:11.346+0000] {logging_mixin.py:151} INFO - [2023-11-02T07:04:11.346+0000] {dag.py:3722} INFO - Setting next_dagrun for example_branch_datetime_operator_3 to 2023-11-01T00:00:00+00:00, run_after=2023-11-02T00:00:00+00:00
[2023-11-02T07:04:11.366+0000] {processor.py:179} INFO - Processing /usr/local/lib/python3.10/dist-packages/airflow/example_dags/example_branch_datetime_operator.py took 0.090 seconds
[2023-11-02T07:05:01.905+0000] {processor.py:157} INFO - Started process (PID=4697) to work on /usr/local/lib/python3.10/dist-packages/airflow/example_dags/example_branch_datetime_operator.py
[2023-11-02T07:05:01.907+0000] {processor.py:829} INFO - Processing file /usr/local/lib/python3.10/dist-packages/airflow/example_dags/example_branch_datetime_operator.py for tasks to queue
[2023-11-02T07:05:01.908+0000] {logging_mixin.py:151} INFO - [2023-11-02T07:05:01.907+0000] {dagbag.py:536} INFO - Filling up the DagBag from /usr/local/lib/python3.10/dist-packages/airflow/example_dags/example_branch_datetime_operator.py
[2023-11-02T07:05:01.919+0000] {processor.py:839} INFO - DAG(s) dict_keys(['example_branch_datetime_operator_3', 'example_branch_datetime_operator', 'example_branch_datetime_operator_2']) retrieved from /usr/local/lib/python3.10/dist-packages/airflow/example_dags/example_branch_datetime_operator.py
[2023-11-02T07:05:01.952+0000] {logging_mixin.py:151} INFO - [2023-11-02T07:05:01.952+0000] {dag.py:2941} INFO - Sync 3 DAGs
[2023-11-02T07:05:01.975+0000] {logging_mixin.py:151} INFO - [2023-11-02T07:05:01.975+0000] {dag.py:3722} INFO - Setting next_dagrun for example_branch_datetime_operator to 2023-11-01T00:00:00+00:00, run_after=2023-11-02T00:00:00+00:00
[2023-11-02T07:05:01.980+0000] {logging_mixin.py:151} INFO - [2023-11-02T07:05:01.980+0000] {dag.py:3722} INFO - Setting next_dagrun for example_branch_datetime_operator_2 to 2023-11-01T00:00:00+00:00, run_after=2023-11-02T00:00:00+00:00
[2023-11-02T07:05:01.983+0000] {logging_mixin.py:151} INFO - [2023-11-02T07:05:01.982+0000] {dag.py:3722} INFO - Setting next_dagrun for example_branch_datetime_operator_3 to 2023-11-01T00:00:00+00:00, run_after=2023-11-02T00:00:00+00:00
[2023-11-02T07:05:02.005+0000] {processor.py:179} INFO - Processing /usr/local/lib/python3.10/dist-packages/airflow/example_dags/example_branch_datetime_operator.py took 0.104 seconds
[2023-11-02T07:05:58.311+0000] {processor.py:157} INFO - Started process (PID=4756) to work on /usr/local/lib/python3.10/dist-packages/airflow/example_dags/example_branch_datetime_operator.py
[2023-11-02T07:05:58.312+0000] {processor.py:829} INFO - Processing file /usr/local/lib/python3.10/dist-packages/airflow/example_dags/example_branch_datetime_operator.py for tasks to queue
[2023-11-02T07:05:58.313+0000] {logging_mixin.py:151} INFO - [2023-11-02T07:05:58.312+0000] {dagbag.py:536} INFO - Filling up the DagBag from /usr/local/lib/python3.10/dist-packages/airflow/example_dags/example_branch_datetime_operator.py
[2023-11-02T07:05:58.323+0000] {processor.py:839} INFO - DAG(s) dict_keys(['example_branch_datetime_operator_3', 'example_branch_datetime_operator', 'example_branch_datetime_operator_2']) retrieved from /usr/local/lib/python3.10/dist-packages/airflow/example_dags/example_branch_datetime_operator.py
[2023-11-02T07:05:58.347+0000] {logging_mixin.py:151} INFO - [2023-11-02T07:05:58.347+0000] {dag.py:2941} INFO - Sync 3 DAGs
[2023-11-02T07:05:58.368+0000] {logging_mixin.py:151} INFO - [2023-11-02T07:05:58.368+0000] {dag.py:3722} INFO - Setting next_dagrun for example_branch_datetime_operator to 2023-11-01T00:00:00+00:00, run_after=2023-11-02T00:00:00+00:00
[2023-11-02T07:05:58.373+0000] {logging_mixin.py:151} INFO - [2023-11-02T07:05:58.373+0000] {dag.py:3722} INFO - Setting next_dagrun for example_branch_datetime_operator_2 to 2023-11-01T00:00:00+00:00, run_after=2023-11-02T00:00:00+00:00
[2023-11-02T07:05:58.376+0000] {logging_mixin.py:151} INFO - [2023-11-02T07:05:58.375+0000] {dag.py:3722} INFO - Setting next_dagrun for example_branch_datetime_operator_3 to 2023-11-01T00:00:00+00:00, run_after=2023-11-02T00:00:00+00:00
[2023-11-02T07:05:58.398+0000] {processor.py:179} INFO - Processing /usr/local/lib/python3.10/dist-packages/airflow/example_dags/example_branch_datetime_operator.py took 0.091 seconds
[2023-11-02T07:06:46.686+0000] {processor.py:157} INFO - Started process (PID=4805) to work on /usr/local/lib/python3.10/dist-packages/airflow/example_dags/example_branch_datetime_operator.py
[2023-11-02T07:06:46.688+0000] {processor.py:829} INFO - Processing file /usr/local/lib/python3.10/dist-packages/airflow/example_dags/example_branch_datetime_operator.py for tasks to queue
[2023-11-02T07:06:46.689+0000] {logging_mixin.py:151} INFO - [2023-11-02T07:06:46.688+0000] {dagbag.py:536} INFO - Filling up the DagBag from /usr/local/lib/python3.10/dist-packages/airflow/example_dags/example_branch_datetime_operator.py
[2023-11-02T07:06:46.699+0000] {processor.py:839} INFO - DAG(s) dict_keys(['example_branch_datetime_operator_3', 'example_branch_datetime_operator', 'example_branch_datetime_operator_2']) retrieved from /usr/local/lib/python3.10/dist-packages/airflow/example_dags/example_branch_datetime_operator.py
[2023-11-02T07:06:46.723+0000] {logging_mixin.py:151} INFO - [2023-11-02T07:06:46.723+0000] {dag.py:2941} INFO - Sync 3 DAGs
[2023-11-02T07:06:46.745+0000] {logging_mixin.py:151} INFO - [2023-11-02T07:06:46.745+0000] {dag.py:3722} INFO - Setting next_dagrun for example_branch_datetime_operator to 2023-11-01T00:00:00+00:00, run_after=2023-11-02T00:00:00+00:00
[2023-11-02T07:06:46.750+0000] {logging_mixin.py:151} INFO - [2023-11-02T07:06:46.750+0000] {dag.py:3722} INFO - Setting next_dagrun for example_branch_datetime_operator_2 to 2023-11-01T00:00:00+00:00, run_after=2023-11-02T00:00:00+00:00
[2023-11-02T07:06:46.753+0000] {logging_mixin.py:151} INFO - [2023-11-02T07:06:46.752+0000] {dag.py:3722} INFO - Setting next_dagrun for example_branch_datetime_operator_3 to 2023-11-01T00:00:00+00:00, run_after=2023-11-02T00:00:00+00:00
[2023-11-02T07:06:46.773+0000] {processor.py:179} INFO - Processing /usr/local/lib/python3.10/dist-packages/airflow/example_dags/example_branch_datetime_operator.py took 0.090 seconds
[2023-11-02T07:07:34.353+0000] {processor.py:157} INFO - Started process (PID=4854) to work on /usr/local/lib/python3.10/dist-packages/airflow/example_dags/example_branch_datetime_operator.py
[2023-11-02T07:07:34.355+0000] {processor.py:829} INFO - Processing file /usr/local/lib/python3.10/dist-packages/airflow/example_dags/example_branch_datetime_operator.py for tasks to queue
[2023-11-02T07:07:34.356+0000] {logging_mixin.py:151} INFO - [2023-11-02T07:07:34.355+0000] {dagbag.py:536} INFO - Filling up the DagBag from /usr/local/lib/python3.10/dist-packages/airflow/example_dags/example_branch_datetime_operator.py
[2023-11-02T07:07:34.366+0000] {processor.py:839} INFO - DAG(s) dict_keys(['example_branch_datetime_operator_2', 'example_branch_datetime_operator_3', 'example_branch_datetime_operator']) retrieved from /usr/local/lib/python3.10/dist-packages/airflow/example_dags/example_branch_datetime_operator.py
[2023-11-02T07:07:34.389+0000] {logging_mixin.py:151} INFO - [2023-11-02T07:07:34.389+0000] {dag.py:2941} INFO - Sync 3 DAGs
[2023-11-02T07:07:34.412+0000] {logging_mixin.py:151} INFO - [2023-11-02T07:07:34.411+0000] {dag.py:3722} INFO - Setting next_dagrun for example_branch_datetime_operator to 2023-11-01T00:00:00+00:00, run_after=2023-11-02T00:00:00+00:00
[2023-11-02T07:07:34.416+0000] {logging_mixin.py:151} INFO - [2023-11-02T07:07:34.416+0000] {dag.py:3722} INFO - Setting next_dagrun for example_branch_datetime_operator_2 to 2023-11-01T00:00:00+00:00, run_after=2023-11-02T00:00:00+00:00
[2023-11-02T07:07:34.419+0000] {logging_mixin.py:151} INFO - [2023-11-02T07:07:34.419+0000] {dag.py:3722} INFO - Setting next_dagrun for example_branch_datetime_operator_3 to 2023-11-01T00:00:00+00:00, run_after=2023-11-02T00:00:00+00:00
[2023-11-02T07:07:34.439+0000] {processor.py:179} INFO - Processing /usr/local/lib/python3.10/dist-packages/airflow/example_dags/example_branch_datetime_operator.py took 0.089 seconds
[2023-11-02T07:08:33.760+0000] {processor.py:157} INFO - Started process (PID=5148) to work on /usr/local/lib/python3.10/dist-packages/airflow/example_dags/example_branch_datetime_operator.py
[2023-11-02T07:08:33.761+0000] {processor.py:829} INFO - Processing file /usr/local/lib/python3.10/dist-packages/airflow/example_dags/example_branch_datetime_operator.py for tasks to queue
[2023-11-02T07:08:33.762+0000] {logging_mixin.py:151} INFO - [2023-11-02T07:08:33.762+0000] {dagbag.py:536} INFO - Filling up the DagBag from /usr/local/lib/python3.10/dist-packages/airflow/example_dags/example_branch_datetime_operator.py
[2023-11-02T07:08:33.773+0000] {processor.py:839} INFO - DAG(s) dict_keys(['example_branch_datetime_operator_3', 'example_branch_datetime_operator', 'example_branch_datetime_operator_2']) retrieved from /usr/local/lib/python3.10/dist-packages/airflow/example_dags/example_branch_datetime_operator.py
[2023-11-02T07:08:33.796+0000] {logging_mixin.py:151} INFO - [2023-11-02T07:08:33.796+0000] {dag.py:2941} INFO - Sync 3 DAGs
[2023-11-02T07:08:33.819+0000] {logging_mixin.py:151} INFO - [2023-11-02T07:08:33.818+0000] {dag.py:3722} INFO - Setting next_dagrun for example_branch_datetime_operator to 2023-11-01T00:00:00+00:00, run_after=2023-11-02T00:00:00+00:00
[2023-11-02T07:08:33.823+0000] {logging_mixin.py:151} INFO - [2023-11-02T07:08:33.823+0000] {dag.py:3722} INFO - Setting next_dagrun for example_branch_datetime_operator_2 to 2023-11-01T00:00:00+00:00, run_after=2023-11-02T00:00:00+00:00
[2023-11-02T07:08:33.826+0000] {logging_mixin.py:151} INFO - [2023-11-02T07:08:33.825+0000] {dag.py:3722} INFO - Setting next_dagrun for example_branch_datetime_operator_3 to 2023-11-01T00:00:00+00:00, run_after=2023-11-02T00:00:00+00:00
[2023-11-02T07:08:33.846+0000] {processor.py:179} INFO - Processing /usr/local/lib/python3.10/dist-packages/airflow/example_dags/example_branch_datetime_operator.py took 0.089 seconds
[2023-11-02T07:09:17.246+0000] {processor.py:157} INFO - Started process (PID=5353) to work on /usr/local/lib/python3.10/dist-packages/airflow/example_dags/example_branch_datetime_operator.py
[2023-11-02T07:09:17.247+0000] {processor.py:829} INFO - Processing file /usr/local/lib/python3.10/dist-packages/airflow/example_dags/example_branch_datetime_operator.py for tasks to queue
[2023-11-02T07:09:17.248+0000] {logging_mixin.py:151} INFO - [2023-11-02T07:09:17.247+0000] {dagbag.py:536} INFO - Filling up the DagBag from /usr/local/lib/python3.10/dist-packages/airflow/example_dags/example_branch_datetime_operator.py
[2023-11-02T07:09:17.258+0000] {processor.py:839} INFO - DAG(s) dict_keys(['example_branch_datetime_operator_3', 'example_branch_datetime_operator', 'example_branch_datetime_operator_2']) retrieved from /usr/local/lib/python3.10/dist-packages/airflow/example_dags/example_branch_datetime_operator.py
[2023-11-02T07:09:17.281+0000] {logging_mixin.py:151} INFO - [2023-11-02T07:09:17.281+0000] {dag.py:2941} INFO - Sync 3 DAGs
[2023-11-02T07:09:17.304+0000] {logging_mixin.py:151} INFO - [2023-11-02T07:09:17.303+0000] {dag.py:3722} INFO - Setting next_dagrun for example_branch_datetime_operator to 2023-11-01T00:00:00+00:00, run_after=2023-11-02T00:00:00+00:00
[2023-11-02T07:09:17.308+0000] {logging_mixin.py:151} INFO - [2023-11-02T07:09:17.308+0000] {dag.py:3722} INFO - Setting next_dagrun for example_branch_datetime_operator_2 to 2023-11-01T00:00:00+00:00, run_after=2023-11-02T00:00:00+00:00
[2023-11-02T07:09:17.311+0000] {logging_mixin.py:151} INFO - [2023-11-02T07:09:17.311+0000] {dag.py:3722} INFO - Setting next_dagrun for example_branch_datetime_operator_3 to 2023-11-01T00:00:00+00:00, run_after=2023-11-02T00:00:00+00:00
[2023-11-02T07:09:17.332+0000] {processor.py:179} INFO - Processing /usr/local/lib/python3.10/dist-packages/airflow/example_dags/example_branch_datetime_operator.py took 0.090 seconds
[2023-11-02T07:10:03.465+0000] {processor.py:157} INFO - Started process (PID=5402) to work on /usr/local/lib/python3.10/dist-packages/airflow/example_dags/example_branch_datetime_operator.py
[2023-11-02T07:10:03.466+0000] {processor.py:829} INFO - Processing file /usr/local/lib/python3.10/dist-packages/airflow/example_dags/example_branch_datetime_operator.py for tasks to queue
[2023-11-02T07:10:03.467+0000] {logging_mixin.py:151} INFO - [2023-11-02T07:10:03.467+0000] {dagbag.py:536} INFO - Filling up the DagBag from /usr/local/lib/python3.10/dist-packages/airflow/example_dags/example_branch_datetime_operator.py
[2023-11-02T07:10:03.478+0000] {processor.py:839} INFO - DAG(s) dict_keys(['example_branch_datetime_operator', 'example_branch_datetime_operator_2', 'example_branch_datetime_operator_3']) retrieved from /usr/local/lib/python3.10/dist-packages/airflow/example_dags/example_branch_datetime_operator.py
[2023-11-02T07:10:03.502+0000] {logging_mixin.py:151} INFO - [2023-11-02T07:10:03.502+0000] {dag.py:2941} INFO - Sync 3 DAGs
[2023-11-02T07:10:03.525+0000] {logging_mixin.py:151} INFO - [2023-11-02T07:10:03.524+0000] {dag.py:3722} INFO - Setting next_dagrun for example_branch_datetime_operator to 2023-11-01T00:00:00+00:00, run_after=2023-11-02T00:00:00+00:00
[2023-11-02T07:10:03.530+0000] {logging_mixin.py:151} INFO - [2023-11-02T07:10:03.529+0000] {dag.py:3722} INFO - Setting next_dagrun for example_branch_datetime_operator_2 to 2023-11-01T00:00:00+00:00, run_after=2023-11-02T00:00:00+00:00
[2023-11-02T07:10:03.532+0000] {logging_mixin.py:151} INFO - [2023-11-02T07:10:03.532+0000] {dag.py:3722} INFO - Setting next_dagrun for example_branch_datetime_operator_3 to 2023-11-01T00:00:00+00:00, run_after=2023-11-02T00:00:00+00:00
[2023-11-02T07:10:03.554+0000] {processor.py:179} INFO - Processing /usr/local/lib/python3.10/dist-packages/airflow/example_dags/example_branch_datetime_operator.py took 0.092 seconds
[2023-11-02T07:10:50.042+0000] {processor.py:157} INFO - Started process (PID=5449) to work on /usr/local/lib/python3.10/dist-packages/airflow/example_dags/example_branch_datetime_operator.py
[2023-11-02T07:10:50.044+0000] {processor.py:829} INFO - Processing file /usr/local/lib/python3.10/dist-packages/airflow/example_dags/example_branch_datetime_operator.py for tasks to queue
[2023-11-02T07:10:50.045+0000] {logging_mixin.py:151} INFO - [2023-11-02T07:10:50.044+0000] {dagbag.py:536} INFO - Filling up the DagBag from /usr/local/lib/python3.10/dist-packages/airflow/example_dags/example_branch_datetime_operator.py
[2023-11-02T07:10:50.055+0000] {processor.py:839} INFO - DAG(s) dict_keys(['example_branch_datetime_operator_2', 'example_branch_datetime_operator', 'example_branch_datetime_operator_3']) retrieved from /usr/local/lib/python3.10/dist-packages/airflow/example_dags/example_branch_datetime_operator.py
[2023-11-02T07:10:50.080+0000] {logging_mixin.py:151} INFO - [2023-11-02T07:10:50.079+0000] {dag.py:2941} INFO - Sync 3 DAGs
[2023-11-02T07:10:50.102+0000] {logging_mixin.py:151} INFO - [2023-11-02T07:10:50.102+0000] {dag.py:3722} INFO - Setting next_dagrun for example_branch_datetime_operator to 2023-11-01T00:00:00+00:00, run_after=2023-11-02T00:00:00+00:00
[2023-11-02T07:10:50.108+0000] {logging_mixin.py:151} INFO - [2023-11-02T07:10:50.107+0000] {dag.py:3722} INFO - Setting next_dagrun for example_branch_datetime_operator_2 to 2023-11-01T00:00:00+00:00, run_after=2023-11-02T00:00:00+00:00
[2023-11-02T07:10:50.110+0000] {logging_mixin.py:151} INFO - [2023-11-02T07:10:50.110+0000] {dag.py:3722} INFO - Setting next_dagrun for example_branch_datetime_operator_3 to 2023-11-01T00:00:00+00:00, run_after=2023-11-02T00:00:00+00:00
[2023-11-02T07:10:50.132+0000] {processor.py:179} INFO - Processing /usr/local/lib/python3.10/dist-packages/airflow/example_dags/example_branch_datetime_operator.py took 0.093 seconds
[2023-11-02T07:11:41.229+0000] {processor.py:157} INFO - Started process (PID=5504) to work on /usr/local/lib/python3.10/dist-packages/airflow/example_dags/example_branch_datetime_operator.py
[2023-11-02T07:11:41.231+0000] {processor.py:829} INFO - Processing file /usr/local/lib/python3.10/dist-packages/airflow/example_dags/example_branch_datetime_operator.py for tasks to queue
[2023-11-02T07:11:41.231+0000] {logging_mixin.py:151} INFO - [2023-11-02T07:11:41.231+0000] {dagbag.py:536} INFO - Filling up the DagBag from /usr/local/lib/python3.10/dist-packages/airflow/example_dags/example_branch_datetime_operator.py
[2023-11-02T07:11:41.242+0000] {processor.py:839} INFO - DAG(s) dict_keys(['example_branch_datetime_operator_2', 'example_branch_datetime_operator', 'example_branch_datetime_operator_3']) retrieved from /usr/local/lib/python3.10/dist-packages/airflow/example_dags/example_branch_datetime_operator.py
[2023-11-02T07:11:41.266+0000] {logging_mixin.py:151} INFO - [2023-11-02T07:11:41.265+0000] {dag.py:2941} INFO - Sync 3 DAGs
[2023-11-02T07:11:41.289+0000] {logging_mixin.py:151} INFO - [2023-11-02T07:11:41.289+0000] {dag.py:3722} INFO - Setting next_dagrun for example_branch_datetime_operator to 2023-11-01T00:00:00+00:00, run_after=2023-11-02T00:00:00+00:00
[2023-11-02T07:11:41.294+0000] {logging_mixin.py:151} INFO - [2023-11-02T07:11:41.294+0000] {dag.py:3722} INFO - Setting next_dagrun for example_branch_datetime_operator_2 to 2023-11-01T00:00:00+00:00, run_after=2023-11-02T00:00:00+00:00
[2023-11-02T07:11:41.297+0000] {logging_mixin.py:151} INFO - [2023-11-02T07:11:41.296+0000] {dag.py:3722} INFO - Setting next_dagrun for example_branch_datetime_operator_3 to 2023-11-01T00:00:00+00:00, run_after=2023-11-02T00:00:00+00:00
[2023-11-02T07:11:41.317+0000] {processor.py:179} INFO - Processing /usr/local/lib/python3.10/dist-packages/airflow/example_dags/example_branch_datetime_operator.py took 0.091 seconds
[2023-11-02T07:12:34.987+0000] {processor.py:157} INFO - Started process (PID=5563) to work on /usr/local/lib/python3.10/dist-packages/airflow/example_dags/example_branch_datetime_operator.py
[2023-11-02T07:12:34.988+0000] {processor.py:829} INFO - Processing file /usr/local/lib/python3.10/dist-packages/airflow/example_dags/example_branch_datetime_operator.py for tasks to queue
[2023-11-02T07:12:34.989+0000] {logging_mixin.py:151} INFO - [2023-11-02T07:12:34.988+0000] {dagbag.py:536} INFO - Filling up the DagBag from /usr/local/lib/python3.10/dist-packages/airflow/example_dags/example_branch_datetime_operator.py
[2023-11-02T07:12:34.999+0000] {processor.py:839} INFO - DAG(s) dict_keys(['example_branch_datetime_operator_3', 'example_branch_datetime_operator', 'example_branch_datetime_operator_2']) retrieved from /usr/local/lib/python3.10/dist-packages/airflow/example_dags/example_branch_datetime_operator.py
[2023-11-02T07:12:35.023+0000] {logging_mixin.py:151} INFO - [2023-11-02T07:12:35.022+0000] {dag.py:2941} INFO - Sync 3 DAGs
[2023-11-02T07:12:35.045+0000] {logging_mixin.py:151} INFO - [2023-11-02T07:12:35.045+0000] {dag.py:3722} INFO - Setting next_dagrun for example_branch_datetime_operator to 2023-11-01T00:00:00+00:00, run_after=2023-11-02T00:00:00+00:00
[2023-11-02T07:12:35.050+0000] {logging_mixin.py:151} INFO - [2023-11-02T07:12:35.050+0000] {dag.py:3722} INFO - Setting next_dagrun for example_branch_datetime_operator_2 to 2023-11-01T00:00:00+00:00, run_after=2023-11-02T00:00:00+00:00
[2023-11-02T07:12:35.053+0000] {logging_mixin.py:151} INFO - [2023-11-02T07:12:35.052+0000] {dag.py:3722} INFO - Setting next_dagrun for example_branch_datetime_operator_3 to 2023-11-01T00:00:00+00:00, run_after=2023-11-02T00:00:00+00:00
[2023-11-02T07:12:35.072+0000] {processor.py:179} INFO - Processing /usr/local/lib/python3.10/dist-packages/airflow/example_dags/example_branch_datetime_operator.py took 0.088 seconds
