[2023-11-02T06:50:08.059+0000] {processor.py:157} INFO - Started process (PID=3730) to work on /home/ubuntu/customer_churn_venv/lib/python3.10/site-packages/airflow/example_dags/example_python_operator.py
[2023-11-02T06:50:08.060+0000] {processor.py:829} INFO - Processing file /home/ubuntu/customer_churn_venv/lib/python3.10/site-packages/airflow/example_dags/example_python_operator.py for tasks to queue
[2023-11-02T06:50:08.061+0000] {logging_mixin.py:151} INFO - [2023-11-02T06:50:08.061+0000] {dagbag.py:536} INFO - Filling up the DagBag from /home/ubuntu/customer_churn_venv/lib/python3.10/site-packages/airflow/example_dags/example_python_operator.py
[2023-11-02T06:50:08.071+0000] {logging_mixin.py:151} INFO - [2023-11-02T06:50:08.071+0000] {example_python_operator.py:89} WARNING - The virtalenv_python example task requires virtualenv, please install it.
[2023-11-02T06:50:08.072+0000] {processor.py:839} INFO - DAG(s) dict_keys(['example_python_operator']) retrieved from /home/ubuntu/customer_churn_venv/lib/python3.10/site-packages/airflow/example_dags/example_python_operator.py
[2023-11-02T06:50:08.288+0000] {logging_mixin.py:151} INFO - [2023-11-02T06:50:08.288+0000] {manager.py:499} INFO - Created Permission View: %s
[2023-11-02T06:50:08.302+0000] {logging_mixin.py:151} INFO - [2023-11-02T06:50:08.301+0000] {manager.py:499} INFO - Created Permission View: %s
[2023-11-02T06:50:08.312+0000] {logging_mixin.py:151} INFO - [2023-11-02T06:50:08.312+0000] {manager.py:499} INFO - Created Permission View: %s
[2023-11-02T06:50:08.312+0000] {logging_mixin.py:151} INFO - [2023-11-02T06:50:08.312+0000] {dag.py:2941} INFO - Sync 1 DAGs
[2023-11-02T06:50:08.323+0000] {logging_mixin.py:151} INFO - [2023-11-02T06:50:08.323+0000] {dag.py:2963} INFO - Creating ORM DAG for example_python_operator
[2023-11-02T06:50:08.323+0000] {logging_mixin.py:151} INFO - [2023-11-02T06:50:08.323+0000] {dag.py:3722} INFO - Setting next_dagrun for example_python_operator to None, run_after=None
[2023-11-02T06:50:08.346+0000] {processor.py:179} INFO - Processing /home/ubuntu/customer_churn_venv/lib/python3.10/site-packages/airflow/example_dags/example_python_operator.py took 0.289 seconds
[2023-11-02T06:50:58.595+0000] {processor.py:157} INFO - Started process (PID=3776) to work on /home/ubuntu/customer_churn_venv/lib/python3.10/site-packages/airflow/example_dags/example_python_operator.py
[2023-11-02T06:50:58.596+0000] {processor.py:829} INFO - Processing file /home/ubuntu/customer_churn_venv/lib/python3.10/site-packages/airflow/example_dags/example_python_operator.py for tasks to queue
[2023-11-02T06:50:58.597+0000] {logging_mixin.py:151} INFO - [2023-11-02T06:50:58.597+0000] {dagbag.py:536} INFO - Filling up the DagBag from /home/ubuntu/customer_churn_venv/lib/python3.10/site-packages/airflow/example_dags/example_python_operator.py
[2023-11-02T06:50:58.606+0000] {logging_mixin.py:151} INFO - [2023-11-02T06:50:58.606+0000] {example_python_operator.py:89} WARNING - The virtalenv_python example task requires virtualenv, please install it.
[2023-11-02T06:50:58.606+0000] {processor.py:839} INFO - DAG(s) dict_keys(['example_python_operator']) retrieved from /home/ubuntu/customer_churn_venv/lib/python3.10/site-packages/airflow/example_dags/example_python_operator.py
[2023-11-02T06:50:58.624+0000] {logging_mixin.py:151} INFO - [2023-11-02T06:50:58.624+0000] {dag.py:2941} INFO - Sync 1 DAGs
[2023-11-02T06:50:58.636+0000] {logging_mixin.py:151} INFO - [2023-11-02T06:50:58.636+0000] {dag.py:3722} INFO - Setting next_dagrun for example_python_operator to None, run_after=None
[2023-11-02T06:50:58.658+0000] {processor.py:179} INFO - Processing /home/ubuntu/customer_churn_venv/lib/python3.10/site-packages/airflow/example_dags/example_python_operator.py took 0.067 seconds
[2023-11-02T06:51:43.957+0000] {processor.py:157} INFO - Started process (PID=3825) to work on /home/ubuntu/customer_churn_venv/lib/python3.10/site-packages/airflow/example_dags/example_python_operator.py
[2023-11-02T06:51:43.958+0000] {processor.py:829} INFO - Processing file /home/ubuntu/customer_churn_venv/lib/python3.10/site-packages/airflow/example_dags/example_python_operator.py for tasks to queue
[2023-11-02T06:51:43.959+0000] {logging_mixin.py:151} INFO - [2023-11-02T06:51:43.958+0000] {dagbag.py:536} INFO - Filling up the DagBag from /home/ubuntu/customer_churn_venv/lib/python3.10/site-packages/airflow/example_dags/example_python_operator.py
[2023-11-02T06:51:43.968+0000] {logging_mixin.py:151} INFO - [2023-11-02T06:51:43.967+0000] {example_python_operator.py:89} WARNING - The virtalenv_python example task requires virtualenv, please install it.
[2023-11-02T06:51:43.968+0000] {processor.py:839} INFO - DAG(s) dict_keys(['example_python_operator']) retrieved from /home/ubuntu/customer_churn_venv/lib/python3.10/site-packages/airflow/example_dags/example_python_operator.py
[2023-11-02T06:51:43.986+0000] {logging_mixin.py:151} INFO - [2023-11-02T06:51:43.986+0000] {dag.py:2941} INFO - Sync 1 DAGs
[2023-11-02T06:51:43.997+0000] {logging_mixin.py:151} INFO - [2023-11-02T06:51:43.997+0000] {dag.py:3722} INFO - Setting next_dagrun for example_python_operator to None, run_after=None
[2023-11-02T06:51:44.019+0000] {processor.py:179} INFO - Processing /home/ubuntu/customer_churn_venv/lib/python3.10/site-packages/airflow/example_dags/example_python_operator.py took 0.066 seconds
[2023-11-02T06:52:30.498+0000] {processor.py:157} INFO - Started process (PID=3873) to work on /home/ubuntu/customer_churn_venv/lib/python3.10/site-packages/airflow/example_dags/example_python_operator.py
[2023-11-02T06:52:30.499+0000] {processor.py:829} INFO - Processing file /home/ubuntu/customer_churn_venv/lib/python3.10/site-packages/airflow/example_dags/example_python_operator.py for tasks to queue
[2023-11-02T06:52:30.500+0000] {logging_mixin.py:151} INFO - [2023-11-02T06:52:30.500+0000] {dagbag.py:536} INFO - Filling up the DagBag from /home/ubuntu/customer_churn_venv/lib/python3.10/site-packages/airflow/example_dags/example_python_operator.py
[2023-11-02T06:52:30.510+0000] {logging_mixin.py:151} INFO - [2023-11-02T06:52:30.510+0000] {example_python_operator.py:89} WARNING - The virtalenv_python example task requires virtualenv, please install it.
[2023-11-02T06:52:30.511+0000] {processor.py:839} INFO - DAG(s) dict_keys(['example_python_operator']) retrieved from /home/ubuntu/customer_churn_venv/lib/python3.10/site-packages/airflow/example_dags/example_python_operator.py
[2023-11-02T06:52:30.529+0000] {logging_mixin.py:151} INFO - [2023-11-02T06:52:30.529+0000] {dag.py:2941} INFO - Sync 1 DAGs
[2023-11-02T06:52:30.542+0000] {logging_mixin.py:151} INFO - [2023-11-02T06:52:30.542+0000] {dag.py:3722} INFO - Setting next_dagrun for example_python_operator to None, run_after=None
[2023-11-02T06:52:30.564+0000] {processor.py:179} INFO - Processing /home/ubuntu/customer_churn_venv/lib/python3.10/site-packages/airflow/example_dags/example_python_operator.py took 0.070 seconds
[2023-11-02T07:00:15.003+0000] {processor.py:157} INFO - Started process (PID=4395) to work on /usr/local/lib/python3.10/dist-packages/airflow/example_dags/example_python_operator.py
[2023-11-02T07:00:15.007+0000] {processor.py:829} INFO - Processing file /usr/local/lib/python3.10/dist-packages/airflow/example_dags/example_python_operator.py for tasks to queue
[2023-11-02T07:00:15.008+0000] {logging_mixin.py:151} INFO - [2023-11-02T07:00:15.007+0000] {dagbag.py:536} INFO - Filling up the DagBag from /usr/local/lib/python3.10/dist-packages/airflow/example_dags/example_python_operator.py
[2023-11-02T07:00:15.023+0000] {logging_mixin.py:151} INFO - [2023-11-02T07:00:15.023+0000] {example_python_operator.py:89} WARNING - The virtalenv_python example task requires virtualenv, please install it.
[2023-11-02T07:00:15.024+0000] {processor.py:839} INFO - DAG(s) dict_keys(['example_python_operator']) retrieved from /usr/local/lib/python3.10/dist-packages/airflow/example_dags/example_python_operator.py
[2023-11-02T07:00:15.049+0000] {logging_mixin.py:151} INFO - [2023-11-02T07:00:15.048+0000] {dag.py:2941} INFO - Sync 1 DAGs
[2023-11-02T07:00:15.061+0000] {logging_mixin.py:151} INFO - [2023-11-02T07:00:15.061+0000] {dag.py:3722} INFO - Setting next_dagrun for example_python_operator to None, run_after=None
[2023-11-02T07:00:15.086+0000] {processor.py:179} INFO - Processing /usr/local/lib/python3.10/dist-packages/airflow/example_dags/example_python_operator.py took 0.086 seconds
[2023-11-02T07:01:01.472+0000] {processor.py:157} INFO - Started process (PID=4442) to work on /usr/local/lib/python3.10/dist-packages/airflow/example_dags/example_python_operator.py
[2023-11-02T07:01:01.473+0000] {processor.py:829} INFO - Processing file /usr/local/lib/python3.10/dist-packages/airflow/example_dags/example_python_operator.py for tasks to queue
[2023-11-02T07:01:01.474+0000] {logging_mixin.py:151} INFO - [2023-11-02T07:01:01.473+0000] {dagbag.py:536} INFO - Filling up the DagBag from /usr/local/lib/python3.10/dist-packages/airflow/example_dags/example_python_operator.py
[2023-11-02T07:01:01.483+0000] {logging_mixin.py:151} INFO - [2023-11-02T07:01:01.483+0000] {example_python_operator.py:89} WARNING - The virtalenv_python example task requires virtualenv, please install it.
[2023-11-02T07:01:01.484+0000] {processor.py:839} INFO - DAG(s) dict_keys(['example_python_operator']) retrieved from /usr/local/lib/python3.10/dist-packages/airflow/example_dags/example_python_operator.py
[2023-11-02T07:01:01.503+0000] {logging_mixin.py:151} INFO - [2023-11-02T07:01:01.503+0000] {dag.py:2941} INFO - Sync 1 DAGs
[2023-11-02T07:01:01.515+0000] {logging_mixin.py:151} INFO - [2023-11-02T07:01:01.515+0000] {dag.py:3722} INFO - Setting next_dagrun for example_python_operator to None, run_after=None
[2023-11-02T07:01:01.538+0000] {processor.py:179} INFO - Processing /usr/local/lib/python3.10/dist-packages/airflow/example_dags/example_python_operator.py took 0.069 seconds
[2023-11-02T07:01:47.814+0000] {processor.py:157} INFO - Started process (PID=4491) to work on /usr/local/lib/python3.10/dist-packages/airflow/example_dags/example_python_operator.py
[2023-11-02T07:01:47.815+0000] {processor.py:829} INFO - Processing file /usr/local/lib/python3.10/dist-packages/airflow/example_dags/example_python_operator.py for tasks to queue
[2023-11-02T07:01:47.816+0000] {logging_mixin.py:151} INFO - [2023-11-02T07:01:47.815+0000] {dagbag.py:536} INFO - Filling up the DagBag from /usr/local/lib/python3.10/dist-packages/airflow/example_dags/example_python_operator.py
[2023-11-02T07:01:47.825+0000] {logging_mixin.py:151} INFO - [2023-11-02T07:01:47.825+0000] {example_python_operator.py:89} WARNING - The virtalenv_python example task requires virtualenv, please install it.
[2023-11-02T07:01:47.825+0000] {processor.py:839} INFO - DAG(s) dict_keys(['example_python_operator']) retrieved from /usr/local/lib/python3.10/dist-packages/airflow/example_dags/example_python_operator.py
[2023-11-02T07:01:47.843+0000] {logging_mixin.py:151} INFO - [2023-11-02T07:01:47.843+0000] {dag.py:2941} INFO - Sync 1 DAGs
[2023-11-02T07:01:47.855+0000] {logging_mixin.py:151} INFO - [2023-11-02T07:01:47.855+0000] {dag.py:3722} INFO - Setting next_dagrun for example_python_operator to None, run_after=None
[2023-11-02T07:01:47.877+0000] {processor.py:179} INFO - Processing /usr/local/lib/python3.10/dist-packages/airflow/example_dags/example_python_operator.py took 0.067 seconds
[2023-11-02T07:02:32.833+0000] {processor.py:157} INFO - Started process (PID=4537) to work on /usr/local/lib/python3.10/dist-packages/airflow/example_dags/example_python_operator.py
[2023-11-02T07:02:32.836+0000] {processor.py:829} INFO - Processing file /usr/local/lib/python3.10/dist-packages/airflow/example_dags/example_python_operator.py for tasks to queue
[2023-11-02T07:02:32.837+0000] {logging_mixin.py:151} INFO - [2023-11-02T07:02:32.837+0000] {dagbag.py:536} INFO - Filling up the DagBag from /usr/local/lib/python3.10/dist-packages/airflow/example_dags/example_python_operator.py
[2023-11-02T07:02:32.847+0000] {logging_mixin.py:151} INFO - [2023-11-02T07:02:32.847+0000] {example_python_operator.py:89} WARNING - The virtalenv_python example task requires virtualenv, please install it.
[2023-11-02T07:02:32.847+0000] {processor.py:839} INFO - DAG(s) dict_keys(['example_python_operator']) retrieved from /usr/local/lib/python3.10/dist-packages/airflow/example_dags/example_python_operator.py
[2023-11-02T07:02:32.865+0000] {logging_mixin.py:151} INFO - [2023-11-02T07:02:32.865+0000] {dag.py:2941} INFO - Sync 1 DAGs
[2023-11-02T07:02:32.878+0000] {logging_mixin.py:151} INFO - [2023-11-02T07:02:32.878+0000] {dag.py:3722} INFO - Setting next_dagrun for example_python_operator to None, run_after=None
[2023-11-02T07:02:32.901+0000] {processor.py:179} INFO - Processing /usr/local/lib/python3.10/dist-packages/airflow/example_dags/example_python_operator.py took 0.070 seconds
[2023-11-02T07:03:19.331+0000] {processor.py:157} INFO - Started process (PID=4585) to work on /usr/local/lib/python3.10/dist-packages/airflow/example_dags/example_python_operator.py
[2023-11-02T07:03:19.332+0000] {processor.py:829} INFO - Processing file /usr/local/lib/python3.10/dist-packages/airflow/example_dags/example_python_operator.py for tasks to queue
[2023-11-02T07:03:19.333+0000] {logging_mixin.py:151} INFO - [2023-11-02T07:03:19.333+0000] {dagbag.py:536} INFO - Filling up the DagBag from /usr/local/lib/python3.10/dist-packages/airflow/example_dags/example_python_operator.py
[2023-11-02T07:03:19.343+0000] {logging_mixin.py:151} INFO - [2023-11-02T07:03:19.343+0000] {example_python_operator.py:89} WARNING - The virtalenv_python example task requires virtualenv, please install it.
[2023-11-02T07:03:19.343+0000] {processor.py:839} INFO - DAG(s) dict_keys(['example_python_operator']) retrieved from /usr/local/lib/python3.10/dist-packages/airflow/example_dags/example_python_operator.py
[2023-11-02T07:03:19.361+0000] {logging_mixin.py:151} INFO - [2023-11-02T07:03:19.360+0000] {dag.py:2941} INFO - Sync 1 DAGs
[2023-11-02T07:03:19.372+0000] {logging_mixin.py:151} INFO - [2023-11-02T07:03:19.372+0000] {dag.py:3722} INFO - Setting next_dagrun for example_python_operator to None, run_after=None
[2023-11-02T07:03:19.394+0000] {processor.py:179} INFO - Processing /usr/local/lib/python3.10/dist-packages/airflow/example_dags/example_python_operator.py took 0.066 seconds
[2023-11-02T07:04:02.036+0000] {processor.py:157} INFO - Started process (PID=4631) to work on /usr/local/lib/python3.10/dist-packages/airflow/example_dags/example_python_operator.py
[2023-11-02T07:04:02.038+0000] {processor.py:829} INFO - Processing file /usr/local/lib/python3.10/dist-packages/airflow/example_dags/example_python_operator.py for tasks to queue
[2023-11-02T07:04:02.039+0000] {logging_mixin.py:151} INFO - [2023-11-02T07:04:02.038+0000] {dagbag.py:536} INFO - Filling up the DagBag from /usr/local/lib/python3.10/dist-packages/airflow/example_dags/example_python_operator.py
[2023-11-02T07:04:02.051+0000] {logging_mixin.py:151} INFO - [2023-11-02T07:04:02.051+0000] {example_python_operator.py:89} WARNING - The virtalenv_python example task requires virtualenv, please install it.
[2023-11-02T07:04:02.051+0000] {processor.py:839} INFO - DAG(s) dict_keys(['example_python_operator']) retrieved from /usr/local/lib/python3.10/dist-packages/airflow/example_dags/example_python_operator.py
[2023-11-02T07:04:02.071+0000] {logging_mixin.py:151} INFO - [2023-11-02T07:04:02.071+0000] {dag.py:2941} INFO - Sync 1 DAGs
[2023-11-02T07:04:02.085+0000] {logging_mixin.py:151} INFO - [2023-11-02T07:04:02.085+0000] {dag.py:3722} INFO - Setting next_dagrun for example_python_operator to None, run_after=None
[2023-11-02T07:04:02.115+0000] {processor.py:179} INFO - Processing /usr/local/lib/python3.10/dist-packages/airflow/example_dags/example_python_operator.py took 0.083 seconds
[2023-11-02T07:04:44.218+0000] {processor.py:157} INFO - Started process (PID=4679) to work on /usr/local/lib/python3.10/dist-packages/airflow/example_dags/example_python_operator.py
[2023-11-02T07:04:44.219+0000] {processor.py:829} INFO - Processing file /usr/local/lib/python3.10/dist-packages/airflow/example_dags/example_python_operator.py for tasks to queue
[2023-11-02T07:04:44.220+0000] {logging_mixin.py:151} INFO - [2023-11-02T07:04:44.220+0000] {dagbag.py:536} INFO - Filling up the DagBag from /usr/local/lib/python3.10/dist-packages/airflow/example_dags/example_python_operator.py
[2023-11-02T07:04:44.229+0000] {logging_mixin.py:151} INFO - [2023-11-02T07:04:44.229+0000] {example_python_operator.py:89} WARNING - The virtalenv_python example task requires virtualenv, please install it.
[2023-11-02T07:04:44.230+0000] {processor.py:839} INFO - DAG(s) dict_keys(['example_python_operator']) retrieved from /usr/local/lib/python3.10/dist-packages/airflow/example_dags/example_python_operator.py
[2023-11-02T07:04:44.247+0000] {logging_mixin.py:151} INFO - [2023-11-02T07:04:44.247+0000] {dag.py:2941} INFO - Sync 1 DAGs
[2023-11-02T07:04:44.259+0000] {logging_mixin.py:151} INFO - [2023-11-02T07:04:44.259+0000] {dag.py:3722} INFO - Setting next_dagrun for example_python_operator to None, run_after=None
[2023-11-02T07:04:44.281+0000] {processor.py:179} INFO - Processing /usr/local/lib/python3.10/dist-packages/airflow/example_dags/example_python_operator.py took 0.066 seconds
[2023-11-02T07:05:25.607+0000] {processor.py:157} INFO - Started process (PID=4722) to work on /usr/local/lib/python3.10/dist-packages/airflow/example_dags/example_python_operator.py
[2023-11-02T07:05:25.608+0000] {processor.py:829} INFO - Processing file /usr/local/lib/python3.10/dist-packages/airflow/example_dags/example_python_operator.py for tasks to queue
[2023-11-02T07:05:25.609+0000] {logging_mixin.py:151} INFO - [2023-11-02T07:05:25.608+0000] {dagbag.py:536} INFO - Filling up the DagBag from /usr/local/lib/python3.10/dist-packages/airflow/example_dags/example_python_operator.py
[2023-11-02T07:05:25.618+0000] {logging_mixin.py:151} INFO - [2023-11-02T07:05:25.618+0000] {example_python_operator.py:89} WARNING - The virtalenv_python example task requires virtualenv, please install it.
[2023-11-02T07:05:25.619+0000] {processor.py:839} INFO - DAG(s) dict_keys(['example_python_operator']) retrieved from /usr/local/lib/python3.10/dist-packages/airflow/example_dags/example_python_operator.py
[2023-11-02T07:05:25.636+0000] {logging_mixin.py:151} INFO - [2023-11-02T07:05:25.636+0000] {dag.py:2941} INFO - Sync 1 DAGs
[2023-11-02T07:05:25.648+0000] {logging_mixin.py:151} INFO - [2023-11-02T07:05:25.648+0000] {dag.py:3722} INFO - Setting next_dagrun for example_python_operator to None, run_after=None
[2023-11-02T07:05:25.669+0000] {processor.py:179} INFO - Processing /usr/local/lib/python3.10/dist-packages/airflow/example_dags/example_python_operator.py took 0.066 seconds
[2023-11-02T07:06:10.845+0000] {processor.py:157} INFO - Started process (PID=4768) to work on /usr/local/lib/python3.10/dist-packages/airflow/example_dags/example_python_operator.py
[2023-11-02T07:06:10.846+0000] {processor.py:829} INFO - Processing file /usr/local/lib/python3.10/dist-packages/airflow/example_dags/example_python_operator.py for tasks to queue
[2023-11-02T07:06:10.847+0000] {logging_mixin.py:151} INFO - [2023-11-02T07:06:10.846+0000] {dagbag.py:536} INFO - Filling up the DagBag from /usr/local/lib/python3.10/dist-packages/airflow/example_dags/example_python_operator.py
[2023-11-02T07:06:10.856+0000] {logging_mixin.py:151} INFO - [2023-11-02T07:06:10.856+0000] {example_python_operator.py:89} WARNING - The virtalenv_python example task requires virtualenv, please install it.
[2023-11-02T07:06:10.856+0000] {processor.py:839} INFO - DAG(s) dict_keys(['example_python_operator']) retrieved from /usr/local/lib/python3.10/dist-packages/airflow/example_dags/example_python_operator.py
[2023-11-02T07:06:10.875+0000] {logging_mixin.py:151} INFO - [2023-11-02T07:06:10.875+0000] {dag.py:2941} INFO - Sync 1 DAGs
[2023-11-02T07:06:10.888+0000] {logging_mixin.py:151} INFO - [2023-11-02T07:06:10.887+0000] {dag.py:3722} INFO - Setting next_dagrun for example_python_operator to None, run_after=None
[2023-11-02T07:06:10.913+0000] {processor.py:179} INFO - Processing /usr/local/lib/python3.10/dist-packages/airflow/example_dags/example_python_operator.py took 0.072 seconds
[2023-11-02T07:07:00.338+0000] {processor.py:157} INFO - Started process (PID=4818) to work on /usr/local/lib/python3.10/dist-packages/airflow/example_dags/example_python_operator.py
[2023-11-02T07:07:00.339+0000] {processor.py:829} INFO - Processing file /usr/local/lib/python3.10/dist-packages/airflow/example_dags/example_python_operator.py for tasks to queue
[2023-11-02T07:07:00.340+0000] {logging_mixin.py:151} INFO - [2023-11-02T07:07:00.340+0000] {dagbag.py:536} INFO - Filling up the DagBag from /usr/local/lib/python3.10/dist-packages/airflow/example_dags/example_python_operator.py
[2023-11-02T07:07:00.350+0000] {logging_mixin.py:151} INFO - [2023-11-02T07:07:00.350+0000] {example_python_operator.py:89} WARNING - The virtalenv_python example task requires virtualenv, please install it.
[2023-11-02T07:07:00.350+0000] {processor.py:839} INFO - DAG(s) dict_keys(['example_python_operator']) retrieved from /usr/local/lib/python3.10/dist-packages/airflow/example_dags/example_python_operator.py
[2023-11-02T07:07:00.368+0000] {logging_mixin.py:151} INFO - [2023-11-02T07:07:00.368+0000] {dag.py:2941} INFO - Sync 1 DAGs
[2023-11-02T07:07:00.380+0000] {logging_mixin.py:151} INFO - [2023-11-02T07:07:00.380+0000] {dag.py:3722} INFO - Setting next_dagrun for example_python_operator to None, run_after=None
[2023-11-02T07:07:00.403+0000] {processor.py:179} INFO - Processing /usr/local/lib/python3.10/dist-packages/airflow/example_dags/example_python_operator.py took 0.068 seconds
[2023-11-02T07:07:45.882+0000] {processor.py:157} INFO - Started process (PID=4867) to work on /usr/local/lib/python3.10/dist-packages/airflow/example_dags/example_python_operator.py
[2023-11-02T07:07:45.883+0000] {processor.py:829} INFO - Processing file /usr/local/lib/python3.10/dist-packages/airflow/example_dags/example_python_operator.py for tasks to queue
[2023-11-02T07:07:45.884+0000] {logging_mixin.py:151} INFO - [2023-11-02T07:07:45.883+0000] {dagbag.py:536} INFO - Filling up the DagBag from /usr/local/lib/python3.10/dist-packages/airflow/example_dags/example_python_operator.py
[2023-11-02T07:07:45.893+0000] {logging_mixin.py:151} INFO - [2023-11-02T07:07:45.893+0000] {example_python_operator.py:89} WARNING - The virtalenv_python example task requires virtualenv, please install it.
[2023-11-02T07:07:45.894+0000] {processor.py:839} INFO - DAG(s) dict_keys(['example_python_operator']) retrieved from /usr/local/lib/python3.10/dist-packages/airflow/example_dags/example_python_operator.py
[2023-11-02T07:07:45.912+0000] {logging_mixin.py:151} INFO - [2023-11-02T07:07:45.912+0000] {dag.py:2941} INFO - Sync 1 DAGs
[2023-11-02T07:07:45.924+0000] {logging_mixin.py:151} INFO - [2023-11-02T07:07:45.924+0000] {dag.py:3722} INFO - Setting next_dagrun for example_python_operator to None, run_after=None
[2023-11-02T07:07:45.950+0000] {processor.py:179} INFO - Processing /usr/local/lib/python3.10/dist-packages/airflow/example_dags/example_python_operator.py took 0.072 seconds
[2023-11-02T07:08:30.473+0000] {processor.py:157} INFO - Started process (PID=5144) to work on /usr/local/lib/python3.10/dist-packages/airflow/example_dags/example_python_operator.py
[2023-11-02T07:08:30.474+0000] {processor.py:829} INFO - Processing file /usr/local/lib/python3.10/dist-packages/airflow/example_dags/example_python_operator.py for tasks to queue
[2023-11-02T07:08:30.475+0000] {logging_mixin.py:151} INFO - [2023-11-02T07:08:30.475+0000] {dagbag.py:536} INFO - Filling up the DagBag from /usr/local/lib/python3.10/dist-packages/airflow/example_dags/example_python_operator.py
[2023-11-02T07:08:30.485+0000] {logging_mixin.py:151} INFO - [2023-11-02T07:08:30.484+0000] {example_python_operator.py:89} WARNING - The virtalenv_python example task requires virtualenv, please install it.
[2023-11-02T07:08:30.485+0000] {processor.py:839} INFO - DAG(s) dict_keys(['example_python_operator']) retrieved from /usr/local/lib/python3.10/dist-packages/airflow/example_dags/example_python_operator.py
[2023-11-02T07:08:30.503+0000] {logging_mixin.py:151} INFO - [2023-11-02T07:08:30.502+0000] {dag.py:2941} INFO - Sync 1 DAGs
[2023-11-02T07:08:30.515+0000] {logging_mixin.py:151} INFO - [2023-11-02T07:08:30.514+0000] {dag.py:3722} INFO - Setting next_dagrun for example_python_operator to None, run_after=None
[2023-11-02T07:08:30.536+0000] {processor.py:179} INFO - Processing /usr/local/lib/python3.10/dist-packages/airflow/example_dags/example_python_operator.py took 0.066 seconds
[2023-11-02T07:09:14.480+0000] {processor.py:157} INFO - Started process (PID=5342) to work on /usr/local/lib/python3.10/dist-packages/airflow/example_dags/example_python_operator.py
[2023-11-02T07:09:14.481+0000] {processor.py:829} INFO - Processing file /usr/local/lib/python3.10/dist-packages/airflow/example_dags/example_python_operator.py for tasks to queue
[2023-11-02T07:09:14.482+0000] {logging_mixin.py:151} INFO - [2023-11-02T07:09:14.482+0000] {dagbag.py:536} INFO - Filling up the DagBag from /usr/local/lib/python3.10/dist-packages/airflow/example_dags/example_python_operator.py
[2023-11-02T07:09:14.491+0000] {logging_mixin.py:151} INFO - [2023-11-02T07:09:14.491+0000] {example_python_operator.py:89} WARNING - The virtalenv_python example task requires virtualenv, please install it.
[2023-11-02T07:09:14.492+0000] {processor.py:839} INFO - DAG(s) dict_keys(['example_python_operator']) retrieved from /usr/local/lib/python3.10/dist-packages/airflow/example_dags/example_python_operator.py
[2023-11-02T07:09:14.510+0000] {logging_mixin.py:151} INFO - [2023-11-02T07:09:14.510+0000] {dag.py:2941} INFO - Sync 1 DAGs
[2023-11-02T07:09:14.522+0000] {logging_mixin.py:151} INFO - [2023-11-02T07:09:14.521+0000] {dag.py:3722} INFO - Setting next_dagrun for example_python_operator to None, run_after=None
[2023-11-02T07:09:14.547+0000] {processor.py:179} INFO - Processing /usr/local/lib/python3.10/dist-packages/airflow/example_dags/example_python_operator.py took 0.070 seconds
[2023-11-02T07:10:01.208+0000] {processor.py:157} INFO - Started process (PID=5399) to work on /usr/local/lib/python3.10/dist-packages/airflow/example_dags/example_python_operator.py
[2023-11-02T07:10:01.209+0000] {processor.py:829} INFO - Processing file /usr/local/lib/python3.10/dist-packages/airflow/example_dags/example_python_operator.py for tasks to queue
[2023-11-02T07:10:01.210+0000] {logging_mixin.py:151} INFO - [2023-11-02T07:10:01.210+0000] {dagbag.py:536} INFO - Filling up the DagBag from /usr/local/lib/python3.10/dist-packages/airflow/example_dags/example_python_operator.py
[2023-11-02T07:10:01.220+0000] {logging_mixin.py:151} INFO - [2023-11-02T07:10:01.219+0000] {example_python_operator.py:89} WARNING - The virtalenv_python example task requires virtualenv, please install it.
[2023-11-02T07:10:01.220+0000] {processor.py:839} INFO - DAG(s) dict_keys(['example_python_operator']) retrieved from /usr/local/lib/python3.10/dist-packages/airflow/example_dags/example_python_operator.py
[2023-11-02T07:10:01.238+0000] {logging_mixin.py:151} INFO - [2023-11-02T07:10:01.238+0000] {dag.py:2941} INFO - Sync 1 DAGs
[2023-11-02T07:10:01.250+0000] {logging_mixin.py:151} INFO - [2023-11-02T07:10:01.250+0000] {dag.py:3722} INFO - Setting next_dagrun for example_python_operator to None, run_after=None
[2023-11-02T07:10:01.272+0000] {processor.py:179} INFO - Processing /usr/local/lib/python3.10/dist-packages/airflow/example_dags/example_python_operator.py took 0.067 seconds
[2023-11-02T07:10:47.327+0000] {processor.py:157} INFO - Started process (PID=5446) to work on /usr/local/lib/python3.10/dist-packages/airflow/example_dags/example_python_operator.py
[2023-11-02T07:10:47.328+0000] {processor.py:829} INFO - Processing file /usr/local/lib/python3.10/dist-packages/airflow/example_dags/example_python_operator.py for tasks to queue
[2023-11-02T07:10:47.329+0000] {logging_mixin.py:151} INFO - [2023-11-02T07:10:47.329+0000] {dagbag.py:536} INFO - Filling up the DagBag from /usr/local/lib/python3.10/dist-packages/airflow/example_dags/example_python_operator.py
[2023-11-02T07:10:47.339+0000] {logging_mixin.py:151} INFO - [2023-11-02T07:10:47.339+0000] {example_python_operator.py:89} WARNING - The virtalenv_python example task requires virtualenv, please install it.
[2023-11-02T07:10:47.339+0000] {processor.py:839} INFO - DAG(s) dict_keys(['example_python_operator']) retrieved from /usr/local/lib/python3.10/dist-packages/airflow/example_dags/example_python_operator.py
[2023-11-02T07:10:47.358+0000] {logging_mixin.py:151} INFO - [2023-11-02T07:10:47.358+0000] {dag.py:2941} INFO - Sync 1 DAGs
[2023-11-02T07:10:47.370+0000] {logging_mixin.py:151} INFO - [2023-11-02T07:10:47.370+0000] {dag.py:3722} INFO - Setting next_dagrun for example_python_operator to None, run_after=None
[2023-11-02T07:10:47.394+0000] {processor.py:179} INFO - Processing /usr/local/lib/python3.10/dist-packages/airflow/example_dags/example_python_operator.py took 0.070 seconds
[2023-11-02T07:11:37.835+0000] {processor.py:157} INFO - Started process (PID=5501) to work on /usr/local/lib/python3.10/dist-packages/airflow/example_dags/example_python_operator.py
[2023-11-02T07:11:37.837+0000] {processor.py:829} INFO - Processing file /usr/local/lib/python3.10/dist-packages/airflow/example_dags/example_python_operator.py for tasks to queue
[2023-11-02T07:11:37.838+0000] {logging_mixin.py:151} INFO - [2023-11-02T07:11:37.837+0000] {dagbag.py:536} INFO - Filling up the DagBag from /usr/local/lib/python3.10/dist-packages/airflow/example_dags/example_python_operator.py
[2023-11-02T07:11:37.847+0000] {logging_mixin.py:151} INFO - [2023-11-02T07:11:37.847+0000] {example_python_operator.py:89} WARNING - The virtalenv_python example task requires virtualenv, please install it.
[2023-11-02T07:11:37.848+0000] {processor.py:839} INFO - DAG(s) dict_keys(['example_python_operator']) retrieved from /usr/local/lib/python3.10/dist-packages/airflow/example_dags/example_python_operator.py
[2023-11-02T07:11:37.866+0000] {logging_mixin.py:151} INFO - [2023-11-02T07:11:37.866+0000] {dag.py:2941} INFO - Sync 1 DAGs
[2023-11-02T07:11:37.878+0000] {logging_mixin.py:151} INFO - [2023-11-02T07:11:37.878+0000] {dag.py:3722} INFO - Setting next_dagrun for example_python_operator to None, run_after=None
[2023-11-02T07:11:37.901+0000] {processor.py:179} INFO - Processing /usr/local/lib/python3.10/dist-packages/airflow/example_dags/example_python_operator.py took 0.069 seconds
[2023-11-02T07:12:19.744+0000] {processor.py:157} INFO - Started process (PID=5548) to work on /usr/local/lib/python3.10/dist-packages/airflow/example_dags/example_python_operator.py
[2023-11-02T07:12:19.746+0000] {processor.py:829} INFO - Processing file /usr/local/lib/python3.10/dist-packages/airflow/example_dags/example_python_operator.py for tasks to queue
[2023-11-02T07:12:19.747+0000] {logging_mixin.py:151} INFO - [2023-11-02T07:12:19.746+0000] {dagbag.py:536} INFO - Filling up the DagBag from /usr/local/lib/python3.10/dist-packages/airflow/example_dags/example_python_operator.py
[2023-11-02T07:12:19.772+0000] {logging_mixin.py:151} INFO - [2023-11-02T07:12:19.772+0000] {example_python_operator.py:89} WARNING - The virtalenv_python example task requires virtualenv, please install it.
[2023-11-02T07:12:19.772+0000] {processor.py:839} INFO - DAG(s) dict_keys(['example_python_operator']) retrieved from /usr/local/lib/python3.10/dist-packages/airflow/example_dags/example_python_operator.py
[2023-11-02T07:12:19.793+0000] {logging_mixin.py:151} INFO - [2023-11-02T07:12:19.793+0000] {dag.py:2941} INFO - Sync 1 DAGs
[2023-11-02T07:12:19.816+0000] {logging_mixin.py:151} INFO - [2023-11-02T07:12:19.815+0000] {dag.py:3722} INFO - Setting next_dagrun for example_python_operator to None, run_after=None
[2023-11-02T07:12:19.926+0000] {processor.py:179} INFO - Processing /usr/local/lib/python3.10/dist-packages/airflow/example_dags/example_python_operator.py took 0.185 seconds
