[2023-11-02T06:49:34.018+0000] {processor.py:157} INFO - Started process (PID=3704) to work on /home/ubuntu/customer_churn_venv/lib/python3.10/site-packages/airflow/example_dags/example_xcom.py
[2023-11-02T06:49:34.019+0000] {processor.py:829} INFO - Processing file /home/ubuntu/customer_churn_venv/lib/python3.10/site-packages/airflow/example_dags/example_xcom.py for tasks to queue
[2023-11-02T06:49:34.020+0000] {logging_mixin.py:151} INFO - [2023-11-02T06:49:34.019+0000] {dagbag.py:536} INFO - Filling up the DagBag from /home/ubuntu/customer_churn_venv/lib/python3.10/site-packages/airflow/example_dags/example_xcom.py
[2023-11-02T06:49:34.030+0000] {processor.py:839} INFO - DAG(s) dict_keys(['example_xcom']) retrieved from /home/ubuntu/customer_churn_venv/lib/python3.10/site-packages/airflow/example_dags/example_xcom.py
[2023-11-02T06:49:34.311+0000] {logging_mixin.py:151} INFO - [2023-11-02T06:49:34.311+0000] {manager.py:499} INFO - Created Permission View: %s
[2023-11-02T06:49:34.325+0000] {logging_mixin.py:151} INFO - [2023-11-02T06:49:34.325+0000] {manager.py:499} INFO - Created Permission View: %s
[2023-11-02T06:49:34.335+0000] {logging_mixin.py:151} INFO - [2023-11-02T06:49:34.335+0000] {manager.py:499} INFO - Created Permission View: %s
[2023-11-02T06:49:34.335+0000] {logging_mixin.py:151} INFO - [2023-11-02T06:49:34.335+0000] {dag.py:2941} INFO - Sync 1 DAGs
[2023-11-02T06:49:34.346+0000] {logging_mixin.py:151} INFO - [2023-11-02T06:49:34.346+0000] {dag.py:2963} INFO - Creating ORM DAG for example_xcom
[2023-11-02T06:49:34.354+0000] {logging_mixin.py:151} INFO - [2023-11-02T06:49:34.354+0000] {dag.py:3722} INFO - Setting next_dagrun for example_xcom to 2021-01-01T00:00:00+00:00, run_after=2021-01-01T00:00:00+00:00
[2023-11-02T06:49:34.376+0000] {processor.py:179} INFO - Processing /home/ubuntu/customer_churn_venv/lib/python3.10/site-packages/airflow/example_dags/example_xcom.py took 0.361 seconds
[2023-11-02T06:50:31.915+0000] {processor.py:157} INFO - Started process (PID=3750) to work on /home/ubuntu/customer_churn_venv/lib/python3.10/site-packages/airflow/example_dags/example_xcom.py
[2023-11-02T06:50:31.916+0000] {processor.py:829} INFO - Processing file /home/ubuntu/customer_churn_venv/lib/python3.10/site-packages/airflow/example_dags/example_xcom.py for tasks to queue
[2023-11-02T06:50:31.917+0000] {logging_mixin.py:151} INFO - [2023-11-02T06:50:31.916+0000] {dagbag.py:536} INFO - Filling up the DagBag from /home/ubuntu/customer_churn_venv/lib/python3.10/site-packages/airflow/example_dags/example_xcom.py
[2023-11-02T06:50:31.925+0000] {processor.py:839} INFO - DAG(s) dict_keys(['example_xcom']) retrieved from /home/ubuntu/customer_churn_venv/lib/python3.10/site-packages/airflow/example_dags/example_xcom.py
[2023-11-02T06:50:31.943+0000] {logging_mixin.py:151} INFO - [2023-11-02T06:50:31.943+0000] {dag.py:2941} INFO - Sync 1 DAGs
[2023-11-02T06:50:31.966+0000] {logging_mixin.py:151} INFO - [2023-11-02T06:50:31.966+0000] {dag.py:3722} INFO - Setting next_dagrun for example_xcom to 2021-01-01T00:00:00+00:00, run_after=2021-01-01T00:00:00+00:00
[2023-11-02T06:50:31.990+0000] {processor.py:179} INFO - Processing /home/ubuntu/customer_churn_venv/lib/python3.10/site-packages/airflow/example_dags/example_xcom.py took 0.078 seconds
[2023-11-02T06:51:11.707+0000] {processor.py:157} INFO - Started process (PID=3790) to work on /home/ubuntu/customer_churn_venv/lib/python3.10/site-packages/airflow/example_dags/example_xcom.py
[2023-11-02T06:51:11.708+0000] {processor.py:829} INFO - Processing file /home/ubuntu/customer_churn_venv/lib/python3.10/site-packages/airflow/example_dags/example_xcom.py for tasks to queue
[2023-11-02T06:51:11.709+0000] {logging_mixin.py:151} INFO - [2023-11-02T06:51:11.709+0000] {dagbag.py:536} INFO - Filling up the DagBag from /home/ubuntu/customer_churn_venv/lib/python3.10/site-packages/airflow/example_dags/example_xcom.py
[2023-11-02T06:51:11.717+0000] {processor.py:839} INFO - DAG(s) dict_keys(['example_xcom']) retrieved from /home/ubuntu/customer_churn_venv/lib/python3.10/site-packages/airflow/example_dags/example_xcom.py
[2023-11-02T06:51:11.736+0000] {logging_mixin.py:151} INFO - [2023-11-02T06:51:11.735+0000] {dag.py:2941} INFO - Sync 1 DAGs
[2023-11-02T06:51:11.756+0000] {logging_mixin.py:151} INFO - [2023-11-02T06:51:11.755+0000] {dag.py:3722} INFO - Setting next_dagrun for example_xcom to 2021-01-01T00:00:00+00:00, run_after=2021-01-01T00:00:00+00:00
[2023-11-02T06:51:11.778+0000] {processor.py:179} INFO - Processing /home/ubuntu/customer_churn_venv/lib/python3.10/site-packages/airflow/example_dags/example_xcom.py took 0.074 seconds
[2023-11-02T06:51:57.041+0000] {processor.py:157} INFO - Started process (PID=3838) to work on /home/ubuntu/customer_churn_venv/lib/python3.10/site-packages/airflow/example_dags/example_xcom.py
[2023-11-02T06:51:57.042+0000] {processor.py:829} INFO - Processing file /home/ubuntu/customer_churn_venv/lib/python3.10/site-packages/airflow/example_dags/example_xcom.py for tasks to queue
[2023-11-02T06:51:57.043+0000] {logging_mixin.py:151} INFO - [2023-11-02T06:51:57.043+0000] {dagbag.py:536} INFO - Filling up the DagBag from /home/ubuntu/customer_churn_venv/lib/python3.10/site-packages/airflow/example_dags/example_xcom.py
[2023-11-02T06:51:57.051+0000] {processor.py:839} INFO - DAG(s) dict_keys(['example_xcom']) retrieved from /home/ubuntu/customer_churn_venv/lib/python3.10/site-packages/airflow/example_dags/example_xcom.py
[2023-11-02T06:51:57.069+0000] {logging_mixin.py:151} INFO - [2023-11-02T06:51:57.069+0000] {dag.py:2941} INFO - Sync 1 DAGs
[2023-11-02T06:51:57.089+0000] {logging_mixin.py:151} INFO - [2023-11-02T06:51:57.089+0000] {dag.py:3722} INFO - Setting next_dagrun for example_xcom to 2021-01-01T00:00:00+00:00, run_after=2021-01-01T00:00:00+00:00
[2023-11-02T06:51:57.110+0000] {processor.py:179} INFO - Processing /home/ubuntu/customer_churn_venv/lib/python3.10/site-packages/airflow/example_dags/example_xcom.py took 0.073 seconds
[2023-11-02T06:52:42.923+0000] {processor.py:157} INFO - Started process (PID=3885) to work on /home/ubuntu/customer_churn_venv/lib/python3.10/site-packages/airflow/example_dags/example_xcom.py
[2023-11-02T06:52:42.924+0000] {processor.py:829} INFO - Processing file /home/ubuntu/customer_churn_venv/lib/python3.10/site-packages/airflow/example_dags/example_xcom.py for tasks to queue
[2023-11-02T06:52:42.925+0000] {logging_mixin.py:151} INFO - [2023-11-02T06:52:42.924+0000] {dagbag.py:536} INFO - Filling up the DagBag from /home/ubuntu/customer_churn_venv/lib/python3.10/site-packages/airflow/example_dags/example_xcom.py
[2023-11-02T06:52:42.933+0000] {processor.py:839} INFO - DAG(s) dict_keys(['example_xcom']) retrieved from /home/ubuntu/customer_churn_venv/lib/python3.10/site-packages/airflow/example_dags/example_xcom.py
[2023-11-02T06:52:42.950+0000] {logging_mixin.py:151} INFO - [2023-11-02T06:52:42.950+0000] {dag.py:2941} INFO - Sync 1 DAGs
[2023-11-02T06:52:42.970+0000] {logging_mixin.py:151} INFO - [2023-11-02T06:52:42.970+0000] {dag.py:3722} INFO - Setting next_dagrun for example_xcom to 2021-01-01T00:00:00+00:00, run_after=2021-01-01T00:00:00+00:00
[2023-11-02T06:52:42.995+0000] {processor.py:179} INFO - Processing /home/ubuntu/customer_churn_venv/lib/python3.10/site-packages/airflow/example_dags/example_xcom.py took 0.076 seconds
[2023-11-02T06:59:47.514+0000] {processor.py:157} INFO - Started process (PID=4368) to work on /usr/local/lib/python3.10/dist-packages/airflow/example_dags/example_xcom.py
[2023-11-02T06:59:47.515+0000] {processor.py:829} INFO - Processing file /usr/local/lib/python3.10/dist-packages/airflow/example_dags/example_xcom.py for tasks to queue
[2023-11-02T06:59:47.516+0000] {logging_mixin.py:151} INFO - [2023-11-02T06:59:47.516+0000] {dagbag.py:536} INFO - Filling up the DagBag from /usr/local/lib/python3.10/dist-packages/airflow/example_dags/example_xcom.py
[2023-11-02T06:59:47.526+0000] {processor.py:839} INFO - DAG(s) dict_keys(['example_xcom']) retrieved from /usr/local/lib/python3.10/dist-packages/airflow/example_dags/example_xcom.py
[2023-11-02T06:59:47.536+0000] {logging_mixin.py:151} INFO - [2023-11-02T06:59:47.536+0000] {dag.py:2941} INFO - Sync 1 DAGs
[2023-11-02T06:59:47.666+0000] {logging_mixin.py:151} INFO - [2023-11-02T06:59:47.666+0000] {dag.py:3722} INFO - Setting next_dagrun for example_xcom to 2021-01-01T00:00:00+00:00, run_after=2021-01-01T00:00:00+00:00
[2023-11-02T06:59:47.687+0000] {processor.py:179} INFO - Processing /usr/local/lib/python3.10/dist-packages/airflow/example_dags/example_xcom.py took 0.176 seconds
[2023-11-02T07:00:34.564+0000] {processor.py:157} INFO - Started process (PID=4414) to work on /usr/local/lib/python3.10/dist-packages/airflow/example_dags/example_xcom.py
[2023-11-02T07:00:34.565+0000] {processor.py:829} INFO - Processing file /usr/local/lib/python3.10/dist-packages/airflow/example_dags/example_xcom.py for tasks to queue
[2023-11-02T07:00:34.566+0000] {logging_mixin.py:151} INFO - [2023-11-02T07:00:34.566+0000] {dagbag.py:536} INFO - Filling up the DagBag from /usr/local/lib/python3.10/dist-packages/airflow/example_dags/example_xcom.py
[2023-11-02T07:00:34.574+0000] {processor.py:839} INFO - DAG(s) dict_keys(['example_xcom']) retrieved from /usr/local/lib/python3.10/dist-packages/airflow/example_dags/example_xcom.py
[2023-11-02T07:00:34.591+0000] {logging_mixin.py:151} INFO - [2023-11-02T07:00:34.591+0000] {dag.py:2941} INFO - Sync 1 DAGs
[2023-11-02T07:00:34.612+0000] {logging_mixin.py:151} INFO - [2023-11-02T07:00:34.612+0000] {dag.py:3722} INFO - Setting next_dagrun for example_xcom to 2021-01-01T00:00:00+00:00, run_after=2021-01-01T00:00:00+00:00
[2023-11-02T07:00:34.634+0000] {processor.py:179} INFO - Processing /usr/local/lib/python3.10/dist-packages/airflow/example_dags/example_xcom.py took 0.074 seconds
[2023-11-02T07:01:19.201+0000] {processor.py:157} INFO - Started process (PID=4461) to work on /usr/local/lib/python3.10/dist-packages/airflow/example_dags/example_xcom.py
[2023-11-02T07:01:19.202+0000] {processor.py:829} INFO - Processing file /usr/local/lib/python3.10/dist-packages/airflow/example_dags/example_xcom.py for tasks to queue
[2023-11-02T07:01:19.203+0000] {logging_mixin.py:151} INFO - [2023-11-02T07:01:19.203+0000] {dagbag.py:536} INFO - Filling up the DagBag from /usr/local/lib/python3.10/dist-packages/airflow/example_dags/example_xcom.py
[2023-11-02T07:01:19.212+0000] {processor.py:839} INFO - DAG(s) dict_keys(['example_xcom']) retrieved from /usr/local/lib/python3.10/dist-packages/airflow/example_dags/example_xcom.py
[2023-11-02T07:01:19.230+0000] {logging_mixin.py:151} INFO - [2023-11-02T07:01:19.230+0000] {dag.py:2941} INFO - Sync 1 DAGs
[2023-11-02T07:01:19.250+0000] {logging_mixin.py:151} INFO - [2023-11-02T07:01:19.250+0000] {dag.py:3722} INFO - Setting next_dagrun for example_xcom to 2021-01-01T00:00:00+00:00, run_after=2021-01-01T00:00:00+00:00
[2023-11-02T07:01:19.272+0000] {processor.py:179} INFO - Processing /usr/local/lib/python3.10/dist-packages/airflow/example_dags/example_xcom.py took 0.074 seconds
[2023-11-02T07:02:01.342+0000] {processor.py:157} INFO - Started process (PID=4505) to work on /usr/local/lib/python3.10/dist-packages/airflow/example_dags/example_xcom.py
[2023-11-02T07:02:01.343+0000] {processor.py:829} INFO - Processing file /usr/local/lib/python3.10/dist-packages/airflow/example_dags/example_xcom.py for tasks to queue
[2023-11-02T07:02:01.344+0000] {logging_mixin.py:151} INFO - [2023-11-02T07:02:01.344+0000] {dagbag.py:536} INFO - Filling up the DagBag from /usr/local/lib/python3.10/dist-packages/airflow/example_dags/example_xcom.py
[2023-11-02T07:02:01.352+0000] {processor.py:839} INFO - DAG(s) dict_keys(['example_xcom']) retrieved from /usr/local/lib/python3.10/dist-packages/airflow/example_dags/example_xcom.py
[2023-11-02T07:02:01.371+0000] {logging_mixin.py:151} INFO - [2023-11-02T07:02:01.370+0000] {dag.py:2941} INFO - Sync 1 DAGs
[2023-11-02T07:02:01.392+0000] {logging_mixin.py:151} INFO - [2023-11-02T07:02:01.392+0000] {dag.py:3722} INFO - Setting next_dagrun for example_xcom to 2021-01-01T00:00:00+00:00, run_after=2021-01-01T00:00:00+00:00
[2023-11-02T07:02:01.418+0000] {processor.py:179} INFO - Processing /usr/local/lib/python3.10/dist-packages/airflow/example_dags/example_xcom.py took 0.080 seconds
[2023-11-02T07:02:44.457+0000] {processor.py:157} INFO - Started process (PID=4550) to work on /usr/local/lib/python3.10/dist-packages/airflow/example_dags/example_xcom.py
[2023-11-02T07:02:44.458+0000] {processor.py:829} INFO - Processing file /usr/local/lib/python3.10/dist-packages/airflow/example_dags/example_xcom.py for tasks to queue
[2023-11-02T07:02:44.459+0000] {logging_mixin.py:151} INFO - [2023-11-02T07:02:44.458+0000] {dagbag.py:536} INFO - Filling up the DagBag from /usr/local/lib/python3.10/dist-packages/airflow/example_dags/example_xcom.py
[2023-11-02T07:02:44.467+0000] {processor.py:839} INFO - DAG(s) dict_keys(['example_xcom']) retrieved from /usr/local/lib/python3.10/dist-packages/airflow/example_dags/example_xcom.py
[2023-11-02T07:02:44.485+0000] {logging_mixin.py:151} INFO - [2023-11-02T07:02:44.485+0000] {dag.py:2941} INFO - Sync 1 DAGs
[2023-11-02T07:02:44.504+0000] {logging_mixin.py:151} INFO - [2023-11-02T07:02:44.504+0000] {dag.py:3722} INFO - Setting next_dagrun for example_xcom to 2021-01-01T00:00:00+00:00, run_after=2021-01-01T00:00:00+00:00
[2023-11-02T07:02:44.526+0000] {processor.py:179} INFO - Processing /usr/local/lib/python3.10/dist-packages/airflow/example_dags/example_xcom.py took 0.073 seconds
[2023-11-02T07:03:31.042+0000] {processor.py:157} INFO - Started process (PID=4597) to work on /usr/local/lib/python3.10/dist-packages/airflow/example_dags/example_xcom.py
[2023-11-02T07:03:31.043+0000] {processor.py:829} INFO - Processing file /usr/local/lib/python3.10/dist-packages/airflow/example_dags/example_xcom.py for tasks to queue
[2023-11-02T07:03:31.044+0000] {logging_mixin.py:151} INFO - [2023-11-02T07:03:31.043+0000] {dagbag.py:536} INFO - Filling up the DagBag from /usr/local/lib/python3.10/dist-packages/airflow/example_dags/example_xcom.py
[2023-11-02T07:03:31.052+0000] {processor.py:839} INFO - DAG(s) dict_keys(['example_xcom']) retrieved from /usr/local/lib/python3.10/dist-packages/airflow/example_dags/example_xcom.py
[2023-11-02T07:03:31.070+0000] {logging_mixin.py:151} INFO - [2023-11-02T07:03:31.070+0000] {dag.py:2941} INFO - Sync 1 DAGs
[2023-11-02T07:03:31.091+0000] {logging_mixin.py:151} INFO - [2023-11-02T07:03:31.090+0000] {dag.py:3722} INFO - Setting next_dagrun for example_xcom to 2021-01-01T00:00:00+00:00, run_after=2021-01-01T00:00:00+00:00
[2023-11-02T07:03:31.118+0000] {processor.py:179} INFO - Processing /usr/local/lib/python3.10/dist-packages/airflow/example_dags/example_xcom.py took 0.080 seconds
[2023-11-02T07:04:13.567+0000] {processor.py:157} INFO - Started process (PID=4645) to work on /usr/local/lib/python3.10/dist-packages/airflow/example_dags/example_xcom.py
[2023-11-02T07:04:13.568+0000] {processor.py:829} INFO - Processing file /usr/local/lib/python3.10/dist-packages/airflow/example_dags/example_xcom.py for tasks to queue
[2023-11-02T07:04:13.569+0000] {logging_mixin.py:151} INFO - [2023-11-02T07:04:13.568+0000] {dagbag.py:536} INFO - Filling up the DagBag from /usr/local/lib/python3.10/dist-packages/airflow/example_dags/example_xcom.py
[2023-11-02T07:04:13.577+0000] {processor.py:839} INFO - DAG(s) dict_keys(['example_xcom']) retrieved from /usr/local/lib/python3.10/dist-packages/airflow/example_dags/example_xcom.py
[2023-11-02T07:04:13.594+0000] {logging_mixin.py:151} INFO - [2023-11-02T07:04:13.594+0000] {dag.py:2941} INFO - Sync 1 DAGs
[2023-11-02T07:04:13.614+0000] {logging_mixin.py:151} INFO - [2023-11-02T07:04:13.614+0000] {dag.py:3722} INFO - Setting next_dagrun for example_xcom to 2021-01-01T00:00:00+00:00, run_after=2021-01-01T00:00:00+00:00
[2023-11-02T07:04:13.637+0000] {processor.py:179} INFO - Processing /usr/local/lib/python3.10/dist-packages/airflow/example_dags/example_xcom.py took 0.073 seconds
[2023-11-02T07:04:50.655+0000] {processor.py:157} INFO - Started process (PID=4686) to work on /usr/local/lib/python3.10/dist-packages/airflow/example_dags/example_xcom.py
[2023-11-02T07:04:50.656+0000] {processor.py:829} INFO - Processing file /usr/local/lib/python3.10/dist-packages/airflow/example_dags/example_xcom.py for tasks to queue
[2023-11-02T07:04:50.657+0000] {logging_mixin.py:151} INFO - [2023-11-02T07:04:50.657+0000] {dagbag.py:536} INFO - Filling up the DagBag from /usr/local/lib/python3.10/dist-packages/airflow/example_dags/example_xcom.py
[2023-11-02T07:04:50.665+0000] {processor.py:839} INFO - DAG(s) dict_keys(['example_xcom']) retrieved from /usr/local/lib/python3.10/dist-packages/airflow/example_dags/example_xcom.py
[2023-11-02T07:04:50.683+0000] {logging_mixin.py:151} INFO - [2023-11-02T07:04:50.683+0000] {dag.py:2941} INFO - Sync 1 DAGs
[2023-11-02T07:04:50.703+0000] {logging_mixin.py:151} INFO - [2023-11-02T07:04:50.703+0000] {dag.py:3722} INFO - Setting next_dagrun for example_xcom to 2021-01-01T00:00:00+00:00, run_after=2021-01-01T00:00:00+00:00
[2023-11-02T07:04:50.725+0000] {processor.py:179} INFO - Processing /usr/local/lib/python3.10/dist-packages/airflow/example_dags/example_xcom.py took 0.073 seconds
[2023-11-02T07:05:32.190+0000] {processor.py:157} INFO - Started process (PID=4729) to work on /usr/local/lib/python3.10/dist-packages/airflow/example_dags/example_xcom.py
[2023-11-02T07:05:32.191+0000] {processor.py:829} INFO - Processing file /usr/local/lib/python3.10/dist-packages/airflow/example_dags/example_xcom.py for tasks to queue
[2023-11-02T07:05:32.192+0000] {logging_mixin.py:151} INFO - [2023-11-02T07:05:32.191+0000] {dagbag.py:536} INFO - Filling up the DagBag from /usr/local/lib/python3.10/dist-packages/airflow/example_dags/example_xcom.py
[2023-11-02T07:05:32.200+0000] {processor.py:839} INFO - DAG(s) dict_keys(['example_xcom']) retrieved from /usr/local/lib/python3.10/dist-packages/airflow/example_dags/example_xcom.py
[2023-11-02T07:05:32.218+0000] {logging_mixin.py:151} INFO - [2023-11-02T07:05:32.218+0000] {dag.py:2941} INFO - Sync 1 DAGs
[2023-11-02T07:05:32.238+0000] {logging_mixin.py:151} INFO - [2023-11-02T07:05:32.237+0000] {dag.py:3722} INFO - Setting next_dagrun for example_xcom to 2021-01-01T00:00:00+00:00, run_after=2021-01-01T00:00:00+00:00
[2023-11-02T07:05:32.260+0000] {processor.py:179} INFO - Processing /usr/local/lib/python3.10/dist-packages/airflow/example_dags/example_xcom.py took 0.074 seconds
[2023-11-02T07:06:15.995+0000] {processor.py:157} INFO - Started process (PID=4773) to work on /usr/local/lib/python3.10/dist-packages/airflow/example_dags/example_xcom.py
[2023-11-02T07:06:15.996+0000] {processor.py:829} INFO - Processing file /usr/local/lib/python3.10/dist-packages/airflow/example_dags/example_xcom.py for tasks to queue
[2023-11-02T07:06:15.997+0000] {logging_mixin.py:151} INFO - [2023-11-02T07:06:15.996+0000] {dagbag.py:536} INFO - Filling up the DagBag from /usr/local/lib/python3.10/dist-packages/airflow/example_dags/example_xcom.py
[2023-11-02T07:06:16.006+0000] {processor.py:839} INFO - DAG(s) dict_keys(['example_xcom']) retrieved from /usr/local/lib/python3.10/dist-packages/airflow/example_dags/example_xcom.py
[2023-11-02T07:06:16.024+0000] {logging_mixin.py:151} INFO - [2023-11-02T07:06:16.024+0000] {dag.py:2941} INFO - Sync 1 DAGs
[2023-11-02T07:06:16.046+0000] {logging_mixin.py:151} INFO - [2023-11-02T07:06:16.046+0000] {dag.py:3722} INFO - Setting next_dagrun for example_xcom to 2021-01-01T00:00:00+00:00, run_after=2021-01-01T00:00:00+00:00
[2023-11-02T07:06:16.069+0000] {processor.py:179} INFO - Processing /usr/local/lib/python3.10/dist-packages/airflow/example_dags/example_xcom.py took 0.078 seconds
[2023-11-02T07:06:48.954+0000] {processor.py:157} INFO - Started process (PID=4807) to work on /usr/local/lib/python3.10/dist-packages/airflow/example_dags/example_xcom.py
[2023-11-02T07:06:48.955+0000] {processor.py:829} INFO - Processing file /usr/local/lib/python3.10/dist-packages/airflow/example_dags/example_xcom.py for tasks to queue
[2023-11-02T07:06:48.956+0000] {logging_mixin.py:151} INFO - [2023-11-02T07:06:48.955+0000] {dagbag.py:536} INFO - Filling up the DagBag from /usr/local/lib/python3.10/dist-packages/airflow/example_dags/example_xcom.py
[2023-11-02T07:06:48.964+0000] {processor.py:839} INFO - DAG(s) dict_keys(['example_xcom']) retrieved from /usr/local/lib/python3.10/dist-packages/airflow/example_dags/example_xcom.py
[2023-11-02T07:06:48.982+0000] {logging_mixin.py:151} INFO - [2023-11-02T07:06:48.982+0000] {dag.py:2941} INFO - Sync 1 DAGs
[2023-11-02T07:06:49.002+0000] {logging_mixin.py:151} INFO - [2023-11-02T07:06:49.002+0000] {dag.py:3722} INFO - Setting next_dagrun for example_xcom to 2021-01-01T00:00:00+00:00, run_after=2021-01-01T00:00:00+00:00
[2023-11-02T07:06:49.023+0000] {processor.py:179} INFO - Processing /usr/local/lib/python3.10/dist-packages/airflow/example_dags/example_xcom.py took 0.073 seconds
[2023-11-02T07:07:21.760+0000] {processor.py:157} INFO - Started process (PID=4840) to work on /usr/local/lib/python3.10/dist-packages/airflow/example_dags/example_xcom.py
[2023-11-02T07:07:21.761+0000] {processor.py:829} INFO - Processing file /usr/local/lib/python3.10/dist-packages/airflow/example_dags/example_xcom.py for tasks to queue
[2023-11-02T07:07:21.762+0000] {logging_mixin.py:151} INFO - [2023-11-02T07:07:21.762+0000] {dagbag.py:536} INFO - Filling up the DagBag from /usr/local/lib/python3.10/dist-packages/airflow/example_dags/example_xcom.py
[2023-11-02T07:07:21.771+0000] {processor.py:839} INFO - DAG(s) dict_keys(['example_xcom']) retrieved from /usr/local/lib/python3.10/dist-packages/airflow/example_dags/example_xcom.py
[2023-11-02T07:07:21.789+0000] {logging_mixin.py:151} INFO - [2023-11-02T07:07:21.789+0000] {dag.py:2941} INFO - Sync 1 DAGs
[2023-11-02T07:07:21.810+0000] {logging_mixin.py:151} INFO - [2023-11-02T07:07:21.810+0000] {dag.py:3722} INFO - Setting next_dagrun for example_xcom to 2021-01-01T00:00:00+00:00, run_after=2021-01-01T00:00:00+00:00
[2023-11-02T07:07:21.833+0000] {processor.py:179} INFO - Processing /usr/local/lib/python3.10/dist-packages/airflow/example_dags/example_xcom.py took 0.076 seconds
[2023-11-02T07:08:04.109+0000] {processor.py:157} INFO - Started process (PID=4886) to work on /usr/local/lib/python3.10/dist-packages/airflow/example_dags/example_xcom.py
[2023-11-02T07:08:04.111+0000] {processor.py:829} INFO - Processing file /usr/local/lib/python3.10/dist-packages/airflow/example_dags/example_xcom.py for tasks to queue
[2023-11-02T07:08:04.112+0000] {logging_mixin.py:151} INFO - [2023-11-02T07:08:04.111+0000] {dagbag.py:536} INFO - Filling up the DagBag from /usr/local/lib/python3.10/dist-packages/airflow/example_dags/example_xcom.py
[2023-11-02T07:08:04.120+0000] {processor.py:839} INFO - DAG(s) dict_keys(['example_xcom']) retrieved from /usr/local/lib/python3.10/dist-packages/airflow/example_dags/example_xcom.py
[2023-11-02T07:08:04.138+0000] {logging_mixin.py:151} INFO - [2023-11-02T07:08:04.138+0000] {dag.py:2941} INFO - Sync 1 DAGs
[2023-11-02T07:08:04.159+0000] {logging_mixin.py:151} INFO - [2023-11-02T07:08:04.158+0000] {dag.py:3722} INFO - Setting next_dagrun for example_xcom to 2021-01-01T00:00:00+00:00, run_after=2021-01-01T00:00:00+00:00
[2023-11-02T07:08:04.181+0000] {processor.py:179} INFO - Processing /usr/local/lib/python3.10/dist-packages/airflow/example_dags/example_xcom.py took 0.074 seconds
[2023-11-02T07:08:38.331+0000] {processor.py:157} INFO - Started process (PID=5152) to work on /usr/local/lib/python3.10/dist-packages/airflow/example_dags/example_xcom.py
[2023-11-02T07:08:38.333+0000] {processor.py:829} INFO - Processing file /usr/local/lib/python3.10/dist-packages/airflow/example_dags/example_xcom.py for tasks to queue
[2023-11-02T07:08:38.333+0000] {logging_mixin.py:151} INFO - [2023-11-02T07:08:38.333+0000] {dagbag.py:536} INFO - Filling up the DagBag from /usr/local/lib/python3.10/dist-packages/airflow/example_dags/example_xcom.py
[2023-11-02T07:08:38.342+0000] {processor.py:839} INFO - DAG(s) dict_keys(['example_xcom']) retrieved from /usr/local/lib/python3.10/dist-packages/airflow/example_dags/example_xcom.py
[2023-11-02T07:08:38.359+0000] {logging_mixin.py:151} INFO - [2023-11-02T07:08:38.359+0000] {dag.py:2941} INFO - Sync 1 DAGs
[2023-11-02T07:08:38.379+0000] {logging_mixin.py:151} INFO - [2023-11-02T07:08:38.378+0000] {dag.py:3722} INFO - Setting next_dagrun for example_xcom to 2021-01-01T00:00:00+00:00, run_after=2021-01-01T00:00:00+00:00
[2023-11-02T07:08:38.400+0000] {processor.py:179} INFO - Processing /usr/local/lib/python3.10/dist-packages/airflow/example_dags/example_xcom.py took 0.072 seconds
[2023-11-02T07:09:21.101+0000] {processor.py:157} INFO - Started process (PID=5357) to work on /usr/local/lib/python3.10/dist-packages/airflow/example_dags/example_xcom.py
[2023-11-02T07:09:21.102+0000] {processor.py:829} INFO - Processing file /usr/local/lib/python3.10/dist-packages/airflow/example_dags/example_xcom.py for tasks to queue
[2023-11-02T07:09:21.103+0000] {logging_mixin.py:151} INFO - [2023-11-02T07:09:21.103+0000] {dagbag.py:536} INFO - Filling up the DagBag from /usr/local/lib/python3.10/dist-packages/airflow/example_dags/example_xcom.py
[2023-11-02T07:09:21.111+0000] {processor.py:839} INFO - DAG(s) dict_keys(['example_xcom']) retrieved from /usr/local/lib/python3.10/dist-packages/airflow/example_dags/example_xcom.py
[2023-11-02T07:09:21.129+0000] {logging_mixin.py:151} INFO - [2023-11-02T07:09:21.129+0000] {dag.py:2941} INFO - Sync 1 DAGs
[2023-11-02T07:09:21.149+0000] {logging_mixin.py:151} INFO - [2023-11-02T07:09:21.149+0000] {dag.py:3722} INFO - Setting next_dagrun for example_xcom to 2021-01-01T00:00:00+00:00, run_after=2021-01-01T00:00:00+00:00
[2023-11-02T07:09:21.171+0000] {processor.py:179} INFO - Processing /usr/local/lib/python3.10/dist-packages/airflow/example_dags/example_xcom.py took 0.073 seconds
[2023-11-02T07:10:07.506+0000] {processor.py:157} INFO - Started process (PID=5406) to work on /usr/local/lib/python3.10/dist-packages/airflow/example_dags/example_xcom.py
[2023-11-02T07:10:07.507+0000] {processor.py:829} INFO - Processing file /usr/local/lib/python3.10/dist-packages/airflow/example_dags/example_xcom.py for tasks to queue
[2023-11-02T07:10:07.508+0000] {logging_mixin.py:151} INFO - [2023-11-02T07:10:07.508+0000] {dagbag.py:536} INFO - Filling up the DagBag from /usr/local/lib/python3.10/dist-packages/airflow/example_dags/example_xcom.py
[2023-11-02T07:10:07.517+0000] {processor.py:839} INFO - DAG(s) dict_keys(['example_xcom']) retrieved from /usr/local/lib/python3.10/dist-packages/airflow/example_dags/example_xcom.py
[2023-11-02T07:10:07.534+0000] {logging_mixin.py:151} INFO - [2023-11-02T07:10:07.534+0000] {dag.py:2941} INFO - Sync 1 DAGs
[2023-11-02T07:10:07.554+0000] {logging_mixin.py:151} INFO - [2023-11-02T07:10:07.554+0000] {dag.py:3722} INFO - Setting next_dagrun for example_xcom to 2021-01-01T00:00:00+00:00, run_after=2021-01-01T00:00:00+00:00
[2023-11-02T07:10:07.577+0000] {processor.py:179} INFO - Processing /usr/local/lib/python3.10/dist-packages/airflow/example_dags/example_xcom.py took 0.074 seconds
[2023-11-02T07:10:53.627+0000] {processor.py:157} INFO - Started process (PID=5453) to work on /usr/local/lib/python3.10/dist-packages/airflow/example_dags/example_xcom.py
[2023-11-02T07:10:53.628+0000] {processor.py:829} INFO - Processing file /usr/local/lib/python3.10/dist-packages/airflow/example_dags/example_xcom.py for tasks to queue
[2023-11-02T07:10:53.629+0000] {logging_mixin.py:151} INFO - [2023-11-02T07:10:53.628+0000] {dagbag.py:536} INFO - Filling up the DagBag from /usr/local/lib/python3.10/dist-packages/airflow/example_dags/example_xcom.py
[2023-11-02T07:10:53.637+0000] {processor.py:839} INFO - DAG(s) dict_keys(['example_xcom']) retrieved from /usr/local/lib/python3.10/dist-packages/airflow/example_dags/example_xcom.py
[2023-11-02T07:10:53.655+0000] {logging_mixin.py:151} INFO - [2023-11-02T07:10:53.654+0000] {dag.py:2941} INFO - Sync 1 DAGs
[2023-11-02T07:10:53.674+0000] {logging_mixin.py:151} INFO - [2023-11-02T07:10:53.674+0000] {dag.py:3722} INFO - Setting next_dagrun for example_xcom to 2021-01-01T00:00:00+00:00, run_after=2021-01-01T00:00:00+00:00
[2023-11-02T07:10:53.697+0000] {processor.py:179} INFO - Processing /usr/local/lib/python3.10/dist-packages/airflow/example_dags/example_xcom.py took 0.073 seconds
[2023-11-02T07:11:28.046+0000] {processor.py:157} INFO - Started process (PID=5491) to work on /usr/local/lib/python3.10/dist-packages/airflow/example_dags/example_xcom.py
[2023-11-02T07:11:28.047+0000] {processor.py:829} INFO - Processing file /usr/local/lib/python3.10/dist-packages/airflow/example_dags/example_xcom.py for tasks to queue
[2023-11-02T07:11:28.048+0000] {logging_mixin.py:151} INFO - [2023-11-02T07:11:28.047+0000] {dagbag.py:536} INFO - Filling up the DagBag from /usr/local/lib/python3.10/dist-packages/airflow/example_dags/example_xcom.py
[2023-11-02T07:11:28.056+0000] {processor.py:839} INFO - DAG(s) dict_keys(['example_xcom']) retrieved from /usr/local/lib/python3.10/dist-packages/airflow/example_dags/example_xcom.py
[2023-11-02T07:11:28.074+0000] {logging_mixin.py:151} INFO - [2023-11-02T07:11:28.074+0000] {dag.py:2941} INFO - Sync 1 DAGs
[2023-11-02T07:11:28.094+0000] {logging_mixin.py:151} INFO - [2023-11-02T07:11:28.094+0000] {dag.py:3722} INFO - Setting next_dagrun for example_xcom to 2021-01-01T00:00:00+00:00, run_after=2021-01-01T00:00:00+00:00
[2023-11-02T07:11:28.116+0000] {processor.py:179} INFO - Processing /usr/local/lib/python3.10/dist-packages/airflow/example_dags/example_xcom.py took 0.074 seconds
[2023-11-02T07:12:10.896+0000] {processor.py:157} INFO - Started process (PID=5538) to work on /usr/local/lib/python3.10/dist-packages/airflow/example_dags/example_xcom.py
[2023-11-02T07:12:10.897+0000] {processor.py:829} INFO - Processing file /usr/local/lib/python3.10/dist-packages/airflow/example_dags/example_xcom.py for tasks to queue
[2023-11-02T07:12:10.898+0000] {logging_mixin.py:151} INFO - [2023-11-02T07:12:10.898+0000] {dagbag.py:536} INFO - Filling up the DagBag from /usr/local/lib/python3.10/dist-packages/airflow/example_dags/example_xcom.py
[2023-11-02T07:12:10.906+0000] {processor.py:839} INFO - DAG(s) dict_keys(['example_xcom']) retrieved from /usr/local/lib/python3.10/dist-packages/airflow/example_dags/example_xcom.py
[2023-11-02T07:12:10.924+0000] {logging_mixin.py:151} INFO - [2023-11-02T07:12:10.924+0000] {dag.py:2941} INFO - Sync 1 DAGs
[2023-11-02T07:12:10.944+0000] {logging_mixin.py:151} INFO - [2023-11-02T07:12:10.943+0000] {dag.py:3722} INFO - Setting next_dagrun for example_xcom to 2021-01-01T00:00:00+00:00, run_after=2021-01-01T00:00:00+00:00
[2023-11-02T07:12:10.969+0000] {processor.py:179} INFO - Processing /usr/local/lib/python3.10/dist-packages/airflow/example_dags/example_xcom.py took 0.076 seconds
[2023-11-02T07:12:51.139+0000] {processor.py:157} INFO - Started process (PID=5580) to work on /usr/local/lib/python3.10/dist-packages/airflow/example_dags/example_xcom.py
[2023-11-02T07:12:51.140+0000] {processor.py:829} INFO - Processing file /usr/local/lib/python3.10/dist-packages/airflow/example_dags/example_xcom.py for tasks to queue
[2023-11-02T07:12:51.141+0000] {logging_mixin.py:151} INFO - [2023-11-02T07:12:51.141+0000] {dagbag.py:536} INFO - Filling up the DagBag from /usr/local/lib/python3.10/dist-packages/airflow/example_dags/example_xcom.py
[2023-11-02T07:12:51.149+0000] {processor.py:839} INFO - DAG(s) dict_keys(['example_xcom']) retrieved from /usr/local/lib/python3.10/dist-packages/airflow/example_dags/example_xcom.py
[2023-11-02T07:12:51.167+0000] {logging_mixin.py:151} INFO - [2023-11-02T07:12:51.167+0000] {dag.py:2941} INFO - Sync 1 DAGs
[2023-11-02T07:12:51.186+0000] {logging_mixin.py:151} INFO - [2023-11-02T07:12:51.186+0000] {dag.py:3722} INFO - Setting next_dagrun for example_xcom to 2021-01-01T00:00:00+00:00, run_after=2021-01-01T00:00:00+00:00
[2023-11-02T07:12:51.207+0000] {processor.py:179} INFO - Processing /usr/local/lib/python3.10/dist-packages/airflow/example_dags/example_xcom.py took 0.072 seconds
