[2023-11-02T06:50:17.302+0000] {processor.py:157} INFO - Started process (PID=3737) to work on /home/ubuntu/customer_churn_venv/lib/python3.10/site-packages/airflow/example_dags/example_branch_python_dop_operator_3.py
[2023-11-02T06:50:17.303+0000] {processor.py:829} INFO - Processing file /home/ubuntu/customer_churn_venv/lib/python3.10/site-packages/airflow/example_dags/example_branch_python_dop_operator_3.py for tasks to queue
[2023-11-02T06:50:17.304+0000] {logging_mixin.py:151} INFO - [2023-11-02T06:50:17.303+0000] {dagbag.py:536} INFO - Filling up the DagBag from /home/ubuntu/customer_churn_venv/lib/python3.10/site-packages/airflow/example_dags/example_branch_python_dop_operator_3.py
[2023-11-02T06:50:17.430+0000] {processor.py:839} INFO - DAG(s) dict_keys(['example_branch_dop_operator_v3']) retrieved from /home/ubuntu/customer_churn_venv/lib/python3.10/site-packages/airflow/example_dags/example_branch_python_dop_operator_3.py
[2023-11-02T06:50:17.532+0000] {logging_mixin.py:151} INFO - [2023-11-02T06:50:17.531+0000] {manager.py:499} INFO - Created Permission View: %s
[2023-11-02T06:50:17.545+0000] {logging_mixin.py:151} INFO - [2023-11-02T06:50:17.545+0000] {manager.py:499} INFO - Created Permission View: %s
[2023-11-02T06:50:17.555+0000] {logging_mixin.py:151} INFO - [2023-11-02T06:50:17.555+0000] {manager.py:499} INFO - Created Permission View: %s
[2023-11-02T06:50:17.555+0000] {logging_mixin.py:151} INFO - [2023-11-02T06:50:17.555+0000] {dag.py:2941} INFO - Sync 1 DAGs
[2023-11-02T06:50:17.566+0000] {logging_mixin.py:151} INFO - [2023-11-02T06:50:17.565+0000] {dag.py:2963} INFO - Creating ORM DAG for example_branch_dop_operator_v3
[2023-11-02T06:50:17.578+0000] {logging_mixin.py:151} INFO - [2023-11-02T06:50:17.578+0000] {dag.py:3722} INFO - Setting next_dagrun for example_branch_dop_operator_v3 to 2023-11-02T06:49:00+00:00, run_after=2023-11-02T06:50:00+00:00
[2023-11-02T06:50:17.602+0000] {processor.py:179} INFO - Processing /home/ubuntu/customer_churn_venv/lib/python3.10/site-packages/airflow/example_dags/example_branch_python_dop_operator_3.py took 0.303 seconds
[2023-11-02T06:51:05.257+0000] {processor.py:157} INFO - Started process (PID=3783) to work on /home/ubuntu/customer_churn_venv/lib/python3.10/site-packages/airflow/example_dags/example_branch_python_dop_operator_3.py
[2023-11-02T06:51:05.258+0000] {processor.py:829} INFO - Processing file /home/ubuntu/customer_churn_venv/lib/python3.10/site-packages/airflow/example_dags/example_branch_python_dop_operator_3.py for tasks to queue
[2023-11-02T06:51:05.259+0000] {logging_mixin.py:151} INFO - [2023-11-02T06:51:05.258+0000] {dagbag.py:536} INFO - Filling up the DagBag from /home/ubuntu/customer_churn_venv/lib/python3.10/site-packages/airflow/example_dags/example_branch_python_dop_operator_3.py
[2023-11-02T06:51:05.268+0000] {processor.py:839} INFO - DAG(s) dict_keys(['example_branch_dop_operator_v3']) retrieved from /home/ubuntu/customer_churn_venv/lib/python3.10/site-packages/airflow/example_dags/example_branch_python_dop_operator_3.py
[2023-11-02T06:51:05.286+0000] {logging_mixin.py:151} INFO - [2023-11-02T06:51:05.286+0000] {dag.py:2941} INFO - Sync 1 DAGs
[2023-11-02T06:51:05.311+0000] {logging_mixin.py:151} INFO - [2023-11-02T06:51:05.311+0000] {dag.py:3722} INFO - Setting next_dagrun for example_branch_dop_operator_v3 to 2023-11-02T06:50:00+00:00, run_after=2023-11-02T06:51:00+00:00
[2023-11-02T06:51:05.336+0000] {processor.py:179} INFO - Processing /home/ubuntu/customer_churn_venv/lib/python3.10/site-packages/airflow/example_dags/example_branch_python_dop_operator_3.py took 0.083 seconds
[2023-11-02T06:51:51.137+0000] {processor.py:157} INFO - Started process (PID=3832) to work on /home/ubuntu/customer_churn_venv/lib/python3.10/site-packages/airflow/example_dags/example_branch_python_dop_operator_3.py
[2023-11-02T06:51:51.138+0000] {processor.py:829} INFO - Processing file /home/ubuntu/customer_churn_venv/lib/python3.10/site-packages/airflow/example_dags/example_branch_python_dop_operator_3.py for tasks to queue
[2023-11-02T06:51:51.139+0000] {logging_mixin.py:151} INFO - [2023-11-02T06:51:51.139+0000] {dagbag.py:536} INFO - Filling up the DagBag from /home/ubuntu/customer_churn_venv/lib/python3.10/site-packages/airflow/example_dags/example_branch_python_dop_operator_3.py
[2023-11-02T06:51:51.148+0000] {processor.py:839} INFO - DAG(s) dict_keys(['example_branch_dop_operator_v3']) retrieved from /home/ubuntu/customer_churn_venv/lib/python3.10/site-packages/airflow/example_dags/example_branch_python_dop_operator_3.py
[2023-11-02T06:51:51.165+0000] {logging_mixin.py:151} INFO - [2023-11-02T06:51:51.165+0000] {dag.py:2941} INFO - Sync 1 DAGs
[2023-11-02T06:51:51.190+0000] {logging_mixin.py:151} INFO - [2023-11-02T06:51:51.189+0000] {dag.py:3722} INFO - Setting next_dagrun for example_branch_dop_operator_v3 to 2023-11-02T06:50:00+00:00, run_after=2023-11-02T06:51:00+00:00
[2023-11-02T06:51:51.212+0000] {processor.py:179} INFO - Processing /home/ubuntu/customer_churn_venv/lib/python3.10/site-packages/airflow/example_dags/example_branch_python_dop_operator_3.py took 0.078 seconds
[2023-11-02T06:52:38.439+0000] {processor.py:157} INFO - Started process (PID=3880) to work on /home/ubuntu/customer_churn_venv/lib/python3.10/site-packages/airflow/example_dags/example_branch_python_dop_operator_3.py
[2023-11-02T06:52:38.440+0000] {processor.py:829} INFO - Processing file /home/ubuntu/customer_churn_venv/lib/python3.10/site-packages/airflow/example_dags/example_branch_python_dop_operator_3.py for tasks to queue
[2023-11-02T06:52:38.441+0000] {logging_mixin.py:151} INFO - [2023-11-02T06:52:38.440+0000] {dagbag.py:536} INFO - Filling up the DagBag from /home/ubuntu/customer_churn_venv/lib/python3.10/site-packages/airflow/example_dags/example_branch_python_dop_operator_3.py
[2023-11-02T06:52:38.450+0000] {processor.py:839} INFO - DAG(s) dict_keys(['example_branch_dop_operator_v3']) retrieved from /home/ubuntu/customer_churn_venv/lib/python3.10/site-packages/airflow/example_dags/example_branch_python_dop_operator_3.py
[2023-11-02T06:52:38.467+0000] {logging_mixin.py:151} INFO - [2023-11-02T06:52:38.466+0000] {dag.py:2941} INFO - Sync 1 DAGs
[2023-11-02T06:52:38.491+0000] {logging_mixin.py:151} INFO - [2023-11-02T06:52:38.491+0000] {dag.py:3722} INFO - Setting next_dagrun for example_branch_dop_operator_v3 to 2023-11-02T06:51:00+00:00, run_after=2023-11-02T06:52:00+00:00
[2023-11-02T06:52:38.513+0000] {processor.py:179} INFO - Processing /home/ubuntu/customer_churn_venv/lib/python3.10/site-packages/airflow/example_dags/example_branch_python_dop_operator_3.py took 0.078 seconds
[2023-11-02T07:00:13.027+0000] {processor.py:157} INFO - Started process (PID=4393) to work on /usr/local/lib/python3.10/dist-packages/airflow/example_dags/example_branch_python_dop_operator_3.py
[2023-11-02T07:00:13.030+0000] {processor.py:829} INFO - Processing file /usr/local/lib/python3.10/dist-packages/airflow/example_dags/example_branch_python_dop_operator_3.py for tasks to queue
[2023-11-02T07:00:13.032+0000] {logging_mixin.py:151} INFO - [2023-11-02T07:00:13.030+0000] {dagbag.py:536} INFO - Filling up the DagBag from /usr/local/lib/python3.10/dist-packages/airflow/example_dags/example_branch_python_dop_operator_3.py
[2023-11-02T07:00:13.048+0000] {processor.py:839} INFO - DAG(s) dict_keys(['example_branch_dop_operator_v3']) retrieved from /usr/local/lib/python3.10/dist-packages/airflow/example_dags/example_branch_python_dop_operator_3.py
[2023-11-02T07:00:13.070+0000] {logging_mixin.py:151} INFO - [2023-11-02T07:00:13.070+0000] {dag.py:2941} INFO - Sync 1 DAGs
[2023-11-02T07:00:13.097+0000] {logging_mixin.py:151} INFO - [2023-11-02T07:00:13.097+0000] {dag.py:3722} INFO - Setting next_dagrun for example_branch_dop_operator_v3 to 2023-11-02T06:59:00+00:00, run_after=2023-11-02T07:00:00+00:00
[2023-11-02T07:00:13.125+0000] {processor.py:179} INFO - Processing /usr/local/lib/python3.10/dist-packages/airflow/example_dags/example_branch_python_dop_operator_3.py took 0.101 seconds
[2023-11-02T07:00:59.638+0000] {processor.py:157} INFO - Started process (PID=4440) to work on /usr/local/lib/python3.10/dist-packages/airflow/example_dags/example_branch_python_dop_operator_3.py
[2023-11-02T07:00:59.640+0000] {processor.py:829} INFO - Processing file /usr/local/lib/python3.10/dist-packages/airflow/example_dags/example_branch_python_dop_operator_3.py for tasks to queue
[2023-11-02T07:00:59.640+0000] {logging_mixin.py:151} INFO - [2023-11-02T07:00:59.640+0000] {dagbag.py:536} INFO - Filling up the DagBag from /usr/local/lib/python3.10/dist-packages/airflow/example_dags/example_branch_python_dop_operator_3.py
[2023-11-02T07:00:59.650+0000] {processor.py:839} INFO - DAG(s) dict_keys(['example_branch_dop_operator_v3']) retrieved from /usr/local/lib/python3.10/dist-packages/airflow/example_dags/example_branch_python_dop_operator_3.py
[2023-11-02T07:00:59.667+0000] {logging_mixin.py:151} INFO - [2023-11-02T07:00:59.667+0000] {dag.py:2941} INFO - Sync 1 DAGs
[2023-11-02T07:00:59.693+0000] {logging_mixin.py:151} INFO - [2023-11-02T07:00:59.692+0000] {dag.py:3722} INFO - Setting next_dagrun for example_branch_dop_operator_v3 to 2023-11-02T06:59:00+00:00, run_after=2023-11-02T07:00:00+00:00
[2023-11-02T07:00:59.716+0000] {processor.py:179} INFO - Processing /usr/local/lib/python3.10/dist-packages/airflow/example_dags/example_branch_python_dop_operator_3.py took 0.081 seconds
[2023-11-02T07:01:42.662+0000] {processor.py:157} INFO - Started process (PID=4486) to work on /usr/local/lib/python3.10/dist-packages/airflow/example_dags/example_branch_python_dop_operator_3.py
[2023-11-02T07:01:42.664+0000] {processor.py:829} INFO - Processing file /usr/local/lib/python3.10/dist-packages/airflow/example_dags/example_branch_python_dop_operator_3.py for tasks to queue
[2023-11-02T07:01:42.665+0000] {logging_mixin.py:151} INFO - [2023-11-02T07:01:42.664+0000] {dagbag.py:536} INFO - Filling up the DagBag from /usr/local/lib/python3.10/dist-packages/airflow/example_dags/example_branch_python_dop_operator_3.py
[2023-11-02T07:01:42.674+0000] {processor.py:839} INFO - DAG(s) dict_keys(['example_branch_dop_operator_v3']) retrieved from /usr/local/lib/python3.10/dist-packages/airflow/example_dags/example_branch_python_dop_operator_3.py
[2023-11-02T07:01:42.691+0000] {logging_mixin.py:151} INFO - [2023-11-02T07:01:42.691+0000] {dag.py:2941} INFO - Sync 1 DAGs
[2023-11-02T07:01:42.716+0000] {logging_mixin.py:151} INFO - [2023-11-02T07:01:42.716+0000] {dag.py:3722} INFO - Setting next_dagrun for example_branch_dop_operator_v3 to 2023-11-02T07:00:00+00:00, run_after=2023-11-02T07:01:00+00:00
[2023-11-02T07:01:42.740+0000] {processor.py:179} INFO - Processing /usr/local/lib/python3.10/dist-packages/airflow/example_dags/example_branch_python_dop_operator_3.py took 0.081 seconds
[2023-11-02T07:02:27.383+0000] {processor.py:157} INFO - Started process (PID=4532) to work on /usr/local/lib/python3.10/dist-packages/airflow/example_dags/example_branch_python_dop_operator_3.py
[2023-11-02T07:02:27.385+0000] {processor.py:829} INFO - Processing file /usr/local/lib/python3.10/dist-packages/airflow/example_dags/example_branch_python_dop_operator_3.py for tasks to queue
[2023-11-02T07:02:27.386+0000] {logging_mixin.py:151} INFO - [2023-11-02T07:02:27.385+0000] {dagbag.py:536} INFO - Filling up the DagBag from /usr/local/lib/python3.10/dist-packages/airflow/example_dags/example_branch_python_dop_operator_3.py
[2023-11-02T07:02:27.395+0000] {processor.py:839} INFO - DAG(s) dict_keys(['example_branch_dop_operator_v3']) retrieved from /usr/local/lib/python3.10/dist-packages/airflow/example_dags/example_branch_python_dop_operator_3.py
[2023-11-02T07:02:27.412+0000] {logging_mixin.py:151} INFO - [2023-11-02T07:02:27.412+0000] {dag.py:2941} INFO - Sync 1 DAGs
[2023-11-02T07:02:27.437+0000] {logging_mixin.py:151} INFO - [2023-11-02T07:02:27.437+0000] {dag.py:3722} INFO - Setting next_dagrun for example_branch_dop_operator_v3 to 2023-11-02T07:01:00+00:00, run_after=2023-11-02T07:02:00+00:00
[2023-11-02T07:02:27.461+0000] {processor.py:179} INFO - Processing /usr/local/lib/python3.10/dist-packages/airflow/example_dags/example_branch_python_dop_operator_3.py took 0.080 seconds
[2023-11-02T07:03:13.760+0000] {processor.py:157} INFO - Started process (PID=4579) to work on /usr/local/lib/python3.10/dist-packages/airflow/example_dags/example_branch_python_dop_operator_3.py
[2023-11-02T07:03:13.762+0000] {processor.py:829} INFO - Processing file /usr/local/lib/python3.10/dist-packages/airflow/example_dags/example_branch_python_dop_operator_3.py for tasks to queue
[2023-11-02T07:03:13.762+0000] {logging_mixin.py:151} INFO - [2023-11-02T07:03:13.762+0000] {dagbag.py:536} INFO - Filling up the DagBag from /usr/local/lib/python3.10/dist-packages/airflow/example_dags/example_branch_python_dop_operator_3.py
[2023-11-02T07:03:13.773+0000] {processor.py:839} INFO - DAG(s) dict_keys(['example_branch_dop_operator_v3']) retrieved from /usr/local/lib/python3.10/dist-packages/airflow/example_dags/example_branch_python_dop_operator_3.py
[2023-11-02T07:03:13.790+0000] {logging_mixin.py:151} INFO - [2023-11-02T07:03:13.789+0000] {dag.py:2941} INFO - Sync 1 DAGs
[2023-11-02T07:03:13.815+0000] {logging_mixin.py:151} INFO - [2023-11-02T07:03:13.815+0000] {dag.py:3722} INFO - Setting next_dagrun for example_branch_dop_operator_v3 to 2023-11-02T07:02:00+00:00, run_after=2023-11-02T07:03:00+00:00
[2023-11-02T07:03:13.838+0000] {processor.py:179} INFO - Processing /usr/local/lib/python3.10/dist-packages/airflow/example_dags/example_branch_python_dop_operator_3.py took 0.081 seconds
[2023-11-02T07:03:58.598+0000] {processor.py:157} INFO - Started process (PID=4627) to work on /usr/local/lib/python3.10/dist-packages/airflow/example_dags/example_branch_python_dop_operator_3.py
[2023-11-02T07:03:58.599+0000] {processor.py:829} INFO - Processing file /usr/local/lib/python3.10/dist-packages/airflow/example_dags/example_branch_python_dop_operator_3.py for tasks to queue
[2023-11-02T07:03:58.600+0000] {logging_mixin.py:151} INFO - [2023-11-02T07:03:58.600+0000] {dagbag.py:536} INFO - Filling up the DagBag from /usr/local/lib/python3.10/dist-packages/airflow/example_dags/example_branch_python_dop_operator_3.py
[2023-11-02T07:03:58.610+0000] {processor.py:839} INFO - DAG(s) dict_keys(['example_branch_dop_operator_v3']) retrieved from /usr/local/lib/python3.10/dist-packages/airflow/example_dags/example_branch_python_dop_operator_3.py
[2023-11-02T07:03:58.627+0000] {logging_mixin.py:151} INFO - [2023-11-02T07:03:58.627+0000] {dag.py:2941} INFO - Sync 1 DAGs
[2023-11-02T07:03:58.653+0000] {logging_mixin.py:151} INFO - [2023-11-02T07:03:58.653+0000] {dag.py:3722} INFO - Setting next_dagrun for example_branch_dop_operator_v3 to 2023-11-02T07:02:00+00:00, run_after=2023-11-02T07:03:00+00:00
[2023-11-02T07:03:58.677+0000] {processor.py:179} INFO - Processing /usr/local/lib/python3.10/dist-packages/airflow/example_dags/example_branch_python_dop_operator_3.py took 0.083 seconds
[2023-11-02T07:04:42.513+0000] {processor.py:157} INFO - Started process (PID=4677) to work on /usr/local/lib/python3.10/dist-packages/airflow/example_dags/example_branch_python_dop_operator_3.py
[2023-11-02T07:04:42.515+0000] {processor.py:829} INFO - Processing file /usr/local/lib/python3.10/dist-packages/airflow/example_dags/example_branch_python_dop_operator_3.py for tasks to queue
[2023-11-02T07:04:42.516+0000] {logging_mixin.py:151} INFO - [2023-11-02T07:04:42.515+0000] {dagbag.py:536} INFO - Filling up the DagBag from /usr/local/lib/python3.10/dist-packages/airflow/example_dags/example_branch_python_dop_operator_3.py
[2023-11-02T07:04:42.525+0000] {processor.py:839} INFO - DAG(s) dict_keys(['example_branch_dop_operator_v3']) retrieved from /usr/local/lib/python3.10/dist-packages/airflow/example_dags/example_branch_python_dop_operator_3.py
[2023-11-02T07:04:42.542+0000] {logging_mixin.py:151} INFO - [2023-11-02T07:04:42.541+0000] {dag.py:2941} INFO - Sync 1 DAGs
[2023-11-02T07:04:42.566+0000] {logging_mixin.py:151} INFO - [2023-11-02T07:04:42.566+0000] {dag.py:3722} INFO - Setting next_dagrun for example_branch_dop_operator_v3 to 2023-11-02T07:03:00+00:00, run_after=2023-11-02T07:04:00+00:00
[2023-11-02T07:04:42.589+0000] {processor.py:179} INFO - Processing /usr/local/lib/python3.10/dist-packages/airflow/example_dags/example_branch_python_dop_operator_3.py took 0.079 seconds
[2023-11-02T07:05:23.218+0000] {processor.py:157} INFO - Started process (PID=4720) to work on /usr/local/lib/python3.10/dist-packages/airflow/example_dags/example_branch_python_dop_operator_3.py
[2023-11-02T07:05:23.220+0000] {processor.py:829} INFO - Processing file /usr/local/lib/python3.10/dist-packages/airflow/example_dags/example_branch_python_dop_operator_3.py for tasks to queue
[2023-11-02T07:05:23.221+0000] {logging_mixin.py:151} INFO - [2023-11-02T07:05:23.220+0000] {dagbag.py:536} INFO - Filling up the DagBag from /usr/local/lib/python3.10/dist-packages/airflow/example_dags/example_branch_python_dop_operator_3.py
[2023-11-02T07:05:23.230+0000] {processor.py:839} INFO - DAG(s) dict_keys(['example_branch_dop_operator_v3']) retrieved from /usr/local/lib/python3.10/dist-packages/airflow/example_dags/example_branch_python_dop_operator_3.py
[2023-11-02T07:05:23.247+0000] {logging_mixin.py:151} INFO - [2023-11-02T07:05:23.247+0000] {dag.py:2941} INFO - Sync 1 DAGs
[2023-11-02T07:05:23.272+0000] {logging_mixin.py:151} INFO - [2023-11-02T07:05:23.272+0000] {dag.py:3722} INFO - Setting next_dagrun for example_branch_dop_operator_v3 to 2023-11-02T07:04:00+00:00, run_after=2023-11-02T07:05:00+00:00
[2023-11-02T07:05:23.295+0000] {processor.py:179} INFO - Processing /usr/local/lib/python3.10/dist-packages/airflow/example_dags/example_branch_python_dop_operator_3.py took 0.079 seconds
[2023-11-02T07:06:08.453+0000] {processor.py:157} INFO - Started process (PID=4766) to work on /usr/local/lib/python3.10/dist-packages/airflow/example_dags/example_branch_python_dop_operator_3.py
[2023-11-02T07:06:08.454+0000] {processor.py:829} INFO - Processing file /usr/local/lib/python3.10/dist-packages/airflow/example_dags/example_branch_python_dop_operator_3.py for tasks to queue
[2023-11-02T07:06:08.455+0000] {logging_mixin.py:151} INFO - [2023-11-02T07:06:08.454+0000] {dagbag.py:536} INFO - Filling up the DagBag from /usr/local/lib/python3.10/dist-packages/airflow/example_dags/example_branch_python_dop_operator_3.py
[2023-11-02T07:06:08.464+0000] {processor.py:839} INFO - DAG(s) dict_keys(['example_branch_dop_operator_v3']) retrieved from /usr/local/lib/python3.10/dist-packages/airflow/example_dags/example_branch_python_dop_operator_3.py
[2023-11-02T07:06:08.481+0000] {logging_mixin.py:151} INFO - [2023-11-02T07:06:08.481+0000] {dag.py:2941} INFO - Sync 1 DAGs
[2023-11-02T07:06:08.506+0000] {logging_mixin.py:151} INFO - [2023-11-02T07:06:08.506+0000] {dag.py:3722} INFO - Setting next_dagrun for example_branch_dop_operator_v3 to 2023-11-02T07:05:00+00:00, run_after=2023-11-02T07:06:00+00:00
[2023-11-02T07:06:08.528+0000] {processor.py:179} INFO - Processing /usr/local/lib/python3.10/dist-packages/airflow/example_dags/example_branch_python_dop_operator_3.py took 0.078 seconds
[2023-11-02T07:06:58.431+0000] {processor.py:157} INFO - Started process (PID=4816) to work on /usr/local/lib/python3.10/dist-packages/airflow/example_dags/example_branch_python_dop_operator_3.py
[2023-11-02T07:06:58.432+0000] {processor.py:829} INFO - Processing file /usr/local/lib/python3.10/dist-packages/airflow/example_dags/example_branch_python_dop_operator_3.py for tasks to queue
[2023-11-02T07:06:58.433+0000] {logging_mixin.py:151} INFO - [2023-11-02T07:06:58.432+0000] {dagbag.py:536} INFO - Filling up the DagBag from /usr/local/lib/python3.10/dist-packages/airflow/example_dags/example_branch_python_dop_operator_3.py
[2023-11-02T07:06:58.442+0000] {processor.py:839} INFO - DAG(s) dict_keys(['example_branch_dop_operator_v3']) retrieved from /usr/local/lib/python3.10/dist-packages/airflow/example_dags/example_branch_python_dop_operator_3.py
[2023-11-02T07:06:58.459+0000] {logging_mixin.py:151} INFO - [2023-11-02T07:06:58.459+0000] {dag.py:2941} INFO - Sync 1 DAGs
[2023-11-02T07:06:58.483+0000] {logging_mixin.py:151} INFO - [2023-11-02T07:06:58.483+0000] {dag.py:3722} INFO - Setting next_dagrun for example_branch_dop_operator_v3 to 2023-11-02T07:05:00+00:00, run_after=2023-11-02T07:06:00+00:00
[2023-11-02T07:06:58.504+0000] {processor.py:179} INFO - Processing /usr/local/lib/python3.10/dist-packages/airflow/example_dags/example_branch_python_dop_operator_3.py took 0.077 seconds
[2023-11-02T07:07:43.496+0000] {processor.py:157} INFO - Started process (PID=4865) to work on /usr/local/lib/python3.10/dist-packages/airflow/example_dags/example_branch_python_dop_operator_3.py
[2023-11-02T07:07:43.497+0000] {processor.py:829} INFO - Processing file /usr/local/lib/python3.10/dist-packages/airflow/example_dags/example_branch_python_dop_operator_3.py for tasks to queue
[2023-11-02T07:07:43.498+0000] {logging_mixin.py:151} INFO - [2023-11-02T07:07:43.498+0000] {dagbag.py:536} INFO - Filling up the DagBag from /usr/local/lib/python3.10/dist-packages/airflow/example_dags/example_branch_python_dop_operator_3.py
[2023-11-02T07:07:43.508+0000] {processor.py:839} INFO - DAG(s) dict_keys(['example_branch_dop_operator_v3']) retrieved from /usr/local/lib/python3.10/dist-packages/airflow/example_dags/example_branch_python_dop_operator_3.py
[2023-11-02T07:07:43.525+0000] {logging_mixin.py:151} INFO - [2023-11-02T07:07:43.525+0000] {dag.py:2941} INFO - Sync 1 DAGs
[2023-11-02T07:07:43.550+0000] {logging_mixin.py:151} INFO - [2023-11-02T07:07:43.550+0000] {dag.py:3722} INFO - Setting next_dagrun for example_branch_dop_operator_v3 to 2023-11-02T07:06:00+00:00, run_after=2023-11-02T07:07:00+00:00
[2023-11-02T07:07:43.575+0000] {processor.py:179} INFO - Processing /usr/local/lib/python3.10/dist-packages/airflow/example_dags/example_branch_python_dop_operator_3.py took 0.082 seconds
[2023-11-02T07:08:28.725+0000] {processor.py:157} INFO - Started process (PID=5134) to work on /usr/local/lib/python3.10/dist-packages/airflow/example_dags/example_branch_python_dop_operator_3.py
[2023-11-02T07:08:28.726+0000] {processor.py:829} INFO - Processing file /usr/local/lib/python3.10/dist-packages/airflow/example_dags/example_branch_python_dop_operator_3.py for tasks to queue
[2023-11-02T07:08:28.727+0000] {logging_mixin.py:151} INFO - [2023-11-02T07:08:28.726+0000] {dagbag.py:536} INFO - Filling up the DagBag from /usr/local/lib/python3.10/dist-packages/airflow/example_dags/example_branch_python_dop_operator_3.py
[2023-11-02T07:08:28.737+0000] {processor.py:839} INFO - DAG(s) dict_keys(['example_branch_dop_operator_v3']) retrieved from /usr/local/lib/python3.10/dist-packages/airflow/example_dags/example_branch_python_dop_operator_3.py
[2023-11-02T07:08:28.753+0000] {logging_mixin.py:151} INFO - [2023-11-02T07:08:28.753+0000] {dag.py:2941} INFO - Sync 1 DAGs
[2023-11-02T07:08:28.778+0000] {logging_mixin.py:151} INFO - [2023-11-02T07:08:28.777+0000] {dag.py:3722} INFO - Setting next_dagrun for example_branch_dop_operator_v3 to 2023-11-02T07:07:00+00:00, run_after=2023-11-02T07:08:00+00:00
[2023-11-02T07:08:28.799+0000] {processor.py:179} INFO - Processing /usr/local/lib/python3.10/dist-packages/airflow/example_dags/example_branch_python_dop_operator_3.py took 0.078 seconds
[2023-11-02T07:09:12.101+0000] {processor.py:157} INFO - Started process (PID=5340) to work on /usr/local/lib/python3.10/dist-packages/airflow/example_dags/example_branch_python_dop_operator_3.py
[2023-11-02T07:09:12.102+0000] {processor.py:829} INFO - Processing file /usr/local/lib/python3.10/dist-packages/airflow/example_dags/example_branch_python_dop_operator_3.py for tasks to queue
[2023-11-02T07:09:12.103+0000] {logging_mixin.py:151} INFO - [2023-11-02T07:09:12.103+0000] {dagbag.py:536} INFO - Filling up the DagBag from /usr/local/lib/python3.10/dist-packages/airflow/example_dags/example_branch_python_dop_operator_3.py
[2023-11-02T07:09:12.113+0000] {processor.py:839} INFO - DAG(s) dict_keys(['example_branch_dop_operator_v3']) retrieved from /usr/local/lib/python3.10/dist-packages/airflow/example_dags/example_branch_python_dop_operator_3.py
[2023-11-02T07:09:12.130+0000] {logging_mixin.py:151} INFO - [2023-11-02T07:09:12.130+0000] {dag.py:2941} INFO - Sync 1 DAGs
[2023-11-02T07:09:12.155+0000] {logging_mixin.py:151} INFO - [2023-11-02T07:09:12.155+0000] {dag.py:3722} INFO - Setting next_dagrun for example_branch_dop_operator_v3 to 2023-11-02T07:08:00+00:00, run_after=2023-11-02T07:09:00+00:00
[2023-11-02T07:09:12.181+0000] {processor.py:179} INFO - Processing /usr/local/lib/python3.10/dist-packages/airflow/example_dags/example_branch_python_dop_operator_3.py took 0.083 seconds
[2023-11-02T07:09:59.485+0000] {processor.py:157} INFO - Started process (PID=5397) to work on /usr/local/lib/python3.10/dist-packages/airflow/example_dags/example_branch_python_dop_operator_3.py
[2023-11-02T07:09:59.487+0000] {processor.py:829} INFO - Processing file /usr/local/lib/python3.10/dist-packages/airflow/example_dags/example_branch_python_dop_operator_3.py for tasks to queue
[2023-11-02T07:09:59.487+0000] {logging_mixin.py:151} INFO - [2023-11-02T07:09:59.487+0000] {dagbag.py:536} INFO - Filling up the DagBag from /usr/local/lib/python3.10/dist-packages/airflow/example_dags/example_branch_python_dop_operator_3.py
[2023-11-02T07:09:59.497+0000] {processor.py:839} INFO - DAG(s) dict_keys(['example_branch_dop_operator_v3']) retrieved from /usr/local/lib/python3.10/dist-packages/airflow/example_dags/example_branch_python_dop_operator_3.py
[2023-11-02T07:09:59.514+0000] {logging_mixin.py:151} INFO - [2023-11-02T07:09:59.514+0000] {dag.py:2941} INFO - Sync 1 DAGs
[2023-11-02T07:09:59.539+0000] {logging_mixin.py:151} INFO - [2023-11-02T07:09:59.538+0000] {dag.py:3722} INFO - Setting next_dagrun for example_branch_dop_operator_v3 to 2023-11-02T07:08:00+00:00, run_after=2023-11-02T07:09:00+00:00
[2023-11-02T07:09:59.560+0000] {processor.py:179} INFO - Processing /usr/local/lib/python3.10/dist-packages/airflow/example_dags/example_branch_python_dop_operator_3.py took 0.078 seconds
[2023-11-02T07:10:45.266+0000] {processor.py:157} INFO - Started process (PID=5444) to work on /usr/local/lib/python3.10/dist-packages/airflow/example_dags/example_branch_python_dop_operator_3.py
[2023-11-02T07:10:45.267+0000] {processor.py:829} INFO - Processing file /usr/local/lib/python3.10/dist-packages/airflow/example_dags/example_branch_python_dop_operator_3.py for tasks to queue
[2023-11-02T07:10:45.268+0000] {logging_mixin.py:151} INFO - [2023-11-02T07:10:45.268+0000] {dagbag.py:536} INFO - Filling up the DagBag from /usr/local/lib/python3.10/dist-packages/airflow/example_dags/example_branch_python_dop_operator_3.py
[2023-11-02T07:10:45.278+0000] {processor.py:839} INFO - DAG(s) dict_keys(['example_branch_dop_operator_v3']) retrieved from /usr/local/lib/python3.10/dist-packages/airflow/example_dags/example_branch_python_dop_operator_3.py
[2023-11-02T07:10:45.295+0000] {logging_mixin.py:151} INFO - [2023-11-02T07:10:45.295+0000] {dag.py:2941} INFO - Sync 1 DAGs
[2023-11-02T07:10:45.323+0000] {logging_mixin.py:151} INFO - [2023-11-02T07:10:45.323+0000] {dag.py:3722} INFO - Setting next_dagrun for example_branch_dop_operator_v3 to 2023-11-02T07:09:00+00:00, run_after=2023-11-02T07:10:00+00:00
[2023-11-02T07:10:45.346+0000] {processor.py:179} INFO - Processing /usr/local/lib/python3.10/dist-packages/airflow/example_dags/example_branch_python_dop_operator_3.py took 0.084 seconds
[2023-11-02T07:11:35.456+0000] {processor.py:157} INFO - Started process (PID=5499) to work on /usr/local/lib/python3.10/dist-packages/airflow/example_dags/example_branch_python_dop_operator_3.py
[2023-11-02T07:11:35.457+0000] {processor.py:829} INFO - Processing file /usr/local/lib/python3.10/dist-packages/airflow/example_dags/example_branch_python_dop_operator_3.py for tasks to queue
[2023-11-02T07:11:35.458+0000] {logging_mixin.py:151} INFO - [2023-11-02T07:11:35.457+0000] {dagbag.py:536} INFO - Filling up the DagBag from /usr/local/lib/python3.10/dist-packages/airflow/example_dags/example_branch_python_dop_operator_3.py
[2023-11-02T07:11:35.467+0000] {processor.py:839} INFO - DAG(s) dict_keys(['example_branch_dop_operator_v3']) retrieved from /usr/local/lib/python3.10/dist-packages/airflow/example_dags/example_branch_python_dop_operator_3.py
[2023-11-02T07:11:35.485+0000] {logging_mixin.py:151} INFO - [2023-11-02T07:11:35.484+0000] {dag.py:2941} INFO - Sync 1 DAGs
[2023-11-02T07:11:35.510+0000] {logging_mixin.py:151} INFO - [2023-11-02T07:11:35.509+0000] {dag.py:3722} INFO - Setting next_dagrun for example_branch_dop_operator_v3 to 2023-11-02T07:10:00+00:00, run_after=2023-11-02T07:11:00+00:00
[2023-11-02T07:11:35.532+0000] {processor.py:179} INFO - Processing /usr/local/lib/python3.10/dist-packages/airflow/example_dags/example_branch_python_dop_operator_3.py took 0.080 seconds
[2023-11-02T07:12:18.321+0000] {processor.py:157} INFO - Started process (PID=5546) to work on /usr/local/lib/python3.10/dist-packages/airflow/example_dags/example_branch_python_dop_operator_3.py
[2023-11-02T07:12:18.322+0000] {processor.py:829} INFO - Processing file /usr/local/lib/python3.10/dist-packages/airflow/example_dags/example_branch_python_dop_operator_3.py for tasks to queue
[2023-11-02T07:12:18.323+0000] {logging_mixin.py:151} INFO - [2023-11-02T07:12:18.323+0000] {dagbag.py:536} INFO - Filling up the DagBag from /usr/local/lib/python3.10/dist-packages/airflow/example_dags/example_branch_python_dop_operator_3.py
[2023-11-02T07:12:18.332+0000] {processor.py:839} INFO - DAG(s) dict_keys(['example_branch_dop_operator_v3']) retrieved from /usr/local/lib/python3.10/dist-packages/airflow/example_dags/example_branch_python_dop_operator_3.py
[2023-11-02T07:12:18.349+0000] {logging_mixin.py:151} INFO - [2023-11-02T07:12:18.349+0000] {dag.py:2941} INFO - Sync 1 DAGs
[2023-11-02T07:12:18.375+0000] {logging_mixin.py:151} INFO - [2023-11-02T07:12:18.374+0000] {dag.py:3722} INFO - Setting next_dagrun for example_branch_dop_operator_v3 to 2023-11-02T07:11:00+00:00, run_after=2023-11-02T07:12:00+00:00
[2023-11-02T07:12:18.397+0000] {processor.py:179} INFO - Processing /usr/local/lib/python3.10/dist-packages/airflow/example_dags/example_branch_python_dop_operator_3.py took 0.079 seconds
