[2023-11-02T06:49:55.304+0000] {processor.py:157} INFO - Started process (PID=3720) to work on /home/ubuntu/customer_churn_venv/lib/python3.10/site-packages/airflow/example_dags/example_latest_only_with_trigger.py
[2023-11-02T06:49:55.305+0000] {processor.py:829} INFO - Processing file /home/ubuntu/customer_churn_venv/lib/python3.10/site-packages/airflow/example_dags/example_latest_only_with_trigger.py for tasks to queue
[2023-11-02T06:49:55.305+0000] {logging_mixin.py:151} INFO - [2023-11-02T06:49:55.305+0000] {dagbag.py:536} INFO - Filling up the DagBag from /home/ubuntu/customer_churn_venv/lib/python3.10/site-packages/airflow/example_dags/example_latest_only_with_trigger.py
[2023-11-02T06:49:55.312+0000] {processor.py:839} INFO - DAG(s) dict_keys(['latest_only_with_trigger']) retrieved from /home/ubuntu/customer_churn_venv/lib/python3.10/site-packages/airflow/example_dags/example_latest_only_with_trigger.py
[2023-11-02T06:49:55.536+0000] {logging_mixin.py:151} INFO - [2023-11-02T06:49:55.535+0000] {manager.py:499} INFO - Created Permission View: %s
[2023-11-02T06:49:55.549+0000] {logging_mixin.py:151} INFO - [2023-11-02T06:49:55.548+0000] {manager.py:499} INFO - Created Permission View: %s
[2023-11-02T06:49:55.560+0000] {logging_mixin.py:151} INFO - [2023-11-02T06:49:55.560+0000] {manager.py:499} INFO - Created Permission View: %s
[2023-11-02T06:49:55.561+0000] {logging_mixin.py:151} INFO - [2023-11-02T06:49:55.560+0000] {dag.py:2941} INFO - Sync 1 DAGs
[2023-11-02T06:49:55.571+0000] {logging_mixin.py:151} INFO - [2023-11-02T06:49:55.571+0000] {dag.py:2963} INFO - Creating ORM DAG for latest_only_with_trigger
[2023-11-02T06:49:55.579+0000] {logging_mixin.py:151} INFO - [2023-11-02T06:49:55.579+0000] {dag.py:3722} INFO - Setting next_dagrun for latest_only_with_trigger to 2023-11-02T02:49:55.579036+00:00, run_after=2023-11-02T06:49:55.579036+00:00
[2023-11-02T06:49:55.599+0000] {processor.py:179} INFO - Processing /home/ubuntu/customer_churn_venv/lib/python3.10/site-packages/airflow/example_dags/example_latest_only_with_trigger.py took 0.298 seconds
[2023-11-02T06:50:48.602+0000] {processor.py:157} INFO - Started process (PID=3766) to work on /home/ubuntu/customer_churn_venv/lib/python3.10/site-packages/airflow/example_dags/example_latest_only_with_trigger.py
[2023-11-02T06:50:48.603+0000] {processor.py:829} INFO - Processing file /home/ubuntu/customer_churn_venv/lib/python3.10/site-packages/airflow/example_dags/example_latest_only_with_trigger.py for tasks to queue
[2023-11-02T06:50:48.604+0000] {logging_mixin.py:151} INFO - [2023-11-02T06:50:48.603+0000] {dagbag.py:536} INFO - Filling up the DagBag from /home/ubuntu/customer_churn_venv/lib/python3.10/site-packages/airflow/example_dags/example_latest_only_with_trigger.py
[2023-11-02T06:50:48.611+0000] {processor.py:839} INFO - DAG(s) dict_keys(['latest_only_with_trigger']) retrieved from /home/ubuntu/customer_churn_venv/lib/python3.10/site-packages/airflow/example_dags/example_latest_only_with_trigger.py
[2023-11-02T06:50:48.628+0000] {logging_mixin.py:151} INFO - [2023-11-02T06:50:48.628+0000] {dag.py:2941} INFO - Sync 1 DAGs
[2023-11-02T06:50:48.648+0000] {logging_mixin.py:151} INFO - [2023-11-02T06:50:48.648+0000] {dag.py:3722} INFO - Setting next_dagrun for latest_only_with_trigger to 2023-11-02T02:50:48.648134+00:00, run_after=2023-11-02T06:50:48.648134+00:00
[2023-11-02T06:50:48.672+0000] {processor.py:179} INFO - Processing /home/ubuntu/customer_churn_venv/lib/python3.10/site-packages/airflow/example_dags/example_latest_only_with_trigger.py took 0.074 seconds
[2023-11-02T06:51:32.807+0000] {processor.py:157} INFO - Started process (PID=3814) to work on /home/ubuntu/customer_churn_venv/lib/python3.10/site-packages/airflow/example_dags/example_latest_only_with_trigger.py
[2023-11-02T06:51:32.808+0000] {processor.py:829} INFO - Processing file /home/ubuntu/customer_churn_venv/lib/python3.10/site-packages/airflow/example_dags/example_latest_only_with_trigger.py for tasks to queue
[2023-11-02T06:51:32.809+0000] {logging_mixin.py:151} INFO - [2023-11-02T06:51:32.808+0000] {dagbag.py:536} INFO - Filling up the DagBag from /home/ubuntu/customer_churn_venv/lib/python3.10/site-packages/airflow/example_dags/example_latest_only_with_trigger.py
[2023-11-02T06:51:32.815+0000] {processor.py:839} INFO - DAG(s) dict_keys(['latest_only_with_trigger']) retrieved from /home/ubuntu/customer_churn_venv/lib/python3.10/site-packages/airflow/example_dags/example_latest_only_with_trigger.py
[2023-11-02T06:51:32.833+0000] {logging_mixin.py:151} INFO - [2023-11-02T06:51:32.833+0000] {dag.py:2941} INFO - Sync 1 DAGs
[2023-11-02T06:51:32.853+0000] {logging_mixin.py:151} INFO - [2023-11-02T06:51:32.853+0000] {dag.py:3722} INFO - Setting next_dagrun for latest_only_with_trigger to 2023-11-02T02:51:32.853004+00:00, run_after=2023-11-02T06:51:32.853004+00:00
[2023-11-02T06:51:32.875+0000] {processor.py:179} INFO - Processing /home/ubuntu/customer_churn_venv/lib/python3.10/site-packages/airflow/example_dags/example_latest_only_with_trigger.py took 0.072 seconds
[2023-11-02T06:52:19.363+0000] {processor.py:157} INFO - Started process (PID=3861) to work on /home/ubuntu/customer_churn_venv/lib/python3.10/site-packages/airflow/example_dags/example_latest_only_with_trigger.py
[2023-11-02T06:52:19.364+0000] {processor.py:829} INFO - Processing file /home/ubuntu/customer_churn_venv/lib/python3.10/site-packages/airflow/example_dags/example_latest_only_with_trigger.py for tasks to queue
[2023-11-02T06:52:19.365+0000] {logging_mixin.py:151} INFO - [2023-11-02T06:52:19.364+0000] {dagbag.py:536} INFO - Filling up the DagBag from /home/ubuntu/customer_churn_venv/lib/python3.10/site-packages/airflow/example_dags/example_latest_only_with_trigger.py
[2023-11-02T06:52:19.371+0000] {processor.py:839} INFO - DAG(s) dict_keys(['latest_only_with_trigger']) retrieved from /home/ubuntu/customer_churn_venv/lib/python3.10/site-packages/airflow/example_dags/example_latest_only_with_trigger.py
[2023-11-02T06:52:19.388+0000] {logging_mixin.py:151} INFO - [2023-11-02T06:52:19.388+0000] {dag.py:2941} INFO - Sync 1 DAGs
[2023-11-02T06:52:19.408+0000] {logging_mixin.py:151} INFO - [2023-11-02T06:52:19.408+0000] {dag.py:3722} INFO - Setting next_dagrun for latest_only_with_trigger to 2023-11-02T02:52:19.408317+00:00, run_after=2023-11-02T06:52:19.408317+00:00
[2023-11-02T06:52:19.432+0000] {processor.py:179} INFO - Processing /home/ubuntu/customer_churn_venv/lib/python3.10/site-packages/airflow/example_dags/example_latest_only_with_trigger.py took 0.072 seconds
[2023-11-02T06:53:06.116+0000] {processor.py:157} INFO - Started process (PID=3909) to work on /home/ubuntu/customer_churn_venv/lib/python3.10/site-packages/airflow/example_dags/example_latest_only_with_trigger.py
[2023-11-02T06:53:06.117+0000] {processor.py:829} INFO - Processing file /home/ubuntu/customer_churn_venv/lib/python3.10/site-packages/airflow/example_dags/example_latest_only_with_trigger.py for tasks to queue
[2023-11-02T06:53:06.118+0000] {logging_mixin.py:151} INFO - [2023-11-02T06:53:06.118+0000] {dagbag.py:536} INFO - Filling up the DagBag from /home/ubuntu/customer_churn_venv/lib/python3.10/site-packages/airflow/example_dags/example_latest_only_with_trigger.py
[2023-11-02T06:53:06.125+0000] {processor.py:839} INFO - DAG(s) dict_keys(['latest_only_with_trigger']) retrieved from /home/ubuntu/customer_churn_venv/lib/python3.10/site-packages/airflow/example_dags/example_latest_only_with_trigger.py
[2023-11-02T06:53:06.142+0000] {logging_mixin.py:151} INFO - [2023-11-02T06:53:06.142+0000] {dag.py:2941} INFO - Sync 1 DAGs
[2023-11-02T06:53:06.162+0000] {logging_mixin.py:151} INFO - [2023-11-02T06:53:06.162+0000] {dag.py:3722} INFO - Setting next_dagrun for latest_only_with_trigger to 2023-11-02T02:53:06.162277+00:00, run_after=2023-11-02T06:53:06.162277+00:00
[2023-11-02T06:53:06.184+0000] {processor.py:179} INFO - Processing /home/ubuntu/customer_churn_venv/lib/python3.10/site-packages/airflow/example_dags/example_latest_only_with_trigger.py took 0.071 seconds
[2023-11-02T07:00:04.601+0000] {processor.py:157} INFO - Started process (PID=4384) to work on /usr/local/lib/python3.10/dist-packages/airflow/example_dags/example_latest_only_with_trigger.py
[2023-11-02T07:00:04.602+0000] {processor.py:829} INFO - Processing file /usr/local/lib/python3.10/dist-packages/airflow/example_dags/example_latest_only_with_trigger.py for tasks to queue
[2023-11-02T07:00:04.603+0000] {logging_mixin.py:151} INFO - [2023-11-02T07:00:04.603+0000] {dagbag.py:536} INFO - Filling up the DagBag from /usr/local/lib/python3.10/dist-packages/airflow/example_dags/example_latest_only_with_trigger.py
[2023-11-02T07:00:04.727+0000] {processor.py:839} INFO - DAG(s) dict_keys(['latest_only_with_trigger']) retrieved from /usr/local/lib/python3.10/dist-packages/airflow/example_dags/example_latest_only_with_trigger.py
[2023-11-02T07:00:04.732+0000] {logging_mixin.py:151} INFO - [2023-11-02T07:00:04.732+0000] {dag.py:2941} INFO - Sync 1 DAGs
[2023-11-02T07:00:04.751+0000] {logging_mixin.py:151} INFO - [2023-11-02T07:00:04.750+0000] {dag.py:3722} INFO - Setting next_dagrun for latest_only_with_trigger to 2023-11-02T03:00:04.750555+00:00, run_after=2023-11-02T07:00:04.750555+00:00
[2023-11-02T07:00:04.772+0000] {processor.py:179} INFO - Processing /usr/local/lib/python3.10/dist-packages/airflow/example_dags/example_latest_only_with_trigger.py took 0.175 seconds
[2023-11-02T07:00:49.974+0000] {processor.py:157} INFO - Started process (PID=4431) to work on /usr/local/lib/python3.10/dist-packages/airflow/example_dags/example_latest_only_with_trigger.py
[2023-11-02T07:00:49.976+0000] {processor.py:829} INFO - Processing file /usr/local/lib/python3.10/dist-packages/airflow/example_dags/example_latest_only_with_trigger.py for tasks to queue
[2023-11-02T07:00:49.976+0000] {logging_mixin.py:151} INFO - [2023-11-02T07:00:49.976+0000] {dagbag.py:536} INFO - Filling up the DagBag from /usr/local/lib/python3.10/dist-packages/airflow/example_dags/example_latest_only_with_trigger.py
[2023-11-02T07:00:49.984+0000] {processor.py:839} INFO - DAG(s) dict_keys(['latest_only_with_trigger']) retrieved from /usr/local/lib/python3.10/dist-packages/airflow/example_dags/example_latest_only_with_trigger.py
[2023-11-02T07:00:50.001+0000] {logging_mixin.py:151} INFO - [2023-11-02T07:00:50.001+0000] {dag.py:2941} INFO - Sync 1 DAGs
[2023-11-02T07:00:50.024+0000] {logging_mixin.py:151} INFO - [2023-11-02T07:00:50.024+0000] {dag.py:3722} INFO - Setting next_dagrun for latest_only_with_trigger to 2023-11-02T03:00:50.024191+00:00, run_after=2023-11-02T07:00:50.024191+00:00
[2023-11-02T07:00:50.048+0000] {processor.py:179} INFO - Processing /usr/local/lib/python3.10/dist-packages/airflow/example_dags/example_latest_only_with_trigger.py took 0.076 seconds
[2023-11-02T07:01:34.392+0000] {processor.py:157} INFO - Started process (PID=4477) to work on /usr/local/lib/python3.10/dist-packages/airflow/example_dags/example_latest_only_with_trigger.py
[2023-11-02T07:01:34.394+0000] {processor.py:829} INFO - Processing file /usr/local/lib/python3.10/dist-packages/airflow/example_dags/example_latest_only_with_trigger.py for tasks to queue
[2023-11-02T07:01:34.394+0000] {logging_mixin.py:151} INFO - [2023-11-02T07:01:34.394+0000] {dagbag.py:536} INFO - Filling up the DagBag from /usr/local/lib/python3.10/dist-packages/airflow/example_dags/example_latest_only_with_trigger.py
[2023-11-02T07:01:34.401+0000] {processor.py:839} INFO - DAG(s) dict_keys(['latest_only_with_trigger']) retrieved from /usr/local/lib/python3.10/dist-packages/airflow/example_dags/example_latest_only_with_trigger.py
[2023-11-02T07:01:34.419+0000] {logging_mixin.py:151} INFO - [2023-11-02T07:01:34.418+0000] {dag.py:2941} INFO - Sync 1 DAGs
[2023-11-02T07:01:34.439+0000] {logging_mixin.py:151} INFO - [2023-11-02T07:01:34.439+0000] {dag.py:3722} INFO - Setting next_dagrun for latest_only_with_trigger to 2023-11-02T03:01:34.438781+00:00, run_after=2023-11-02T07:01:34.438781+00:00
[2023-11-02T07:01:34.461+0000] {processor.py:179} INFO - Processing /usr/local/lib/python3.10/dist-packages/airflow/example_dags/example_latest_only_with_trigger.py took 0.071 seconds
[2023-11-02T07:02:17.766+0000] {processor.py:157} INFO - Started process (PID=4523) to work on /usr/local/lib/python3.10/dist-packages/airflow/example_dags/example_latest_only_with_trigger.py
[2023-11-02T07:02:17.768+0000] {processor.py:829} INFO - Processing file /usr/local/lib/python3.10/dist-packages/airflow/example_dags/example_latest_only_with_trigger.py for tasks to queue
[2023-11-02T07:02:17.768+0000] {logging_mixin.py:151} INFO - [2023-11-02T07:02:17.768+0000] {dagbag.py:536} INFO - Filling up the DagBag from /usr/local/lib/python3.10/dist-packages/airflow/example_dags/example_latest_only_with_trigger.py
[2023-11-02T07:02:17.775+0000] {processor.py:839} INFO - DAG(s) dict_keys(['latest_only_with_trigger']) retrieved from /usr/local/lib/python3.10/dist-packages/airflow/example_dags/example_latest_only_with_trigger.py
[2023-11-02T07:02:17.792+0000] {logging_mixin.py:151} INFO - [2023-11-02T07:02:17.792+0000] {dag.py:2941} INFO - Sync 1 DAGs
[2023-11-02T07:02:17.811+0000] {logging_mixin.py:151} INFO - [2023-11-02T07:02:17.811+0000] {dag.py:3722} INFO - Setting next_dagrun for latest_only_with_trigger to 2023-11-02T03:02:17.811418+00:00, run_after=2023-11-02T07:02:17.811418+00:00
[2023-11-02T07:02:17.833+0000] {processor.py:179} INFO - Processing /usr/local/lib/python3.10/dist-packages/airflow/example_dags/example_latest_only_with_trigger.py took 0.070 seconds
[2023-11-02T07:03:04.161+0000] {processor.py:157} INFO - Started process (PID=4570) to work on /usr/local/lib/python3.10/dist-packages/airflow/example_dags/example_latest_only_with_trigger.py
[2023-11-02T07:03:04.162+0000] {processor.py:829} INFO - Processing file /usr/local/lib/python3.10/dist-packages/airflow/example_dags/example_latest_only_with_trigger.py for tasks to queue
[2023-11-02T07:03:04.163+0000] {logging_mixin.py:151} INFO - [2023-11-02T07:03:04.162+0000] {dagbag.py:536} INFO - Filling up the DagBag from /usr/local/lib/python3.10/dist-packages/airflow/example_dags/example_latest_only_with_trigger.py
[2023-11-02T07:03:04.170+0000] {processor.py:839} INFO - DAG(s) dict_keys(['latest_only_with_trigger']) retrieved from /usr/local/lib/python3.10/dist-packages/airflow/example_dags/example_latest_only_with_trigger.py
[2023-11-02T07:03:04.188+0000] {logging_mixin.py:151} INFO - [2023-11-02T07:03:04.188+0000] {dag.py:2941} INFO - Sync 1 DAGs
[2023-11-02T07:03:04.209+0000] {logging_mixin.py:151} INFO - [2023-11-02T07:03:04.209+0000] {dag.py:3722} INFO - Setting next_dagrun for latest_only_with_trigger to 2023-11-02T03:03:04.209289+00:00, run_after=2023-11-02T07:03:04.209289+00:00
[2023-11-02T07:03:04.232+0000] {processor.py:179} INFO - Processing /usr/local/lib/python3.10/dist-packages/airflow/example_dags/example_latest_only_with_trigger.py took 0.075 seconds
[2023-11-02T07:03:49.595+0000] {processor.py:157} INFO - Started process (PID=4618) to work on /usr/local/lib/python3.10/dist-packages/airflow/example_dags/example_latest_only_with_trigger.py
[2023-11-02T07:03:49.596+0000] {processor.py:829} INFO - Processing file /usr/local/lib/python3.10/dist-packages/airflow/example_dags/example_latest_only_with_trigger.py for tasks to queue
[2023-11-02T07:03:49.597+0000] {logging_mixin.py:151} INFO - [2023-11-02T07:03:49.597+0000] {dagbag.py:536} INFO - Filling up the DagBag from /usr/local/lib/python3.10/dist-packages/airflow/example_dags/example_latest_only_with_trigger.py
[2023-11-02T07:03:49.604+0000] {processor.py:839} INFO - DAG(s) dict_keys(['latest_only_with_trigger']) retrieved from /usr/local/lib/python3.10/dist-packages/airflow/example_dags/example_latest_only_with_trigger.py
[2023-11-02T07:03:49.622+0000] {logging_mixin.py:151} INFO - [2023-11-02T07:03:49.621+0000] {dag.py:2941} INFO - Sync 1 DAGs
[2023-11-02T07:03:49.642+0000] {logging_mixin.py:151} INFO - [2023-11-02T07:03:49.642+0000] {dag.py:3722} INFO - Setting next_dagrun for latest_only_with_trigger to 2023-11-02T03:03:49.642106+00:00, run_after=2023-11-02T07:03:49.642106+00:00
[2023-11-02T07:03:49.665+0000] {processor.py:179} INFO - Processing /usr/local/lib/python3.10/dist-packages/airflow/example_dags/example_latest_only_with_trigger.py took 0.073 seconds
[2023-11-02T07:04:30.476+0000] {processor.py:157} INFO - Started process (PID=4663) to work on /usr/local/lib/python3.10/dist-packages/airflow/example_dags/example_latest_only_with_trigger.py
[2023-11-02T07:04:30.478+0000] {processor.py:829} INFO - Processing file /usr/local/lib/python3.10/dist-packages/airflow/example_dags/example_latest_only_with_trigger.py for tasks to queue
[2023-11-02T07:04:30.479+0000] {logging_mixin.py:151} INFO - [2023-11-02T07:04:30.478+0000] {dagbag.py:536} INFO - Filling up the DagBag from /usr/local/lib/python3.10/dist-packages/airflow/example_dags/example_latest_only_with_trigger.py
[2023-11-02T07:04:30.486+0000] {processor.py:839} INFO - DAG(s) dict_keys(['latest_only_with_trigger']) retrieved from /usr/local/lib/python3.10/dist-packages/airflow/example_dags/example_latest_only_with_trigger.py
[2023-11-02T07:04:30.502+0000] {logging_mixin.py:151} INFO - [2023-11-02T07:04:30.502+0000] {dag.py:2941} INFO - Sync 1 DAGs
[2023-11-02T07:04:30.522+0000] {logging_mixin.py:151} INFO - [2023-11-02T07:04:30.522+0000] {dag.py:3722} INFO - Setting next_dagrun for latest_only_with_trigger to 2023-11-02T03:04:30.522428+00:00, run_after=2023-11-02T07:04:30.522428+00:00
[2023-11-02T07:04:30.545+0000] {processor.py:179} INFO - Processing /usr/local/lib/python3.10/dist-packages/airflow/example_dags/example_latest_only_with_trigger.py took 0.071 seconds
[2023-11-02T07:05:12.923+0000] {processor.py:157} INFO - Started process (PID=4709) to work on /usr/local/lib/python3.10/dist-packages/airflow/example_dags/example_latest_only_with_trigger.py
[2023-11-02T07:05:12.924+0000] {processor.py:829} INFO - Processing file /usr/local/lib/python3.10/dist-packages/airflow/example_dags/example_latest_only_with_trigger.py for tasks to queue
[2023-11-02T07:05:12.925+0000] {logging_mixin.py:151} INFO - [2023-11-02T07:05:12.924+0000] {dagbag.py:536} INFO - Filling up the DagBag from /usr/local/lib/python3.10/dist-packages/airflow/example_dags/example_latest_only_with_trigger.py
[2023-11-02T07:05:12.932+0000] {processor.py:839} INFO - DAG(s) dict_keys(['latest_only_with_trigger']) retrieved from /usr/local/lib/python3.10/dist-packages/airflow/example_dags/example_latest_only_with_trigger.py
[2023-11-02T07:05:12.950+0000] {logging_mixin.py:151} INFO - [2023-11-02T07:05:12.949+0000] {dag.py:2941} INFO - Sync 1 DAGs
[2023-11-02T07:05:12.970+0000] {logging_mixin.py:151} INFO - [2023-11-02T07:05:12.970+0000] {dag.py:3722} INFO - Setting next_dagrun for latest_only_with_trigger to 2023-11-02T03:05:12.969995+00:00, run_after=2023-11-02T07:05:12.969995+00:00
[2023-11-02T07:05:12.992+0000] {processor.py:179} INFO - Processing /usr/local/lib/python3.10/dist-packages/airflow/example_dags/example_latest_only_with_trigger.py took 0.073 seconds
[2023-11-02T07:05:56.401+0000] {processor.py:157} INFO - Started process (PID=4754) to work on /usr/local/lib/python3.10/dist-packages/airflow/example_dags/example_latest_only_with_trigger.py
[2023-11-02T07:05:56.403+0000] {processor.py:829} INFO - Processing file /usr/local/lib/python3.10/dist-packages/airflow/example_dags/example_latest_only_with_trigger.py for tasks to queue
[2023-11-02T07:05:56.404+0000] {logging_mixin.py:151} INFO - [2023-11-02T07:05:56.403+0000] {dagbag.py:536} INFO - Filling up the DagBag from /usr/local/lib/python3.10/dist-packages/airflow/example_dags/example_latest_only_with_trigger.py
[2023-11-02T07:05:56.411+0000] {processor.py:839} INFO - DAG(s) dict_keys(['latest_only_with_trigger']) retrieved from /usr/local/lib/python3.10/dist-packages/airflow/example_dags/example_latest_only_with_trigger.py
[2023-11-02T07:05:56.430+0000] {logging_mixin.py:151} INFO - [2023-11-02T07:05:56.429+0000] {dag.py:2941} INFO - Sync 1 DAGs
[2023-11-02T07:05:56.454+0000] {logging_mixin.py:151} INFO - [2023-11-02T07:05:56.453+0000] {dag.py:3722} INFO - Setting next_dagrun for latest_only_with_trigger to 2023-11-02T03:05:56.453659+00:00, run_after=2023-11-02T07:05:56.453659+00:00
[2023-11-02T07:05:56.479+0000] {processor.py:179} INFO - Processing /usr/local/lib/python3.10/dist-packages/airflow/example_dags/example_latest_only_with_trigger.py took 0.081 seconds
[2023-11-02T07:06:44.499+0000] {processor.py:157} INFO - Started process (PID=4802) to work on /usr/local/lib/python3.10/dist-packages/airflow/example_dags/example_latest_only_with_trigger.py
[2023-11-02T07:06:44.500+0000] {processor.py:829} INFO - Processing file /usr/local/lib/python3.10/dist-packages/airflow/example_dags/example_latest_only_with_trigger.py for tasks to queue
[2023-11-02T07:06:44.501+0000] {logging_mixin.py:151} INFO - [2023-11-02T07:06:44.501+0000] {dagbag.py:536} INFO - Filling up the DagBag from /usr/local/lib/python3.10/dist-packages/airflow/example_dags/example_latest_only_with_trigger.py
[2023-11-02T07:06:44.509+0000] {processor.py:839} INFO - DAG(s) dict_keys(['latest_only_with_trigger']) retrieved from /usr/local/lib/python3.10/dist-packages/airflow/example_dags/example_latest_only_with_trigger.py
[2023-11-02T07:06:44.527+0000] {logging_mixin.py:151} INFO - [2023-11-02T07:06:44.526+0000] {dag.py:2941} INFO - Sync 1 DAGs
[2023-11-02T07:06:44.548+0000] {logging_mixin.py:151} INFO - [2023-11-02T07:06:44.548+0000] {dag.py:3722} INFO - Setting next_dagrun for latest_only_with_trigger to 2023-11-02T03:06:44.548002+00:00, run_after=2023-11-02T07:06:44.548002+00:00
[2023-11-02T07:06:44.571+0000] {processor.py:179} INFO - Processing /usr/local/lib/python3.10/dist-packages/airflow/example_dags/example_latest_only_with_trigger.py took 0.075 seconds
[2023-11-02T07:07:31.901+0000] {processor.py:157} INFO - Started process (PID=4850) to work on /usr/local/lib/python3.10/dist-packages/airflow/example_dags/example_latest_only_with_trigger.py
[2023-11-02T07:07:31.902+0000] {processor.py:829} INFO - Processing file /usr/local/lib/python3.10/dist-packages/airflow/example_dags/example_latest_only_with_trigger.py for tasks to queue
[2023-11-02T07:07:31.903+0000] {logging_mixin.py:151} INFO - [2023-11-02T07:07:31.902+0000] {dagbag.py:536} INFO - Filling up the DagBag from /usr/local/lib/python3.10/dist-packages/airflow/example_dags/example_latest_only_with_trigger.py
[2023-11-02T07:07:31.910+0000] {processor.py:839} INFO - DAG(s) dict_keys(['latest_only_with_trigger']) retrieved from /usr/local/lib/python3.10/dist-packages/airflow/example_dags/example_latest_only_with_trigger.py
[2023-11-02T07:07:31.927+0000] {logging_mixin.py:151} INFO - [2023-11-02T07:07:31.927+0000] {dag.py:2941} INFO - Sync 1 DAGs
[2023-11-02T07:07:31.948+0000] {logging_mixin.py:151} INFO - [2023-11-02T07:07:31.948+0000] {dag.py:3722} INFO - Setting next_dagrun for latest_only_with_trigger to 2023-11-02T03:07:31.948119+00:00, run_after=2023-11-02T07:07:31.948119+00:00
[2023-11-02T07:07:31.974+0000] {processor.py:179} INFO - Processing /usr/local/lib/python3.10/dist-packages/airflow/example_dags/example_latest_only_with_trigger.py took 0.076 seconds
[2023-11-02T07:08:14.406+0000] {processor.py:157} INFO - Started process (PID=4896) to work on /usr/local/lib/python3.10/dist-packages/airflow/example_dags/example_latest_only_with_trigger.py
[2023-11-02T07:08:14.407+0000] {processor.py:829} INFO - Processing file /usr/local/lib/python3.10/dist-packages/airflow/example_dags/example_latest_only_with_trigger.py for tasks to queue
[2023-11-02T07:08:14.408+0000] {logging_mixin.py:151} INFO - [2023-11-02T07:08:14.407+0000] {dagbag.py:536} INFO - Filling up the DagBag from /usr/local/lib/python3.10/dist-packages/airflow/example_dags/example_latest_only_with_trigger.py
[2023-11-02T07:08:14.415+0000] {processor.py:839} INFO - DAG(s) dict_keys(['latest_only_with_trigger']) retrieved from /usr/local/lib/python3.10/dist-packages/airflow/example_dags/example_latest_only_with_trigger.py
[2023-11-02T07:08:14.431+0000] {logging_mixin.py:151} INFO - [2023-11-02T07:08:14.431+0000] {dag.py:2941} INFO - Sync 1 DAGs
[2023-11-02T07:08:14.451+0000] {logging_mixin.py:151} INFO - [2023-11-02T07:08:14.451+0000] {dag.py:3722} INFO - Setting next_dagrun for latest_only_with_trigger to 2023-11-02T03:08:14.451308+00:00, run_after=2023-11-02T07:08:14.451308+00:00
[2023-11-02T07:08:14.473+0000] {processor.py:179} INFO - Processing /usr/local/lib/python3.10/dist-packages/airflow/example_dags/example_latest_only_with_trigger.py took 0.071 seconds
[2023-11-02T07:09:00.894+0000] {processor.py:157} INFO - Started process (PID=5178) to work on /usr/local/lib/python3.10/dist-packages/airflow/example_dags/example_latest_only_with_trigger.py
[2023-11-02T07:09:00.896+0000] {processor.py:829} INFO - Processing file /usr/local/lib/python3.10/dist-packages/airflow/example_dags/example_latest_only_with_trigger.py for tasks to queue
[2023-11-02T07:09:00.897+0000] {logging_mixin.py:151} INFO - [2023-11-02T07:09:00.896+0000] {dagbag.py:536} INFO - Filling up the DagBag from /usr/local/lib/python3.10/dist-packages/airflow/example_dags/example_latest_only_with_trigger.py
[2023-11-02T07:09:00.904+0000] {processor.py:839} INFO - DAG(s) dict_keys(['latest_only_with_trigger']) retrieved from /usr/local/lib/python3.10/dist-packages/airflow/example_dags/example_latest_only_with_trigger.py
[2023-11-02T07:09:00.921+0000] {logging_mixin.py:151} INFO - [2023-11-02T07:09:00.921+0000] {dag.py:2941} INFO - Sync 1 DAGs
[2023-11-02T07:09:00.942+0000] {logging_mixin.py:151} INFO - [2023-11-02T07:09:00.942+0000] {dag.py:3722} INFO - Setting next_dagrun for latest_only_with_trigger to 2023-11-02T03:09:00.941985+00:00, run_after=2023-11-02T07:09:00.941985+00:00
[2023-11-02T07:09:00.965+0000] {processor.py:179} INFO - Processing /usr/local/lib/python3.10/dist-packages/airflow/example_dags/example_latest_only_with_trigger.py took 0.074 seconds
[2023-11-02T07:09:45.123+0000] {processor.py:157} INFO - Started process (PID=5381) to work on /usr/local/lib/python3.10/dist-packages/airflow/example_dags/example_latest_only_with_trigger.py
[2023-11-02T07:09:45.124+0000] {processor.py:829} INFO - Processing file /usr/local/lib/python3.10/dist-packages/airflow/example_dags/example_latest_only_with_trigger.py for tasks to queue
[2023-11-02T07:09:45.125+0000] {logging_mixin.py:151} INFO - [2023-11-02T07:09:45.124+0000] {dagbag.py:536} INFO - Filling up the DagBag from /usr/local/lib/python3.10/dist-packages/airflow/example_dags/example_latest_only_with_trigger.py
[2023-11-02T07:09:45.132+0000] {processor.py:839} INFO - DAG(s) dict_keys(['latest_only_with_trigger']) retrieved from /usr/local/lib/python3.10/dist-packages/airflow/example_dags/example_latest_only_with_trigger.py
[2023-11-02T07:09:45.149+0000] {logging_mixin.py:151} INFO - [2023-11-02T07:09:45.149+0000] {dag.py:2941} INFO - Sync 1 DAGs
[2023-11-02T07:09:45.169+0000] {logging_mixin.py:151} INFO - [2023-11-02T07:09:45.169+0000] {dag.py:3722} INFO - Setting next_dagrun for latest_only_with_trigger to 2023-11-02T03:09:45.168815+00:00, run_after=2023-11-02T07:09:45.168815+00:00
[2023-11-02T07:09:45.191+0000] {processor.py:179} INFO - Processing /usr/local/lib/python3.10/dist-packages/airflow/example_dags/example_latest_only_with_trigger.py took 0.072 seconds
[2023-11-02T07:10:30.300+0000] {processor.py:157} INFO - Started process (PID=5429) to work on /usr/local/lib/python3.10/dist-packages/airflow/example_dags/example_latest_only_with_trigger.py
[2023-11-02T07:10:30.301+0000] {processor.py:829} INFO - Processing file /usr/local/lib/python3.10/dist-packages/airflow/example_dags/example_latest_only_with_trigger.py for tasks to queue
[2023-11-02T07:10:30.302+0000] {logging_mixin.py:151} INFO - [2023-11-02T07:10:30.302+0000] {dagbag.py:536} INFO - Filling up the DagBag from /usr/local/lib/python3.10/dist-packages/airflow/example_dags/example_latest_only_with_trigger.py
[2023-11-02T07:10:30.309+0000] {processor.py:839} INFO - DAG(s) dict_keys(['latest_only_with_trigger']) retrieved from /usr/local/lib/python3.10/dist-packages/airflow/example_dags/example_latest_only_with_trigger.py
[2023-11-02T07:10:30.327+0000] {logging_mixin.py:151} INFO - [2023-11-02T07:10:30.326+0000] {dag.py:2941} INFO - Sync 1 DAGs
[2023-11-02T07:10:30.347+0000] {logging_mixin.py:151} INFO - [2023-11-02T07:10:30.346+0000] {dag.py:3722} INFO - Setting next_dagrun for latest_only_with_trigger to 2023-11-02T03:10:30.346617+00:00, run_after=2023-11-02T07:10:30.346617+00:00
[2023-11-02T07:10:30.371+0000] {processor.py:179} INFO - Processing /usr/local/lib/python3.10/dist-packages/airflow/example_dags/example_latest_only_with_trigger.py took 0.074 seconds
[2023-11-02T07:11:19.166+0000] {processor.py:157} INFO - Started process (PID=5478) to work on /usr/local/lib/python3.10/dist-packages/airflow/example_dags/example_latest_only_with_trigger.py
[2023-11-02T07:11:19.168+0000] {processor.py:829} INFO - Processing file /usr/local/lib/python3.10/dist-packages/airflow/example_dags/example_latest_only_with_trigger.py for tasks to queue
[2023-11-02T07:11:19.169+0000] {logging_mixin.py:151} INFO - [2023-11-02T07:11:19.168+0000] {dagbag.py:536} INFO - Filling up the DagBag from /usr/local/lib/python3.10/dist-packages/airflow/example_dags/example_latest_only_with_trigger.py
[2023-11-02T07:11:19.176+0000] {processor.py:839} INFO - DAG(s) dict_keys(['latest_only_with_trigger']) retrieved from /usr/local/lib/python3.10/dist-packages/airflow/example_dags/example_latest_only_with_trigger.py
[2023-11-02T07:11:19.194+0000] {logging_mixin.py:151} INFO - [2023-11-02T07:11:19.193+0000] {dag.py:2941} INFO - Sync 1 DAGs
[2023-11-02T07:11:19.215+0000] {logging_mixin.py:151} INFO - [2023-11-02T07:11:19.214+0000] {dag.py:3722} INFO - Setting next_dagrun for latest_only_with_trigger to 2023-11-02T03:11:19.214585+00:00, run_after=2023-11-02T07:11:19.214585+00:00
[2023-11-02T07:11:19.238+0000] {processor.py:179} INFO - Processing /usr/local/lib/python3.10/dist-packages/airflow/example_dags/example_latest_only_with_trigger.py took 0.075 seconds
[2023-11-02T07:12:04.595+0000] {processor.py:157} INFO - Started process (PID=5531) to work on /usr/local/lib/python3.10/dist-packages/airflow/example_dags/example_latest_only_with_trigger.py
[2023-11-02T07:12:04.596+0000] {processor.py:829} INFO - Processing file /usr/local/lib/python3.10/dist-packages/airflow/example_dags/example_latest_only_with_trigger.py for tasks to queue
[2023-11-02T07:12:04.597+0000] {logging_mixin.py:151} INFO - [2023-11-02T07:12:04.597+0000] {dagbag.py:536} INFO - Filling up the DagBag from /usr/local/lib/python3.10/dist-packages/airflow/example_dags/example_latest_only_with_trigger.py
[2023-11-02T07:12:04.605+0000] {processor.py:839} INFO - DAG(s) dict_keys(['latest_only_with_trigger']) retrieved from /usr/local/lib/python3.10/dist-packages/airflow/example_dags/example_latest_only_with_trigger.py
[2023-11-02T07:12:04.622+0000] {logging_mixin.py:151} INFO - [2023-11-02T07:12:04.622+0000] {dag.py:2941} INFO - Sync 1 DAGs
[2023-11-02T07:12:04.643+0000] {logging_mixin.py:151} INFO - [2023-11-02T07:12:04.642+0000] {dag.py:3722} INFO - Setting next_dagrun for latest_only_with_trigger to 2023-11-02T03:12:04.642661+00:00, run_after=2023-11-02T07:12:04.642661+00:00
[2023-11-02T07:12:04.666+0000] {processor.py:179} INFO - Processing /usr/local/lib/python3.10/dist-packages/airflow/example_dags/example_latest_only_with_trigger.py took 0.074 seconds
[2023-11-02T07:12:44.405+0000] {processor.py:157} INFO - Started process (PID=5573) to work on /usr/local/lib/python3.10/dist-packages/airflow/example_dags/example_latest_only_with_trigger.py
[2023-11-02T07:12:44.406+0000] {processor.py:829} INFO - Processing file /usr/local/lib/python3.10/dist-packages/airflow/example_dags/example_latest_only_with_trigger.py for tasks to queue
[2023-11-02T07:12:44.407+0000] {logging_mixin.py:151} INFO - [2023-11-02T07:12:44.407+0000] {dagbag.py:536} INFO - Filling up the DagBag from /usr/local/lib/python3.10/dist-packages/airflow/example_dags/example_latest_only_with_trigger.py
[2023-11-02T07:12:44.414+0000] {processor.py:839} INFO - DAG(s) dict_keys(['latest_only_with_trigger']) retrieved from /usr/local/lib/python3.10/dist-packages/airflow/example_dags/example_latest_only_with_trigger.py
[2023-11-02T07:12:44.432+0000] {logging_mixin.py:151} INFO - [2023-11-02T07:12:44.432+0000] {dag.py:2941} INFO - Sync 1 DAGs
[2023-11-02T07:12:44.453+0000] {logging_mixin.py:151} INFO - [2023-11-02T07:12:44.453+0000] {dag.py:3722} INFO - Setting next_dagrun for latest_only_with_trigger to 2023-11-02T03:12:44.452876+00:00, run_after=2023-11-02T07:12:44.452876+00:00
[2023-11-02T07:12:44.475+0000] {processor.py:179} INFO - Processing /usr/local/lib/python3.10/dist-packages/airflow/example_dags/example_latest_only_with_trigger.py took 0.074 seconds
