[2023-11-02T06:50:00.413+0000] {processor.py:157} INFO - Started process (PID=3724) to work on /home/ubuntu/customer_churn_venv/lib/python3.10/site-packages/airflow/example_dags/example_kubernetes_executor.py
[2023-11-02T06:50:00.414+0000] {processor.py:829} INFO - Processing file /home/ubuntu/customer_churn_venv/lib/python3.10/site-packages/airflow/example_dags/example_kubernetes_executor.py for tasks to queue
[2023-11-02T06:50:00.415+0000] {logging_mixin.py:151} INFO - [2023-11-02T06:50:00.415+0000] {dagbag.py:536} INFO - Filling up the DagBag from /home/ubuntu/customer_churn_venv/lib/python3.10/site-packages/airflow/example_dags/example_kubernetes_executor.py
[2023-11-02T06:50:00.418+0000] {logging_mixin.py:151} INFO - [2023-11-02T06:50:00.418+0000] {example_kubernetes_executor.py:38} WARNING - The example_kubernetes_executor example DAG requires the kubernetes provider. Please install it with: pip install apache-airflow[cncf.kubernetes]
[2023-11-02T06:50:00.419+0000] {processor.py:841} WARNING - No viable dags retrieved from /home/ubuntu/customer_churn_venv/lib/python3.10/site-packages/airflow/example_dags/example_kubernetes_executor.py
[2023-11-02T06:50:00.429+0000] {processor.py:179} INFO - Processing /home/ubuntu/customer_churn_venv/lib/python3.10/site-packages/airflow/example_dags/example_kubernetes_executor.py took 0.019 seconds
[2023-11-02T06:50:52.576+0000] {processor.py:157} INFO - Started process (PID=3770) to work on /home/ubuntu/customer_churn_venv/lib/python3.10/site-packages/airflow/example_dags/example_kubernetes_executor.py
[2023-11-02T06:50:52.577+0000] {processor.py:829} INFO - Processing file /home/ubuntu/customer_churn_venv/lib/python3.10/site-packages/airflow/example_dags/example_kubernetes_executor.py for tasks to queue
[2023-11-02T06:50:52.578+0000] {logging_mixin.py:151} INFO - [2023-11-02T06:50:52.578+0000] {dagbag.py:536} INFO - Filling up the DagBag from /home/ubuntu/customer_churn_venv/lib/python3.10/site-packages/airflow/example_dags/example_kubernetes_executor.py
[2023-11-02T06:50:52.581+0000] {logging_mixin.py:151} INFO - [2023-11-02T06:50:52.581+0000] {example_kubernetes_executor.py:38} WARNING - The example_kubernetes_executor example DAG requires the kubernetes provider. Please install it with: pip install apache-airflow[cncf.kubernetes]
[2023-11-02T06:50:52.581+0000] {processor.py:841} WARNING - No viable dags retrieved from /home/ubuntu/customer_churn_venv/lib/python3.10/site-packages/airflow/example_dags/example_kubernetes_executor.py
[2023-11-02T06:50:52.592+0000] {processor.py:179} INFO - Processing /home/ubuntu/customer_churn_venv/lib/python3.10/site-packages/airflow/example_dags/example_kubernetes_executor.py took 0.019 seconds
[2023-11-02T06:51:37.962+0000] {processor.py:157} INFO - Started process (PID=3819) to work on /home/ubuntu/customer_churn_venv/lib/python3.10/site-packages/airflow/example_dags/example_kubernetes_executor.py
[2023-11-02T06:51:37.963+0000] {processor.py:829} INFO - Processing file /home/ubuntu/customer_churn_venv/lib/python3.10/site-packages/airflow/example_dags/example_kubernetes_executor.py for tasks to queue
[2023-11-02T06:51:37.964+0000] {logging_mixin.py:151} INFO - [2023-11-02T06:51:37.963+0000] {dagbag.py:536} INFO - Filling up the DagBag from /home/ubuntu/customer_churn_venv/lib/python3.10/site-packages/airflow/example_dags/example_kubernetes_executor.py
[2023-11-02T06:51:37.967+0000] {logging_mixin.py:151} INFO - [2023-11-02T06:51:37.967+0000] {example_kubernetes_executor.py:38} WARNING - The example_kubernetes_executor example DAG requires the kubernetes provider. Please install it with: pip install apache-airflow[cncf.kubernetes]
[2023-11-02T06:51:37.967+0000] {processor.py:841} WARNING - No viable dags retrieved from /home/ubuntu/customer_churn_venv/lib/python3.10/site-packages/airflow/example_dags/example_kubernetes_executor.py
[2023-11-02T06:51:37.978+0000] {processor.py:179} INFO - Processing /home/ubuntu/customer_churn_venv/lib/python3.10/site-packages/airflow/example_dags/example_kubernetes_executor.py took 0.020 seconds
[2023-11-02T06:52:23.779+0000] {processor.py:157} INFO - Started process (PID=3865) to work on /home/ubuntu/customer_churn_venv/lib/python3.10/site-packages/airflow/example_dags/example_kubernetes_executor.py
[2023-11-02T06:52:23.780+0000] {processor.py:829} INFO - Processing file /home/ubuntu/customer_churn_venv/lib/python3.10/site-packages/airflow/example_dags/example_kubernetes_executor.py for tasks to queue
[2023-11-02T06:52:23.781+0000] {logging_mixin.py:151} INFO - [2023-11-02T06:52:23.781+0000] {dagbag.py:536} INFO - Filling up the DagBag from /home/ubuntu/customer_churn_venv/lib/python3.10/site-packages/airflow/example_dags/example_kubernetes_executor.py
[2023-11-02T06:52:23.784+0000] {logging_mixin.py:151} INFO - [2023-11-02T06:52:23.784+0000] {example_kubernetes_executor.py:38} WARNING - The example_kubernetes_executor example DAG requires the kubernetes provider. Please install it with: pip install apache-airflow[cncf.kubernetes]
[2023-11-02T06:52:23.785+0000] {processor.py:841} WARNING - No viable dags retrieved from /home/ubuntu/customer_churn_venv/lib/python3.10/site-packages/airflow/example_dags/example_kubernetes_executor.py
[2023-11-02T06:52:23.795+0000] {processor.py:179} INFO - Processing /home/ubuntu/customer_churn_venv/lib/python3.10/site-packages/airflow/example_dags/example_kubernetes_executor.py took 0.020 seconds
[2023-11-02T06:53:10.685+0000] {processor.py:157} INFO - Started process (PID=3913) to work on /home/ubuntu/customer_churn_venv/lib/python3.10/site-packages/airflow/example_dags/example_kubernetes_executor.py
[2023-11-02T06:53:10.688+0000] {processor.py:829} INFO - Processing file /home/ubuntu/customer_churn_venv/lib/python3.10/site-packages/airflow/example_dags/example_kubernetes_executor.py for tasks to queue
[2023-11-02T06:53:10.689+0000] {logging_mixin.py:151} INFO - [2023-11-02T06:53:10.688+0000] {dagbag.py:536} INFO - Filling up the DagBag from /home/ubuntu/customer_churn_venv/lib/python3.10/site-packages/airflow/example_dags/example_kubernetes_executor.py
[2023-11-02T06:53:10.692+0000] {logging_mixin.py:151} INFO - [2023-11-02T06:53:10.692+0000] {example_kubernetes_executor.py:38} WARNING - The example_kubernetes_executor example DAG requires the kubernetes provider. Please install it with: pip install apache-airflow[cncf.kubernetes]
[2023-11-02T06:53:10.692+0000] {processor.py:841} WARNING - No viable dags retrieved from /home/ubuntu/customer_churn_venv/lib/python3.10/site-packages/airflow/example_dags/example_kubernetes_executor.py
[2023-11-02T06:53:10.705+0000] {processor.py:179} INFO - Processing /home/ubuntu/customer_churn_venv/lib/python3.10/site-packages/airflow/example_dags/example_kubernetes_executor.py took 0.023 seconds
[2023-11-02T07:00:08.601+0000] {processor.py:157} INFO - Started process (PID=4388) to work on /usr/local/lib/python3.10/dist-packages/airflow/example_dags/example_kubernetes_executor.py
[2023-11-02T07:00:08.602+0000] {processor.py:829} INFO - Processing file /usr/local/lib/python3.10/dist-packages/airflow/example_dags/example_kubernetes_executor.py for tasks to queue
[2023-11-02T07:00:08.603+0000] {logging_mixin.py:151} INFO - [2023-11-02T07:00:08.603+0000] {dagbag.py:536} INFO - Filling up the DagBag from /usr/local/lib/python3.10/dist-packages/airflow/example_dags/example_kubernetes_executor.py
[2023-11-02T07:00:08.606+0000] {logging_mixin.py:151} INFO - [2023-11-02T07:00:08.606+0000] {example_kubernetes_executor.py:38} WARNING - The example_kubernetes_executor example DAG requires the kubernetes provider. Please install it with: pip install apache-airflow[cncf.kubernetes]
[2023-11-02T07:00:08.606+0000] {processor.py:841} WARNING - No viable dags retrieved from /usr/local/lib/python3.10/dist-packages/airflow/example_dags/example_kubernetes_executor.py
[2023-11-02T07:00:08.617+0000] {processor.py:179} INFO - Processing /usr/local/lib/python3.10/dist-packages/airflow/example_dags/example_kubernetes_executor.py took 0.019 seconds
[2023-11-02T07:00:53.823+0000] {processor.py:157} INFO - Started process (PID=4435) to work on /usr/local/lib/python3.10/dist-packages/airflow/example_dags/example_kubernetes_executor.py
[2023-11-02T07:00:53.824+0000] {processor.py:829} INFO - Processing file /usr/local/lib/python3.10/dist-packages/airflow/example_dags/example_kubernetes_executor.py for tasks to queue
[2023-11-02T07:00:53.825+0000] {logging_mixin.py:151} INFO - [2023-11-02T07:00:53.825+0000] {dagbag.py:536} INFO - Filling up the DagBag from /usr/local/lib/python3.10/dist-packages/airflow/example_dags/example_kubernetes_executor.py
[2023-11-02T07:00:53.829+0000] {logging_mixin.py:151} INFO - [2023-11-02T07:00:53.828+0000] {example_kubernetes_executor.py:38} WARNING - The example_kubernetes_executor example DAG requires the kubernetes provider. Please install it with: pip install apache-airflow[cncf.kubernetes]
[2023-11-02T07:00:53.829+0000] {processor.py:841} WARNING - No viable dags retrieved from /usr/local/lib/python3.10/dist-packages/airflow/example_dags/example_kubernetes_executor.py
[2023-11-02T07:00:53.839+0000] {processor.py:179} INFO - Processing /usr/local/lib/python3.10/dist-packages/airflow/example_dags/example_kubernetes_executor.py took 0.019 seconds
[2023-11-02T07:01:38.656+0000] {processor.py:157} INFO - Started process (PID=4481) to work on /usr/local/lib/python3.10/dist-packages/airflow/example_dags/example_kubernetes_executor.py
[2023-11-02T07:01:38.657+0000] {processor.py:829} INFO - Processing file /usr/local/lib/python3.10/dist-packages/airflow/example_dags/example_kubernetes_executor.py for tasks to queue
[2023-11-02T07:01:38.658+0000] {logging_mixin.py:151} INFO - [2023-11-02T07:01:38.658+0000] {dagbag.py:536} INFO - Filling up the DagBag from /usr/local/lib/python3.10/dist-packages/airflow/example_dags/example_kubernetes_executor.py
[2023-11-02T07:01:38.661+0000] {logging_mixin.py:151} INFO - [2023-11-02T07:01:38.661+0000] {example_kubernetes_executor.py:38} WARNING - The example_kubernetes_executor example DAG requires the kubernetes provider. Please install it with: pip install apache-airflow[cncf.kubernetes]
[2023-11-02T07:01:38.662+0000] {processor.py:841} WARNING - No viable dags retrieved from /usr/local/lib/python3.10/dist-packages/airflow/example_dags/example_kubernetes_executor.py
[2023-11-02T07:01:38.672+0000] {processor.py:179} INFO - Processing /usr/local/lib/python3.10/dist-packages/airflow/example_dags/example_kubernetes_executor.py took 0.019 seconds
[2023-11-02T07:02:22.333+0000] {processor.py:157} INFO - Started process (PID=4527) to work on /usr/local/lib/python3.10/dist-packages/airflow/example_dags/example_kubernetes_executor.py
[2023-11-02T07:02:22.334+0000] {processor.py:829} INFO - Processing file /usr/local/lib/python3.10/dist-packages/airflow/example_dags/example_kubernetes_executor.py for tasks to queue
[2023-11-02T07:02:22.335+0000] {logging_mixin.py:151} INFO - [2023-11-02T07:02:22.334+0000] {dagbag.py:536} INFO - Filling up the DagBag from /usr/local/lib/python3.10/dist-packages/airflow/example_dags/example_kubernetes_executor.py
[2023-11-02T07:02:22.338+0000] {logging_mixin.py:151} INFO - [2023-11-02T07:02:22.337+0000] {example_kubernetes_executor.py:38} WARNING - The example_kubernetes_executor example DAG requires the kubernetes provider. Please install it with: pip install apache-airflow[cncf.kubernetes]
[2023-11-02T07:02:22.338+0000] {processor.py:841} WARNING - No viable dags retrieved from /usr/local/lib/python3.10/dist-packages/airflow/example_dags/example_kubernetes_executor.py
[2023-11-02T07:02:22.348+0000] {processor.py:179} INFO - Processing /usr/local/lib/python3.10/dist-packages/airflow/example_dags/example_kubernetes_executor.py took 0.019 seconds
[2023-11-02T07:03:07.951+0000] {processor.py:157} INFO - Started process (PID=4574) to work on /usr/local/lib/python3.10/dist-packages/airflow/example_dags/example_kubernetes_executor.py
[2023-11-02T07:03:07.952+0000] {processor.py:829} INFO - Processing file /usr/local/lib/python3.10/dist-packages/airflow/example_dags/example_kubernetes_executor.py for tasks to queue
[2023-11-02T07:03:07.953+0000] {logging_mixin.py:151} INFO - [2023-11-02T07:03:07.953+0000] {dagbag.py:536} INFO - Filling up the DagBag from /usr/local/lib/python3.10/dist-packages/airflow/example_dags/example_kubernetes_executor.py
[2023-11-02T07:03:07.956+0000] {logging_mixin.py:151} INFO - [2023-11-02T07:03:07.956+0000] {example_kubernetes_executor.py:38} WARNING - The example_kubernetes_executor example DAG requires the kubernetes provider. Please install it with: pip install apache-airflow[cncf.kubernetes]
[2023-11-02T07:03:07.957+0000] {processor.py:841} WARNING - No viable dags retrieved from /usr/local/lib/python3.10/dist-packages/airflow/example_dags/example_kubernetes_executor.py
[2023-11-02T07:03:07.968+0000] {processor.py:179} INFO - Processing /usr/local/lib/python3.10/dist-packages/airflow/example_dags/example_kubernetes_executor.py took 0.020 seconds
[2023-11-02T07:03:53.916+0000] {processor.py:157} INFO - Started process (PID=4622) to work on /usr/local/lib/python3.10/dist-packages/airflow/example_dags/example_kubernetes_executor.py
[2023-11-02T07:03:53.917+0000] {processor.py:829} INFO - Processing file /usr/local/lib/python3.10/dist-packages/airflow/example_dags/example_kubernetes_executor.py for tasks to queue
[2023-11-02T07:03:53.918+0000] {logging_mixin.py:151} INFO - [2023-11-02T07:03:53.917+0000] {dagbag.py:536} INFO - Filling up the DagBag from /usr/local/lib/python3.10/dist-packages/airflow/example_dags/example_kubernetes_executor.py
[2023-11-02T07:03:53.923+0000] {logging_mixin.py:151} INFO - [2023-11-02T07:03:53.923+0000] {example_kubernetes_executor.py:38} WARNING - The example_kubernetes_executor example DAG requires the kubernetes provider. Please install it with: pip install apache-airflow[cncf.kubernetes]
[2023-11-02T07:03:53.923+0000] {processor.py:841} WARNING - No viable dags retrieved from /usr/local/lib/python3.10/dist-packages/airflow/example_dags/example_kubernetes_executor.py
[2023-11-02T07:03:53.934+0000] {processor.py:179} INFO - Processing /usr/local/lib/python3.10/dist-packages/airflow/example_dags/example_kubernetes_executor.py took 0.022 seconds
[2023-11-02T07:04:38.170+0000] {processor.py:157} INFO - Started process (PID=4672) to work on /usr/local/lib/python3.10/dist-packages/airflow/example_dags/example_kubernetes_executor.py
[2023-11-02T07:04:38.171+0000] {processor.py:829} INFO - Processing file /usr/local/lib/python3.10/dist-packages/airflow/example_dags/example_kubernetes_executor.py for tasks to queue
[2023-11-02T07:04:38.172+0000] {logging_mixin.py:151} INFO - [2023-11-02T07:04:38.172+0000] {dagbag.py:536} INFO - Filling up the DagBag from /usr/local/lib/python3.10/dist-packages/airflow/example_dags/example_kubernetes_executor.py
[2023-11-02T07:04:38.176+0000] {logging_mixin.py:151} INFO - [2023-11-02T07:04:38.175+0000] {example_kubernetes_executor.py:38} WARNING - The example_kubernetes_executor example DAG requires the kubernetes provider. Please install it with: pip install apache-airflow[cncf.kubernetes]
[2023-11-02T07:04:38.176+0000] {processor.py:841} WARNING - No viable dags retrieved from /usr/local/lib/python3.10/dist-packages/airflow/example_dags/example_kubernetes_executor.py
[2023-11-02T07:04:38.186+0000] {processor.py:179} INFO - Processing /usr/local/lib/python3.10/dist-packages/airflow/example_dags/example_kubernetes_executor.py took 0.020 seconds
[2023-11-02T07:05:18.070+0000] {processor.py:157} INFO - Started process (PID=4715) to work on /usr/local/lib/python3.10/dist-packages/airflow/example_dags/example_kubernetes_executor.py
[2023-11-02T07:05:18.072+0000] {processor.py:829} INFO - Processing file /usr/local/lib/python3.10/dist-packages/airflow/example_dags/example_kubernetes_executor.py for tasks to queue
[2023-11-02T07:05:18.072+0000] {logging_mixin.py:151} INFO - [2023-11-02T07:05:18.072+0000] {dagbag.py:536} INFO - Filling up the DagBag from /usr/local/lib/python3.10/dist-packages/airflow/example_dags/example_kubernetes_executor.py
[2023-11-02T07:05:18.076+0000] {logging_mixin.py:151} INFO - [2023-11-02T07:05:18.075+0000] {example_kubernetes_executor.py:38} WARNING - The example_kubernetes_executor example DAG requires the kubernetes provider. Please install it with: pip install apache-airflow[cncf.kubernetes]
[2023-11-02T07:05:18.076+0000] {processor.py:841} WARNING - No viable dags retrieved from /usr/local/lib/python3.10/dist-packages/airflow/example_dags/example_kubernetes_executor.py
[2023-11-02T07:05:18.086+0000] {processor.py:179} INFO - Processing /usr/local/lib/python3.10/dist-packages/airflow/example_dags/example_kubernetes_executor.py took 0.019 seconds
[2023-11-02T07:06:03.553+0000] {processor.py:157} INFO - Started process (PID=4761) to work on /usr/local/lib/python3.10/dist-packages/airflow/example_dags/example_kubernetes_executor.py
[2023-11-02T07:06:03.554+0000] {processor.py:829} INFO - Processing file /usr/local/lib/python3.10/dist-packages/airflow/example_dags/example_kubernetes_executor.py for tasks to queue
[2023-11-02T07:06:03.555+0000] {logging_mixin.py:151} INFO - [2023-11-02T07:06:03.555+0000] {dagbag.py:536} INFO - Filling up the DagBag from /usr/local/lib/python3.10/dist-packages/airflow/example_dags/example_kubernetes_executor.py
[2023-11-02T07:06:03.558+0000] {logging_mixin.py:151} INFO - [2023-11-02T07:06:03.558+0000] {example_kubernetes_executor.py:38} WARNING - The example_kubernetes_executor example DAG requires the kubernetes provider. Please install it with: pip install apache-airflow[cncf.kubernetes]
[2023-11-02T07:06:03.559+0000] {processor.py:841} WARNING - No viable dags retrieved from /usr/local/lib/python3.10/dist-packages/airflow/example_dags/example_kubernetes_executor.py
[2023-11-02T07:06:03.571+0000] {processor.py:179} INFO - Processing /usr/local/lib/python3.10/dist-packages/airflow/example_dags/example_kubernetes_executor.py took 0.022 seconds
[2023-11-02T07:06:53.285+0000] {processor.py:157} INFO - Started process (PID=4811) to work on /usr/local/lib/python3.10/dist-packages/airflow/example_dags/example_kubernetes_executor.py
[2023-11-02T07:06:53.286+0000] {processor.py:829} INFO - Processing file /usr/local/lib/python3.10/dist-packages/airflow/example_dags/example_kubernetes_executor.py for tasks to queue
[2023-11-02T07:06:53.287+0000] {logging_mixin.py:151} INFO - [2023-11-02T07:06:53.286+0000] {dagbag.py:536} INFO - Filling up the DagBag from /usr/local/lib/python3.10/dist-packages/airflow/example_dags/example_kubernetes_executor.py
[2023-11-02T07:06:53.290+0000] {logging_mixin.py:151} INFO - [2023-11-02T07:06:53.290+0000] {example_kubernetes_executor.py:38} WARNING - The example_kubernetes_executor example DAG requires the kubernetes provider. Please install it with: pip install apache-airflow[cncf.kubernetes]
[2023-11-02T07:06:53.290+0000] {processor.py:841} WARNING - No viable dags retrieved from /usr/local/lib/python3.10/dist-packages/airflow/example_dags/example_kubernetes_executor.py
[2023-11-02T07:06:53.300+0000] {processor.py:179} INFO - Processing /usr/local/lib/python3.10/dist-packages/airflow/example_dags/example_kubernetes_executor.py took 0.019 seconds
[2023-11-02T07:07:39.762+0000] {processor.py:157} INFO - Started process (PID=4860) to work on /usr/local/lib/python3.10/dist-packages/airflow/example_dags/example_kubernetes_executor.py
[2023-11-02T07:07:39.763+0000] {processor.py:829} INFO - Processing file /usr/local/lib/python3.10/dist-packages/airflow/example_dags/example_kubernetes_executor.py for tasks to queue
[2023-11-02T07:07:39.764+0000] {logging_mixin.py:151} INFO - [2023-11-02T07:07:39.763+0000] {dagbag.py:536} INFO - Filling up the DagBag from /usr/local/lib/python3.10/dist-packages/airflow/example_dags/example_kubernetes_executor.py
[2023-11-02T07:07:39.767+0000] {logging_mixin.py:151} INFO - [2023-11-02T07:07:39.767+0000] {example_kubernetes_executor.py:38} WARNING - The example_kubernetes_executor example DAG requires the kubernetes provider. Please install it with: pip install apache-airflow[cncf.kubernetes]
[2023-11-02T07:07:39.767+0000] {processor.py:841} WARNING - No viable dags retrieved from /usr/local/lib/python3.10/dist-packages/airflow/example_dags/example_kubernetes_executor.py
[2023-11-02T07:07:39.777+0000] {processor.py:179} INFO - Processing /usr/local/lib/python3.10/dist-packages/airflow/example_dags/example_kubernetes_executor.py took 0.019 seconds
[2023-11-02T07:08:23.564+0000] {processor.py:157} INFO - Started process (PID=5095) to work on /usr/local/lib/python3.10/dist-packages/airflow/example_dags/example_kubernetes_executor.py
[2023-11-02T07:08:23.580+0000] {processor.py:829} INFO - Processing file /usr/local/lib/python3.10/dist-packages/airflow/example_dags/example_kubernetes_executor.py for tasks to queue
[2023-11-02T07:08:23.581+0000] {logging_mixin.py:151} INFO - [2023-11-02T07:08:23.581+0000] {dagbag.py:536} INFO - Filling up the DagBag from /usr/local/lib/python3.10/dist-packages/airflow/example_dags/example_kubernetes_executor.py
[2023-11-02T07:08:23.584+0000] {logging_mixin.py:151} INFO - [2023-11-02T07:08:23.584+0000] {example_kubernetes_executor.py:38} WARNING - The example_kubernetes_executor example DAG requires the kubernetes provider. Please install it with: pip install apache-airflow[cncf.kubernetes]
[2023-11-02T07:08:23.584+0000] {processor.py:841} WARNING - No viable dags retrieved from /usr/local/lib/python3.10/dist-packages/airflow/example_dags/example_kubernetes_executor.py
[2023-11-02T07:08:23.603+0000] {processor.py:179} INFO - Processing /usr/local/lib/python3.10/dist-packages/airflow/example_dags/example_kubernetes_executor.py took 0.044 seconds
[2023-11-02T07:09:07.135+0000] {processor.py:157} INFO - Started process (PID=5308) to work on /usr/local/lib/python3.10/dist-packages/airflow/example_dags/example_kubernetes_executor.py
[2023-11-02T07:09:07.137+0000] {processor.py:829} INFO - Processing file /usr/local/lib/python3.10/dist-packages/airflow/example_dags/example_kubernetes_executor.py for tasks to queue
[2023-11-02T07:09:07.141+0000] {logging_mixin.py:151} INFO - [2023-11-02T07:09:07.140+0000] {dagbag.py:536} INFO - Filling up the DagBag from /usr/local/lib/python3.10/dist-packages/airflow/example_dags/example_kubernetes_executor.py
[2023-11-02T07:09:07.149+0000] {logging_mixin.py:151} INFO - [2023-11-02T07:09:07.148+0000] {example_kubernetes_executor.py:38} WARNING - The example_kubernetes_executor example DAG requires the kubernetes provider. Please install it with: pip install apache-airflow[cncf.kubernetes]
[2023-11-02T07:09:07.149+0000] {processor.py:841} WARNING - No viable dags retrieved from /usr/local/lib/python3.10/dist-packages/airflow/example_dags/example_kubernetes_executor.py
[2023-11-02T07:09:07.173+0000] {processor.py:179} INFO - Processing /usr/local/lib/python3.10/dist-packages/airflow/example_dags/example_kubernetes_executor.py took 0.048 seconds
[2023-11-02T07:09:53.805+0000] {processor.py:157} INFO - Started process (PID=5392) to work on /usr/local/lib/python3.10/dist-packages/airflow/example_dags/example_kubernetes_executor.py
[2023-11-02T07:09:53.806+0000] {processor.py:829} INFO - Processing file /usr/local/lib/python3.10/dist-packages/airflow/example_dags/example_kubernetes_executor.py for tasks to queue
[2023-11-02T07:09:53.807+0000] {logging_mixin.py:151} INFO - [2023-11-02T07:09:53.807+0000] {dagbag.py:536} INFO - Filling up the DagBag from /usr/local/lib/python3.10/dist-packages/airflow/example_dags/example_kubernetes_executor.py
[2023-11-02T07:09:53.810+0000] {logging_mixin.py:151} INFO - [2023-11-02T07:09:53.810+0000] {example_kubernetes_executor.py:38} WARNING - The example_kubernetes_executor example DAG requires the kubernetes provider. Please install it with: pip install apache-airflow[cncf.kubernetes]
[2023-11-02T07:09:53.811+0000] {processor.py:841} WARNING - No viable dags retrieved from /usr/local/lib/python3.10/dist-packages/airflow/example_dags/example_kubernetes_executor.py
[2023-11-02T07:09:53.821+0000] {processor.py:179} INFO - Processing /usr/local/lib/python3.10/dist-packages/airflow/example_dags/example_kubernetes_executor.py took 0.019 seconds
[2023-11-02T07:10:40.600+0000] {processor.py:157} INFO - Started process (PID=5439) to work on /usr/local/lib/python3.10/dist-packages/airflow/example_dags/example_kubernetes_executor.py
[2023-11-02T07:10:40.602+0000] {processor.py:829} INFO - Processing file /usr/local/lib/python3.10/dist-packages/airflow/example_dags/example_kubernetes_executor.py for tasks to queue
[2023-11-02T07:10:40.602+0000] {logging_mixin.py:151} INFO - [2023-11-02T07:10:40.602+0000] {dagbag.py:536} INFO - Filling up the DagBag from /usr/local/lib/python3.10/dist-packages/airflow/example_dags/example_kubernetes_executor.py
[2023-11-02T07:10:40.606+0000] {logging_mixin.py:151} INFO - [2023-11-02T07:10:40.606+0000] {example_kubernetes_executor.py:38} WARNING - The example_kubernetes_executor example DAG requires the kubernetes provider. Please install it with: pip install apache-airflow[cncf.kubernetes]
[2023-11-02T07:10:40.606+0000] {processor.py:841} WARNING - No viable dags retrieved from /usr/local/lib/python3.10/dist-packages/airflow/example_dags/example_kubernetes_executor.py
[2023-11-02T07:10:40.617+0000] {processor.py:179} INFO - Processing /usr/local/lib/python3.10/dist-packages/airflow/example_dags/example_kubernetes_executor.py took 0.020 seconds
[2023-11-02T07:11:30.913+0000] {processor.py:157} INFO - Started process (PID=5494) to work on /usr/local/lib/python3.10/dist-packages/airflow/example_dags/example_kubernetes_executor.py
[2023-11-02T07:11:30.915+0000] {processor.py:829} INFO - Processing file /usr/local/lib/python3.10/dist-packages/airflow/example_dags/example_kubernetes_executor.py for tasks to queue
[2023-11-02T07:11:30.915+0000] {logging_mixin.py:151} INFO - [2023-11-02T07:11:30.915+0000] {dagbag.py:536} INFO - Filling up the DagBag from /usr/local/lib/python3.10/dist-packages/airflow/example_dags/example_kubernetes_executor.py
[2023-11-02T07:11:30.920+0000] {logging_mixin.py:151} INFO - [2023-11-02T07:11:30.920+0000] {example_kubernetes_executor.py:38} WARNING - The example_kubernetes_executor example DAG requires the kubernetes provider. Please install it with: pip install apache-airflow[cncf.kubernetes]
[2023-11-02T07:11:30.920+0000] {processor.py:841} WARNING - No viable dags retrieved from /usr/local/lib/python3.10/dist-packages/airflow/example_dags/example_kubernetes_executor.py
[2023-11-02T07:11:30.933+0000] {processor.py:179} INFO - Processing /usr/local/lib/python3.10/dist-packages/airflow/example_dags/example_kubernetes_executor.py took 0.023 seconds
[2023-11-02T07:12:13.361+0000] {processor.py:157} INFO - Started process (PID=5541) to work on /usr/local/lib/python3.10/dist-packages/airflow/example_dags/example_kubernetes_executor.py
[2023-11-02T07:12:13.362+0000] {processor.py:829} INFO - Processing file /usr/local/lib/python3.10/dist-packages/airflow/example_dags/example_kubernetes_executor.py for tasks to queue
[2023-11-02T07:12:13.363+0000] {logging_mixin.py:151} INFO - [2023-11-02T07:12:13.363+0000] {dagbag.py:536} INFO - Filling up the DagBag from /usr/local/lib/python3.10/dist-packages/airflow/example_dags/example_kubernetes_executor.py
[2023-11-02T07:12:13.366+0000] {logging_mixin.py:151} INFO - [2023-11-02T07:12:13.366+0000] {example_kubernetes_executor.py:38} WARNING - The example_kubernetes_executor example DAG requires the kubernetes provider. Please install it with: pip install apache-airflow[cncf.kubernetes]
[2023-11-02T07:12:13.366+0000] {processor.py:841} WARNING - No viable dags retrieved from /usr/local/lib/python3.10/dist-packages/airflow/example_dags/example_kubernetes_executor.py
[2023-11-02T07:12:13.377+0000] {processor.py:179} INFO - Processing /usr/local/lib/python3.10/dist-packages/airflow/example_dags/example_kubernetes_executor.py took 0.019 seconds
[2023-11-02T07:12:55.271+0000] {processor.py:157} INFO - Started process (PID=5584) to work on /usr/local/lib/python3.10/dist-packages/airflow/example_dags/example_kubernetes_executor.py
[2023-11-02T07:12:55.272+0000] {processor.py:829} INFO - Processing file /usr/local/lib/python3.10/dist-packages/airflow/example_dags/example_kubernetes_executor.py for tasks to queue
[2023-11-02T07:12:55.273+0000] {logging_mixin.py:151} INFO - [2023-11-02T07:12:55.273+0000] {dagbag.py:536} INFO - Filling up the DagBag from /usr/local/lib/python3.10/dist-packages/airflow/example_dags/example_kubernetes_executor.py
[2023-11-02T07:12:55.276+0000] {logging_mixin.py:151} INFO - [2023-11-02T07:12:55.276+0000] {example_kubernetes_executor.py:38} WARNING - The example_kubernetes_executor example DAG requires the kubernetes provider. Please install it with: pip install apache-airflow[cncf.kubernetes]
[2023-11-02T07:12:55.277+0000] {processor.py:841} WARNING - No viable dags retrieved from /usr/local/lib/python3.10/dist-packages/airflow/example_dags/example_kubernetes_executor.py
[2023-11-02T07:12:55.287+0000] {processor.py:179} INFO - Processing /usr/local/lib/python3.10/dist-packages/airflow/example_dags/example_kubernetes_executor.py took 0.020 seconds
