[2023-11-02T06:49:43.465+0000] {processor.py:157} INFO - Started process (PID=3711) to work on /home/ubuntu/customer_churn_venv/lib/python3.10/site-packages/airflow/example_dags/example_task_group.py
[2023-11-02T06:49:43.466+0000] {processor.py:829} INFO - Processing file /home/ubuntu/customer_churn_venv/lib/python3.10/site-packages/airflow/example_dags/example_task_group.py for tasks to queue
[2023-11-02T06:49:43.467+0000] {logging_mixin.py:151} INFO - [2023-11-02T06:49:43.466+0000] {dagbag.py:536} INFO - Filling up the DagBag from /home/ubuntu/customer_churn_venv/lib/python3.10/site-packages/airflow/example_dags/example_task_group.py
[2023-11-02T06:49:43.477+0000] {processor.py:839} INFO - DAG(s) dict_keys(['example_task_group']) retrieved from /home/ubuntu/customer_churn_venv/lib/python3.10/site-packages/airflow/example_dags/example_task_group.py
[2023-11-02T06:49:43.693+0000] {logging_mixin.py:151} INFO - [2023-11-02T06:49:43.692+0000] {manager.py:499} INFO - Created Permission View: %s
[2023-11-02T06:49:43.706+0000] {logging_mixin.py:151} INFO - [2023-11-02T06:49:43.705+0000] {manager.py:499} INFO - Created Permission View: %s
[2023-11-02T06:49:43.715+0000] {logging_mixin.py:151} INFO - [2023-11-02T06:49:43.715+0000] {manager.py:499} INFO - Created Permission View: %s
[2023-11-02T06:49:43.715+0000] {logging_mixin.py:151} INFO - [2023-11-02T06:49:43.715+0000] {dag.py:2941} INFO - Sync 1 DAGs
[2023-11-02T06:49:43.725+0000] {logging_mixin.py:151} INFO - [2023-11-02T06:49:43.725+0000] {dag.py:2963} INFO - Creating ORM DAG for example_task_group
[2023-11-02T06:49:43.733+0000] {logging_mixin.py:151} INFO - [2023-11-02T06:49:43.733+0000] {dag.py:3722} INFO - Setting next_dagrun for example_task_group to 2023-11-01T06:49:43.733401+00:00, run_after=2023-11-02T06:49:43.733401+00:00
[2023-11-02T06:49:43.754+0000] {processor.py:179} INFO - Processing /home/ubuntu/customer_churn_venv/lib/python3.10/site-packages/airflow/example_dags/example_task_group.py took 0.292 seconds
[2023-11-02T06:50:38.997+0000] {processor.py:157} INFO - Started process (PID=3757) to work on /home/ubuntu/customer_churn_venv/lib/python3.10/site-packages/airflow/example_dags/example_task_group.py
[2023-11-02T06:50:38.999+0000] {processor.py:829} INFO - Processing file /home/ubuntu/customer_churn_venv/lib/python3.10/site-packages/airflow/example_dags/example_task_group.py for tasks to queue
[2023-11-02T06:50:38.999+0000] {logging_mixin.py:151} INFO - [2023-11-02T06:50:38.999+0000] {dagbag.py:536} INFO - Filling up the DagBag from /home/ubuntu/customer_churn_venv/lib/python3.10/site-packages/airflow/example_dags/example_task_group.py
[2023-11-02T06:50:39.013+0000] {processor.py:839} INFO - DAG(s) dict_keys(['example_task_group']) retrieved from /home/ubuntu/customer_churn_venv/lib/python3.10/site-packages/airflow/example_dags/example_task_group.py
[2023-11-02T06:50:39.031+0000] {logging_mixin.py:151} INFO - [2023-11-02T06:50:39.031+0000] {dag.py:2941} INFO - Sync 1 DAGs
[2023-11-02T06:50:39.051+0000] {logging_mixin.py:151} INFO - [2023-11-02T06:50:39.051+0000] {dag.py:3722} INFO - Setting next_dagrun for example_task_group to 2023-11-01T06:50:39.051479+00:00, run_after=2023-11-02T06:50:39.051479+00:00
[2023-11-02T06:50:39.079+0000] {processor.py:179} INFO - Processing /home/ubuntu/customer_churn_venv/lib/python3.10/site-packages/airflow/example_dags/example_task_group.py took 0.085 seconds
[2023-11-02T06:51:24.799+0000] {processor.py:157} INFO - Started process (PID=3805) to work on /home/ubuntu/customer_churn_venv/lib/python3.10/site-packages/airflow/example_dags/example_task_group.py
[2023-11-02T06:51:24.801+0000] {processor.py:829} INFO - Processing file /home/ubuntu/customer_churn_venv/lib/python3.10/site-packages/airflow/example_dags/example_task_group.py for tasks to queue
[2023-11-02T06:51:24.802+0000] {logging_mixin.py:151} INFO - [2023-11-02T06:51:24.801+0000] {dagbag.py:536} INFO - Filling up the DagBag from /home/ubuntu/customer_churn_venv/lib/python3.10/site-packages/airflow/example_dags/example_task_group.py
[2023-11-02T06:51:24.810+0000] {processor.py:839} INFO - DAG(s) dict_keys(['example_task_group']) retrieved from /home/ubuntu/customer_churn_venv/lib/python3.10/site-packages/airflow/example_dags/example_task_group.py
[2023-11-02T06:51:24.829+0000] {logging_mixin.py:151} INFO - [2023-11-02T06:51:24.829+0000] {dag.py:2941} INFO - Sync 1 DAGs
[2023-11-02T06:51:24.850+0000] {logging_mixin.py:151} INFO - [2023-11-02T06:51:24.849+0000] {dag.py:3722} INFO - Setting next_dagrun for example_task_group to 2023-11-01T06:51:24.849652+00:00, run_after=2023-11-02T06:51:24.849652+00:00
[2023-11-02T06:51:24.873+0000] {processor.py:179} INFO - Processing /home/ubuntu/customer_churn_venv/lib/python3.10/site-packages/airflow/example_dags/example_task_group.py took 0.077 seconds
[2023-11-02T06:52:10.214+0000] {processor.py:157} INFO - Started process (PID=3852) to work on /home/ubuntu/customer_churn_venv/lib/python3.10/site-packages/airflow/example_dags/example_task_group.py
[2023-11-02T06:52:10.215+0000] {processor.py:829} INFO - Processing file /home/ubuntu/customer_churn_venv/lib/python3.10/site-packages/airflow/example_dags/example_task_group.py for tasks to queue
[2023-11-02T06:52:10.216+0000] {logging_mixin.py:151} INFO - [2023-11-02T06:52:10.216+0000] {dagbag.py:536} INFO - Filling up the DagBag from /home/ubuntu/customer_churn_venv/lib/python3.10/site-packages/airflow/example_dags/example_task_group.py
[2023-11-02T06:52:10.225+0000] {processor.py:839} INFO - DAG(s) dict_keys(['example_task_group']) retrieved from /home/ubuntu/customer_churn_venv/lib/python3.10/site-packages/airflow/example_dags/example_task_group.py
[2023-11-02T06:52:10.242+0000] {logging_mixin.py:151} INFO - [2023-11-02T06:52:10.242+0000] {dag.py:2941} INFO - Sync 1 DAGs
[2023-11-02T06:52:10.262+0000] {logging_mixin.py:151} INFO - [2023-11-02T06:52:10.262+0000] {dag.py:3722} INFO - Setting next_dagrun for example_task_group to 2023-11-01T06:52:10.262025+00:00, run_after=2023-11-02T06:52:10.262025+00:00
[2023-11-02T06:52:10.284+0000] {processor.py:179} INFO - Processing /home/ubuntu/customer_churn_venv/lib/python3.10/site-packages/airflow/example_dags/example_task_group.py took 0.073 seconds
[2023-11-02T06:52:58.105+0000] {processor.py:157} INFO - Started process (PID=3900) to work on /home/ubuntu/customer_churn_venv/lib/python3.10/site-packages/airflow/example_dags/example_task_group.py
[2023-11-02T06:52:58.106+0000] {processor.py:829} INFO - Processing file /home/ubuntu/customer_churn_venv/lib/python3.10/site-packages/airflow/example_dags/example_task_group.py for tasks to queue
[2023-11-02T06:52:58.107+0000] {logging_mixin.py:151} INFO - [2023-11-02T06:52:58.107+0000] {dagbag.py:536} INFO - Filling up the DagBag from /home/ubuntu/customer_churn_venv/lib/python3.10/site-packages/airflow/example_dags/example_task_group.py
[2023-11-02T06:52:58.116+0000] {processor.py:839} INFO - DAG(s) dict_keys(['example_task_group']) retrieved from /home/ubuntu/customer_churn_venv/lib/python3.10/site-packages/airflow/example_dags/example_task_group.py
[2023-11-02T06:52:58.134+0000] {logging_mixin.py:151} INFO - [2023-11-02T06:52:58.134+0000] {dag.py:2941} INFO - Sync 1 DAGs
[2023-11-02T06:52:58.154+0000] {logging_mixin.py:151} INFO - [2023-11-02T06:52:58.154+0000] {dag.py:3722} INFO - Setting next_dagrun for example_task_group to 2023-11-01T06:52:58.154100+00:00, run_after=2023-11-02T06:52:58.154100+00:00
[2023-11-02T06:52:58.176+0000] {processor.py:179} INFO - Processing /home/ubuntu/customer_churn_venv/lib/python3.10/site-packages/airflow/example_dags/example_task_group.py took 0.074 seconds
[2023-11-02T06:59:55.340+0000] {processor.py:157} INFO - Started process (PID=4375) to work on /usr/local/lib/python3.10/dist-packages/airflow/example_dags/example_task_group.py
[2023-11-02T06:59:55.342+0000] {processor.py:829} INFO - Processing file /usr/local/lib/python3.10/dist-packages/airflow/example_dags/example_task_group.py for tasks to queue
[2023-11-02T06:59:55.343+0000] {logging_mixin.py:151} INFO - [2023-11-02T06:59:55.342+0000] {dagbag.py:536} INFO - Filling up the DagBag from /usr/local/lib/python3.10/dist-packages/airflow/example_dags/example_task_group.py
[2023-11-02T06:59:55.356+0000] {processor.py:839} INFO - DAG(s) dict_keys(['example_task_group']) retrieved from /usr/local/lib/python3.10/dist-packages/airflow/example_dags/example_task_group.py
[2023-11-02T06:59:55.476+0000] {logging_mixin.py:151} INFO - [2023-11-02T06:59:55.475+0000] {dag.py:2941} INFO - Sync 1 DAGs
[2023-11-02T06:59:55.494+0000] {logging_mixin.py:151} INFO - [2023-11-02T06:59:55.494+0000] {dag.py:3722} INFO - Setting next_dagrun for example_task_group to 2023-11-01T06:59:55.494538+00:00, run_after=2023-11-02T06:59:55.494538+00:00
[2023-11-02T06:59:55.515+0000] {processor.py:179} INFO - Processing /usr/local/lib/python3.10/dist-packages/airflow/example_dags/example_task_group.py took 0.178 seconds
[2023-11-02T07:00:42.001+0000] {processor.py:157} INFO - Started process (PID=4421) to work on /usr/local/lib/python3.10/dist-packages/airflow/example_dags/example_task_group.py
[2023-11-02T07:00:42.002+0000] {processor.py:829} INFO - Processing file /usr/local/lib/python3.10/dist-packages/airflow/example_dags/example_task_group.py for tasks to queue
[2023-11-02T07:00:42.003+0000] {logging_mixin.py:151} INFO - [2023-11-02T07:00:42.003+0000] {dagbag.py:536} INFO - Filling up the DagBag from /usr/local/lib/python3.10/dist-packages/airflow/example_dags/example_task_group.py
[2023-11-02T07:00:42.013+0000] {processor.py:839} INFO - DAG(s) dict_keys(['example_task_group']) retrieved from /usr/local/lib/python3.10/dist-packages/airflow/example_dags/example_task_group.py
[2023-11-02T07:00:42.031+0000] {logging_mixin.py:151} INFO - [2023-11-02T07:00:42.031+0000] {dag.py:2941} INFO - Sync 1 DAGs
[2023-11-02T07:00:42.053+0000] {logging_mixin.py:151} INFO - [2023-11-02T07:00:42.053+0000] {dag.py:3722} INFO - Setting next_dagrun for example_task_group to 2023-11-01T07:00:42.053421+00:00, run_after=2023-11-02T07:00:42.053421+00:00
[2023-11-02T07:00:42.076+0000] {processor.py:179} INFO - Processing /usr/local/lib/python3.10/dist-packages/airflow/example_dags/example_task_group.py took 0.079 seconds
[2023-11-02T07:01:26.068+0000] {processor.py:157} INFO - Started process (PID=4468) to work on /usr/local/lib/python3.10/dist-packages/airflow/example_dags/example_task_group.py
[2023-11-02T07:01:26.070+0000] {processor.py:829} INFO - Processing file /usr/local/lib/python3.10/dist-packages/airflow/example_dags/example_task_group.py for tasks to queue
[2023-11-02T07:01:26.071+0000] {logging_mixin.py:151} INFO - [2023-11-02T07:01:26.070+0000] {dagbag.py:536} INFO - Filling up the DagBag from /usr/local/lib/python3.10/dist-packages/airflow/example_dags/example_task_group.py
[2023-11-02T07:01:26.080+0000] {processor.py:839} INFO - DAG(s) dict_keys(['example_task_group']) retrieved from /usr/local/lib/python3.10/dist-packages/airflow/example_dags/example_task_group.py
[2023-11-02T07:01:26.098+0000] {logging_mixin.py:151} INFO - [2023-11-02T07:01:26.097+0000] {dag.py:2941} INFO - Sync 1 DAGs
[2023-11-02T07:01:26.118+0000] {logging_mixin.py:151} INFO - [2023-11-02T07:01:26.117+0000] {dag.py:3722} INFO - Setting next_dagrun for example_task_group to 2023-11-01T07:01:26.117593+00:00, run_after=2023-11-02T07:01:26.117593+00:00
[2023-11-02T07:01:26.140+0000] {processor.py:179} INFO - Processing /usr/local/lib/python3.10/dist-packages/airflow/example_dags/example_task_group.py took 0.074 seconds
[2023-11-02T07:02:07.467+0000] {processor.py:157} INFO - Started process (PID=4512) to work on /usr/local/lib/python3.10/dist-packages/airflow/example_dags/example_task_group.py
[2023-11-02T07:02:07.468+0000] {processor.py:829} INFO - Processing file /usr/local/lib/python3.10/dist-packages/airflow/example_dags/example_task_group.py for tasks to queue
[2023-11-02T07:02:07.469+0000] {logging_mixin.py:151} INFO - [2023-11-02T07:02:07.469+0000] {dagbag.py:536} INFO - Filling up the DagBag from /usr/local/lib/python3.10/dist-packages/airflow/example_dags/example_task_group.py
[2023-11-02T07:02:07.478+0000] {processor.py:839} INFO - DAG(s) dict_keys(['example_task_group']) retrieved from /usr/local/lib/python3.10/dist-packages/airflow/example_dags/example_task_group.py
[2023-11-02T07:02:07.496+0000] {logging_mixin.py:151} INFO - [2023-11-02T07:02:07.496+0000] {dag.py:2941} INFO - Sync 1 DAGs
[2023-11-02T07:02:07.517+0000] {logging_mixin.py:151} INFO - [2023-11-02T07:02:07.517+0000] {dag.py:3722} INFO - Setting next_dagrun for example_task_group to 2023-11-01T07:02:07.517174+00:00, run_after=2023-11-02T07:02:07.517174+00:00
[2023-11-02T07:02:07.543+0000] {processor.py:179} INFO - Processing /usr/local/lib/python3.10/dist-packages/airflow/example_dags/example_task_group.py took 0.080 seconds
[2023-11-02T07:02:52.230+0000] {processor.py:157} INFO - Started process (PID=4557) to work on /usr/local/lib/python3.10/dist-packages/airflow/example_dags/example_task_group.py
[2023-11-02T07:02:52.231+0000] {processor.py:829} INFO - Processing file /usr/local/lib/python3.10/dist-packages/airflow/example_dags/example_task_group.py for tasks to queue
[2023-11-02T07:02:52.232+0000] {logging_mixin.py:151} INFO - [2023-11-02T07:02:52.232+0000] {dagbag.py:536} INFO - Filling up the DagBag from /usr/local/lib/python3.10/dist-packages/airflow/example_dags/example_task_group.py
[2023-11-02T07:02:52.241+0000] {processor.py:839} INFO - DAG(s) dict_keys(['example_task_group']) retrieved from /usr/local/lib/python3.10/dist-packages/airflow/example_dags/example_task_group.py
[2023-11-02T07:02:52.258+0000] {logging_mixin.py:151} INFO - [2023-11-02T07:02:52.258+0000] {dag.py:2941} INFO - Sync 1 DAGs
[2023-11-02T07:02:52.278+0000] {logging_mixin.py:151} INFO - [2023-11-02T07:02:52.278+0000] {dag.py:3722} INFO - Setting next_dagrun for example_task_group to 2023-11-01T07:02:52.277863+00:00, run_after=2023-11-02T07:02:52.277863+00:00
[2023-11-02T07:02:52.299+0000] {processor.py:179} INFO - Processing /usr/local/lib/python3.10/dist-packages/airflow/example_dags/example_task_group.py took 0.072 seconds
[2023-11-02T07:03:38.313+0000] {processor.py:157} INFO - Started process (PID=4604) to work on /usr/local/lib/python3.10/dist-packages/airflow/example_dags/example_task_group.py
[2023-11-02T07:03:38.314+0000] {processor.py:829} INFO - Processing file /usr/local/lib/python3.10/dist-packages/airflow/example_dags/example_task_group.py for tasks to queue
[2023-11-02T07:03:38.315+0000] {logging_mixin.py:151} INFO - [2023-11-02T07:03:38.315+0000] {dagbag.py:536} INFO - Filling up the DagBag from /usr/local/lib/python3.10/dist-packages/airflow/example_dags/example_task_group.py
[2023-11-02T07:03:38.324+0000] {processor.py:839} INFO - DAG(s) dict_keys(['example_task_group']) retrieved from /usr/local/lib/python3.10/dist-packages/airflow/example_dags/example_task_group.py
[2023-11-02T07:03:38.343+0000] {logging_mixin.py:151} INFO - [2023-11-02T07:03:38.343+0000] {dag.py:2941} INFO - Sync 1 DAGs
[2023-11-02T07:03:38.364+0000] {logging_mixin.py:151} INFO - [2023-11-02T07:03:38.364+0000] {dag.py:3722} INFO - Setting next_dagrun for example_task_group to 2023-11-01T07:03:38.364494+00:00, run_after=2023-11-02T07:03:38.364494+00:00
[2023-11-02T07:03:38.387+0000] {processor.py:179} INFO - Processing /usr/local/lib/python3.10/dist-packages/airflow/example_dags/example_task_group.py took 0.077 seconds
[2023-11-02T07:04:20.019+0000] {processor.py:157} INFO - Started process (PID=4652) to work on /usr/local/lib/python3.10/dist-packages/airflow/example_dags/example_task_group.py
[2023-11-02T07:04:20.020+0000] {processor.py:829} INFO - Processing file /usr/local/lib/python3.10/dist-packages/airflow/example_dags/example_task_group.py for tasks to queue
[2023-11-02T07:04:20.021+0000] {logging_mixin.py:151} INFO - [2023-11-02T07:04:20.021+0000] {dagbag.py:536} INFO - Filling up the DagBag from /usr/local/lib/python3.10/dist-packages/airflow/example_dags/example_task_group.py
[2023-11-02T07:04:20.030+0000] {processor.py:839} INFO - DAG(s) dict_keys(['example_task_group']) retrieved from /usr/local/lib/python3.10/dist-packages/airflow/example_dags/example_task_group.py
[2023-11-02T07:04:20.048+0000] {logging_mixin.py:151} INFO - [2023-11-02T07:04:20.048+0000] {dag.py:2941} INFO - Sync 1 DAGs
[2023-11-02T07:04:20.068+0000] {logging_mixin.py:151} INFO - [2023-11-02T07:04:20.068+0000] {dag.py:3722} INFO - Setting next_dagrun for example_task_group to 2023-11-01T07:04:20.068014+00:00, run_after=2023-11-02T07:04:20.068014+00:00
[2023-11-02T07:04:20.090+0000] {processor.py:179} INFO - Processing /usr/local/lib/python3.10/dist-packages/airflow/example_dags/example_task_group.py took 0.074 seconds
[2023-11-02T07:05:04.918+0000] {processor.py:157} INFO - Started process (PID=4700) to work on /usr/local/lib/python3.10/dist-packages/airflow/example_dags/example_task_group.py
[2023-11-02T07:05:04.920+0000] {processor.py:829} INFO - Processing file /usr/local/lib/python3.10/dist-packages/airflow/example_dags/example_task_group.py for tasks to queue
[2023-11-02T07:05:04.922+0000] {logging_mixin.py:151} INFO - [2023-11-02T07:05:04.921+0000] {dagbag.py:536} INFO - Filling up the DagBag from /usr/local/lib/python3.10/dist-packages/airflow/example_dags/example_task_group.py
[2023-11-02T07:05:04.930+0000] {processor.py:839} INFO - DAG(s) dict_keys(['example_task_group']) retrieved from /usr/local/lib/python3.10/dist-packages/airflow/example_dags/example_task_group.py
[2023-11-02T07:05:04.948+0000] {logging_mixin.py:151} INFO - [2023-11-02T07:05:04.948+0000] {dag.py:2941} INFO - Sync 1 DAGs
[2023-11-02T07:05:04.968+0000] {logging_mixin.py:151} INFO - [2023-11-02T07:05:04.968+0000] {dag.py:3722} INFO - Setting next_dagrun for example_task_group to 2023-11-01T07:05:04.968358+00:00, run_after=2023-11-02T07:05:04.968358+00:00
[2023-11-02T07:05:04.990+0000] {processor.py:179} INFO - Processing /usr/local/lib/python3.10/dist-packages/airflow/example_dags/example_task_group.py took 0.078 seconds
[2023-11-02T07:05:47.243+0000] {processor.py:157} INFO - Started process (PID=4745) to work on /usr/local/lib/python3.10/dist-packages/airflow/example_dags/example_task_group.py
[2023-11-02T07:05:47.245+0000] {processor.py:829} INFO - Processing file /usr/local/lib/python3.10/dist-packages/airflow/example_dags/example_task_group.py for tasks to queue
[2023-11-02T07:05:47.245+0000] {logging_mixin.py:151} INFO - [2023-11-02T07:05:47.245+0000] {dagbag.py:536} INFO - Filling up the DagBag from /usr/local/lib/python3.10/dist-packages/airflow/example_dags/example_task_group.py
[2023-11-02T07:05:47.254+0000] {processor.py:839} INFO - DAG(s) dict_keys(['example_task_group']) retrieved from /usr/local/lib/python3.10/dist-packages/airflow/example_dags/example_task_group.py
[2023-11-02T07:05:47.272+0000] {logging_mixin.py:151} INFO - [2023-11-02T07:05:47.272+0000] {dag.py:2941} INFO - Sync 1 DAGs
[2023-11-02T07:05:47.293+0000] {logging_mixin.py:151} INFO - [2023-11-02T07:05:47.293+0000] {dag.py:3722} INFO - Setting next_dagrun for example_task_group to 2023-11-01T07:05:47.292791+00:00, run_after=2023-11-02T07:05:47.292791+00:00
[2023-11-02T07:05:47.319+0000] {processor.py:179} INFO - Processing /usr/local/lib/python3.10/dist-packages/airflow/example_dags/example_task_group.py took 0.079 seconds
[2023-11-02T07:06:35.542+0000] {processor.py:157} INFO - Started process (PID=4793) to work on /usr/local/lib/python3.10/dist-packages/airflow/example_dags/example_task_group.py
[2023-11-02T07:06:35.543+0000] {processor.py:829} INFO - Processing file /usr/local/lib/python3.10/dist-packages/airflow/example_dags/example_task_group.py for tasks to queue
[2023-11-02T07:06:35.545+0000] {logging_mixin.py:151} INFO - [2023-11-02T07:06:35.544+0000] {dagbag.py:536} INFO - Filling up the DagBag from /usr/local/lib/python3.10/dist-packages/airflow/example_dags/example_task_group.py
[2023-11-02T07:06:35.555+0000] {processor.py:839} INFO - DAG(s) dict_keys(['example_task_group']) retrieved from /usr/local/lib/python3.10/dist-packages/airflow/example_dags/example_task_group.py
[2023-11-02T07:06:35.575+0000] {logging_mixin.py:151} INFO - [2023-11-02T07:06:35.575+0000] {dag.py:2941} INFO - Sync 1 DAGs
[2023-11-02T07:06:35.597+0000] {logging_mixin.py:151} INFO - [2023-11-02T07:06:35.597+0000] {dag.py:3722} INFO - Setting next_dagrun for example_task_group to 2023-11-01T07:06:35.597428+00:00, run_after=2023-11-02T07:06:35.597428+00:00
[2023-11-02T07:06:35.623+0000] {processor.py:179} INFO - Processing /usr/local/lib/python3.10/dist-packages/airflow/example_dags/example_task_group.py took 0.084 seconds
[2023-11-02T07:07:22.914+0000] {processor.py:157} INFO - Started process (PID=4841) to work on /usr/local/lib/python3.10/dist-packages/airflow/example_dags/example_task_group.py
[2023-11-02T07:07:22.915+0000] {processor.py:829} INFO - Processing file /usr/local/lib/python3.10/dist-packages/airflow/example_dags/example_task_group.py for tasks to queue
[2023-11-02T07:07:22.916+0000] {logging_mixin.py:151} INFO - [2023-11-02T07:07:22.915+0000] {dagbag.py:536} INFO - Filling up the DagBag from /usr/local/lib/python3.10/dist-packages/airflow/example_dags/example_task_group.py
[2023-11-02T07:07:22.925+0000] {processor.py:839} INFO - DAG(s) dict_keys(['example_task_group']) retrieved from /usr/local/lib/python3.10/dist-packages/airflow/example_dags/example_task_group.py
[2023-11-02T07:07:22.943+0000] {logging_mixin.py:151} INFO - [2023-11-02T07:07:22.943+0000] {dag.py:2941} INFO - Sync 1 DAGs
[2023-11-02T07:07:22.964+0000] {logging_mixin.py:151} INFO - [2023-11-02T07:07:22.963+0000] {dag.py:3722} INFO - Setting next_dagrun for example_task_group to 2023-11-01T07:07:22.963710+00:00, run_after=2023-11-02T07:07:22.963710+00:00
[2023-11-02T07:07:22.988+0000] {processor.py:179} INFO - Processing /usr/local/lib/python3.10/dist-packages/airflow/example_dags/example_task_group.py took 0.077 seconds
[2023-11-02T07:08:05.249+0000] {processor.py:157} INFO - Started process (PID=4887) to work on /usr/local/lib/python3.10/dist-packages/airflow/example_dags/example_task_group.py
[2023-11-02T07:08:05.250+0000] {processor.py:829} INFO - Processing file /usr/local/lib/python3.10/dist-packages/airflow/example_dags/example_task_group.py for tasks to queue
[2023-11-02T07:08:05.251+0000] {logging_mixin.py:151} INFO - [2023-11-02T07:08:05.251+0000] {dagbag.py:536} INFO - Filling up the DagBag from /usr/local/lib/python3.10/dist-packages/airflow/example_dags/example_task_group.py
[2023-11-02T07:08:05.260+0000] {processor.py:839} INFO - DAG(s) dict_keys(['example_task_group']) retrieved from /usr/local/lib/python3.10/dist-packages/airflow/example_dags/example_task_group.py
[2023-11-02T07:08:05.278+0000] {logging_mixin.py:151} INFO - [2023-11-02T07:08:05.278+0000] {dag.py:2941} INFO - Sync 1 DAGs
[2023-11-02T07:08:05.300+0000] {logging_mixin.py:151} INFO - [2023-11-02T07:08:05.300+0000] {dag.py:3722} INFO - Setting next_dagrun for example_task_group to 2023-11-01T07:08:05.299777+00:00, run_after=2023-11-02T07:08:05.299777+00:00
[2023-11-02T07:08:05.324+0000] {processor.py:179} INFO - Processing /usr/local/lib/python3.10/dist-packages/airflow/example_dags/example_task_group.py took 0.078 seconds
[2023-11-02T07:08:53.036+0000] {processor.py:157} INFO - Started process (PID=5169) to work on /usr/local/lib/python3.10/dist-packages/airflow/example_dags/example_task_group.py
[2023-11-02T07:08:53.037+0000] {processor.py:829} INFO - Processing file /usr/local/lib/python3.10/dist-packages/airflow/example_dags/example_task_group.py for tasks to queue
[2023-11-02T07:08:53.038+0000] {logging_mixin.py:151} INFO - [2023-11-02T07:08:53.038+0000] {dagbag.py:536} INFO - Filling up the DagBag from /usr/local/lib/python3.10/dist-packages/airflow/example_dags/example_task_group.py
[2023-11-02T07:08:53.046+0000] {processor.py:839} INFO - DAG(s) dict_keys(['example_task_group']) retrieved from /usr/local/lib/python3.10/dist-packages/airflow/example_dags/example_task_group.py
[2023-11-02T07:08:53.064+0000] {logging_mixin.py:151} INFO - [2023-11-02T07:08:53.064+0000] {dag.py:2941} INFO - Sync 1 DAGs
[2023-11-02T07:08:53.084+0000] {logging_mixin.py:151} INFO - [2023-11-02T07:08:53.084+0000] {dag.py:3722} INFO - Setting next_dagrun for example_task_group to 2023-11-01T07:08:53.084280+00:00, run_after=2023-11-02T07:08:53.084280+00:00
[2023-11-02T07:08:53.106+0000] {processor.py:179} INFO - Processing /usr/local/lib/python3.10/dist-packages/airflow/example_dags/example_task_group.py took 0.074 seconds
[2023-11-02T07:09:36.614+0000] {processor.py:157} INFO - Started process (PID=5372) to work on /usr/local/lib/python3.10/dist-packages/airflow/example_dags/example_task_group.py
[2023-11-02T07:09:36.615+0000] {processor.py:829} INFO - Processing file /usr/local/lib/python3.10/dist-packages/airflow/example_dags/example_task_group.py for tasks to queue
[2023-11-02T07:09:36.616+0000] {logging_mixin.py:151} INFO - [2023-11-02T07:09:36.615+0000] {dagbag.py:536} INFO - Filling up the DagBag from /usr/local/lib/python3.10/dist-packages/airflow/example_dags/example_task_group.py
[2023-11-02T07:09:36.624+0000] {processor.py:839} INFO - DAG(s) dict_keys(['example_task_group']) retrieved from /usr/local/lib/python3.10/dist-packages/airflow/example_dags/example_task_group.py
[2023-11-02T07:09:36.642+0000] {logging_mixin.py:151} INFO - [2023-11-02T07:09:36.642+0000] {dag.py:2941} INFO - Sync 1 DAGs
[2023-11-02T07:09:36.662+0000] {logging_mixin.py:151} INFO - [2023-11-02T07:09:36.662+0000] {dag.py:3722} INFO - Setting next_dagrun for example_task_group to 2023-11-01T07:09:36.662094+00:00, run_after=2023-11-02T07:09:36.662094+00:00
[2023-11-02T07:09:36.684+0000] {processor.py:179} INFO - Processing /usr/local/lib/python3.10/dist-packages/airflow/example_dags/example_task_group.py took 0.073 seconds
[2023-11-02T07:10:21.722+0000] {processor.py:157} INFO - Started process (PID=5420) to work on /usr/local/lib/python3.10/dist-packages/airflow/example_dags/example_task_group.py
[2023-11-02T07:10:21.723+0000] {processor.py:829} INFO - Processing file /usr/local/lib/python3.10/dist-packages/airflow/example_dags/example_task_group.py for tasks to queue
[2023-11-02T07:10:21.724+0000] {logging_mixin.py:151} INFO - [2023-11-02T07:10:21.724+0000] {dagbag.py:536} INFO - Filling up the DagBag from /usr/local/lib/python3.10/dist-packages/airflow/example_dags/example_task_group.py
[2023-11-02T07:10:21.733+0000] {processor.py:839} INFO - DAG(s) dict_keys(['example_task_group']) retrieved from /usr/local/lib/python3.10/dist-packages/airflow/example_dags/example_task_group.py
[2023-11-02T07:10:21.752+0000] {logging_mixin.py:151} INFO - [2023-11-02T07:10:21.752+0000] {dag.py:2941} INFO - Sync 1 DAGs
[2023-11-02T07:10:21.773+0000] {logging_mixin.py:151} INFO - [2023-11-02T07:10:21.773+0000] {dag.py:3722} INFO - Setting next_dagrun for example_task_group to 2023-11-01T07:10:21.773028+00:00, run_after=2023-11-02T07:10:21.773028+00:00
[2023-11-02T07:10:21.797+0000] {processor.py:179} INFO - Processing /usr/local/lib/python3.10/dist-packages/airflow/example_dags/example_task_group.py took 0.078 seconds
[2023-11-02T07:11:10.315+0000] {processor.py:157} INFO - Started process (PID=5469) to work on /usr/local/lib/python3.10/dist-packages/airflow/example_dags/example_task_group.py
[2023-11-02T07:11:10.316+0000] {processor.py:829} INFO - Processing file /usr/local/lib/python3.10/dist-packages/airflow/example_dags/example_task_group.py for tasks to queue
[2023-11-02T07:11:10.317+0000] {logging_mixin.py:151} INFO - [2023-11-02T07:11:10.316+0000] {dagbag.py:536} INFO - Filling up the DagBag from /usr/local/lib/python3.10/dist-packages/airflow/example_dags/example_task_group.py
[2023-11-02T07:11:10.325+0000] {processor.py:839} INFO - DAG(s) dict_keys(['example_task_group']) retrieved from /usr/local/lib/python3.10/dist-packages/airflow/example_dags/example_task_group.py
[2023-11-02T07:11:10.343+0000] {logging_mixin.py:151} INFO - [2023-11-02T07:11:10.343+0000] {dag.py:2941} INFO - Sync 1 DAGs
[2023-11-02T07:11:10.363+0000] {logging_mixin.py:151} INFO - [2023-11-02T07:11:10.363+0000] {dag.py:3722} INFO - Setting next_dagrun for example_task_group to 2023-11-01T07:11:10.363319+00:00, run_after=2023-11-02T07:11:10.363319+00:00
[2023-11-02T07:11:10.387+0000] {processor.py:179} INFO - Processing /usr/local/lib/python3.10/dist-packages/airflow/example_dags/example_task_group.py took 0.076 seconds
[2023-11-02T07:11:48.837+0000] {processor.py:157} INFO - Started process (PID=5513) to work on /usr/local/lib/python3.10/dist-packages/airflow/example_dags/example_task_group.py
[2023-11-02T07:11:48.839+0000] {processor.py:829} INFO - Processing file /usr/local/lib/python3.10/dist-packages/airflow/example_dags/example_task_group.py for tasks to queue
[2023-11-02T07:11:48.839+0000] {logging_mixin.py:151} INFO - [2023-11-02T07:11:48.839+0000] {dagbag.py:536} INFO - Filling up the DagBag from /usr/local/lib/python3.10/dist-packages/airflow/example_dags/example_task_group.py
[2023-11-02T07:11:48.849+0000] {processor.py:839} INFO - DAG(s) dict_keys(['example_task_group']) retrieved from /usr/local/lib/python3.10/dist-packages/airflow/example_dags/example_task_group.py
[2023-11-02T07:11:48.867+0000] {logging_mixin.py:151} INFO - [2023-11-02T07:11:48.867+0000] {dag.py:2941} INFO - Sync 1 DAGs
[2023-11-02T07:11:48.888+0000] {logging_mixin.py:151} INFO - [2023-11-02T07:11:48.888+0000] {dag.py:3722} INFO - Setting next_dagrun for example_task_group to 2023-11-01T07:11:48.888082+00:00, run_after=2023-11-02T07:11:48.888082+00:00
[2023-11-02T07:11:48.911+0000] {processor.py:179} INFO - Processing /usr/local/lib/python3.10/dist-packages/airflow/example_dags/example_task_group.py took 0.077 seconds
[2023-11-02T07:12:29.860+0000] {processor.py:157} INFO - Started process (PID=5558) to work on /usr/local/lib/python3.10/dist-packages/airflow/example_dags/example_task_group.py
[2023-11-02T07:12:29.862+0000] {processor.py:829} INFO - Processing file /usr/local/lib/python3.10/dist-packages/airflow/example_dags/example_task_group.py for tasks to queue
[2023-11-02T07:12:29.863+0000] {logging_mixin.py:151} INFO - [2023-11-02T07:12:29.862+0000] {dagbag.py:536} INFO - Filling up the DagBag from /usr/local/lib/python3.10/dist-packages/airflow/example_dags/example_task_group.py
[2023-11-02T07:12:29.872+0000] {processor.py:839} INFO - DAG(s) dict_keys(['example_task_group']) retrieved from /usr/local/lib/python3.10/dist-packages/airflow/example_dags/example_task_group.py
[2023-11-02T07:12:29.890+0000] {logging_mixin.py:151} INFO - [2023-11-02T07:12:29.889+0000] {dag.py:2941} INFO - Sync 1 DAGs
[2023-11-02T07:12:29.912+0000] {logging_mixin.py:151} INFO - [2023-11-02T07:12:29.912+0000] {dag.py:3722} INFO - Setting next_dagrun for example_task_group to 2023-11-01T07:12:29.912288+00:00, run_after=2023-11-02T07:12:29.912288+00:00
[2023-11-02T07:12:29.934+0000] {processor.py:179} INFO - Processing /usr/local/lib/python3.10/dist-packages/airflow/example_dags/example_task_group.py took 0.077 seconds
