[2023-11-02T06:49:42.245+0000] {processor.py:157} INFO - Started process (PID=3710) to work on /home/ubuntu/customer_churn_venv/lib/python3.10/site-packages/airflow/example_dags/example_task_group_decorator.py
[2023-11-02T06:49:42.245+0000] {processor.py:829} INFO - Processing file /home/ubuntu/customer_churn_venv/lib/python3.10/site-packages/airflow/example_dags/example_task_group_decorator.py for tasks to queue
[2023-11-02T06:49:42.246+0000] {logging_mixin.py:151} INFO - [2023-11-02T06:49:42.246+0000] {dagbag.py:536} INFO - Filling up the DagBag from /home/ubuntu/customer_churn_venv/lib/python3.10/site-packages/airflow/example_dags/example_task_group_decorator.py
[2023-11-02T06:49:42.264+0000] {processor.py:839} INFO - DAG(s) dict_keys(['example_task_group_decorator']) retrieved from /home/ubuntu/customer_churn_venv/lib/python3.10/site-packages/airflow/example_dags/example_task_group_decorator.py
[2023-11-02T06:49:42.481+0000] {logging_mixin.py:151} INFO - [2023-11-02T06:49:42.480+0000] {manager.py:499} INFO - Created Permission View: %s
[2023-11-02T06:49:42.495+0000] {logging_mixin.py:151} INFO - [2023-11-02T06:49:42.495+0000] {manager.py:499} INFO - Created Permission View: %s
[2023-11-02T06:49:42.504+0000] {logging_mixin.py:151} INFO - [2023-11-02T06:49:42.504+0000] {manager.py:499} INFO - Created Permission View: %s
[2023-11-02T06:49:42.504+0000] {logging_mixin.py:151} INFO - [2023-11-02T06:49:42.504+0000] {dag.py:2941} INFO - Sync 1 DAGs
[2023-11-02T06:49:42.514+0000] {logging_mixin.py:151} INFO - [2023-11-02T06:49:42.514+0000] {dag.py:2963} INFO - Creating ORM DAG for example_task_group_decorator
[2023-11-02T06:49:42.522+0000] {logging_mixin.py:151} INFO - [2023-11-02T06:49:42.522+0000] {dag.py:3722} INFO - Setting next_dagrun for example_task_group_decorator to 2023-11-01T06:49:42.522225+00:00, run_after=2023-11-02T06:49:42.522225+00:00
[2023-11-02T06:49:42.544+0000] {processor.py:179} INFO - Processing /home/ubuntu/customer_churn_venv/lib/python3.10/site-packages/airflow/example_dags/example_task_group_decorator.py took 0.302 seconds
[2023-11-02T06:50:38.204+0000] {processor.py:157} INFO - Started process (PID=3756) to work on /home/ubuntu/customer_churn_venv/lib/python3.10/site-packages/airflow/example_dags/example_task_group_decorator.py
[2023-11-02T06:50:38.206+0000] {processor.py:829} INFO - Processing file /home/ubuntu/customer_churn_venv/lib/python3.10/site-packages/airflow/example_dags/example_task_group_decorator.py for tasks to queue
[2023-11-02T06:50:38.207+0000] {logging_mixin.py:151} INFO - [2023-11-02T06:50:38.206+0000] {dagbag.py:536} INFO - Filling up the DagBag from /home/ubuntu/customer_churn_venv/lib/python3.10/site-packages/airflow/example_dags/example_task_group_decorator.py
[2023-11-02T06:50:38.225+0000] {processor.py:839} INFO - DAG(s) dict_keys(['example_task_group_decorator']) retrieved from /home/ubuntu/customer_churn_venv/lib/python3.10/site-packages/airflow/example_dags/example_task_group_decorator.py
[2023-11-02T06:50:38.247+0000] {logging_mixin.py:151} INFO - [2023-11-02T06:50:38.247+0000] {dag.py:2941} INFO - Sync 1 DAGs
[2023-11-02T06:50:38.268+0000] {logging_mixin.py:151} INFO - [2023-11-02T06:50:38.267+0000] {dag.py:3722} INFO - Setting next_dagrun for example_task_group_decorator to 2023-11-01T06:50:38.267678+00:00, run_after=2023-11-02T06:50:38.267678+00:00
[2023-11-02T06:50:38.293+0000] {processor.py:179} INFO - Processing /home/ubuntu/customer_churn_venv/lib/python3.10/site-packages/airflow/example_dags/example_task_group_decorator.py took 0.092 seconds
[2023-11-02T06:51:23.660+0000] {processor.py:157} INFO - Started process (PID=3804) to work on /home/ubuntu/customer_churn_venv/lib/python3.10/site-packages/airflow/example_dags/example_task_group_decorator.py
[2023-11-02T06:51:23.661+0000] {processor.py:829} INFO - Processing file /home/ubuntu/customer_churn_venv/lib/python3.10/site-packages/airflow/example_dags/example_task_group_decorator.py for tasks to queue
[2023-11-02T06:51:23.662+0000] {logging_mixin.py:151} INFO - [2023-11-02T06:51:23.662+0000] {dagbag.py:536} INFO - Filling up the DagBag from /home/ubuntu/customer_churn_venv/lib/python3.10/site-packages/airflow/example_dags/example_task_group_decorator.py
[2023-11-02T06:51:23.679+0000] {processor.py:839} INFO - DAG(s) dict_keys(['example_task_group_decorator']) retrieved from /home/ubuntu/customer_churn_venv/lib/python3.10/site-packages/airflow/example_dags/example_task_group_decorator.py
[2023-11-02T06:51:23.701+0000] {logging_mixin.py:151} INFO - [2023-11-02T06:51:23.700+0000] {dag.py:2941} INFO - Sync 1 DAGs
[2023-11-02T06:51:23.721+0000] {logging_mixin.py:151} INFO - [2023-11-02T06:51:23.721+0000] {dag.py:3722} INFO - Setting next_dagrun for example_task_group_decorator to 2023-11-01T06:51:23.721231+00:00, run_after=2023-11-02T06:51:23.721231+00:00
[2023-11-02T06:51:23.745+0000] {processor.py:179} INFO - Processing /home/ubuntu/customer_churn_venv/lib/python3.10/site-packages/airflow/example_dags/example_task_group_decorator.py took 0.088 seconds
[2023-11-02T06:52:09.066+0000] {processor.py:157} INFO - Started process (PID=3851) to work on /home/ubuntu/customer_churn_venv/lib/python3.10/site-packages/airflow/example_dags/example_task_group_decorator.py
[2023-11-02T06:52:09.067+0000] {processor.py:829} INFO - Processing file /home/ubuntu/customer_churn_venv/lib/python3.10/site-packages/airflow/example_dags/example_task_group_decorator.py for tasks to queue
[2023-11-02T06:52:09.068+0000] {logging_mixin.py:151} INFO - [2023-11-02T06:52:09.068+0000] {dagbag.py:536} INFO - Filling up the DagBag from /home/ubuntu/customer_churn_venv/lib/python3.10/site-packages/airflow/example_dags/example_task_group_decorator.py
[2023-11-02T06:52:09.085+0000] {processor.py:839} INFO - DAG(s) dict_keys(['example_task_group_decorator']) retrieved from /home/ubuntu/customer_churn_venv/lib/python3.10/site-packages/airflow/example_dags/example_task_group_decorator.py
[2023-11-02T06:52:09.105+0000] {logging_mixin.py:151} INFO - [2023-11-02T06:52:09.105+0000] {dag.py:2941} INFO - Sync 1 DAGs
[2023-11-02T06:52:09.125+0000] {logging_mixin.py:151} INFO - [2023-11-02T06:52:09.125+0000] {dag.py:3722} INFO - Setting next_dagrun for example_task_group_decorator to 2023-11-01T06:52:09.125347+00:00, run_after=2023-11-02T06:52:09.125347+00:00
[2023-11-02T06:52:09.148+0000] {processor.py:179} INFO - Processing /home/ubuntu/customer_churn_venv/lib/python3.10/site-packages/airflow/example_dags/example_task_group_decorator.py took 0.086 seconds
[2023-11-02T06:52:48.744+0000] {processor.py:157} INFO - Started process (PID=3891) to work on /home/ubuntu/customer_churn_venv/lib/python3.10/site-packages/airflow/example_dags/example_task_group_decorator.py
[2023-11-02T06:52:48.745+0000] {processor.py:829} INFO - Processing file /home/ubuntu/customer_churn_venv/lib/python3.10/site-packages/airflow/example_dags/example_task_group_decorator.py for tasks to queue
[2023-11-02T06:52:48.746+0000] {logging_mixin.py:151} INFO - [2023-11-02T06:52:48.745+0000] {dagbag.py:536} INFO - Filling up the DagBag from /home/ubuntu/customer_churn_venv/lib/python3.10/site-packages/airflow/example_dags/example_task_group_decorator.py
[2023-11-02T06:52:48.764+0000] {processor.py:839} INFO - DAG(s) dict_keys(['example_task_group_decorator']) retrieved from /home/ubuntu/customer_churn_venv/lib/python3.10/site-packages/airflow/example_dags/example_task_group_decorator.py
[2023-11-02T06:52:48.786+0000] {logging_mixin.py:151} INFO - [2023-11-02T06:52:48.785+0000] {dag.py:2941} INFO - Sync 1 DAGs
[2023-11-02T06:52:48.807+0000] {logging_mixin.py:151} INFO - [2023-11-02T06:52:48.806+0000] {dag.py:3722} INFO - Setting next_dagrun for example_task_group_decorator to 2023-11-01T06:52:48.806683+00:00, run_after=2023-11-02T06:52:48.806683+00:00
[2023-11-02T06:52:48.831+0000] {processor.py:179} INFO - Processing /home/ubuntu/customer_churn_venv/lib/python3.10/site-packages/airflow/example_dags/example_task_group_decorator.py took 0.090 seconds
[2023-11-02T06:59:54.101+0000] {processor.py:157} INFO - Started process (PID=4374) to work on /usr/local/lib/python3.10/dist-packages/airflow/example_dags/example_task_group_decorator.py
[2023-11-02T06:59:54.103+0000] {processor.py:829} INFO - Processing file /usr/local/lib/python3.10/dist-packages/airflow/example_dags/example_task_group_decorator.py for tasks to queue
[2023-11-02T06:59:54.104+0000] {logging_mixin.py:151} INFO - [2023-11-02T06:59:54.103+0000] {dagbag.py:536} INFO - Filling up the DagBag from /usr/local/lib/python3.10/dist-packages/airflow/example_dags/example_task_group_decorator.py
[2023-11-02T06:59:54.238+0000] {processor.py:839} INFO - DAG(s) dict_keys(['example_task_group_decorator']) retrieved from /usr/local/lib/python3.10/dist-packages/airflow/example_dags/example_task_group_decorator.py
[2023-11-02T06:59:54.243+0000] {logging_mixin.py:151} INFO - [2023-11-02T06:59:54.243+0000] {dag.py:2941} INFO - Sync 1 DAGs
[2023-11-02T06:59:54.262+0000] {logging_mixin.py:151} INFO - [2023-11-02T06:59:54.262+0000] {dag.py:3722} INFO - Setting next_dagrun for example_task_group_decorator to 2023-11-01T06:59:54.262107+00:00, run_after=2023-11-02T06:59:54.262107+00:00
[2023-11-02T06:59:54.283+0000] {processor.py:179} INFO - Processing /usr/local/lib/python3.10/dist-packages/airflow/example_dags/example_task_group_decorator.py took 0.185 seconds
[2023-11-02T07:00:40.862+0000] {processor.py:157} INFO - Started process (PID=4420) to work on /usr/local/lib/python3.10/dist-packages/airflow/example_dags/example_task_group_decorator.py
[2023-11-02T07:00:40.863+0000] {processor.py:829} INFO - Processing file /usr/local/lib/python3.10/dist-packages/airflow/example_dags/example_task_group_decorator.py for tasks to queue
[2023-11-02T07:00:40.864+0000] {logging_mixin.py:151} INFO - [2023-11-02T07:00:40.863+0000] {dagbag.py:536} INFO - Filling up the DagBag from /usr/local/lib/python3.10/dist-packages/airflow/example_dags/example_task_group_decorator.py
[2023-11-02T07:00:40.882+0000] {processor.py:839} INFO - DAG(s) dict_keys(['example_task_group_decorator']) retrieved from /usr/local/lib/python3.10/dist-packages/airflow/example_dags/example_task_group_decorator.py
[2023-11-02T07:00:40.905+0000] {logging_mixin.py:151} INFO - [2023-11-02T07:00:40.905+0000] {dag.py:2941} INFO - Sync 1 DAGs
[2023-11-02T07:00:40.926+0000] {logging_mixin.py:151} INFO - [2023-11-02T07:00:40.926+0000] {dag.py:3722} INFO - Setting next_dagrun for example_task_group_decorator to 2023-11-01T07:00:40.925815+00:00, run_after=2023-11-02T07:00:40.925815+00:00
[2023-11-02T07:00:40.948+0000] {processor.py:179} INFO - Processing /usr/local/lib/python3.10/dist-packages/airflow/example_dags/example_task_group_decorator.py took 0.090 seconds
[2023-11-02T07:01:25.393+0000] {processor.py:157} INFO - Started process (PID=4467) to work on /usr/local/lib/python3.10/dist-packages/airflow/example_dags/example_task_group_decorator.py
[2023-11-02T07:01:25.394+0000] {processor.py:829} INFO - Processing file /usr/local/lib/python3.10/dist-packages/airflow/example_dags/example_task_group_decorator.py for tasks to queue
[2023-11-02T07:01:25.395+0000] {logging_mixin.py:151} INFO - [2023-11-02T07:01:25.394+0000] {dagbag.py:536} INFO - Filling up the DagBag from /usr/local/lib/python3.10/dist-packages/airflow/example_dags/example_task_group_decorator.py
[2023-11-02T07:01:25.412+0000] {processor.py:839} INFO - DAG(s) dict_keys(['example_task_group_decorator']) retrieved from /usr/local/lib/python3.10/dist-packages/airflow/example_dags/example_task_group_decorator.py
[2023-11-02T07:01:25.432+0000] {logging_mixin.py:151} INFO - [2023-11-02T07:01:25.432+0000] {dag.py:2941} INFO - Sync 1 DAGs
[2023-11-02T07:01:25.451+0000] {logging_mixin.py:151} INFO - [2023-11-02T07:01:25.451+0000] {dag.py:3722} INFO - Setting next_dagrun for example_task_group_decorator to 2023-11-01T07:01:25.451267+00:00, run_after=2023-11-02T07:01:25.451267+00:00
[2023-11-02T07:01:25.472+0000] {processor.py:179} INFO - Processing /usr/local/lib/python3.10/dist-packages/airflow/example_dags/example_task_group_decorator.py took 0.083 seconds
[2023-11-02T07:02:07.099+0000] {processor.py:157} INFO - Started process (PID=4511) to work on /usr/local/lib/python3.10/dist-packages/airflow/example_dags/example_task_group_decorator.py
[2023-11-02T07:02:07.100+0000] {processor.py:829} INFO - Processing file /usr/local/lib/python3.10/dist-packages/airflow/example_dags/example_task_group_decorator.py for tasks to queue
[2023-11-02T07:02:07.101+0000] {logging_mixin.py:151} INFO - [2023-11-02T07:02:07.101+0000] {dagbag.py:536} INFO - Filling up the DagBag from /usr/local/lib/python3.10/dist-packages/airflow/example_dags/example_task_group_decorator.py
[2023-11-02T07:02:07.119+0000] {processor.py:839} INFO - DAG(s) dict_keys(['example_task_group_decorator']) retrieved from /usr/local/lib/python3.10/dist-packages/airflow/example_dags/example_task_group_decorator.py
[2023-11-02T07:02:07.140+0000] {logging_mixin.py:151} INFO - [2023-11-02T07:02:07.139+0000] {dag.py:2941} INFO - Sync 1 DAGs
[2023-11-02T07:02:07.160+0000] {logging_mixin.py:151} INFO - [2023-11-02T07:02:07.160+0000] {dag.py:3722} INFO - Setting next_dagrun for example_task_group_decorator to 2023-11-01T07:02:07.159882+00:00, run_after=2023-11-02T07:02:07.159882+00:00
[2023-11-02T07:02:07.182+0000] {processor.py:179} INFO - Processing /usr/local/lib/python3.10/dist-packages/airflow/example_dags/example_task_group_decorator.py took 0.086 seconds
[2023-11-02T07:02:51.091+0000] {processor.py:157} INFO - Started process (PID=4556) to work on /usr/local/lib/python3.10/dist-packages/airflow/example_dags/example_task_group_decorator.py
[2023-11-02T07:02:51.093+0000] {processor.py:829} INFO - Processing file /usr/local/lib/python3.10/dist-packages/airflow/example_dags/example_task_group_decorator.py for tasks to queue
[2023-11-02T07:02:51.093+0000] {logging_mixin.py:151} INFO - [2023-11-02T07:02:51.093+0000] {dagbag.py:536} INFO - Filling up the DagBag from /usr/local/lib/python3.10/dist-packages/airflow/example_dags/example_task_group_decorator.py
[2023-11-02T07:02:51.111+0000] {processor.py:839} INFO - DAG(s) dict_keys(['example_task_group_decorator']) retrieved from /usr/local/lib/python3.10/dist-packages/airflow/example_dags/example_task_group_decorator.py
[2023-11-02T07:02:51.132+0000] {logging_mixin.py:151} INFO - [2023-11-02T07:02:51.131+0000] {dag.py:2941} INFO - Sync 1 DAGs
[2023-11-02T07:02:51.152+0000] {logging_mixin.py:151} INFO - [2023-11-02T07:02:51.152+0000] {dag.py:3722} INFO - Setting next_dagrun for example_task_group_decorator to 2023-11-01T07:02:51.152394+00:00, run_after=2023-11-02T07:02:51.152394+00:00
[2023-11-02T07:02:51.175+0000] {processor.py:179} INFO - Processing /usr/local/lib/python3.10/dist-packages/airflow/example_dags/example_task_group_decorator.py took 0.087 seconds
[2023-11-02T07:03:37.175+0000] {processor.py:157} INFO - Started process (PID=4603) to work on /usr/local/lib/python3.10/dist-packages/airflow/example_dags/example_task_group_decorator.py
[2023-11-02T07:03:37.176+0000] {processor.py:829} INFO - Processing file /usr/local/lib/python3.10/dist-packages/airflow/example_dags/example_task_group_decorator.py for tasks to queue
[2023-11-02T07:03:37.177+0000] {logging_mixin.py:151} INFO - [2023-11-02T07:03:37.176+0000] {dagbag.py:536} INFO - Filling up the DagBag from /usr/local/lib/python3.10/dist-packages/airflow/example_dags/example_task_group_decorator.py
[2023-11-02T07:03:37.194+0000] {processor.py:839} INFO - DAG(s) dict_keys(['example_task_group_decorator']) retrieved from /usr/local/lib/python3.10/dist-packages/airflow/example_dags/example_task_group_decorator.py
[2023-11-02T07:03:37.215+0000] {logging_mixin.py:151} INFO - [2023-11-02T07:03:37.215+0000] {dag.py:2941} INFO - Sync 1 DAGs
[2023-11-02T07:03:37.235+0000] {logging_mixin.py:151} INFO - [2023-11-02T07:03:37.235+0000] {dag.py:3722} INFO - Setting next_dagrun for example_task_group_decorator to 2023-11-01T07:03:37.235252+00:00, run_after=2023-11-02T07:03:37.235252+00:00
[2023-11-02T07:03:37.257+0000] {processor.py:179} INFO - Processing /usr/local/lib/python3.10/dist-packages/airflow/example_dags/example_task_group_decorator.py took 0.086 seconds
[2023-11-02T07:04:18.879+0000] {processor.py:157} INFO - Started process (PID=4651) to work on /usr/local/lib/python3.10/dist-packages/airflow/example_dags/example_task_group_decorator.py
[2023-11-02T07:04:18.881+0000] {processor.py:829} INFO - Processing file /usr/local/lib/python3.10/dist-packages/airflow/example_dags/example_task_group_decorator.py for tasks to queue
[2023-11-02T07:04:18.881+0000] {logging_mixin.py:151} INFO - [2023-11-02T07:04:18.881+0000] {dagbag.py:536} INFO - Filling up the DagBag from /usr/local/lib/python3.10/dist-packages/airflow/example_dags/example_task_group_decorator.py
[2023-11-02T07:04:18.899+0000] {processor.py:839} INFO - DAG(s) dict_keys(['example_task_group_decorator']) retrieved from /usr/local/lib/python3.10/dist-packages/airflow/example_dags/example_task_group_decorator.py
[2023-11-02T07:04:18.919+0000] {logging_mixin.py:151} INFO - [2023-11-02T07:04:18.919+0000] {dag.py:2941} INFO - Sync 1 DAGs
[2023-11-02T07:04:18.939+0000] {logging_mixin.py:151} INFO - [2023-11-02T07:04:18.939+0000] {dag.py:3722} INFO - Setting next_dagrun for example_task_group_decorator to 2023-11-01T07:04:18.939254+00:00, run_after=2023-11-02T07:04:18.939254+00:00
[2023-11-02T07:04:18.963+0000] {processor.py:179} INFO - Processing /usr/local/lib/python3.10/dist-packages/airflow/example_dags/example_task_group_decorator.py took 0.087 seconds
[2023-11-02T07:04:56.940+0000] {processor.py:157} INFO - Started process (PID=4692) to work on /usr/local/lib/python3.10/dist-packages/airflow/example_dags/example_task_group_decorator.py
[2023-11-02T07:04:56.941+0000] {processor.py:829} INFO - Processing file /usr/local/lib/python3.10/dist-packages/airflow/example_dags/example_task_group_decorator.py for tasks to queue
[2023-11-02T07:04:56.942+0000] {logging_mixin.py:151} INFO - [2023-11-02T07:04:56.941+0000] {dagbag.py:536} INFO - Filling up the DagBag from /usr/local/lib/python3.10/dist-packages/airflow/example_dags/example_task_group_decorator.py
[2023-11-02T07:04:56.959+0000] {processor.py:839} INFO - DAG(s) dict_keys(['example_task_group_decorator']) retrieved from /usr/local/lib/python3.10/dist-packages/airflow/example_dags/example_task_group_decorator.py
[2023-11-02T07:04:56.979+0000] {logging_mixin.py:151} INFO - [2023-11-02T07:04:56.979+0000] {dag.py:2941} INFO - Sync 1 DAGs
[2023-11-02T07:04:57.000+0000] {logging_mixin.py:151} INFO - [2023-11-02T07:04:57.000+0000] {dag.py:3722} INFO - Setting next_dagrun for example_task_group_decorator to 2023-11-01T07:04:56.999938+00:00, run_after=2023-11-02T07:04:56.999938+00:00
[2023-11-02T07:04:57.022+0000] {processor.py:179} INFO - Processing /usr/local/lib/python3.10/dist-packages/airflow/example_dags/example_task_group_decorator.py took 0.086 seconds
[2023-11-02T07:05:38.028+0000] {processor.py:157} INFO - Started process (PID=4735) to work on /usr/local/lib/python3.10/dist-packages/airflow/example_dags/example_task_group_decorator.py
[2023-11-02T07:05:38.029+0000] {processor.py:829} INFO - Processing file /usr/local/lib/python3.10/dist-packages/airflow/example_dags/example_task_group_decorator.py for tasks to queue
[2023-11-02T07:05:38.030+0000] {logging_mixin.py:151} INFO - [2023-11-02T07:05:38.030+0000] {dagbag.py:536} INFO - Filling up the DagBag from /usr/local/lib/python3.10/dist-packages/airflow/example_dags/example_task_group_decorator.py
[2023-11-02T07:05:38.047+0000] {processor.py:839} INFO - DAG(s) dict_keys(['example_task_group_decorator']) retrieved from /usr/local/lib/python3.10/dist-packages/airflow/example_dags/example_task_group_decorator.py
[2023-11-02T07:05:38.068+0000] {logging_mixin.py:151} INFO - [2023-11-02T07:05:38.067+0000] {dag.py:2941} INFO - Sync 1 DAGs
[2023-11-02T07:05:38.088+0000] {logging_mixin.py:151} INFO - [2023-11-02T07:05:38.088+0000] {dag.py:3722} INFO - Setting next_dagrun for example_task_group_decorator to 2023-11-01T07:05:38.087838+00:00, run_after=2023-11-02T07:05:38.087838+00:00
[2023-11-02T07:05:38.110+0000] {processor.py:179} INFO - Processing /usr/local/lib/python3.10/dist-packages/airflow/example_dags/example_task_group_decorator.py took 0.085 seconds
[2023-11-02T07:06:21.143+0000] {processor.py:157} INFO - Started process (PID=4779) to work on /usr/local/lib/python3.10/dist-packages/airflow/example_dags/example_task_group_decorator.py
[2023-11-02T07:06:21.145+0000] {processor.py:829} INFO - Processing file /usr/local/lib/python3.10/dist-packages/airflow/example_dags/example_task_group_decorator.py for tasks to queue
[2023-11-02T07:06:21.146+0000] {logging_mixin.py:151} INFO - [2023-11-02T07:06:21.146+0000] {dagbag.py:536} INFO - Filling up the DagBag from /usr/local/lib/python3.10/dist-packages/airflow/example_dags/example_task_group_decorator.py
[2023-11-02T07:06:21.163+0000] {processor.py:839} INFO - DAG(s) dict_keys(['example_task_group_decorator']) retrieved from /usr/local/lib/python3.10/dist-packages/airflow/example_dags/example_task_group_decorator.py
[2023-11-02T07:06:21.184+0000] {logging_mixin.py:151} INFO - [2023-11-02T07:06:21.184+0000] {dag.py:2941} INFO - Sync 1 DAGs
[2023-11-02T07:06:21.205+0000] {logging_mixin.py:151} INFO - [2023-11-02T07:06:21.204+0000] {dag.py:3722} INFO - Setting next_dagrun for example_task_group_decorator to 2023-11-01T07:06:21.204541+00:00, run_after=2023-11-02T07:06:21.204541+00:00
[2023-11-02T07:06:21.227+0000] {processor.py:179} INFO - Processing /usr/local/lib/python3.10/dist-packages/airflow/example_dags/example_task_group_decorator.py took 0.088 seconds
[2023-11-02T07:07:10.478+0000] {processor.py:157} INFO - Started process (PID=4828) to work on /usr/local/lib/python3.10/dist-packages/airflow/example_dags/example_task_group_decorator.py
[2023-11-02T07:07:10.479+0000] {processor.py:829} INFO - Processing file /usr/local/lib/python3.10/dist-packages/airflow/example_dags/example_task_group_decorator.py for tasks to queue
[2023-11-02T07:07:10.480+0000] {logging_mixin.py:151} INFO - [2023-11-02T07:07:10.480+0000] {dagbag.py:536} INFO - Filling up the DagBag from /usr/local/lib/python3.10/dist-packages/airflow/example_dags/example_task_group_decorator.py
[2023-11-02T07:07:10.497+0000] {processor.py:839} INFO - DAG(s) dict_keys(['example_task_group_decorator']) retrieved from /usr/local/lib/python3.10/dist-packages/airflow/example_dags/example_task_group_decorator.py
[2023-11-02T07:07:10.517+0000] {logging_mixin.py:151} INFO - [2023-11-02T07:07:10.517+0000] {dag.py:2941} INFO - Sync 1 DAGs
[2023-11-02T07:07:10.537+0000] {logging_mixin.py:151} INFO - [2023-11-02T07:07:10.537+0000] {dag.py:3722} INFO - Setting next_dagrun for example_task_group_decorator to 2023-11-01T07:07:10.537282+00:00, run_after=2023-11-02T07:07:10.537282+00:00
[2023-11-02T07:07:10.559+0000] {processor.py:179} INFO - Processing /usr/local/lib/python3.10/dist-packages/airflow/example_dags/example_task_group_decorator.py took 0.084 seconds
[2023-11-02T07:07:52.662+0000] {processor.py:157} INFO - Started process (PID=4875) to work on /usr/local/lib/python3.10/dist-packages/airflow/example_dags/example_task_group_decorator.py
[2023-11-02T07:07:52.663+0000] {processor.py:829} INFO - Processing file /usr/local/lib/python3.10/dist-packages/airflow/example_dags/example_task_group_decorator.py for tasks to queue
[2023-11-02T07:07:52.664+0000] {logging_mixin.py:151} INFO - [2023-11-02T07:07:52.663+0000] {dagbag.py:536} INFO - Filling up the DagBag from /usr/local/lib/python3.10/dist-packages/airflow/example_dags/example_task_group_decorator.py
[2023-11-02T07:07:52.681+0000] {processor.py:839} INFO - DAG(s) dict_keys(['example_task_group_decorator']) retrieved from /usr/local/lib/python3.10/dist-packages/airflow/example_dags/example_task_group_decorator.py
[2023-11-02T07:07:52.701+0000] {logging_mixin.py:151} INFO - [2023-11-02T07:07:52.701+0000] {dag.py:2941} INFO - Sync 1 DAGs
[2023-11-02T07:07:52.723+0000] {logging_mixin.py:151} INFO - [2023-11-02T07:07:52.722+0000] {dag.py:3722} INFO - Setting next_dagrun for example_task_group_decorator to 2023-11-01T07:07:52.722617+00:00, run_after=2023-11-02T07:07:52.722617+00:00
[2023-11-02T07:07:52.745+0000] {processor.py:179} INFO - Processing /usr/local/lib/python3.10/dist-packages/airflow/example_dags/example_task_group_decorator.py took 0.086 seconds
[2023-11-02T07:08:41.755+0000] {processor.py:157} INFO - Started process (PID=5156) to work on /usr/local/lib/python3.10/dist-packages/airflow/example_dags/example_task_group_decorator.py
[2023-11-02T07:08:41.757+0000] {processor.py:829} INFO - Processing file /usr/local/lib/python3.10/dist-packages/airflow/example_dags/example_task_group_decorator.py for tasks to queue
[2023-11-02T07:08:41.757+0000] {logging_mixin.py:151} INFO - [2023-11-02T07:08:41.757+0000] {dagbag.py:536} INFO - Filling up the DagBag from /usr/local/lib/python3.10/dist-packages/airflow/example_dags/example_task_group_decorator.py
[2023-11-02T07:08:41.775+0000] {processor.py:839} INFO - DAG(s) dict_keys(['example_task_group_decorator']) retrieved from /usr/local/lib/python3.10/dist-packages/airflow/example_dags/example_task_group_decorator.py
[2023-11-02T07:08:41.795+0000] {logging_mixin.py:151} INFO - [2023-11-02T07:08:41.795+0000] {dag.py:2941} INFO - Sync 1 DAGs
[2023-11-02T07:08:41.814+0000] {logging_mixin.py:151} INFO - [2023-11-02T07:08:41.814+0000] {dag.py:3722} INFO - Setting next_dagrun for example_task_group_decorator to 2023-11-01T07:08:41.814438+00:00, run_after=2023-11-02T07:08:41.814438+00:00
[2023-11-02T07:08:41.836+0000] {processor.py:179} INFO - Processing /usr/local/lib/python3.10/dist-packages/airflow/example_dags/example_task_group_decorator.py took 0.084 seconds
[2023-11-02T07:09:25.253+0000] {processor.py:157} INFO - Started process (PID=5361) to work on /usr/local/lib/python3.10/dist-packages/airflow/example_dags/example_task_group_decorator.py
[2023-11-02T07:09:25.254+0000] {processor.py:829} INFO - Processing file /usr/local/lib/python3.10/dist-packages/airflow/example_dags/example_task_group_decorator.py for tasks to queue
[2023-11-02T07:09:25.255+0000] {logging_mixin.py:151} INFO - [2023-11-02T07:09:25.254+0000] {dagbag.py:536} INFO - Filling up the DagBag from /usr/local/lib/python3.10/dist-packages/airflow/example_dags/example_task_group_decorator.py
[2023-11-02T07:09:25.272+0000] {processor.py:839} INFO - DAG(s) dict_keys(['example_task_group_decorator']) retrieved from /usr/local/lib/python3.10/dist-packages/airflow/example_dags/example_task_group_decorator.py
[2023-11-02T07:09:25.293+0000] {logging_mixin.py:151} INFO - [2023-11-02T07:09:25.293+0000] {dag.py:2941} INFO - Sync 1 DAGs
[2023-11-02T07:09:25.314+0000] {logging_mixin.py:151} INFO - [2023-11-02T07:09:25.314+0000] {dag.py:3722} INFO - Setting next_dagrun for example_task_group_decorator to 2023-11-01T07:09:25.314373+00:00, run_after=2023-11-02T07:09:25.314373+00:00
[2023-11-02T07:09:25.337+0000] {processor.py:179} INFO - Processing /usr/local/lib/python3.10/dist-packages/airflow/example_dags/example_task_group_decorator.py took 0.087 seconds
[2023-11-02T07:10:11.505+0000] {processor.py:157} INFO - Started process (PID=5410) to work on /usr/local/lib/python3.10/dist-packages/airflow/example_dags/example_task_group_decorator.py
[2023-11-02T07:10:11.507+0000] {processor.py:829} INFO - Processing file /usr/local/lib/python3.10/dist-packages/airflow/example_dags/example_task_group_decorator.py for tasks to queue
[2023-11-02T07:10:11.508+0000] {logging_mixin.py:151} INFO - [2023-11-02T07:10:11.507+0000] {dagbag.py:536} INFO - Filling up the DagBag from /usr/local/lib/python3.10/dist-packages/airflow/example_dags/example_task_group_decorator.py
[2023-11-02T07:10:11.525+0000] {processor.py:839} INFO - DAG(s) dict_keys(['example_task_group_decorator']) retrieved from /usr/local/lib/python3.10/dist-packages/airflow/example_dags/example_task_group_decorator.py
[2023-11-02T07:10:11.545+0000] {logging_mixin.py:151} INFO - [2023-11-02T07:10:11.545+0000] {dag.py:2941} INFO - Sync 1 DAGs
[2023-11-02T07:10:11.565+0000] {logging_mixin.py:151} INFO - [2023-11-02T07:10:11.565+0000] {dag.py:3722} INFO - Setting next_dagrun for example_task_group_decorator to 2023-11-01T07:10:11.565420+00:00, run_after=2023-11-02T07:10:11.565420+00:00
[2023-11-02T07:10:11.588+0000] {processor.py:179} INFO - Processing /usr/local/lib/python3.10/dist-packages/airflow/example_dags/example_task_group_decorator.py took 0.085 seconds
[2023-11-02T07:10:58.776+0000] {processor.py:157} INFO - Started process (PID=5458) to work on /usr/local/lib/python3.10/dist-packages/airflow/example_dags/example_task_group_decorator.py
[2023-11-02T07:10:58.778+0000] {processor.py:829} INFO - Processing file /usr/local/lib/python3.10/dist-packages/airflow/example_dags/example_task_group_decorator.py for tasks to queue
[2023-11-02T07:10:58.778+0000] {logging_mixin.py:151} INFO - [2023-11-02T07:10:58.778+0000] {dagbag.py:536} INFO - Filling up the DagBag from /usr/local/lib/python3.10/dist-packages/airflow/example_dags/example_task_group_decorator.py
[2023-11-02T07:10:58.796+0000] {processor.py:839} INFO - DAG(s) dict_keys(['example_task_group_decorator']) retrieved from /usr/local/lib/python3.10/dist-packages/airflow/example_dags/example_task_group_decorator.py
[2023-11-02T07:10:58.817+0000] {logging_mixin.py:151} INFO - [2023-11-02T07:10:58.817+0000] {dag.py:2941} INFO - Sync 1 DAGs
[2023-11-02T07:10:58.839+0000] {logging_mixin.py:151} INFO - [2023-11-02T07:10:58.839+0000] {dag.py:3722} INFO - Setting next_dagrun for example_task_group_decorator to 2023-11-01T07:10:58.839072+00:00, run_after=2023-11-02T07:10:58.839072+00:00
[2023-11-02T07:10:58.863+0000] {processor.py:179} INFO - Processing /usr/local/lib/python3.10/dist-packages/airflow/example_dags/example_task_group_decorator.py took 0.090 seconds
[2023-11-02T07:11:47.687+0000] {processor.py:157} INFO - Started process (PID=5512) to work on /usr/local/lib/python3.10/dist-packages/airflow/example_dags/example_task_group_decorator.py
[2023-11-02T07:11:47.689+0000] {processor.py:829} INFO - Processing file /usr/local/lib/python3.10/dist-packages/airflow/example_dags/example_task_group_decorator.py for tasks to queue
[2023-11-02T07:11:47.690+0000] {logging_mixin.py:151} INFO - [2023-11-02T07:11:47.690+0000] {dagbag.py:536} INFO - Filling up the DagBag from /usr/local/lib/python3.10/dist-packages/airflow/example_dags/example_task_group_decorator.py
[2023-11-02T07:11:47.707+0000] {processor.py:839} INFO - DAG(s) dict_keys(['example_task_group_decorator']) retrieved from /usr/local/lib/python3.10/dist-packages/airflow/example_dags/example_task_group_decorator.py
[2023-11-02T07:11:47.728+0000] {logging_mixin.py:151} INFO - [2023-11-02T07:11:47.728+0000] {dag.py:2941} INFO - Sync 1 DAGs
[2023-11-02T07:11:47.749+0000] {logging_mixin.py:151} INFO - [2023-11-02T07:11:47.749+0000] {dag.py:3722} INFO - Setting next_dagrun for example_task_group_decorator to 2023-11-01T07:11:47.748765+00:00, run_after=2023-11-02T07:11:47.748765+00:00
[2023-11-02T07:11:47.772+0000] {processor.py:179} INFO - Processing /usr/local/lib/python3.10/dist-packages/airflow/example_dags/example_task_group_decorator.py took 0.089 seconds
[2023-11-02T07:12:28.722+0000] {processor.py:157} INFO - Started process (PID=5557) to work on /usr/local/lib/python3.10/dist-packages/airflow/example_dags/example_task_group_decorator.py
[2023-11-02T07:12:28.724+0000] {processor.py:829} INFO - Processing file /usr/local/lib/python3.10/dist-packages/airflow/example_dags/example_task_group_decorator.py for tasks to queue
[2023-11-02T07:12:28.725+0000] {logging_mixin.py:151} INFO - [2023-11-02T07:12:28.724+0000] {dagbag.py:536} INFO - Filling up the DagBag from /usr/local/lib/python3.10/dist-packages/airflow/example_dags/example_task_group_decorator.py
[2023-11-02T07:12:28.742+0000] {processor.py:839} INFO - DAG(s) dict_keys(['example_task_group_decorator']) retrieved from /usr/local/lib/python3.10/dist-packages/airflow/example_dags/example_task_group_decorator.py
[2023-11-02T07:12:28.762+0000] {logging_mixin.py:151} INFO - [2023-11-02T07:12:28.761+0000] {dag.py:2941} INFO - Sync 1 DAGs
[2023-11-02T07:12:28.782+0000] {logging_mixin.py:151} INFO - [2023-11-02T07:12:28.782+0000] {dag.py:3722} INFO - Setting next_dagrun for example_task_group_decorator to 2023-11-01T07:12:28.782081+00:00, run_after=2023-11-02T07:12:28.782081+00:00
[2023-11-02T07:12:28.804+0000] {processor.py:179} INFO - Processing /usr/local/lib/python3.10/dist-packages/airflow/example_dags/example_task_group_decorator.py took 0.085 seconds
