[2023-11-02T06:49:38.016+0000] {processor.py:157} INFO - Started process (PID=3707) to work on /home/ubuntu/customer_churn_venv/lib/python3.10/site-packages/airflow/example_dags/example_short_circuit_operator.py
[2023-11-02T06:49:38.017+0000] {processor.py:829} INFO - Processing file /home/ubuntu/customer_churn_venv/lib/python3.10/site-packages/airflow/example_dags/example_short_circuit_operator.py for tasks to queue
[2023-11-02T06:49:38.018+0000] {logging_mixin.py:151} INFO - [2023-11-02T06:49:38.018+0000] {dagbag.py:536} INFO - Filling up the DagBag from /home/ubuntu/customer_churn_venv/lib/python3.10/site-packages/airflow/example_dags/example_short_circuit_operator.py
[2023-11-02T06:49:38.029+0000] {processor.py:839} INFO - DAG(s) dict_keys(['example_short_circuit_operator']) retrieved from /home/ubuntu/customer_churn_venv/lib/python3.10/site-packages/airflow/example_dags/example_short_circuit_operator.py
[2023-11-02T06:49:38.248+0000] {logging_mixin.py:151} INFO - [2023-11-02T06:49:38.248+0000] {manager.py:499} INFO - Created Permission View: %s
[2023-11-02T06:49:38.262+0000] {logging_mixin.py:151} INFO - [2023-11-02T06:49:38.262+0000] {manager.py:499} INFO - Created Permission View: %s
[2023-11-02T06:49:38.271+0000] {logging_mixin.py:151} INFO - [2023-11-02T06:49:38.271+0000] {manager.py:499} INFO - Created Permission View: %s
[2023-11-02T06:49:38.272+0000] {logging_mixin.py:151} INFO - [2023-11-02T06:49:38.272+0000] {dag.py:2941} INFO - Sync 1 DAGs
[2023-11-02T06:49:38.282+0000] {logging_mixin.py:151} INFO - [2023-11-02T06:49:38.281+0000] {dag.py:2963} INFO - Creating ORM DAG for example_short_circuit_operator
[2023-11-02T06:49:38.290+0000] {logging_mixin.py:151} INFO - [2023-11-02T06:49:38.289+0000] {dag.py:3722} INFO - Setting next_dagrun for example_short_circuit_operator to 2023-11-01T06:49:38.289638+00:00, run_after=2023-11-02T06:49:38.289638+00:00
[2023-11-02T06:49:38.316+0000] {processor.py:179} INFO - Processing /home/ubuntu/customer_churn_venv/lib/python3.10/site-packages/airflow/example_dags/example_short_circuit_operator.py took 0.304 seconds
[2023-11-02T06:50:35.334+0000] {processor.py:157} INFO - Started process (PID=3753) to work on /home/ubuntu/customer_churn_venv/lib/python3.10/site-packages/airflow/example_dags/example_short_circuit_operator.py
[2023-11-02T06:50:35.335+0000] {processor.py:829} INFO - Processing file /home/ubuntu/customer_churn_venv/lib/python3.10/site-packages/airflow/example_dags/example_short_circuit_operator.py for tasks to queue
[2023-11-02T06:50:35.336+0000] {logging_mixin.py:151} INFO - [2023-11-02T06:50:35.336+0000] {dagbag.py:536} INFO - Filling up the DagBag from /home/ubuntu/customer_churn_venv/lib/python3.10/site-packages/airflow/example_dags/example_short_circuit_operator.py
[2023-11-02T06:50:35.345+0000] {processor.py:839} INFO - DAG(s) dict_keys(['example_short_circuit_operator']) retrieved from /home/ubuntu/customer_churn_venv/lib/python3.10/site-packages/airflow/example_dags/example_short_circuit_operator.py
[2023-11-02T06:50:35.365+0000] {logging_mixin.py:151} INFO - [2023-11-02T06:50:35.365+0000] {dag.py:2941} INFO - Sync 1 DAGs
[2023-11-02T06:50:35.385+0000] {logging_mixin.py:151} INFO - [2023-11-02T06:50:35.385+0000] {dag.py:3722} INFO - Setting next_dagrun for example_short_circuit_operator to 2023-11-01T06:50:35.385207+00:00, run_after=2023-11-02T06:50:35.385207+00:00
[2023-11-02T06:50:35.408+0000] {processor.py:179} INFO - Processing /home/ubuntu/customer_churn_venv/lib/python3.10/site-packages/airflow/example_dags/example_short_circuit_operator.py took 0.078 seconds
[2023-11-02T06:51:13.740+0000] {processor.py:157} INFO - Started process (PID=3793) to work on /home/ubuntu/customer_churn_venv/lib/python3.10/site-packages/airflow/example_dags/example_short_circuit_operator.py
[2023-11-02T06:51:13.741+0000] {processor.py:829} INFO - Processing file /home/ubuntu/customer_churn_venv/lib/python3.10/site-packages/airflow/example_dags/example_short_circuit_operator.py for tasks to queue
[2023-11-02T06:51:13.742+0000] {logging_mixin.py:151} INFO - [2023-11-02T06:51:13.741+0000] {dagbag.py:536} INFO - Filling up the DagBag from /home/ubuntu/customer_churn_venv/lib/python3.10/site-packages/airflow/example_dags/example_short_circuit_operator.py
[2023-11-02T06:51:13.751+0000] {processor.py:839} INFO - DAG(s) dict_keys(['example_short_circuit_operator']) retrieved from /home/ubuntu/customer_churn_venv/lib/python3.10/site-packages/airflow/example_dags/example_short_circuit_operator.py
[2023-11-02T06:51:13.771+0000] {logging_mixin.py:151} INFO - [2023-11-02T06:51:13.771+0000] {dag.py:2941} INFO - Sync 1 DAGs
[2023-11-02T06:51:13.791+0000] {logging_mixin.py:151} INFO - [2023-11-02T06:51:13.791+0000] {dag.py:3722} INFO - Setting next_dagrun for example_short_circuit_operator to 2023-11-01T06:51:13.791089+00:00, run_after=2023-11-02T06:51:13.791089+00:00
[2023-11-02T06:51:13.812+0000] {processor.py:179} INFO - Processing /home/ubuntu/customer_churn_venv/lib/python3.10/site-packages/airflow/example_dags/example_short_circuit_operator.py took 0.076 seconds
[2023-11-02T06:51:59.097+0000] {processor.py:157} INFO - Started process (PID=3841) to work on /home/ubuntu/customer_churn_venv/lib/python3.10/site-packages/airflow/example_dags/example_short_circuit_operator.py
[2023-11-02T06:51:59.099+0000] {processor.py:829} INFO - Processing file /home/ubuntu/customer_churn_venv/lib/python3.10/site-packages/airflow/example_dags/example_short_circuit_operator.py for tasks to queue
[2023-11-02T06:51:59.099+0000] {logging_mixin.py:151} INFO - [2023-11-02T06:51:59.099+0000] {dagbag.py:536} INFO - Filling up the DagBag from /home/ubuntu/customer_churn_venv/lib/python3.10/site-packages/airflow/example_dags/example_short_circuit_operator.py
[2023-11-02T06:51:59.108+0000] {processor.py:839} INFO - DAG(s) dict_keys(['example_short_circuit_operator']) retrieved from /home/ubuntu/customer_churn_venv/lib/python3.10/site-packages/airflow/example_dags/example_short_circuit_operator.py
[2023-11-02T06:51:59.127+0000] {logging_mixin.py:151} INFO - [2023-11-02T06:51:59.127+0000] {dag.py:2941} INFO - Sync 1 DAGs
[2023-11-02T06:51:59.147+0000] {logging_mixin.py:151} INFO - [2023-11-02T06:51:59.147+0000] {dag.py:3722} INFO - Setting next_dagrun for example_short_circuit_operator to 2023-11-01T06:51:59.146806+00:00, run_after=2023-11-02T06:51:59.146806+00:00
[2023-11-02T06:51:59.169+0000] {processor.py:179} INFO - Processing /home/ubuntu/customer_churn_venv/lib/python3.10/site-packages/airflow/example_dags/example_short_circuit_operator.py took 0.075 seconds
[2023-11-02T06:52:45.314+0000] {processor.py:157} INFO - Started process (PID=3888) to work on /home/ubuntu/customer_churn_venv/lib/python3.10/site-packages/airflow/example_dags/example_short_circuit_operator.py
[2023-11-02T06:52:45.315+0000] {processor.py:829} INFO - Processing file /home/ubuntu/customer_churn_venv/lib/python3.10/site-packages/airflow/example_dags/example_short_circuit_operator.py for tasks to queue
[2023-11-02T06:52:45.316+0000] {logging_mixin.py:151} INFO - [2023-11-02T06:52:45.316+0000] {dagbag.py:536} INFO - Filling up the DagBag from /home/ubuntu/customer_churn_venv/lib/python3.10/site-packages/airflow/example_dags/example_short_circuit_operator.py
[2023-11-02T06:52:45.325+0000] {processor.py:839} INFO - DAG(s) dict_keys(['example_short_circuit_operator']) retrieved from /home/ubuntu/customer_churn_venv/lib/python3.10/site-packages/airflow/example_dags/example_short_circuit_operator.py
[2023-11-02T06:52:45.353+0000] {logging_mixin.py:151} INFO - [2023-11-02T06:52:45.353+0000] {dag.py:2941} INFO - Sync 1 DAGs
[2023-11-02T06:52:45.373+0000] {logging_mixin.py:151} INFO - [2023-11-02T06:52:45.373+0000] {dag.py:3722} INFO - Setting next_dagrun for example_short_circuit_operator to 2023-11-01T06:52:45.373265+00:00, run_after=2023-11-02T06:52:45.373265+00:00
[2023-11-02T06:52:45.395+0000] {processor.py:179} INFO - Processing /home/ubuntu/customer_churn_venv/lib/python3.10/site-packages/airflow/example_dags/example_short_circuit_operator.py took 0.085 seconds
[2023-11-02T06:59:51.342+0000] {processor.py:157} INFO - Started process (PID=4371) to work on /usr/local/lib/python3.10/dist-packages/airflow/example_dags/example_short_circuit_operator.py
[2023-11-02T06:59:51.344+0000] {processor.py:829} INFO - Processing file /usr/local/lib/python3.10/dist-packages/airflow/example_dags/example_short_circuit_operator.py for tasks to queue
[2023-11-02T06:59:51.345+0000] {logging_mixin.py:151} INFO - [2023-11-02T06:59:51.345+0000] {dagbag.py:536} INFO - Filling up the DagBag from /usr/local/lib/python3.10/dist-packages/airflow/example_dags/example_short_circuit_operator.py
[2023-11-02T06:59:51.358+0000] {processor.py:839} INFO - DAG(s) dict_keys(['example_short_circuit_operator']) retrieved from /usr/local/lib/python3.10/dist-packages/airflow/example_dags/example_short_circuit_operator.py
[2023-11-02T06:59:51.366+0000] {logging_mixin.py:151} INFO - [2023-11-02T06:59:51.365+0000] {dag.py:2941} INFO - Sync 1 DAGs
[2023-11-02T06:59:51.496+0000] {logging_mixin.py:151} INFO - [2023-11-02T06:59:51.496+0000] {dag.py:3722} INFO - Setting next_dagrun for example_short_circuit_operator to 2023-11-01T06:59:51.496392+00:00, run_after=2023-11-02T06:59:51.496392+00:00
[2023-11-02T06:59:51.518+0000] {processor.py:179} INFO - Processing /usr/local/lib/python3.10/dist-packages/airflow/example_dags/example_short_circuit_operator.py took 0.179 seconds
[2023-11-02T07:00:37.992+0000] {processor.py:157} INFO - Started process (PID=4417) to work on /usr/local/lib/python3.10/dist-packages/airflow/example_dags/example_short_circuit_operator.py
[2023-11-02T07:00:37.994+0000] {processor.py:829} INFO - Processing file /usr/local/lib/python3.10/dist-packages/airflow/example_dags/example_short_circuit_operator.py for tasks to queue
[2023-11-02T07:00:37.994+0000] {logging_mixin.py:151} INFO - [2023-11-02T07:00:37.994+0000] {dagbag.py:536} INFO - Filling up the DagBag from /usr/local/lib/python3.10/dist-packages/airflow/example_dags/example_short_circuit_operator.py
[2023-11-02T07:00:38.004+0000] {processor.py:839} INFO - DAG(s) dict_keys(['example_short_circuit_operator']) retrieved from /usr/local/lib/python3.10/dist-packages/airflow/example_dags/example_short_circuit_operator.py
[2023-11-02T07:00:38.024+0000] {logging_mixin.py:151} INFO - [2023-11-02T07:00:38.023+0000] {dag.py:2941} INFO - Sync 1 DAGs
[2023-11-02T07:00:38.045+0000] {logging_mixin.py:151} INFO - [2023-11-02T07:00:38.045+0000] {dag.py:3722} INFO - Setting next_dagrun for example_short_circuit_operator to 2023-11-01T07:00:38.045086+00:00, run_after=2023-11-02T07:00:38.045086+00:00
[2023-11-02T07:00:38.073+0000] {processor.py:179} INFO - Processing /usr/local/lib/python3.10/dist-packages/airflow/example_dags/example_short_circuit_operator.py took 0.084 seconds
[2023-11-02T07:01:22.069+0000] {processor.py:157} INFO - Started process (PID=4464) to work on /usr/local/lib/python3.10/dist-packages/airflow/example_dags/example_short_circuit_operator.py
[2023-11-02T07:01:22.071+0000] {processor.py:829} INFO - Processing file /usr/local/lib/python3.10/dist-packages/airflow/example_dags/example_short_circuit_operator.py for tasks to queue
[2023-11-02T07:01:22.072+0000] {logging_mixin.py:151} INFO - [2023-11-02T07:01:22.071+0000] {dagbag.py:536} INFO - Filling up the DagBag from /usr/local/lib/python3.10/dist-packages/airflow/example_dags/example_short_circuit_operator.py
[2023-11-02T07:01:22.081+0000] {processor.py:839} INFO - DAG(s) dict_keys(['example_short_circuit_operator']) retrieved from /usr/local/lib/python3.10/dist-packages/airflow/example_dags/example_short_circuit_operator.py
[2023-11-02T07:01:22.100+0000] {logging_mixin.py:151} INFO - [2023-11-02T07:01:22.100+0000] {dag.py:2941} INFO - Sync 1 DAGs
[2023-11-02T07:01:22.121+0000] {logging_mixin.py:151} INFO - [2023-11-02T07:01:22.121+0000] {dag.py:3722} INFO - Setting next_dagrun for example_short_circuit_operator to 2023-11-01T07:01:22.121231+00:00, run_after=2023-11-02T07:01:22.121231+00:00
[2023-11-02T07:01:22.144+0000] {processor.py:179} INFO - Processing /usr/local/lib/python3.10/dist-packages/airflow/example_dags/example_short_circuit_operator.py took 0.078 seconds
[2023-11-02T07:02:04.610+0000] {processor.py:157} INFO - Started process (PID=4508) to work on /usr/local/lib/python3.10/dist-packages/airflow/example_dags/example_short_circuit_operator.py
[2023-11-02T07:02:04.611+0000] {processor.py:829} INFO - Processing file /usr/local/lib/python3.10/dist-packages/airflow/example_dags/example_short_circuit_operator.py for tasks to queue
[2023-11-02T07:02:04.612+0000] {logging_mixin.py:151} INFO - [2023-11-02T07:02:04.612+0000] {dagbag.py:536} INFO - Filling up the DagBag from /usr/local/lib/python3.10/dist-packages/airflow/example_dags/example_short_circuit_operator.py
[2023-11-02T07:02:04.621+0000] {processor.py:839} INFO - DAG(s) dict_keys(['example_short_circuit_operator']) retrieved from /usr/local/lib/python3.10/dist-packages/airflow/example_dags/example_short_circuit_operator.py
[2023-11-02T07:02:04.641+0000] {logging_mixin.py:151} INFO - [2023-11-02T07:02:04.641+0000] {dag.py:2941} INFO - Sync 1 DAGs
[2023-11-02T07:02:04.663+0000] {logging_mixin.py:151} INFO - [2023-11-02T07:02:04.662+0000] {dag.py:3722} INFO - Setting next_dagrun for example_short_circuit_operator to 2023-11-01T07:02:04.662677+00:00, run_after=2023-11-02T07:02:04.662677+00:00
[2023-11-02T07:02:04.686+0000] {processor.py:179} INFO - Processing /usr/local/lib/python3.10/dist-packages/airflow/example_dags/example_short_circuit_operator.py took 0.079 seconds
[2023-11-02T07:02:47.664+0000] {processor.py:157} INFO - Started process (PID=4553) to work on /usr/local/lib/python3.10/dist-packages/airflow/example_dags/example_short_circuit_operator.py
[2023-11-02T07:02:47.666+0000] {processor.py:829} INFO - Processing file /usr/local/lib/python3.10/dist-packages/airflow/example_dags/example_short_circuit_operator.py for tasks to queue
[2023-11-02T07:02:47.667+0000] {logging_mixin.py:151} INFO - [2023-11-02T07:02:47.666+0000] {dagbag.py:536} INFO - Filling up the DagBag from /usr/local/lib/python3.10/dist-packages/airflow/example_dags/example_short_circuit_operator.py
[2023-11-02T07:02:47.676+0000] {processor.py:839} INFO - DAG(s) dict_keys(['example_short_circuit_operator']) retrieved from /usr/local/lib/python3.10/dist-packages/airflow/example_dags/example_short_circuit_operator.py
[2023-11-02T07:02:47.695+0000] {logging_mixin.py:151} INFO - [2023-11-02T07:02:47.695+0000] {dag.py:2941} INFO - Sync 1 DAGs
[2023-11-02T07:02:47.716+0000] {logging_mixin.py:151} INFO - [2023-11-02T07:02:47.716+0000] {dag.py:3722} INFO - Setting next_dagrun for example_short_circuit_operator to 2023-11-01T07:02:47.715951+00:00, run_after=2023-11-02T07:02:47.715951+00:00
[2023-11-02T07:02:47.739+0000] {processor.py:179} INFO - Processing /usr/local/lib/python3.10/dist-packages/airflow/example_dags/example_short_circuit_operator.py took 0.078 seconds
[2023-11-02T07:03:34.458+0000] {processor.py:157} INFO - Started process (PID=4600) to work on /usr/local/lib/python3.10/dist-packages/airflow/example_dags/example_short_circuit_operator.py
[2023-11-02T07:03:34.460+0000] {processor.py:829} INFO - Processing file /usr/local/lib/python3.10/dist-packages/airflow/example_dags/example_short_circuit_operator.py for tasks to queue
[2023-11-02T07:03:34.461+0000] {logging_mixin.py:151} INFO - [2023-11-02T07:03:34.460+0000] {dagbag.py:536} INFO - Filling up the DagBag from /usr/local/lib/python3.10/dist-packages/airflow/example_dags/example_short_circuit_operator.py
[2023-11-02T07:03:34.470+0000] {processor.py:839} INFO - DAG(s) dict_keys(['example_short_circuit_operator']) retrieved from /usr/local/lib/python3.10/dist-packages/airflow/example_dags/example_short_circuit_operator.py
[2023-11-02T07:03:34.489+0000] {logging_mixin.py:151} INFO - [2023-11-02T07:03:34.489+0000] {dag.py:2941} INFO - Sync 1 DAGs
[2023-11-02T07:03:34.510+0000] {logging_mixin.py:151} INFO - [2023-11-02T07:03:34.510+0000] {dag.py:3722} INFO - Setting next_dagrun for example_short_circuit_operator to 2023-11-01T07:03:34.509931+00:00, run_after=2023-11-02T07:03:34.509931+00:00
[2023-11-02T07:03:34.532+0000] {processor.py:179} INFO - Processing /usr/local/lib/python3.10/dist-packages/airflow/example_dags/example_short_circuit_operator.py took 0.076 seconds
[2023-11-02T07:04:16.427+0000] {processor.py:157} INFO - Started process (PID=4648) to work on /usr/local/lib/python3.10/dist-packages/airflow/example_dags/example_short_circuit_operator.py
[2023-11-02T07:04:16.428+0000] {processor.py:829} INFO - Processing file /usr/local/lib/python3.10/dist-packages/airflow/example_dags/example_short_circuit_operator.py for tasks to queue
[2023-11-02T07:04:16.429+0000] {logging_mixin.py:151} INFO - [2023-11-02T07:04:16.429+0000] {dagbag.py:536} INFO - Filling up the DagBag from /usr/local/lib/python3.10/dist-packages/airflow/example_dags/example_short_circuit_operator.py
[2023-11-02T07:04:16.438+0000] {processor.py:839} INFO - DAG(s) dict_keys(['example_short_circuit_operator']) retrieved from /usr/local/lib/python3.10/dist-packages/airflow/example_dags/example_short_circuit_operator.py
[2023-11-02T07:04:16.457+0000] {logging_mixin.py:151} INFO - [2023-11-02T07:04:16.457+0000] {dag.py:2941} INFO - Sync 1 DAGs
[2023-11-02T07:04:16.476+0000] {logging_mixin.py:151} INFO - [2023-11-02T07:04:16.476+0000] {dag.py:3722} INFO - Setting next_dagrun for example_short_circuit_operator to 2023-11-01T07:04:16.476244+00:00, run_after=2023-11-02T07:04:16.476244+00:00
[2023-11-02T07:04:16.498+0000] {processor.py:179} INFO - Processing /usr/local/lib/python3.10/dist-packages/airflow/example_dags/example_short_circuit_operator.py took 0.074 seconds
[2023-11-02T07:04:53.525+0000] {processor.py:157} INFO - Started process (PID=4689) to work on /usr/local/lib/python3.10/dist-packages/airflow/example_dags/example_short_circuit_operator.py
[2023-11-02T07:04:53.526+0000] {processor.py:829} INFO - Processing file /usr/local/lib/python3.10/dist-packages/airflow/example_dags/example_short_circuit_operator.py for tasks to queue
[2023-11-02T07:04:53.527+0000] {logging_mixin.py:151} INFO - [2023-11-02T07:04:53.526+0000] {dagbag.py:536} INFO - Filling up the DagBag from /usr/local/lib/python3.10/dist-packages/airflow/example_dags/example_short_circuit_operator.py
[2023-11-02T07:04:53.535+0000] {processor.py:839} INFO - DAG(s) dict_keys(['example_short_circuit_operator']) retrieved from /usr/local/lib/python3.10/dist-packages/airflow/example_dags/example_short_circuit_operator.py
[2023-11-02T07:04:53.554+0000] {logging_mixin.py:151} INFO - [2023-11-02T07:04:53.554+0000] {dag.py:2941} INFO - Sync 1 DAGs
[2023-11-02T07:04:53.574+0000] {logging_mixin.py:151} INFO - [2023-11-02T07:04:53.574+0000] {dag.py:3722} INFO - Setting next_dagrun for example_short_circuit_operator to 2023-11-01T07:04:53.574117+00:00, run_after=2023-11-02T07:04:53.574117+00:00
[2023-11-02T07:04:53.596+0000] {processor.py:179} INFO - Processing /usr/local/lib/python3.10/dist-packages/airflow/example_dags/example_short_circuit_operator.py took 0.075 seconds
[2023-11-02T07:05:34.660+0000] {processor.py:157} INFO - Started process (PID=4732) to work on /usr/local/lib/python3.10/dist-packages/airflow/example_dags/example_short_circuit_operator.py
[2023-11-02T07:05:34.661+0000] {processor.py:829} INFO - Processing file /usr/local/lib/python3.10/dist-packages/airflow/example_dags/example_short_circuit_operator.py for tasks to queue
[2023-11-02T07:05:34.662+0000] {logging_mixin.py:151} INFO - [2023-11-02T07:05:34.661+0000] {dagbag.py:536} INFO - Filling up the DagBag from /usr/local/lib/python3.10/dist-packages/airflow/example_dags/example_short_circuit_operator.py
[2023-11-02T07:05:34.671+0000] {processor.py:839} INFO - DAG(s) dict_keys(['example_short_circuit_operator']) retrieved from /usr/local/lib/python3.10/dist-packages/airflow/example_dags/example_short_circuit_operator.py
[2023-11-02T07:05:34.689+0000] {logging_mixin.py:151} INFO - [2023-11-02T07:05:34.689+0000] {dag.py:2941} INFO - Sync 1 DAGs
[2023-11-02T07:05:34.709+0000] {logging_mixin.py:151} INFO - [2023-11-02T07:05:34.709+0000] {dag.py:3722} INFO - Setting next_dagrun for example_short_circuit_operator to 2023-11-01T07:05:34.708898+00:00, run_after=2023-11-02T07:05:34.708898+00:00
[2023-11-02T07:05:34.732+0000] {processor.py:179} INFO - Processing /usr/local/lib/python3.10/dist-packages/airflow/example_dags/example_short_circuit_operator.py took 0.075 seconds
[2023-11-02T07:06:18.595+0000] {processor.py:157} INFO - Started process (PID=4776) to work on /usr/local/lib/python3.10/dist-packages/airflow/example_dags/example_short_circuit_operator.py
[2023-11-02T07:06:18.596+0000] {processor.py:829} INFO - Processing file /usr/local/lib/python3.10/dist-packages/airflow/example_dags/example_short_circuit_operator.py for tasks to queue
[2023-11-02T07:06:18.597+0000] {logging_mixin.py:151} INFO - [2023-11-02T07:06:18.596+0000] {dagbag.py:536} INFO - Filling up the DagBag from /usr/local/lib/python3.10/dist-packages/airflow/example_dags/example_short_circuit_operator.py
[2023-11-02T07:06:18.606+0000] {processor.py:839} INFO - DAG(s) dict_keys(['example_short_circuit_operator']) retrieved from /usr/local/lib/python3.10/dist-packages/airflow/example_dags/example_short_circuit_operator.py
[2023-11-02T07:06:18.625+0000] {logging_mixin.py:151} INFO - [2023-11-02T07:06:18.625+0000] {dag.py:2941} INFO - Sync 1 DAGs
[2023-11-02T07:06:18.647+0000] {logging_mixin.py:151} INFO - [2023-11-02T07:06:18.646+0000] {dag.py:3722} INFO - Setting next_dagrun for example_short_circuit_operator to 2023-11-01T07:06:18.646580+00:00, run_after=2023-11-02T07:06:18.646580+00:00
[2023-11-02T07:06:18.670+0000] {processor.py:179} INFO - Processing /usr/local/lib/python3.10/dist-packages/airflow/example_dags/example_short_circuit_operator.py took 0.079 seconds
[2023-11-02T07:07:07.548+0000] {processor.py:157} INFO - Started process (PID=4825) to work on /usr/local/lib/python3.10/dist-packages/airflow/example_dags/example_short_circuit_operator.py
[2023-11-02T07:07:07.549+0000] {processor.py:829} INFO - Processing file /usr/local/lib/python3.10/dist-packages/airflow/example_dags/example_short_circuit_operator.py for tasks to queue
[2023-11-02T07:07:07.550+0000] {logging_mixin.py:151} INFO - [2023-11-02T07:07:07.550+0000] {dagbag.py:536} INFO - Filling up the DagBag from /usr/local/lib/python3.10/dist-packages/airflow/example_dags/example_short_circuit_operator.py
[2023-11-02T07:07:07.559+0000] {processor.py:839} INFO - DAG(s) dict_keys(['example_short_circuit_operator']) retrieved from /usr/local/lib/python3.10/dist-packages/airflow/example_dags/example_short_circuit_operator.py
[2023-11-02T07:07:07.579+0000] {logging_mixin.py:151} INFO - [2023-11-02T07:07:07.579+0000] {dag.py:2941} INFO - Sync 1 DAGs
[2023-11-02T07:07:07.600+0000] {logging_mixin.py:151} INFO - [2023-11-02T07:07:07.600+0000] {dag.py:3722} INFO - Setting next_dagrun for example_short_circuit_operator to 2023-11-01T07:07:07.599984+00:00, run_after=2023-11-02T07:07:07.599984+00:00
[2023-11-02T07:07:07.629+0000] {processor.py:179} INFO - Processing /usr/local/lib/python3.10/dist-packages/airflow/example_dags/example_short_circuit_operator.py took 0.084 seconds
[2023-11-02T07:07:49.804+0000] {processor.py:157} INFO - Started process (PID=4872) to work on /usr/local/lib/python3.10/dist-packages/airflow/example_dags/example_short_circuit_operator.py
[2023-11-02T07:07:49.805+0000] {processor.py:829} INFO - Processing file /usr/local/lib/python3.10/dist-packages/airflow/example_dags/example_short_circuit_operator.py for tasks to queue
[2023-11-02T07:07:49.806+0000] {logging_mixin.py:151} INFO - [2023-11-02T07:07:49.806+0000] {dagbag.py:536} INFO - Filling up the DagBag from /usr/local/lib/python3.10/dist-packages/airflow/example_dags/example_short_circuit_operator.py
[2023-11-02T07:07:49.815+0000] {processor.py:839} INFO - DAG(s) dict_keys(['example_short_circuit_operator']) retrieved from /usr/local/lib/python3.10/dist-packages/airflow/example_dags/example_short_circuit_operator.py
[2023-11-02T07:07:49.835+0000] {logging_mixin.py:151} INFO - [2023-11-02T07:07:49.835+0000] {dag.py:2941} INFO - Sync 1 DAGs
[2023-11-02T07:07:49.857+0000] {logging_mixin.py:151} INFO - [2023-11-02T07:07:49.856+0000] {dag.py:3722} INFO - Setting next_dagrun for example_short_circuit_operator to 2023-11-01T07:07:49.856529+00:00, run_after=2023-11-02T07:07:49.856529+00:00
[2023-11-02T07:07:49.880+0000] {processor.py:179} INFO - Processing /usr/local/lib/python3.10/dist-packages/airflow/example_dags/example_short_circuit_operator.py took 0.080 seconds
[2023-11-02T07:08:38.911+0000] {processor.py:157} INFO - Started process (PID=5153) to work on /usr/local/lib/python3.10/dist-packages/airflow/example_dags/example_short_circuit_operator.py
[2023-11-02T07:08:38.912+0000] {processor.py:829} INFO - Processing file /usr/local/lib/python3.10/dist-packages/airflow/example_dags/example_short_circuit_operator.py for tasks to queue
[2023-11-02T07:08:38.913+0000] {logging_mixin.py:151} INFO - [2023-11-02T07:08:38.913+0000] {dagbag.py:536} INFO - Filling up the DagBag from /usr/local/lib/python3.10/dist-packages/airflow/example_dags/example_short_circuit_operator.py
[2023-11-02T07:08:38.922+0000] {processor.py:839} INFO - DAG(s) dict_keys(['example_short_circuit_operator']) retrieved from /usr/local/lib/python3.10/dist-packages/airflow/example_dags/example_short_circuit_operator.py
[2023-11-02T07:08:38.941+0000] {logging_mixin.py:151} INFO - [2023-11-02T07:08:38.941+0000] {dag.py:2941} INFO - Sync 1 DAGs
[2023-11-02T07:08:38.964+0000] {logging_mixin.py:151} INFO - [2023-11-02T07:08:38.963+0000] {dag.py:3722} INFO - Setting next_dagrun for example_short_circuit_operator to 2023-11-01T07:08:38.963706+00:00, run_after=2023-11-02T07:08:38.963706+00:00
[2023-11-02T07:08:38.986+0000] {processor.py:179} INFO - Processing /usr/local/lib/python3.10/dist-packages/airflow/example_dags/example_short_circuit_operator.py took 0.078 seconds
[2023-11-02T07:09:22.243+0000] {processor.py:157} INFO - Started process (PID=5358) to work on /usr/local/lib/python3.10/dist-packages/airflow/example_dags/example_short_circuit_operator.py
[2023-11-02T07:09:22.245+0000] {processor.py:829} INFO - Processing file /usr/local/lib/python3.10/dist-packages/airflow/example_dags/example_short_circuit_operator.py for tasks to queue
[2023-11-02T07:09:22.246+0000] {logging_mixin.py:151} INFO - [2023-11-02T07:09:22.245+0000] {dagbag.py:536} INFO - Filling up the DagBag from /usr/local/lib/python3.10/dist-packages/airflow/example_dags/example_short_circuit_operator.py
[2023-11-02T07:09:22.255+0000] {processor.py:839} INFO - DAG(s) dict_keys(['example_short_circuit_operator']) retrieved from /usr/local/lib/python3.10/dist-packages/airflow/example_dags/example_short_circuit_operator.py
[2023-11-02T07:09:22.275+0000] {logging_mixin.py:151} INFO - [2023-11-02T07:09:22.274+0000] {dag.py:2941} INFO - Sync 1 DAGs
[2023-11-02T07:09:22.295+0000] {logging_mixin.py:151} INFO - [2023-11-02T07:09:22.295+0000] {dag.py:3722} INFO - Setting next_dagrun for example_short_circuit_operator to 2023-11-01T07:09:22.295372+00:00, run_after=2023-11-02T07:09:22.295372+00:00
[2023-11-02T07:09:22.317+0000] {processor.py:179} INFO - Processing /usr/local/lib/python3.10/dist-packages/airflow/example_dags/example_short_circuit_operator.py took 0.077 seconds
[2023-11-02T07:10:08.644+0000] {processor.py:157} INFO - Started process (PID=5407) to work on /usr/local/lib/python3.10/dist-packages/airflow/example_dags/example_short_circuit_operator.py
[2023-11-02T07:10:08.646+0000] {processor.py:829} INFO - Processing file /usr/local/lib/python3.10/dist-packages/airflow/example_dags/example_short_circuit_operator.py for tasks to queue
[2023-11-02T07:10:08.647+0000] {logging_mixin.py:151} INFO - [2023-11-02T07:10:08.646+0000] {dagbag.py:536} INFO - Filling up the DagBag from /usr/local/lib/python3.10/dist-packages/airflow/example_dags/example_short_circuit_operator.py
[2023-11-02T07:10:08.656+0000] {processor.py:839} INFO - DAG(s) dict_keys(['example_short_circuit_operator']) retrieved from /usr/local/lib/python3.10/dist-packages/airflow/example_dags/example_short_circuit_operator.py
[2023-11-02T07:10:08.675+0000] {logging_mixin.py:151} INFO - [2023-11-02T07:10:08.675+0000] {dag.py:2941} INFO - Sync 1 DAGs
[2023-11-02T07:10:08.696+0000] {logging_mixin.py:151} INFO - [2023-11-02T07:10:08.695+0000] {dag.py:3722} INFO - Setting next_dagrun for example_short_circuit_operator to 2023-11-01T07:10:08.695520+00:00, run_after=2023-11-02T07:10:08.695520+00:00
[2023-11-02T07:10:08.718+0000] {processor.py:179} INFO - Processing /usr/local/lib/python3.10/dist-packages/airflow/example_dags/example_short_circuit_operator.py took 0.077 seconds
[2023-11-02T07:10:55.905+0000] {processor.py:157} INFO - Started process (PID=5455) to work on /usr/local/lib/python3.10/dist-packages/airflow/example_dags/example_short_circuit_operator.py
[2023-11-02T07:10:55.906+0000] {processor.py:829} INFO - Processing file /usr/local/lib/python3.10/dist-packages/airflow/example_dags/example_short_circuit_operator.py for tasks to queue
[2023-11-02T07:10:55.908+0000] {logging_mixin.py:151} INFO - [2023-11-02T07:10:55.907+0000] {dagbag.py:536} INFO - Filling up the DagBag from /usr/local/lib/python3.10/dist-packages/airflow/example_dags/example_short_circuit_operator.py
[2023-11-02T07:10:55.919+0000] {processor.py:839} INFO - DAG(s) dict_keys(['example_short_circuit_operator']) retrieved from /usr/local/lib/python3.10/dist-packages/airflow/example_dags/example_short_circuit_operator.py
[2023-11-02T07:10:55.938+0000] {logging_mixin.py:151} INFO - [2023-11-02T07:10:55.938+0000] {dag.py:2941} INFO - Sync 1 DAGs
[2023-11-02T07:10:55.959+0000] {logging_mixin.py:151} INFO - [2023-11-02T07:10:55.959+0000] {dag.py:3722} INFO - Setting next_dagrun for example_short_circuit_operator to 2023-11-01T07:10:55.959010+00:00, run_after=2023-11-02T07:10:55.959010+00:00
[2023-11-02T07:10:55.989+0000] {processor.py:179} INFO - Processing /usr/local/lib/python3.10/dist-packages/airflow/example_dags/example_short_circuit_operator.py took 0.087 seconds
[2023-11-02T07:11:44.263+0000] {processor.py:157} INFO - Started process (PID=5509) to work on /usr/local/lib/python3.10/dist-packages/airflow/example_dags/example_short_circuit_operator.py
[2023-11-02T07:11:44.264+0000] {processor.py:829} INFO - Processing file /usr/local/lib/python3.10/dist-packages/airflow/example_dags/example_short_circuit_operator.py for tasks to queue
[2023-11-02T07:11:44.265+0000] {logging_mixin.py:151} INFO - [2023-11-02T07:11:44.265+0000] {dagbag.py:536} INFO - Filling up the DagBag from /usr/local/lib/python3.10/dist-packages/airflow/example_dags/example_short_circuit_operator.py
[2023-11-02T07:11:44.274+0000] {processor.py:839} INFO - DAG(s) dict_keys(['example_short_circuit_operator']) retrieved from /usr/local/lib/python3.10/dist-packages/airflow/example_dags/example_short_circuit_operator.py
[2023-11-02T07:11:44.294+0000] {logging_mixin.py:151} INFO - [2023-11-02T07:11:44.294+0000] {dag.py:2941} INFO - Sync 1 DAGs
[2023-11-02T07:11:44.315+0000] {logging_mixin.py:151} INFO - [2023-11-02T07:11:44.315+0000] {dag.py:3722} INFO - Setting next_dagrun for example_short_circuit_operator to 2023-11-01T07:11:44.315374+00:00, run_after=2023-11-02T07:11:44.315374+00:00
[2023-11-02T07:11:44.338+0000] {processor.py:179} INFO - Processing /usr/local/lib/python3.10/dist-packages/airflow/example_dags/example_short_circuit_operator.py took 0.079 seconds
[2023-11-02T07:12:25.296+0000] {processor.py:157} INFO - Started process (PID=5554) to work on /usr/local/lib/python3.10/dist-packages/airflow/example_dags/example_short_circuit_operator.py
[2023-11-02T07:12:25.297+0000] {processor.py:829} INFO - Processing file /usr/local/lib/python3.10/dist-packages/airflow/example_dags/example_short_circuit_operator.py for tasks to queue
[2023-11-02T07:12:25.298+0000] {logging_mixin.py:151} INFO - [2023-11-02T07:12:25.298+0000] {dagbag.py:536} INFO - Filling up the DagBag from /usr/local/lib/python3.10/dist-packages/airflow/example_dags/example_short_circuit_operator.py
[2023-11-02T07:12:25.307+0000] {processor.py:839} INFO - DAG(s) dict_keys(['example_short_circuit_operator']) retrieved from /usr/local/lib/python3.10/dist-packages/airflow/example_dags/example_short_circuit_operator.py
[2023-11-02T07:12:25.327+0000] {logging_mixin.py:151} INFO - [2023-11-02T07:12:25.327+0000] {dag.py:2941} INFO - Sync 1 DAGs
[2023-11-02T07:12:25.348+0000] {logging_mixin.py:151} INFO - [2023-11-02T07:12:25.347+0000] {dag.py:3722} INFO - Setting next_dagrun for example_short_circuit_operator to 2023-11-01T07:12:25.347601+00:00, run_after=2023-11-02T07:12:25.347601+00:00
[2023-11-02T07:12:25.370+0000] {processor.py:179} INFO - Processing /usr/local/lib/python3.10/dist-packages/airflow/example_dags/example_short_circuit_operator.py took 0.077 seconds
