[2023-11-02T06:49:40.805+0000] {processor.py:157} INFO - Started process (PID=3709) to work on /home/ubuntu/customer_churn_venv/lib/python3.10/site-packages/airflow/example_dags/example_xcomargs.py
[2023-11-02T06:49:40.806+0000] {processor.py:829} INFO - Processing file /home/ubuntu/customer_churn_venv/lib/python3.10/site-packages/airflow/example_dags/example_xcomargs.py for tasks to queue
[2023-11-02T06:49:40.807+0000] {logging_mixin.py:151} INFO - [2023-11-02T06:49:40.807+0000] {dagbag.py:536} INFO - Filling up the DagBag from /home/ubuntu/customer_churn_venv/lib/python3.10/site-packages/airflow/example_dags/example_xcomargs.py
[2023-11-02T06:49:40.817+0000] {processor.py:839} INFO - DAG(s) dict_keys(['example_xcom_args', 'example_xcom_args_with_operators']) retrieved from /home/ubuntu/customer_churn_venv/lib/python3.10/site-packages/airflow/example_dags/example_xcomargs.py
[2023-11-02T06:49:41.035+0000] {logging_mixin.py:151} INFO - [2023-11-02T06:49:41.034+0000] {manager.py:499} INFO - Created Permission View: %s
[2023-11-02T06:49:41.048+0000] {logging_mixin.py:151} INFO - [2023-11-02T06:49:41.048+0000] {manager.py:499} INFO - Created Permission View: %s
[2023-11-02T06:49:41.061+0000] {logging_mixin.py:151} INFO - [2023-11-02T06:49:41.061+0000] {manager.py:499} INFO - Created Permission View: %s
[2023-11-02T06:49:41.083+0000] {logging_mixin.py:151} INFO - [2023-11-02T06:49:41.083+0000] {manager.py:499} INFO - Created Permission View: %s
[2023-11-02T06:49:41.096+0000] {logging_mixin.py:151} INFO - [2023-11-02T06:49:41.096+0000] {manager.py:499} INFO - Created Permission View: %s
[2023-11-02T06:49:41.106+0000] {logging_mixin.py:151} INFO - [2023-11-02T06:49:41.106+0000] {manager.py:499} INFO - Created Permission View: %s
[2023-11-02T06:49:41.106+0000] {logging_mixin.py:151} INFO - [2023-11-02T06:49:41.106+0000] {dag.py:2941} INFO - Sync 2 DAGs
[2023-11-02T06:49:41.116+0000] {logging_mixin.py:151} INFO - [2023-11-02T06:49:41.116+0000] {dag.py:2963} INFO - Creating ORM DAG for example_xcom_args
[2023-11-02T06:49:41.117+0000] {logging_mixin.py:151} INFO - [2023-11-02T06:49:41.117+0000] {dag.py:2963} INFO - Creating ORM DAG for example_xcom_args_with_operators
[2023-11-02T06:49:41.117+0000] {logging_mixin.py:151} INFO - [2023-11-02T06:49:41.117+0000] {dag.py:3722} INFO - Setting next_dagrun for example_xcom_args to None, run_after=None
[2023-11-02T06:49:41.118+0000] {logging_mixin.py:151} INFO - [2023-11-02T06:49:41.118+0000] {dag.py:3722} INFO - Setting next_dagrun for example_xcom_args_with_operators to None, run_after=None
[2023-11-02T06:49:41.139+0000] {processor.py:179} INFO - Processing /home/ubuntu/customer_churn_venv/lib/python3.10/site-packages/airflow/example_dags/example_xcomargs.py took 0.337 seconds
[2023-11-02T06:50:37.063+0000] {processor.py:157} INFO - Started process (PID=3755) to work on /home/ubuntu/customer_churn_venv/lib/python3.10/site-packages/airflow/example_dags/example_xcomargs.py
[2023-11-02T06:50:37.064+0000] {processor.py:829} INFO - Processing file /home/ubuntu/customer_churn_venv/lib/python3.10/site-packages/airflow/example_dags/example_xcomargs.py for tasks to queue
[2023-11-02T06:50:37.065+0000] {logging_mixin.py:151} INFO - [2023-11-02T06:50:37.064+0000] {dagbag.py:536} INFO - Filling up the DagBag from /home/ubuntu/customer_churn_venv/lib/python3.10/site-packages/airflow/example_dags/example_xcomargs.py
[2023-11-02T06:50:37.074+0000] {processor.py:839} INFO - DAG(s) dict_keys(['example_xcom_args_with_operators', 'example_xcom_args']) retrieved from /home/ubuntu/customer_churn_venv/lib/python3.10/site-packages/airflow/example_dags/example_xcomargs.py
[2023-11-02T06:50:37.094+0000] {logging_mixin.py:151} INFO - [2023-11-02T06:50:37.094+0000] {dag.py:2941} INFO - Sync 2 DAGs
[2023-11-02T06:50:37.106+0000] {logging_mixin.py:151} INFO - [2023-11-02T06:50:37.106+0000] {dag.py:3722} INFO - Setting next_dagrun for example_xcom_args to None, run_after=None
[2023-11-02T06:50:37.110+0000] {logging_mixin.py:151} INFO - [2023-11-02T06:50:37.109+0000] {dag.py:3722} INFO - Setting next_dagrun for example_xcom_args_with_operators to None, run_after=None
[2023-11-02T06:50:37.130+0000] {processor.py:179} INFO - Processing /home/ubuntu/customer_churn_venv/lib/python3.10/site-packages/airflow/example_dags/example_xcomargs.py took 0.070 seconds
[2023-11-02T06:51:22.509+0000] {processor.py:157} INFO - Started process (PID=3803) to work on /home/ubuntu/customer_churn_venv/lib/python3.10/site-packages/airflow/example_dags/example_xcomargs.py
[2023-11-02T06:51:22.511+0000] {processor.py:829} INFO - Processing file /home/ubuntu/customer_churn_venv/lib/python3.10/site-packages/airflow/example_dags/example_xcomargs.py for tasks to queue
[2023-11-02T06:51:22.512+0000] {logging_mixin.py:151} INFO - [2023-11-02T06:51:22.511+0000] {dagbag.py:536} INFO - Filling up the DagBag from /home/ubuntu/customer_churn_venv/lib/python3.10/site-packages/airflow/example_dags/example_xcomargs.py
[2023-11-02T06:51:22.521+0000] {processor.py:839} INFO - DAG(s) dict_keys(['example_xcom_args', 'example_xcom_args_with_operators']) retrieved from /home/ubuntu/customer_churn_venv/lib/python3.10/site-packages/airflow/example_dags/example_xcomargs.py
[2023-11-02T06:51:22.542+0000] {logging_mixin.py:151} INFO - [2023-11-02T06:51:22.542+0000] {dag.py:2941} INFO - Sync 2 DAGs
[2023-11-02T06:51:22.554+0000] {logging_mixin.py:151} INFO - [2023-11-02T06:51:22.554+0000] {dag.py:3722} INFO - Setting next_dagrun for example_xcom_args to None, run_after=None
[2023-11-02T06:51:22.557+0000] {logging_mixin.py:151} INFO - [2023-11-02T06:51:22.557+0000] {dag.py:3722} INFO - Setting next_dagrun for example_xcom_args_with_operators to None, run_after=None
[2023-11-02T06:51:22.577+0000] {processor.py:179} INFO - Processing /home/ubuntu/customer_churn_venv/lib/python3.10/site-packages/airflow/example_dags/example_xcomargs.py took 0.071 seconds
[2023-11-02T06:52:01.280+0000] {processor.py:157} INFO - Started process (PID=3843) to work on /home/ubuntu/customer_churn_venv/lib/python3.10/site-packages/airflow/example_dags/example_xcomargs.py
[2023-11-02T06:52:01.281+0000] {processor.py:829} INFO - Processing file /home/ubuntu/customer_churn_venv/lib/python3.10/site-packages/airflow/example_dags/example_xcomargs.py for tasks to queue
[2023-11-02T06:52:01.282+0000] {logging_mixin.py:151} INFO - [2023-11-02T06:52:01.281+0000] {dagbag.py:536} INFO - Filling up the DagBag from /home/ubuntu/customer_churn_venv/lib/python3.10/site-packages/airflow/example_dags/example_xcomargs.py
[2023-11-02T06:52:01.292+0000] {processor.py:839} INFO - DAG(s) dict_keys(['example_xcom_args', 'example_xcom_args_with_operators']) retrieved from /home/ubuntu/customer_churn_venv/lib/python3.10/site-packages/airflow/example_dags/example_xcomargs.py
[2023-11-02T06:52:01.313+0000] {logging_mixin.py:151} INFO - [2023-11-02T06:52:01.313+0000] {dag.py:2941} INFO - Sync 2 DAGs
[2023-11-02T06:52:01.325+0000] {logging_mixin.py:151} INFO - [2023-11-02T06:52:01.325+0000] {dag.py:3722} INFO - Setting next_dagrun for example_xcom_args to None, run_after=None
[2023-11-02T06:52:01.329+0000] {logging_mixin.py:151} INFO - [2023-11-02T06:52:01.329+0000] {dag.py:3722} INFO - Setting next_dagrun for example_xcom_args_with_operators to None, run_after=None
[2023-11-02T06:52:01.350+0000] {processor.py:179} INFO - Processing /home/ubuntu/customer_churn_venv/lib/python3.10/site-packages/airflow/example_dags/example_xcomargs.py took 0.074 seconds
[2023-11-02T06:52:47.604+0000] {processor.py:157} INFO - Started process (PID=3890) to work on /home/ubuntu/customer_churn_venv/lib/python3.10/site-packages/airflow/example_dags/example_xcomargs.py
[2023-11-02T06:52:47.605+0000] {processor.py:829} INFO - Processing file /home/ubuntu/customer_churn_venv/lib/python3.10/site-packages/airflow/example_dags/example_xcomargs.py for tasks to queue
[2023-11-02T06:52:47.606+0000] {logging_mixin.py:151} INFO - [2023-11-02T06:52:47.606+0000] {dagbag.py:536} INFO - Filling up the DagBag from /home/ubuntu/customer_churn_venv/lib/python3.10/site-packages/airflow/example_dags/example_xcomargs.py
[2023-11-02T06:52:47.615+0000] {processor.py:839} INFO - DAG(s) dict_keys(['example_xcom_args', 'example_xcom_args_with_operators']) retrieved from /home/ubuntu/customer_churn_venv/lib/python3.10/site-packages/airflow/example_dags/example_xcomargs.py
[2023-11-02T06:52:47.636+0000] {logging_mixin.py:151} INFO - [2023-11-02T06:52:47.635+0000] {dag.py:2941} INFO - Sync 2 DAGs
[2023-11-02T06:52:47.648+0000] {logging_mixin.py:151} INFO - [2023-11-02T06:52:47.648+0000] {dag.py:3722} INFO - Setting next_dagrun for example_xcom_args to None, run_after=None
[2023-11-02T06:52:47.651+0000] {logging_mixin.py:151} INFO - [2023-11-02T06:52:47.651+0000] {dag.py:3722} INFO - Setting next_dagrun for example_xcom_args_with_operators to None, run_after=None
[2023-11-02T06:52:47.672+0000] {processor.py:179} INFO - Processing /home/ubuntu/customer_churn_venv/lib/python3.10/site-packages/airflow/example_dags/example_xcomargs.py took 0.071 seconds
[2023-11-02T06:59:52.858+0000] {processor.py:157} INFO - Started process (PID=4373) to work on /usr/local/lib/python3.10/dist-packages/airflow/example_dags/example_xcomargs.py
[2023-11-02T06:59:52.860+0000] {processor.py:829} INFO - Processing file /usr/local/lib/python3.10/dist-packages/airflow/example_dags/example_xcomargs.py for tasks to queue
[2023-11-02T06:59:52.861+0000] {logging_mixin.py:151} INFO - [2023-11-02T06:59:52.860+0000] {dagbag.py:536} INFO - Filling up the DagBag from /usr/local/lib/python3.10/dist-packages/airflow/example_dags/example_xcomargs.py
[2023-11-02T06:59:52.874+0000] {processor.py:839} INFO - DAG(s) dict_keys(['example_xcom_args_with_operators', 'example_xcom_args']) retrieved from /usr/local/lib/python3.10/dist-packages/airflow/example_dags/example_xcomargs.py
[2023-11-02T06:59:52.882+0000] {logging_mixin.py:151} INFO - [2023-11-02T06:59:52.882+0000] {dag.py:2941} INFO - Sync 2 DAGs
[2023-11-02T06:59:53.011+0000] {logging_mixin.py:151} INFO - [2023-11-02T06:59:53.011+0000] {dag.py:3722} INFO - Setting next_dagrun for example_xcom_args to None, run_after=None
[2023-11-02T06:59:53.014+0000] {logging_mixin.py:151} INFO - [2023-11-02T06:59:53.014+0000] {dag.py:3722} INFO - Setting next_dagrun for example_xcom_args_with_operators to None, run_after=None
[2023-11-02T06:59:53.034+0000] {processor.py:179} INFO - Processing /usr/local/lib/python3.10/dist-packages/airflow/example_dags/example_xcomargs.py took 0.178 seconds
[2023-11-02T07:00:39.713+0000] {processor.py:157} INFO - Started process (PID=4419) to work on /usr/local/lib/python3.10/dist-packages/airflow/example_dags/example_xcomargs.py
[2023-11-02T07:00:39.715+0000] {processor.py:829} INFO - Processing file /usr/local/lib/python3.10/dist-packages/airflow/example_dags/example_xcomargs.py for tasks to queue
[2023-11-02T07:00:39.715+0000] {logging_mixin.py:151} INFO - [2023-11-02T07:00:39.715+0000] {dagbag.py:536} INFO - Filling up the DagBag from /usr/local/lib/python3.10/dist-packages/airflow/example_dags/example_xcomargs.py
[2023-11-02T07:00:39.725+0000] {processor.py:839} INFO - DAG(s) dict_keys(['example_xcom_args_with_operators', 'example_xcom_args']) retrieved from /usr/local/lib/python3.10/dist-packages/airflow/example_dags/example_xcomargs.py
[2023-11-02T07:00:39.745+0000] {logging_mixin.py:151} INFO - [2023-11-02T07:00:39.745+0000] {dag.py:2941} INFO - Sync 2 DAGs
[2023-11-02T07:00:39.757+0000] {logging_mixin.py:151} INFO - [2023-11-02T07:00:39.757+0000] {dag.py:3722} INFO - Setting next_dagrun for example_xcom_args to None, run_after=None
[2023-11-02T07:00:39.760+0000] {logging_mixin.py:151} INFO - [2023-11-02T07:00:39.760+0000] {dag.py:3722} INFO - Setting next_dagrun for example_xcom_args_with_operators to None, run_after=None
[2023-11-02T07:00:39.782+0000] {processor.py:179} INFO - Processing /usr/local/lib/python3.10/dist-packages/airflow/example_dags/example_xcomargs.py took 0.072 seconds
[2023-11-02T07:01:24.251+0000] {processor.py:157} INFO - Started process (PID=4466) to work on /usr/local/lib/python3.10/dist-packages/airflow/example_dags/example_xcomargs.py
[2023-11-02T07:01:24.253+0000] {processor.py:829} INFO - Processing file /usr/local/lib/python3.10/dist-packages/airflow/example_dags/example_xcomargs.py for tasks to queue
[2023-11-02T07:01:24.254+0000] {logging_mixin.py:151} INFO - [2023-11-02T07:01:24.253+0000] {dagbag.py:536} INFO - Filling up the DagBag from /usr/local/lib/python3.10/dist-packages/airflow/example_dags/example_xcomargs.py
[2023-11-02T07:01:24.263+0000] {processor.py:839} INFO - DAG(s) dict_keys(['example_xcom_args_with_operators', 'example_xcom_args']) retrieved from /usr/local/lib/python3.10/dist-packages/airflow/example_dags/example_xcomargs.py
[2023-11-02T07:01:24.284+0000] {logging_mixin.py:151} INFO - [2023-11-02T07:01:24.284+0000] {dag.py:2941} INFO - Sync 2 DAGs
[2023-11-02T07:01:24.296+0000] {logging_mixin.py:151} INFO - [2023-11-02T07:01:24.296+0000] {dag.py:3722} INFO - Setting next_dagrun for example_xcom_args to None, run_after=None
[2023-11-02T07:01:24.300+0000] {logging_mixin.py:151} INFO - [2023-11-02T07:01:24.299+0000] {dag.py:3722} INFO - Setting next_dagrun for example_xcom_args_with_operators to None, run_after=None
[2023-11-02T07:01:24.322+0000] {processor.py:179} INFO - Processing /usr/local/lib/python3.10/dist-packages/airflow/example_dags/example_xcomargs.py took 0.074 seconds
[2023-11-02T07:02:05.960+0000] {processor.py:157} INFO - Started process (PID=4510) to work on /usr/local/lib/python3.10/dist-packages/airflow/example_dags/example_xcomargs.py
[2023-11-02T07:02:05.961+0000] {processor.py:829} INFO - Processing file /usr/local/lib/python3.10/dist-packages/airflow/example_dags/example_xcomargs.py for tasks to queue
[2023-11-02T07:02:05.962+0000] {logging_mixin.py:151} INFO - [2023-11-02T07:02:05.962+0000] {dagbag.py:536} INFO - Filling up the DagBag from /usr/local/lib/python3.10/dist-packages/airflow/example_dags/example_xcomargs.py
[2023-11-02T07:02:05.971+0000] {processor.py:839} INFO - DAG(s) dict_keys(['example_xcom_args_with_operators', 'example_xcom_args']) retrieved from /usr/local/lib/python3.10/dist-packages/airflow/example_dags/example_xcomargs.py
[2023-11-02T07:02:05.991+0000] {logging_mixin.py:151} INFO - [2023-11-02T07:02:05.990+0000] {dag.py:2941} INFO - Sync 2 DAGs
[2023-11-02T07:02:06.003+0000] {logging_mixin.py:151} INFO - [2023-11-02T07:02:06.003+0000] {dag.py:3722} INFO - Setting next_dagrun for example_xcom_args to None, run_after=None
[2023-11-02T07:02:06.006+0000] {logging_mixin.py:151} INFO - [2023-11-02T07:02:06.006+0000] {dag.py:3722} INFO - Setting next_dagrun for example_xcom_args_with_operators to None, run_after=None
[2023-11-02T07:02:06.029+0000] {processor.py:179} INFO - Processing /usr/local/lib/python3.10/dist-packages/airflow/example_dags/example_xcomargs.py took 0.072 seconds
[2023-11-02T07:02:49.952+0000] {processor.py:157} INFO - Started process (PID=4555) to work on /usr/local/lib/python3.10/dist-packages/airflow/example_dags/example_xcomargs.py
[2023-11-02T07:02:49.954+0000] {processor.py:829} INFO - Processing file /usr/local/lib/python3.10/dist-packages/airflow/example_dags/example_xcomargs.py for tasks to queue
[2023-11-02T07:02:49.955+0000] {logging_mixin.py:151} INFO - [2023-11-02T07:02:49.954+0000] {dagbag.py:536} INFO - Filling up the DagBag from /usr/local/lib/python3.10/dist-packages/airflow/example_dags/example_xcomargs.py
[2023-11-02T07:02:49.964+0000] {processor.py:839} INFO - DAG(s) dict_keys(['example_xcom_args_with_operators', 'example_xcom_args']) retrieved from /usr/local/lib/python3.10/dist-packages/airflow/example_dags/example_xcomargs.py
[2023-11-02T07:02:49.986+0000] {logging_mixin.py:151} INFO - [2023-11-02T07:02:49.986+0000] {dag.py:2941} INFO - Sync 2 DAGs
[2023-11-02T07:02:49.999+0000] {logging_mixin.py:151} INFO - [2023-11-02T07:02:49.998+0000] {dag.py:3722} INFO - Setting next_dagrun for example_xcom_args to None, run_after=None
[2023-11-02T07:02:50.002+0000] {logging_mixin.py:151} INFO - [2023-11-02T07:02:50.002+0000] {dag.py:3722} INFO - Setting next_dagrun for example_xcom_args_with_operators to None, run_after=None
[2023-11-02T07:02:50.026+0000] {processor.py:179} INFO - Processing /usr/local/lib/python3.10/dist-packages/airflow/example_dags/example_xcomargs.py took 0.077 seconds
[2023-11-02T07:03:36.031+0000] {processor.py:157} INFO - Started process (PID=4602) to work on /usr/local/lib/python3.10/dist-packages/airflow/example_dags/example_xcomargs.py
[2023-11-02T07:03:36.032+0000] {processor.py:829} INFO - Processing file /usr/local/lib/python3.10/dist-packages/airflow/example_dags/example_xcomargs.py for tasks to queue
[2023-11-02T07:03:36.033+0000] {logging_mixin.py:151} INFO - [2023-11-02T07:03:36.033+0000] {dagbag.py:536} INFO - Filling up the DagBag from /usr/local/lib/python3.10/dist-packages/airflow/example_dags/example_xcomargs.py
[2023-11-02T07:03:36.043+0000] {processor.py:839} INFO - DAG(s) dict_keys(['example_xcom_args', 'example_xcom_args_with_operators']) retrieved from /usr/local/lib/python3.10/dist-packages/airflow/example_dags/example_xcomargs.py
[2023-11-02T07:03:36.063+0000] {logging_mixin.py:151} INFO - [2023-11-02T07:03:36.063+0000] {dag.py:2941} INFO - Sync 2 DAGs
[2023-11-02T07:03:36.075+0000] {logging_mixin.py:151} INFO - [2023-11-02T07:03:36.075+0000] {dag.py:3722} INFO - Setting next_dagrun for example_xcom_args to None, run_after=None
[2023-11-02T07:03:36.078+0000] {logging_mixin.py:151} INFO - [2023-11-02T07:03:36.078+0000] {dag.py:3722} INFO - Setting next_dagrun for example_xcom_args_with_operators to None, run_after=None
[2023-11-02T07:03:36.099+0000] {processor.py:179} INFO - Processing /usr/local/lib/python3.10/dist-packages/airflow/example_dags/example_xcomargs.py took 0.071 seconds
[2023-11-02T07:04:17.740+0000] {processor.py:157} INFO - Started process (PID=4650) to work on /usr/local/lib/python3.10/dist-packages/airflow/example_dags/example_xcomargs.py
[2023-11-02T07:04:17.741+0000] {processor.py:829} INFO - Processing file /usr/local/lib/python3.10/dist-packages/airflow/example_dags/example_xcomargs.py for tasks to queue
[2023-11-02T07:04:17.742+0000] {logging_mixin.py:151} INFO - [2023-11-02T07:04:17.741+0000] {dagbag.py:536} INFO - Filling up the DagBag from /usr/local/lib/python3.10/dist-packages/airflow/example_dags/example_xcomargs.py
[2023-11-02T07:04:17.751+0000] {processor.py:839} INFO - DAG(s) dict_keys(['example_xcom_args_with_operators', 'example_xcom_args']) retrieved from /usr/local/lib/python3.10/dist-packages/airflow/example_dags/example_xcomargs.py
[2023-11-02T07:04:17.770+0000] {logging_mixin.py:151} INFO - [2023-11-02T07:04:17.770+0000] {dag.py:2941} INFO - Sync 2 DAGs
[2023-11-02T07:04:17.781+0000] {logging_mixin.py:151} INFO - [2023-11-02T07:04:17.781+0000] {dag.py:3722} INFO - Setting next_dagrun for example_xcom_args to None, run_after=None
[2023-11-02T07:04:17.784+0000] {logging_mixin.py:151} INFO - [2023-11-02T07:04:17.784+0000] {dag.py:3722} INFO - Setting next_dagrun for example_xcom_args_with_operators to None, run_after=None
[2023-11-02T07:04:17.804+0000] {processor.py:179} INFO - Processing /usr/local/lib/python3.10/dist-packages/airflow/example_dags/example_xcomargs.py took 0.068 seconds
[2023-11-02T07:04:55.800+0000] {processor.py:157} INFO - Started process (PID=4691) to work on /usr/local/lib/python3.10/dist-packages/airflow/example_dags/example_xcomargs.py
[2023-11-02T07:04:55.802+0000] {processor.py:829} INFO - Processing file /usr/local/lib/python3.10/dist-packages/airflow/example_dags/example_xcomargs.py for tasks to queue
[2023-11-02T07:04:55.803+0000] {logging_mixin.py:151} INFO - [2023-11-02T07:04:55.802+0000] {dagbag.py:536} INFO - Filling up the DagBag from /usr/local/lib/python3.10/dist-packages/airflow/example_dags/example_xcomargs.py
[2023-11-02T07:04:55.812+0000] {processor.py:839} INFO - DAG(s) dict_keys(['example_xcom_args_with_operators', 'example_xcom_args']) retrieved from /usr/local/lib/python3.10/dist-packages/airflow/example_dags/example_xcomargs.py
[2023-11-02T07:04:55.831+0000] {logging_mixin.py:151} INFO - [2023-11-02T07:04:55.831+0000] {dag.py:2941} INFO - Sync 2 DAGs
[2023-11-02T07:04:55.843+0000] {logging_mixin.py:151} INFO - [2023-11-02T07:04:55.843+0000] {dag.py:3722} INFO - Setting next_dagrun for example_xcom_args to None, run_after=None
[2023-11-02T07:04:55.846+0000] {logging_mixin.py:151} INFO - [2023-11-02T07:04:55.846+0000] {dag.py:3722} INFO - Setting next_dagrun for example_xcom_args_with_operators to None, run_after=None
[2023-11-02T07:04:55.866+0000] {processor.py:179} INFO - Processing /usr/local/lib/python3.10/dist-packages/airflow/example_dags/example_xcomargs.py took 0.069 seconds
[2023-11-02T07:05:36.939+0000] {processor.py:157} INFO - Started process (PID=4734) to work on /usr/local/lib/python3.10/dist-packages/airflow/example_dags/example_xcomargs.py
[2023-11-02T07:05:36.940+0000] {processor.py:829} INFO - Processing file /usr/local/lib/python3.10/dist-packages/airflow/example_dags/example_xcomargs.py for tasks to queue
[2023-11-02T07:05:36.941+0000] {logging_mixin.py:151} INFO - [2023-11-02T07:05:36.941+0000] {dagbag.py:536} INFO - Filling up the DagBag from /usr/local/lib/python3.10/dist-packages/airflow/example_dags/example_xcomargs.py
[2023-11-02T07:05:36.950+0000] {processor.py:839} INFO - DAG(s) dict_keys(['example_xcom_args_with_operators', 'example_xcom_args']) retrieved from /usr/local/lib/python3.10/dist-packages/airflow/example_dags/example_xcomargs.py
[2023-11-02T07:05:36.970+0000] {logging_mixin.py:151} INFO - [2023-11-02T07:05:36.970+0000] {dag.py:2941} INFO - Sync 2 DAGs
[2023-11-02T07:05:36.982+0000] {logging_mixin.py:151} INFO - [2023-11-02T07:05:36.982+0000] {dag.py:3722} INFO - Setting next_dagrun for example_xcom_args to None, run_after=None
[2023-11-02T07:05:36.985+0000] {logging_mixin.py:151} INFO - [2023-11-02T07:05:36.985+0000] {dag.py:3722} INFO - Setting next_dagrun for example_xcom_args_with_operators to None, run_after=None
[2023-11-02T07:05:37.006+0000] {processor.py:179} INFO - Processing /usr/local/lib/python3.10/dist-packages/airflow/example_dags/example_xcomargs.py took 0.071 seconds
[2023-11-02T07:06:19.994+0000] {processor.py:157} INFO - Started process (PID=4778) to work on /usr/local/lib/python3.10/dist-packages/airflow/example_dags/example_xcomargs.py
[2023-11-02T07:06:19.995+0000] {processor.py:829} INFO - Processing file /usr/local/lib/python3.10/dist-packages/airflow/example_dags/example_xcomargs.py for tasks to queue
[2023-11-02T07:06:19.996+0000] {logging_mixin.py:151} INFO - [2023-11-02T07:06:19.996+0000] {dagbag.py:536} INFO - Filling up the DagBag from /usr/local/lib/python3.10/dist-packages/airflow/example_dags/example_xcomargs.py
[2023-11-02T07:06:20.007+0000] {processor.py:839} INFO - DAG(s) dict_keys(['example_xcom_args', 'example_xcom_args_with_operators']) retrieved from /usr/local/lib/python3.10/dist-packages/airflow/example_dags/example_xcomargs.py
[2023-11-02T07:06:20.028+0000] {logging_mixin.py:151} INFO - [2023-11-02T07:06:20.028+0000] {dag.py:2941} INFO - Sync 2 DAGs
[2023-11-02T07:06:20.041+0000] {logging_mixin.py:151} INFO - [2023-11-02T07:06:20.041+0000] {dag.py:3722} INFO - Setting next_dagrun for example_xcom_args to None, run_after=None
[2023-11-02T07:06:20.044+0000] {logging_mixin.py:151} INFO - [2023-11-02T07:06:20.044+0000] {dag.py:3722} INFO - Setting next_dagrun for example_xcom_args_with_operators to None, run_after=None
[2023-11-02T07:06:20.064+0000] {processor.py:179} INFO - Processing /usr/local/lib/python3.10/dist-packages/airflow/example_dags/example_xcomargs.py took 0.073 seconds
[2023-11-02T07:07:09.337+0000] {processor.py:157} INFO - Started process (PID=4827) to work on /usr/local/lib/python3.10/dist-packages/airflow/example_dags/example_xcomargs.py
[2023-11-02T07:07:09.338+0000] {processor.py:829} INFO - Processing file /usr/local/lib/python3.10/dist-packages/airflow/example_dags/example_xcomargs.py for tasks to queue
[2023-11-02T07:07:09.339+0000] {logging_mixin.py:151} INFO - [2023-11-02T07:07:09.338+0000] {dagbag.py:536} INFO - Filling up the DagBag from /usr/local/lib/python3.10/dist-packages/airflow/example_dags/example_xcomargs.py
[2023-11-02T07:07:09.348+0000] {processor.py:839} INFO - DAG(s) dict_keys(['example_xcom_args_with_operators', 'example_xcom_args']) retrieved from /usr/local/lib/python3.10/dist-packages/airflow/example_dags/example_xcomargs.py
[2023-11-02T07:07:09.369+0000] {logging_mixin.py:151} INFO - [2023-11-02T07:07:09.369+0000] {dag.py:2941} INFO - Sync 2 DAGs
[2023-11-02T07:07:09.381+0000] {logging_mixin.py:151} INFO - [2023-11-02T07:07:09.381+0000] {dag.py:3722} INFO - Setting next_dagrun for example_xcom_args to None, run_after=None
[2023-11-02T07:07:09.385+0000] {logging_mixin.py:151} INFO - [2023-11-02T07:07:09.384+0000] {dag.py:3722} INFO - Setting next_dagrun for example_xcom_args_with_operators to None, run_after=None
[2023-11-02T07:07:09.405+0000] {processor.py:179} INFO - Processing /usr/local/lib/python3.10/dist-packages/airflow/example_dags/example_xcomargs.py took 0.072 seconds
[2023-11-02T07:07:52.087+0000] {processor.py:157} INFO - Started process (PID=4874) to work on /usr/local/lib/python3.10/dist-packages/airflow/example_dags/example_xcomargs.py
[2023-11-02T07:07:52.089+0000] {processor.py:829} INFO - Processing file /usr/local/lib/python3.10/dist-packages/airflow/example_dags/example_xcomargs.py for tasks to queue
[2023-11-02T07:07:52.090+0000] {logging_mixin.py:151} INFO - [2023-11-02T07:07:52.089+0000] {dagbag.py:536} INFO - Filling up the DagBag from /usr/local/lib/python3.10/dist-packages/airflow/example_dags/example_xcomargs.py
[2023-11-02T07:07:52.099+0000] {processor.py:839} INFO - DAG(s) dict_keys(['example_xcom_args_with_operators', 'example_xcom_args']) retrieved from /usr/local/lib/python3.10/dist-packages/airflow/example_dags/example_xcomargs.py
[2023-11-02T07:07:52.118+0000] {logging_mixin.py:151} INFO - [2023-11-02T07:07:52.118+0000] {dag.py:2941} INFO - Sync 2 DAGs
[2023-11-02T07:07:52.131+0000] {logging_mixin.py:151} INFO - [2023-11-02T07:07:52.131+0000] {dag.py:3722} INFO - Setting next_dagrun for example_xcom_args to None, run_after=None
[2023-11-02T07:07:52.134+0000] {logging_mixin.py:151} INFO - [2023-11-02T07:07:52.134+0000] {dag.py:3722} INFO - Setting next_dagrun for example_xcom_args_with_operators to None, run_after=None
[2023-11-02T07:07:52.154+0000] {processor.py:179} INFO - Processing /usr/local/lib/python3.10/dist-packages/airflow/example_dags/example_xcomargs.py took 0.070 seconds
[2023-11-02T07:08:40.614+0000] {processor.py:157} INFO - Started process (PID=5155) to work on /usr/local/lib/python3.10/dist-packages/airflow/example_dags/example_xcomargs.py
[2023-11-02T07:08:40.615+0000] {processor.py:829} INFO - Processing file /usr/local/lib/python3.10/dist-packages/airflow/example_dags/example_xcomargs.py for tasks to queue
[2023-11-02T07:08:40.616+0000] {logging_mixin.py:151} INFO - [2023-11-02T07:08:40.616+0000] {dagbag.py:536} INFO - Filling up the DagBag from /usr/local/lib/python3.10/dist-packages/airflow/example_dags/example_xcomargs.py
[2023-11-02T07:08:40.625+0000] {processor.py:839} INFO - DAG(s) dict_keys(['example_xcom_args', 'example_xcom_args_with_operators']) retrieved from /usr/local/lib/python3.10/dist-packages/airflow/example_dags/example_xcomargs.py
[2023-11-02T07:08:40.645+0000] {logging_mixin.py:151} INFO - [2023-11-02T07:08:40.645+0000] {dag.py:2941} INFO - Sync 2 DAGs
[2023-11-02T07:08:40.657+0000] {logging_mixin.py:151} INFO - [2023-11-02T07:08:40.656+0000] {dag.py:3722} INFO - Setting next_dagrun for example_xcom_args to None, run_after=None
[2023-11-02T07:08:40.659+0000] {logging_mixin.py:151} INFO - [2023-11-02T07:08:40.659+0000] {dag.py:3722} INFO - Setting next_dagrun for example_xcom_args_with_operators to None, run_after=None
[2023-11-02T07:08:40.680+0000] {processor.py:179} INFO - Processing /usr/local/lib/python3.10/dist-packages/airflow/example_dags/example_xcomargs.py took 0.069 seconds
[2023-11-02T07:09:24.520+0000] {processor.py:157} INFO - Started process (PID=5360) to work on /usr/local/lib/python3.10/dist-packages/airflow/example_dags/example_xcomargs.py
[2023-11-02T07:09:24.521+0000] {processor.py:829} INFO - Processing file /usr/local/lib/python3.10/dist-packages/airflow/example_dags/example_xcomargs.py for tasks to queue
[2023-11-02T07:09:24.522+0000] {logging_mixin.py:151} INFO - [2023-11-02T07:09:24.521+0000] {dagbag.py:536} INFO - Filling up the DagBag from /usr/local/lib/python3.10/dist-packages/airflow/example_dags/example_xcomargs.py
[2023-11-02T07:09:24.531+0000] {processor.py:839} INFO - DAG(s) dict_keys(['example_xcom_args_with_operators', 'example_xcom_args']) retrieved from /usr/local/lib/python3.10/dist-packages/airflow/example_dags/example_xcomargs.py
[2023-11-02T07:09:24.551+0000] {logging_mixin.py:151} INFO - [2023-11-02T07:09:24.551+0000] {dag.py:2941} INFO - Sync 2 DAGs
[2023-11-02T07:09:24.564+0000] {logging_mixin.py:151} INFO - [2023-11-02T07:09:24.563+0000] {dag.py:3722} INFO - Setting next_dagrun for example_xcom_args to None, run_after=None
[2023-11-02T07:09:24.567+0000] {logging_mixin.py:151} INFO - [2023-11-02T07:09:24.567+0000] {dag.py:3722} INFO - Setting next_dagrun for example_xcom_args_with_operators to None, run_after=None
[2023-11-02T07:09:24.586+0000] {processor.py:179} INFO - Processing /usr/local/lib/python3.10/dist-packages/airflow/example_dags/example_xcomargs.py took 0.070 seconds
[2023-11-02T07:10:10.925+0000] {processor.py:157} INFO - Started process (PID=5409) to work on /usr/local/lib/python3.10/dist-packages/airflow/example_dags/example_xcomargs.py
[2023-11-02T07:10:10.926+0000] {processor.py:829} INFO - Processing file /usr/local/lib/python3.10/dist-packages/airflow/example_dags/example_xcomargs.py for tasks to queue
[2023-11-02T07:10:10.927+0000] {logging_mixin.py:151} INFO - [2023-11-02T07:10:10.927+0000] {dagbag.py:536} INFO - Filling up the DagBag from /usr/local/lib/python3.10/dist-packages/airflow/example_dags/example_xcomargs.py
[2023-11-02T07:10:10.936+0000] {processor.py:839} INFO - DAG(s) dict_keys(['example_xcom_args_with_operators', 'example_xcom_args']) retrieved from /usr/local/lib/python3.10/dist-packages/airflow/example_dags/example_xcomargs.py
[2023-11-02T07:10:10.956+0000] {logging_mixin.py:151} INFO - [2023-11-02T07:10:10.956+0000] {dag.py:2941} INFO - Sync 2 DAGs
[2023-11-02T07:10:10.969+0000] {logging_mixin.py:151} INFO - [2023-11-02T07:10:10.969+0000] {dag.py:3722} INFO - Setting next_dagrun for example_xcom_args to None, run_after=None
[2023-11-02T07:10:10.972+0000] {logging_mixin.py:151} INFO - [2023-11-02T07:10:10.972+0000] {dag.py:3722} INFO - Setting next_dagrun for example_xcom_args_with_operators to None, run_after=None
[2023-11-02T07:10:10.993+0000] {processor.py:179} INFO - Processing /usr/local/lib/python3.10/dist-packages/airflow/example_dags/example_xcomargs.py took 0.071 seconds
[2023-11-02T07:10:57.626+0000] {processor.py:157} INFO - Started process (PID=5457) to work on /usr/local/lib/python3.10/dist-packages/airflow/example_dags/example_xcomargs.py
[2023-11-02T07:10:57.627+0000] {processor.py:829} INFO - Processing file /usr/local/lib/python3.10/dist-packages/airflow/example_dags/example_xcomargs.py for tasks to queue
[2023-11-02T07:10:57.628+0000] {logging_mixin.py:151} INFO - [2023-11-02T07:10:57.628+0000] {dagbag.py:536} INFO - Filling up the DagBag from /usr/local/lib/python3.10/dist-packages/airflow/example_dags/example_xcomargs.py
[2023-11-02T07:10:57.638+0000] {processor.py:839} INFO - DAG(s) dict_keys(['example_xcom_args', 'example_xcom_args_with_operators']) retrieved from /usr/local/lib/python3.10/dist-packages/airflow/example_dags/example_xcomargs.py
[2023-11-02T07:10:57.658+0000] {logging_mixin.py:151} INFO - [2023-11-02T07:10:57.658+0000] {dag.py:2941} INFO - Sync 2 DAGs
[2023-11-02T07:10:57.671+0000] {logging_mixin.py:151} INFO - [2023-11-02T07:10:57.671+0000] {dag.py:3722} INFO - Setting next_dagrun for example_xcom_args to None, run_after=None
[2023-11-02T07:10:57.674+0000] {logging_mixin.py:151} INFO - [2023-11-02T07:10:57.674+0000] {dag.py:3722} INFO - Setting next_dagrun for example_xcom_args_with_operators to None, run_after=None
[2023-11-02T07:10:57.695+0000] {processor.py:179} INFO - Processing /usr/local/lib/python3.10/dist-packages/airflow/example_dags/example_xcomargs.py took 0.072 seconds
[2023-11-02T07:11:46.547+0000] {processor.py:157} INFO - Started process (PID=5511) to work on /usr/local/lib/python3.10/dist-packages/airflow/example_dags/example_xcomargs.py
[2023-11-02T07:11:46.548+0000] {processor.py:829} INFO - Processing file /usr/local/lib/python3.10/dist-packages/airflow/example_dags/example_xcomargs.py for tasks to queue
[2023-11-02T07:11:46.549+0000] {logging_mixin.py:151} INFO - [2023-11-02T07:11:46.549+0000] {dagbag.py:536} INFO - Filling up the DagBag from /usr/local/lib/python3.10/dist-packages/airflow/example_dags/example_xcomargs.py
[2023-11-02T07:11:46.558+0000] {processor.py:839} INFO - DAG(s) dict_keys(['example_xcom_args', 'example_xcom_args_with_operators']) retrieved from /usr/local/lib/python3.10/dist-packages/airflow/example_dags/example_xcomargs.py
[2023-11-02T07:11:46.578+0000] {logging_mixin.py:151} INFO - [2023-11-02T07:11:46.578+0000] {dag.py:2941} INFO - Sync 2 DAGs
[2023-11-02T07:11:46.590+0000] {logging_mixin.py:151} INFO - [2023-11-02T07:11:46.590+0000] {dag.py:3722} INFO - Setting next_dagrun for example_xcom_args to None, run_after=None
[2023-11-02T07:11:46.594+0000] {logging_mixin.py:151} INFO - [2023-11-02T07:11:46.593+0000] {dag.py:3722} INFO - Setting next_dagrun for example_xcom_args_with_operators to None, run_after=None
[2023-11-02T07:11:46.613+0000] {processor.py:179} INFO - Processing /usr/local/lib/python3.10/dist-packages/airflow/example_dags/example_xcomargs.py took 0.070 seconds
[2023-11-02T07:12:27.584+0000] {processor.py:157} INFO - Started process (PID=5556) to work on /usr/local/lib/python3.10/dist-packages/airflow/example_dags/example_xcomargs.py
[2023-11-02T07:12:27.586+0000] {processor.py:829} INFO - Processing file /usr/local/lib/python3.10/dist-packages/airflow/example_dags/example_xcomargs.py for tasks to queue
[2023-11-02T07:12:27.588+0000] {logging_mixin.py:151} INFO - [2023-11-02T07:12:27.588+0000] {dagbag.py:536} INFO - Filling up the DagBag from /usr/local/lib/python3.10/dist-packages/airflow/example_dags/example_xcomargs.py
[2023-11-02T07:12:27.597+0000] {processor.py:839} INFO - DAG(s) dict_keys(['example_xcom_args', 'example_xcom_args_with_operators']) retrieved from /usr/local/lib/python3.10/dist-packages/airflow/example_dags/example_xcomargs.py
[2023-11-02T07:12:27.616+0000] {logging_mixin.py:151} INFO - [2023-11-02T07:12:27.616+0000] {dag.py:2941} INFO - Sync 2 DAGs
[2023-11-02T07:12:27.629+0000] {logging_mixin.py:151} INFO - [2023-11-02T07:12:27.629+0000] {dag.py:3722} INFO - Setting next_dagrun for example_xcom_args to None, run_after=None
[2023-11-02T07:12:27.632+0000] {logging_mixin.py:151} INFO - [2023-11-02T07:12:27.632+0000] {dag.py:3722} INFO - Setting next_dagrun for example_xcom_args_with_operators to None, run_after=None
[2023-11-02T07:12:27.651+0000] {processor.py:179} INFO - Processing /usr/local/lib/python3.10/dist-packages/airflow/example_dags/example_xcomargs.py took 0.070 seconds
