[2023-11-02T06:50:15.961+0000] {processor.py:157} INFO - Started process (PID=3736) to work on /home/ubuntu/customer_churn_venv/lib/python3.10/site-packages/airflow/example_dags/example_branch_day_of_week_operator.py
[2023-11-02T06:50:15.962+0000] {processor.py:829} INFO - Processing file /home/ubuntu/customer_churn_venv/lib/python3.10/site-packages/airflow/example_dags/example_branch_day_of_week_operator.py for tasks to queue
[2023-11-02T06:50:15.962+0000] {logging_mixin.py:151} INFO - [2023-11-02T06:50:15.962+0000] {dagbag.py:536} INFO - Filling up the DagBag from /home/ubuntu/customer_churn_venv/lib/python3.10/site-packages/airflow/example_dags/example_branch_day_of_week_operator.py
[2023-11-02T06:50:15.971+0000] {processor.py:839} INFO - DAG(s) dict_keys(['example_weekday_branch_operator']) retrieved from /home/ubuntu/customer_churn_venv/lib/python3.10/site-packages/airflow/example_dags/example_branch_day_of_week_operator.py
[2023-11-02T06:50:16.186+0000] {logging_mixin.py:151} INFO - [2023-11-02T06:50:16.186+0000] {manager.py:499} INFO - Created Permission View: %s
[2023-11-02T06:50:16.198+0000] {logging_mixin.py:151} INFO - [2023-11-02T06:50:16.198+0000] {manager.py:499} INFO - Created Permission View: %s
[2023-11-02T06:50:16.208+0000] {logging_mixin.py:151} INFO - [2023-11-02T06:50:16.208+0000] {manager.py:499} INFO - Created Permission View: %s
[2023-11-02T06:50:16.208+0000] {logging_mixin.py:151} INFO - [2023-11-02T06:50:16.208+0000] {dag.py:2941} INFO - Sync 1 DAGs
[2023-11-02T06:50:16.219+0000] {logging_mixin.py:151} INFO - [2023-11-02T06:50:16.219+0000] {dag.py:2963} INFO - Creating ORM DAG for example_weekday_branch_operator
[2023-11-02T06:50:16.229+0000] {logging_mixin.py:151} INFO - [2023-11-02T06:50:16.229+0000] {dag.py:3722} INFO - Setting next_dagrun for example_weekday_branch_operator to 2023-11-01T00:00:00+00:00, run_after=2023-11-02T00:00:00+00:00
[2023-11-02T06:50:16.251+0000] {processor.py:179} INFO - Processing /home/ubuntu/customer_churn_venv/lib/python3.10/site-packages/airflow/example_dags/example_branch_day_of_week_operator.py took 0.294 seconds
[2023-11-02T06:51:04.116+0000] {processor.py:157} INFO - Started process (PID=3782) to work on /home/ubuntu/customer_churn_venv/lib/python3.10/site-packages/airflow/example_dags/example_branch_day_of_week_operator.py
[2023-11-02T06:51:04.117+0000] {processor.py:829} INFO - Processing file /home/ubuntu/customer_churn_venv/lib/python3.10/site-packages/airflow/example_dags/example_branch_day_of_week_operator.py for tasks to queue
[2023-11-02T06:51:04.118+0000] {logging_mixin.py:151} INFO - [2023-11-02T06:51:04.118+0000] {dagbag.py:536} INFO - Filling up the DagBag from /home/ubuntu/customer_churn_venv/lib/python3.10/site-packages/airflow/example_dags/example_branch_day_of_week_operator.py
[2023-11-02T06:51:04.126+0000] {processor.py:839} INFO - DAG(s) dict_keys(['example_weekday_branch_operator']) retrieved from /home/ubuntu/customer_churn_venv/lib/python3.10/site-packages/airflow/example_dags/example_branch_day_of_week_operator.py
[2023-11-02T06:51:04.145+0000] {logging_mixin.py:151} INFO - [2023-11-02T06:51:04.145+0000] {dag.py:2941} INFO - Sync 1 DAGs
[2023-11-02T06:51:04.168+0000] {logging_mixin.py:151} INFO - [2023-11-02T06:51:04.167+0000] {dag.py:3722} INFO - Setting next_dagrun for example_weekday_branch_operator to 2023-11-01T00:00:00+00:00, run_after=2023-11-02T00:00:00+00:00
[2023-11-02T06:51:04.190+0000] {processor.py:179} INFO - Processing /home/ubuntu/customer_churn_venv/lib/python3.10/site-packages/airflow/example_dags/example_branch_day_of_week_operator.py took 0.077 seconds
[2023-11-02T06:51:49.996+0000] {processor.py:157} INFO - Started process (PID=3831) to work on /home/ubuntu/customer_churn_venv/lib/python3.10/site-packages/airflow/example_dags/example_branch_day_of_week_operator.py
[2023-11-02T06:51:49.997+0000] {processor.py:829} INFO - Processing file /home/ubuntu/customer_churn_venv/lib/python3.10/site-packages/airflow/example_dags/example_branch_day_of_week_operator.py for tasks to queue
[2023-11-02T06:51:49.998+0000] {logging_mixin.py:151} INFO - [2023-11-02T06:51:49.998+0000] {dagbag.py:536} INFO - Filling up the DagBag from /home/ubuntu/customer_churn_venv/lib/python3.10/site-packages/airflow/example_dags/example_branch_day_of_week_operator.py
[2023-11-02T06:51:50.011+0000] {processor.py:839} INFO - DAG(s) dict_keys(['example_weekday_branch_operator']) retrieved from /home/ubuntu/customer_churn_venv/lib/python3.10/site-packages/airflow/example_dags/example_branch_day_of_week_operator.py
[2023-11-02T06:51:50.030+0000] {logging_mixin.py:151} INFO - [2023-11-02T06:51:50.030+0000] {dag.py:2941} INFO - Sync 1 DAGs
[2023-11-02T06:51:50.052+0000] {logging_mixin.py:151} INFO - [2023-11-02T06:51:50.052+0000] {dag.py:3722} INFO - Setting next_dagrun for example_weekday_branch_operator to 2023-11-01T00:00:00+00:00, run_after=2023-11-02T00:00:00+00:00
[2023-11-02T06:51:50.075+0000] {processor.py:179} INFO - Processing /home/ubuntu/customer_churn_venv/lib/python3.10/site-packages/airflow/example_dags/example_branch_day_of_week_operator.py took 0.083 seconds
[2023-11-02T06:52:37.300+0000] {processor.py:157} INFO - Started process (PID=3879) to work on /home/ubuntu/customer_churn_venv/lib/python3.10/site-packages/airflow/example_dags/example_branch_day_of_week_operator.py
[2023-11-02T06:52:37.301+0000] {processor.py:829} INFO - Processing file /home/ubuntu/customer_churn_venv/lib/python3.10/site-packages/airflow/example_dags/example_branch_day_of_week_operator.py for tasks to queue
[2023-11-02T06:52:37.302+0000] {logging_mixin.py:151} INFO - [2023-11-02T06:52:37.302+0000] {dagbag.py:536} INFO - Filling up the DagBag from /home/ubuntu/customer_churn_venv/lib/python3.10/site-packages/airflow/example_dags/example_branch_day_of_week_operator.py
[2023-11-02T06:52:37.310+0000] {processor.py:839} INFO - DAG(s) dict_keys(['example_weekday_branch_operator']) retrieved from /home/ubuntu/customer_churn_venv/lib/python3.10/site-packages/airflow/example_dags/example_branch_day_of_week_operator.py
[2023-11-02T06:52:37.329+0000] {logging_mixin.py:151} INFO - [2023-11-02T06:52:37.329+0000] {dag.py:2941} INFO - Sync 1 DAGs
[2023-11-02T06:52:37.352+0000] {logging_mixin.py:151} INFO - [2023-11-02T06:52:37.351+0000] {dag.py:3722} INFO - Setting next_dagrun for example_weekday_branch_operator to 2023-11-01T00:00:00+00:00, run_after=2023-11-02T00:00:00+00:00
[2023-11-02T06:52:37.373+0000] {processor.py:179} INFO - Processing /home/ubuntu/customer_churn_venv/lib/python3.10/site-packages/airflow/example_dags/example_branch_day_of_week_operator.py took 0.076 seconds
[2023-11-02T07:00:23.278+0000] {processor.py:157} INFO - Started process (PID=4403) to work on /usr/local/lib/python3.10/dist-packages/airflow/example_dags/example_branch_day_of_week_operator.py
[2023-11-02T07:00:23.279+0000] {processor.py:829} INFO - Processing file /usr/local/lib/python3.10/dist-packages/airflow/example_dags/example_branch_day_of_week_operator.py for tasks to queue
[2023-11-02T07:00:23.280+0000] {logging_mixin.py:151} INFO - [2023-11-02T07:00:23.280+0000] {dagbag.py:536} INFO - Filling up the DagBag from /usr/local/lib/python3.10/dist-packages/airflow/example_dags/example_branch_day_of_week_operator.py
[2023-11-02T07:00:23.288+0000] {processor.py:839} INFO - DAG(s) dict_keys(['example_weekday_branch_operator']) retrieved from /usr/local/lib/python3.10/dist-packages/airflow/example_dags/example_branch_day_of_week_operator.py
[2023-11-02T07:00:23.307+0000] {logging_mixin.py:151} INFO - [2023-11-02T07:00:23.307+0000] {dag.py:2941} INFO - Sync 1 DAGs
[2023-11-02T07:00:23.329+0000] {logging_mixin.py:151} INFO - [2023-11-02T07:00:23.329+0000] {dag.py:3722} INFO - Setting next_dagrun for example_weekday_branch_operator to 2023-11-01T00:00:00+00:00, run_after=2023-11-02T00:00:00+00:00
[2023-11-02T07:00:23.352+0000] {processor.py:179} INFO - Processing /usr/local/lib/python3.10/dist-packages/airflow/example_dags/example_branch_day_of_week_operator.py took 0.078 seconds
[2023-11-02T07:01:11.771+0000] {processor.py:157} INFO - Started process (PID=4453) to work on /usr/local/lib/python3.10/dist-packages/airflow/example_dags/example_branch_day_of_week_operator.py
[2023-11-02T07:01:11.773+0000] {processor.py:829} INFO - Processing file /usr/local/lib/python3.10/dist-packages/airflow/example_dags/example_branch_day_of_week_operator.py for tasks to queue
[2023-11-02T07:01:11.774+0000] {logging_mixin.py:151} INFO - [2023-11-02T07:01:11.773+0000] {dagbag.py:536} INFO - Filling up the DagBag from /usr/local/lib/python3.10/dist-packages/airflow/example_dags/example_branch_day_of_week_operator.py
[2023-11-02T07:01:11.782+0000] {processor.py:839} INFO - DAG(s) dict_keys(['example_weekday_branch_operator']) retrieved from /usr/local/lib/python3.10/dist-packages/airflow/example_dags/example_branch_day_of_week_operator.py
[2023-11-02T07:01:11.802+0000] {logging_mixin.py:151} INFO - [2023-11-02T07:01:11.802+0000] {dag.py:2941} INFO - Sync 1 DAGs
[2023-11-02T07:01:11.825+0000] {logging_mixin.py:151} INFO - [2023-11-02T07:01:11.824+0000] {dag.py:3722} INFO - Setting next_dagrun for example_weekday_branch_operator to 2023-11-01T00:00:00+00:00, run_after=2023-11-02T00:00:00+00:00
[2023-11-02T07:01:11.848+0000] {processor.py:179} INFO - Processing /usr/local/lib/python3.10/dist-packages/airflow/example_dags/example_branch_day_of_week_operator.py took 0.079 seconds
[2023-11-02T07:01:55.817+0000] {processor.py:157} INFO - Started process (PID=4499) to work on /usr/local/lib/python3.10/dist-packages/airflow/example_dags/example_branch_day_of_week_operator.py
[2023-11-02T07:01:55.819+0000] {processor.py:829} INFO - Processing file /usr/local/lib/python3.10/dist-packages/airflow/example_dags/example_branch_day_of_week_operator.py for tasks to queue
[2023-11-02T07:01:55.819+0000] {logging_mixin.py:151} INFO - [2023-11-02T07:01:55.819+0000] {dagbag.py:536} INFO - Filling up the DagBag from /usr/local/lib/python3.10/dist-packages/airflow/example_dags/example_branch_day_of_week_operator.py
[2023-11-02T07:01:55.828+0000] {processor.py:839} INFO - DAG(s) dict_keys(['example_weekday_branch_operator']) retrieved from /usr/local/lib/python3.10/dist-packages/airflow/example_dags/example_branch_day_of_week_operator.py
[2023-11-02T07:01:55.847+0000] {logging_mixin.py:151} INFO - [2023-11-02T07:01:55.846+0000] {dag.py:2941} INFO - Sync 1 DAGs
[2023-11-02T07:01:55.868+0000] {logging_mixin.py:151} INFO - [2023-11-02T07:01:55.868+0000] {dag.py:3722} INFO - Setting next_dagrun for example_weekday_branch_operator to 2023-11-01T00:00:00+00:00, run_after=2023-11-02T00:00:00+00:00
[2023-11-02T07:01:55.895+0000] {processor.py:179} INFO - Processing /usr/local/lib/python3.10/dist-packages/airflow/example_dags/example_branch_day_of_week_operator.py took 0.081 seconds
[2023-11-02T07:02:40.846+0000] {processor.py:157} INFO - Started process (PID=4545) to work on /usr/local/lib/python3.10/dist-packages/airflow/example_dags/example_branch_day_of_week_operator.py
[2023-11-02T07:02:40.847+0000] {processor.py:829} INFO - Processing file /usr/local/lib/python3.10/dist-packages/airflow/example_dags/example_branch_day_of_week_operator.py for tasks to queue
[2023-11-02T07:02:40.848+0000] {logging_mixin.py:151} INFO - [2023-11-02T07:02:40.848+0000] {dagbag.py:536} INFO - Filling up the DagBag from /usr/local/lib/python3.10/dist-packages/airflow/example_dags/example_branch_day_of_week_operator.py
[2023-11-02T07:02:40.857+0000] {processor.py:839} INFO - DAG(s) dict_keys(['example_weekday_branch_operator']) retrieved from /usr/local/lib/python3.10/dist-packages/airflow/example_dags/example_branch_day_of_week_operator.py
[2023-11-02T07:02:40.876+0000] {logging_mixin.py:151} INFO - [2023-11-02T07:02:40.876+0000] {dag.py:2941} INFO - Sync 1 DAGs
[2023-11-02T07:02:40.898+0000] {logging_mixin.py:151} INFO - [2023-11-02T07:02:40.898+0000] {dag.py:3722} INFO - Setting next_dagrun for example_weekday_branch_operator to 2023-11-01T00:00:00+00:00, run_after=2023-11-02T00:00:00+00:00
[2023-11-02T07:02:40.923+0000] {processor.py:179} INFO - Processing /usr/local/lib/python3.10/dist-packages/airflow/example_dags/example_branch_day_of_week_operator.py took 0.080 seconds
[2023-11-02T07:03:27.030+0000] {processor.py:157} INFO - Started process (PID=4593) to work on /usr/local/lib/python3.10/dist-packages/airflow/example_dags/example_branch_day_of_week_operator.py
[2023-11-02T07:03:27.032+0000] {processor.py:829} INFO - Processing file /usr/local/lib/python3.10/dist-packages/airflow/example_dags/example_branch_day_of_week_operator.py for tasks to queue
[2023-11-02T07:03:27.033+0000] {logging_mixin.py:151} INFO - [2023-11-02T07:03:27.033+0000] {dagbag.py:536} INFO - Filling up the DagBag from /usr/local/lib/python3.10/dist-packages/airflow/example_dags/example_branch_day_of_week_operator.py
[2023-11-02T07:03:27.043+0000] {processor.py:839} INFO - DAG(s) dict_keys(['example_weekday_branch_operator']) retrieved from /usr/local/lib/python3.10/dist-packages/airflow/example_dags/example_branch_day_of_week_operator.py
[2023-11-02T07:03:27.061+0000] {logging_mixin.py:151} INFO - [2023-11-02T07:03:27.061+0000] {dag.py:2941} INFO - Sync 1 DAGs
[2023-11-02T07:03:27.084+0000] {logging_mixin.py:151} INFO - [2023-11-02T07:03:27.084+0000] {dag.py:3722} INFO - Setting next_dagrun for example_weekday_branch_operator to 2023-11-01T00:00:00+00:00, run_after=2023-11-02T00:00:00+00:00
[2023-11-02T07:03:27.107+0000] {processor.py:179} INFO - Processing /usr/local/lib/python3.10/dist-packages/airflow/example_dags/example_branch_day_of_week_operator.py took 0.080 seconds
[2023-11-02T07:04:09.981+0000] {processor.py:157} INFO - Started process (PID=4639) to work on /usr/local/lib/python3.10/dist-packages/airflow/example_dags/example_branch_day_of_week_operator.py
[2023-11-02T07:04:09.983+0000] {processor.py:829} INFO - Processing file /usr/local/lib/python3.10/dist-packages/airflow/example_dags/example_branch_day_of_week_operator.py for tasks to queue
[2023-11-02T07:04:09.983+0000] {logging_mixin.py:151} INFO - [2023-11-02T07:04:09.983+0000] {dagbag.py:536} INFO - Filling up the DagBag from /usr/local/lib/python3.10/dist-packages/airflow/example_dags/example_branch_day_of_week_operator.py
[2023-11-02T07:04:09.992+0000] {processor.py:839} INFO - DAG(s) dict_keys(['example_weekday_branch_operator']) retrieved from /usr/local/lib/python3.10/dist-packages/airflow/example_dags/example_branch_day_of_week_operator.py
[2023-11-02T07:04:10.010+0000] {logging_mixin.py:151} INFO - [2023-11-02T07:04:10.010+0000] {dag.py:2941} INFO - Sync 1 DAGs
[2023-11-02T07:04:10.032+0000] {logging_mixin.py:151} INFO - [2023-11-02T07:04:10.032+0000] {dag.py:3722} INFO - Setting next_dagrun for example_weekday_branch_operator to 2023-11-01T00:00:00+00:00, run_after=2023-11-02T00:00:00+00:00
[2023-11-02T07:04:10.054+0000] {processor.py:179} INFO - Processing /usr/local/lib/python3.10/dist-packages/airflow/example_dags/example_branch_day_of_week_operator.py took 0.076 seconds
[2023-11-02T07:04:59.763+0000] {processor.py:157} INFO - Started process (PID=4695) to work on /usr/local/lib/python3.10/dist-packages/airflow/example_dags/example_branch_day_of_week_operator.py
[2023-11-02T07:04:59.764+0000] {processor.py:829} INFO - Processing file /usr/local/lib/python3.10/dist-packages/airflow/example_dags/example_branch_day_of_week_operator.py for tasks to queue
[2023-11-02T07:04:59.765+0000] {logging_mixin.py:151} INFO - [2023-11-02T07:04:59.764+0000] {dagbag.py:536} INFO - Filling up the DagBag from /usr/local/lib/python3.10/dist-packages/airflow/example_dags/example_branch_day_of_week_operator.py
[2023-11-02T07:04:59.773+0000] {processor.py:839} INFO - DAG(s) dict_keys(['example_weekday_branch_operator']) retrieved from /usr/local/lib/python3.10/dist-packages/airflow/example_dags/example_branch_day_of_week_operator.py
[2023-11-02T07:04:59.790+0000] {logging_mixin.py:151} INFO - [2023-11-02T07:04:59.790+0000] {dag.py:2941} INFO - Sync 1 DAGs
[2023-11-02T07:04:59.812+0000] {logging_mixin.py:151} INFO - [2023-11-02T07:04:59.812+0000] {dag.py:3722} INFO - Setting next_dagrun for example_weekday_branch_operator to 2023-11-01T00:00:00+00:00, run_after=2023-11-02T00:00:00+00:00
[2023-11-02T07:04:59.834+0000] {processor.py:179} INFO - Processing /usr/local/lib/python3.10/dist-packages/airflow/example_dags/example_branch_day_of_week_operator.py took 0.074 seconds
[2023-11-02T07:05:43.215+0000] {processor.py:157} INFO - Started process (PID=4741) to work on /usr/local/lib/python3.10/dist-packages/airflow/example_dags/example_branch_day_of_week_operator.py
[2023-11-02T07:05:43.216+0000] {processor.py:829} INFO - Processing file /usr/local/lib/python3.10/dist-packages/airflow/example_dags/example_branch_day_of_week_operator.py for tasks to queue
[2023-11-02T07:05:43.217+0000] {logging_mixin.py:151} INFO - [2023-11-02T07:05:43.217+0000] {dagbag.py:536} INFO - Filling up the DagBag from /usr/local/lib/python3.10/dist-packages/airflow/example_dags/example_branch_day_of_week_operator.py
[2023-11-02T07:05:43.225+0000] {processor.py:839} INFO - DAG(s) dict_keys(['example_weekday_branch_operator']) retrieved from /usr/local/lib/python3.10/dist-packages/airflow/example_dags/example_branch_day_of_week_operator.py
[2023-11-02T07:05:43.244+0000] {logging_mixin.py:151} INFO - [2023-11-02T07:05:43.244+0000] {dag.py:2941} INFO - Sync 1 DAGs
[2023-11-02T07:05:43.266+0000] {logging_mixin.py:151} INFO - [2023-11-02T07:05:43.265+0000] {dag.py:3722} INFO - Setting next_dagrun for example_weekday_branch_operator to 2023-11-01T00:00:00+00:00, run_after=2023-11-02T00:00:00+00:00
[2023-11-02T07:05:43.288+0000] {processor.py:179} INFO - Processing /usr/local/lib/python3.10/dist-packages/airflow/example_dags/example_branch_day_of_week_operator.py took 0.076 seconds
[2023-11-02T07:06:27.531+0000] {processor.py:157} INFO - Started process (PID=4785) to work on /usr/local/lib/python3.10/dist-packages/airflow/example_dags/example_branch_day_of_week_operator.py
[2023-11-02T07:06:27.532+0000] {processor.py:829} INFO - Processing file /usr/local/lib/python3.10/dist-packages/airflow/example_dags/example_branch_day_of_week_operator.py for tasks to queue
[2023-11-02T07:06:27.533+0000] {logging_mixin.py:151} INFO - [2023-11-02T07:06:27.532+0000] {dagbag.py:536} INFO - Filling up the DagBag from /usr/local/lib/python3.10/dist-packages/airflow/example_dags/example_branch_day_of_week_operator.py
[2023-11-02T07:06:27.541+0000] {processor.py:839} INFO - DAG(s) dict_keys(['example_weekday_branch_operator']) retrieved from /usr/local/lib/python3.10/dist-packages/airflow/example_dags/example_branch_day_of_week_operator.py
[2023-11-02T07:06:27.559+0000] {logging_mixin.py:151} INFO - [2023-11-02T07:06:27.559+0000] {dag.py:2941} INFO - Sync 1 DAGs
[2023-11-02T07:06:27.581+0000] {logging_mixin.py:151} INFO - [2023-11-02T07:06:27.581+0000] {dag.py:3722} INFO - Setting next_dagrun for example_weekday_branch_operator to 2023-11-01T00:00:00+00:00, run_after=2023-11-02T00:00:00+00:00
[2023-11-02T07:06:27.603+0000] {processor.py:179} INFO - Processing /usr/local/lib/python3.10/dist-packages/airflow/example_dags/example_branch_day_of_week_operator.py took 0.076 seconds
[2023-11-02T07:07:16.697+0000] {processor.py:157} INFO - Started process (PID=4834) to work on /usr/local/lib/python3.10/dist-packages/airflow/example_dags/example_branch_day_of_week_operator.py
[2023-11-02T07:07:16.698+0000] {processor.py:829} INFO - Processing file /usr/local/lib/python3.10/dist-packages/airflow/example_dags/example_branch_day_of_week_operator.py for tasks to queue
[2023-11-02T07:07:16.699+0000] {logging_mixin.py:151} INFO - [2023-11-02T07:07:16.699+0000] {dagbag.py:536} INFO - Filling up the DagBag from /usr/local/lib/python3.10/dist-packages/airflow/example_dags/example_branch_day_of_week_operator.py
[2023-11-02T07:07:16.708+0000] {processor.py:839} INFO - DAG(s) dict_keys(['example_weekday_branch_operator']) retrieved from /usr/local/lib/python3.10/dist-packages/airflow/example_dags/example_branch_day_of_week_operator.py
[2023-11-02T07:07:16.726+0000] {logging_mixin.py:151} INFO - [2023-11-02T07:07:16.726+0000] {dag.py:2941} INFO - Sync 1 DAGs
[2023-11-02T07:07:16.748+0000] {logging_mixin.py:151} INFO - [2023-11-02T07:07:16.747+0000] {dag.py:3722} INFO - Setting next_dagrun for example_weekday_branch_operator to 2023-11-01T00:00:00+00:00, run_after=2023-11-02T00:00:00+00:00
[2023-11-02T07:07:16.769+0000] {processor.py:179} INFO - Processing /usr/local/lib/python3.10/dist-packages/airflow/example_dags/example_branch_day_of_week_operator.py took 0.075 seconds
[2023-11-02T07:07:58.958+0000] {processor.py:157} INFO - Started process (PID=4881) to work on /usr/local/lib/python3.10/dist-packages/airflow/example_dags/example_branch_day_of_week_operator.py
[2023-11-02T07:07:58.959+0000] {processor.py:829} INFO - Processing file /usr/local/lib/python3.10/dist-packages/airflow/example_dags/example_branch_day_of_week_operator.py for tasks to queue
[2023-11-02T07:07:58.960+0000] {logging_mixin.py:151} INFO - [2023-11-02T07:07:58.960+0000] {dagbag.py:536} INFO - Filling up the DagBag from /usr/local/lib/python3.10/dist-packages/airflow/example_dags/example_branch_day_of_week_operator.py
[2023-11-02T07:07:58.969+0000] {processor.py:839} INFO - DAG(s) dict_keys(['example_weekday_branch_operator']) retrieved from /usr/local/lib/python3.10/dist-packages/airflow/example_dags/example_branch_day_of_week_operator.py
[2023-11-02T07:07:58.987+0000] {logging_mixin.py:151} INFO - [2023-11-02T07:07:58.987+0000] {dag.py:2941} INFO - Sync 1 DAGs
[2023-11-02T07:07:59.010+0000] {logging_mixin.py:151} INFO - [2023-11-02T07:07:59.010+0000] {dag.py:3722} INFO - Setting next_dagrun for example_weekday_branch_operator to 2023-11-01T00:00:00+00:00, run_after=2023-11-02T00:00:00+00:00
[2023-11-02T07:07:59.033+0000] {processor.py:179} INFO - Processing /usr/local/lib/python3.10/dist-packages/airflow/example_dags/example_branch_day_of_week_operator.py took 0.078 seconds
[2023-11-02T07:08:47.599+0000] {processor.py:157} INFO - Started process (PID=5162) to work on /usr/local/lib/python3.10/dist-packages/airflow/example_dags/example_branch_day_of_week_operator.py
[2023-11-02T07:08:47.600+0000] {processor.py:829} INFO - Processing file /usr/local/lib/python3.10/dist-packages/airflow/example_dags/example_branch_day_of_week_operator.py for tasks to queue
[2023-11-02T07:08:47.601+0000] {logging_mixin.py:151} INFO - [2023-11-02T07:08:47.600+0000] {dagbag.py:536} INFO - Filling up the DagBag from /usr/local/lib/python3.10/dist-packages/airflow/example_dags/example_branch_day_of_week_operator.py
[2023-11-02T07:08:47.609+0000] {processor.py:839} INFO - DAG(s) dict_keys(['example_weekday_branch_operator']) retrieved from /usr/local/lib/python3.10/dist-packages/airflow/example_dags/example_branch_day_of_week_operator.py
[2023-11-02T07:08:47.627+0000] {logging_mixin.py:151} INFO - [2023-11-02T07:08:47.626+0000] {dag.py:2941} INFO - Sync 1 DAGs
[2023-11-02T07:08:47.647+0000] {logging_mixin.py:151} INFO - [2023-11-02T07:08:47.647+0000] {dag.py:3722} INFO - Setting next_dagrun for example_weekday_branch_operator to 2023-11-01T00:00:00+00:00, run_after=2023-11-02T00:00:00+00:00
[2023-11-02T07:08:47.669+0000] {processor.py:179} INFO - Processing /usr/local/lib/python3.10/dist-packages/airflow/example_dags/example_branch_day_of_week_operator.py took 0.073 seconds
[2023-11-02T07:09:31.242+0000] {processor.py:157} INFO - Started process (PID=5367) to work on /usr/local/lib/python3.10/dist-packages/airflow/example_dags/example_branch_day_of_week_operator.py
[2023-11-02T07:09:31.243+0000] {processor.py:829} INFO - Processing file /usr/local/lib/python3.10/dist-packages/airflow/example_dags/example_branch_day_of_week_operator.py for tasks to queue
[2023-11-02T07:09:31.244+0000] {logging_mixin.py:151} INFO - [2023-11-02T07:09:31.244+0000] {dagbag.py:536} INFO - Filling up the DagBag from /usr/local/lib/python3.10/dist-packages/airflow/example_dags/example_branch_day_of_week_operator.py
[2023-11-02T07:09:31.253+0000] {processor.py:839} INFO - DAG(s) dict_keys(['example_weekday_branch_operator']) retrieved from /usr/local/lib/python3.10/dist-packages/airflow/example_dags/example_branch_day_of_week_operator.py
[2023-11-02T07:09:31.272+0000] {logging_mixin.py:151} INFO - [2023-11-02T07:09:31.271+0000] {dag.py:2941} INFO - Sync 1 DAGs
[2023-11-02T07:09:31.294+0000] {logging_mixin.py:151} INFO - [2023-11-02T07:09:31.294+0000] {dag.py:3722} INFO - Setting next_dagrun for example_weekday_branch_operator to 2023-11-01T00:00:00+00:00, run_after=2023-11-02T00:00:00+00:00
[2023-11-02T07:09:31.316+0000] {processor.py:179} INFO - Processing /usr/local/lib/python3.10/dist-packages/airflow/example_dags/example_branch_day_of_week_operator.py took 0.077 seconds
[2023-11-02T07:10:17.722+0000] {processor.py:157} INFO - Started process (PID=5416) to work on /usr/local/lib/python3.10/dist-packages/airflow/example_dags/example_branch_day_of_week_operator.py
[2023-11-02T07:10:17.723+0000] {processor.py:829} INFO - Processing file /usr/local/lib/python3.10/dist-packages/airflow/example_dags/example_branch_day_of_week_operator.py for tasks to queue
[2023-11-02T07:10:17.724+0000] {logging_mixin.py:151} INFO - [2023-11-02T07:10:17.723+0000] {dagbag.py:536} INFO - Filling up the DagBag from /usr/local/lib/python3.10/dist-packages/airflow/example_dags/example_branch_day_of_week_operator.py
[2023-11-02T07:10:17.732+0000] {processor.py:839} INFO - DAG(s) dict_keys(['example_weekday_branch_operator']) retrieved from /usr/local/lib/python3.10/dist-packages/airflow/example_dags/example_branch_day_of_week_operator.py
[2023-11-02T07:10:17.751+0000] {logging_mixin.py:151} INFO - [2023-11-02T07:10:17.751+0000] {dag.py:2941} INFO - Sync 1 DAGs
[2023-11-02T07:10:17.774+0000] {logging_mixin.py:151} INFO - [2023-11-02T07:10:17.774+0000] {dag.py:3722} INFO - Setting next_dagrun for example_weekday_branch_operator to 2023-11-01T00:00:00+00:00, run_after=2023-11-02T00:00:00+00:00
[2023-11-02T07:10:17.797+0000] {processor.py:179} INFO - Processing /usr/local/lib/python3.10/dist-packages/airflow/example_dags/example_branch_day_of_week_operator.py took 0.079 seconds
[2023-11-02T07:11:05.168+0000] {processor.py:157} INFO - Started process (PID=5464) to work on /usr/local/lib/python3.10/dist-packages/airflow/example_dags/example_branch_day_of_week_operator.py
[2023-11-02T07:11:05.169+0000] {processor.py:829} INFO - Processing file /usr/local/lib/python3.10/dist-packages/airflow/example_dags/example_branch_day_of_week_operator.py for tasks to queue
[2023-11-02T07:11:05.170+0000] {logging_mixin.py:151} INFO - [2023-11-02T07:11:05.170+0000] {dagbag.py:536} INFO - Filling up the DagBag from /usr/local/lib/python3.10/dist-packages/airflow/example_dags/example_branch_day_of_week_operator.py
[2023-11-02T07:11:05.179+0000] {processor.py:839} INFO - DAG(s) dict_keys(['example_weekday_branch_operator']) retrieved from /usr/local/lib/python3.10/dist-packages/airflow/example_dags/example_branch_day_of_week_operator.py
[2023-11-02T07:11:05.198+0000] {logging_mixin.py:151} INFO - [2023-11-02T07:11:05.198+0000] {dag.py:2941} INFO - Sync 1 DAGs
[2023-11-02T07:11:05.221+0000] {logging_mixin.py:151} INFO - [2023-11-02T07:11:05.221+0000] {dag.py:3722} INFO - Setting next_dagrun for example_weekday_branch_operator to 2023-11-01T00:00:00+00:00, run_after=2023-11-02T00:00:00+00:00
[2023-11-02T07:11:05.246+0000] {processor.py:179} INFO - Processing /usr/local/lib/python3.10/dist-packages/airflow/example_dags/example_branch_day_of_week_operator.py took 0.082 seconds
[2023-11-02T07:11:54.392+0000] {processor.py:157} INFO - Started process (PID=5520) to work on /usr/local/lib/python3.10/dist-packages/airflow/example_dags/example_branch_day_of_week_operator.py
[2023-11-02T07:11:54.393+0000] {processor.py:829} INFO - Processing file /usr/local/lib/python3.10/dist-packages/airflow/example_dags/example_branch_day_of_week_operator.py for tasks to queue
[2023-11-02T07:11:54.394+0000] {logging_mixin.py:151} INFO - [2023-11-02T07:11:54.394+0000] {dagbag.py:536} INFO - Filling up the DagBag from /usr/local/lib/python3.10/dist-packages/airflow/example_dags/example_branch_day_of_week_operator.py
[2023-11-02T07:11:54.403+0000] {processor.py:839} INFO - DAG(s) dict_keys(['example_weekday_branch_operator']) retrieved from /usr/local/lib/python3.10/dist-packages/airflow/example_dags/example_branch_day_of_week_operator.py
[2023-11-02T07:11:54.422+0000] {logging_mixin.py:151} INFO - [2023-11-02T07:11:54.422+0000] {dag.py:2941} INFO - Sync 1 DAGs
[2023-11-02T07:11:54.446+0000] {logging_mixin.py:151} INFO - [2023-11-02T07:11:54.445+0000] {dag.py:3722} INFO - Setting next_dagrun for example_weekday_branch_operator to 2023-11-01T00:00:00+00:00, run_after=2023-11-02T00:00:00+00:00
[2023-11-02T07:11:54.468+0000] {processor.py:179} INFO - Processing /usr/local/lib/python3.10/dist-packages/airflow/example_dags/example_branch_day_of_week_operator.py took 0.079 seconds
[2023-11-02T07:12:48.278+0000] {processor.py:157} INFO - Started process (PID=5577) to work on /usr/local/lib/python3.10/dist-packages/airflow/example_dags/example_branch_day_of_week_operator.py
[2023-11-02T07:12:48.280+0000] {processor.py:829} INFO - Processing file /usr/local/lib/python3.10/dist-packages/airflow/example_dags/example_branch_day_of_week_operator.py for tasks to queue
[2023-11-02T07:12:48.280+0000] {logging_mixin.py:151} INFO - [2023-11-02T07:12:48.280+0000] {dagbag.py:536} INFO - Filling up the DagBag from /usr/local/lib/python3.10/dist-packages/airflow/example_dags/example_branch_day_of_week_operator.py
[2023-11-02T07:12:48.289+0000] {processor.py:839} INFO - DAG(s) dict_keys(['example_weekday_branch_operator']) retrieved from /usr/local/lib/python3.10/dist-packages/airflow/example_dags/example_branch_day_of_week_operator.py
[2023-11-02T07:12:48.307+0000] {logging_mixin.py:151} INFO - [2023-11-02T07:12:48.307+0000] {dag.py:2941} INFO - Sync 1 DAGs
[2023-11-02T07:12:48.330+0000] {logging_mixin.py:151} INFO - [2023-11-02T07:12:48.330+0000] {dag.py:3722} INFO - Setting next_dagrun for example_weekday_branch_operator to 2023-11-01T00:00:00+00:00, run_after=2023-11-02T00:00:00+00:00
[2023-11-02T07:12:48.351+0000] {processor.py:179} INFO - Processing /usr/local/lib/python3.10/dist-packages/airflow/example_dags/example_branch_day_of_week_operator.py took 0.076 seconds
