[2023-11-02T06:50:18.403+0000] {processor.py:157} INFO - Started process (PID=3738) to work on /home/ubuntu/customer_churn_venv/lib/python3.10/site-packages/airflow/example_dags/example_branch_operator_decorator.py
[2023-11-02T06:50:18.404+0000] {processor.py:829} INFO - Processing file /home/ubuntu/customer_churn_venv/lib/python3.10/site-packages/airflow/example_dags/example_branch_operator_decorator.py for tasks to queue
[2023-11-02T06:50:18.405+0000] {logging_mixin.py:151} INFO - [2023-11-02T06:50:18.404+0000] {dagbag.py:536} INFO - Filling up the DagBag from /home/ubuntu/customer_churn_venv/lib/python3.10/site-packages/airflow/example_dags/example_branch_operator_decorator.py
[2023-11-02T06:50:18.532+0000] {processor.py:839} INFO - DAG(s) dict_keys(['example_branch_python_operator_decorator']) retrieved from /home/ubuntu/customer_churn_venv/lib/python3.10/site-packages/airflow/example_dags/example_branch_operator_decorator.py
[2023-11-02T06:50:18.637+0000] {logging_mixin.py:151} INFO - [2023-11-02T06:50:18.637+0000] {manager.py:499} INFO - Created Permission View: %s
[2023-11-02T06:50:18.651+0000] {logging_mixin.py:151} INFO - [2023-11-02T06:50:18.650+0000] {manager.py:499} INFO - Created Permission View: %s
[2023-11-02T06:50:18.661+0000] {logging_mixin.py:151} INFO - [2023-11-02T06:50:18.660+0000] {manager.py:499} INFO - Created Permission View: %s
[2023-11-02T06:50:18.661+0000] {logging_mixin.py:151} INFO - [2023-11-02T06:50:18.661+0000] {dag.py:2941} INFO - Sync 1 DAGs
[2023-11-02T06:50:18.671+0000] {logging_mixin.py:151} INFO - [2023-11-02T06:50:18.671+0000] {dag.py:2963} INFO - Creating ORM DAG for example_branch_python_operator_decorator
[2023-11-02T06:50:18.682+0000] {logging_mixin.py:151} INFO - [2023-11-02T06:50:18.681+0000] {dag.py:3722} INFO - Setting next_dagrun for example_branch_python_operator_decorator to 2023-11-01T00:00:00+00:00, run_after=2023-11-02T00:00:00+00:00
[2023-11-02T06:50:18.706+0000] {processor.py:179} INFO - Processing /home/ubuntu/customer_churn_venv/lib/python3.10/site-packages/airflow/example_dags/example_branch_operator_decorator.py took 0.306 seconds
[2023-11-02T06:51:06.396+0000] {processor.py:157} INFO - Started process (PID=3784) to work on /home/ubuntu/customer_churn_venv/lib/python3.10/site-packages/airflow/example_dags/example_branch_operator_decorator.py
[2023-11-02T06:51:06.397+0000] {processor.py:829} INFO - Processing file /home/ubuntu/customer_churn_venv/lib/python3.10/site-packages/airflow/example_dags/example_branch_operator_decorator.py for tasks to queue
[2023-11-02T06:51:06.398+0000] {logging_mixin.py:151} INFO - [2023-11-02T06:51:06.397+0000] {dagbag.py:536} INFO - Filling up the DagBag from /home/ubuntu/customer_churn_venv/lib/python3.10/site-packages/airflow/example_dags/example_branch_operator_decorator.py
[2023-11-02T06:51:06.409+0000] {processor.py:839} INFO - DAG(s) dict_keys(['example_branch_python_operator_decorator']) retrieved from /home/ubuntu/customer_churn_venv/lib/python3.10/site-packages/airflow/example_dags/example_branch_operator_decorator.py
[2023-11-02T06:51:06.428+0000] {logging_mixin.py:151} INFO - [2023-11-02T06:51:06.428+0000] {dag.py:2941} INFO - Sync 1 DAGs
[2023-11-02T06:51:06.450+0000] {logging_mixin.py:151} INFO - [2023-11-02T06:51:06.450+0000] {dag.py:3722} INFO - Setting next_dagrun for example_branch_python_operator_decorator to 2023-11-01T00:00:00+00:00, run_after=2023-11-02T00:00:00+00:00
[2023-11-02T06:51:06.472+0000] {processor.py:179} INFO - Processing /home/ubuntu/customer_churn_venv/lib/python3.10/site-packages/airflow/example_dags/example_branch_operator_decorator.py took 0.080 seconds
[2023-11-02T06:51:52.277+0000] {processor.py:157} INFO - Started process (PID=3833) to work on /home/ubuntu/customer_churn_venv/lib/python3.10/site-packages/airflow/example_dags/example_branch_operator_decorator.py
[2023-11-02T06:51:52.278+0000] {processor.py:829} INFO - Processing file /home/ubuntu/customer_churn_venv/lib/python3.10/site-packages/airflow/example_dags/example_branch_operator_decorator.py for tasks to queue
[2023-11-02T06:51:52.279+0000] {logging_mixin.py:151} INFO - [2023-11-02T06:51:52.278+0000] {dagbag.py:536} INFO - Filling up the DagBag from /home/ubuntu/customer_churn_venv/lib/python3.10/site-packages/airflow/example_dags/example_branch_operator_decorator.py
[2023-11-02T06:51:52.290+0000] {processor.py:839} INFO - DAG(s) dict_keys(['example_branch_python_operator_decorator']) retrieved from /home/ubuntu/customer_churn_venv/lib/python3.10/site-packages/airflow/example_dags/example_branch_operator_decorator.py
[2023-11-02T06:51:52.309+0000] {logging_mixin.py:151} INFO - [2023-11-02T06:51:52.309+0000] {dag.py:2941} INFO - Sync 1 DAGs
[2023-11-02T06:51:52.331+0000] {logging_mixin.py:151} INFO - [2023-11-02T06:51:52.331+0000] {dag.py:3722} INFO - Setting next_dagrun for example_branch_python_operator_decorator to 2023-11-01T00:00:00+00:00, run_after=2023-11-02T00:00:00+00:00
[2023-11-02T06:51:52.353+0000] {processor.py:179} INFO - Processing /home/ubuntu/customer_churn_venv/lib/python3.10/site-packages/airflow/example_dags/example_branch_operator_decorator.py took 0.080 seconds
[2023-11-02T06:52:39.578+0000] {processor.py:157} INFO - Started process (PID=3881) to work on /home/ubuntu/customer_churn_venv/lib/python3.10/site-packages/airflow/example_dags/example_branch_operator_decorator.py
[2023-11-02T06:52:39.579+0000] {processor.py:829} INFO - Processing file /home/ubuntu/customer_churn_venv/lib/python3.10/site-packages/airflow/example_dags/example_branch_operator_decorator.py for tasks to queue
[2023-11-02T06:52:39.581+0000] {logging_mixin.py:151} INFO - [2023-11-02T06:52:39.580+0000] {dagbag.py:536} INFO - Filling up the DagBag from /home/ubuntu/customer_churn_venv/lib/python3.10/site-packages/airflow/example_dags/example_branch_operator_decorator.py
[2023-11-02T06:52:39.591+0000] {processor.py:839} INFO - DAG(s) dict_keys(['example_branch_python_operator_decorator']) retrieved from /home/ubuntu/customer_churn_venv/lib/python3.10/site-packages/airflow/example_dags/example_branch_operator_decorator.py
[2023-11-02T06:52:39.611+0000] {logging_mixin.py:151} INFO - [2023-11-02T06:52:39.611+0000] {dag.py:2941} INFO - Sync 1 DAGs
[2023-11-02T06:52:39.633+0000] {logging_mixin.py:151} INFO - [2023-11-02T06:52:39.633+0000] {dag.py:3722} INFO - Setting next_dagrun for example_branch_python_operator_decorator to 2023-11-01T00:00:00+00:00, run_after=2023-11-02T00:00:00+00:00
[2023-11-02T06:52:39.654+0000] {processor.py:179} INFO - Processing /home/ubuntu/customer_churn_venv/lib/python3.10/site-packages/airflow/example_dags/example_branch_operator_decorator.py took 0.079 seconds
[2023-11-02T07:00:24.352+0000] {processor.py:157} INFO - Started process (PID=4404) to work on /usr/local/lib/python3.10/dist-packages/airflow/example_dags/example_branch_operator_decorator.py
[2023-11-02T07:00:24.353+0000] {processor.py:829} INFO - Processing file /usr/local/lib/python3.10/dist-packages/airflow/example_dags/example_branch_operator_decorator.py for tasks to queue
[2023-11-02T07:00:24.354+0000] {logging_mixin.py:151} INFO - [2023-11-02T07:00:24.354+0000] {dagbag.py:536} INFO - Filling up the DagBag from /usr/local/lib/python3.10/dist-packages/airflow/example_dags/example_branch_operator_decorator.py
[2023-11-02T07:00:24.366+0000] {processor.py:839} INFO - DAG(s) dict_keys(['example_branch_python_operator_decorator']) retrieved from /usr/local/lib/python3.10/dist-packages/airflow/example_dags/example_branch_operator_decorator.py
[2023-11-02T07:00:24.387+0000] {logging_mixin.py:151} INFO - [2023-11-02T07:00:24.386+0000] {dag.py:2941} INFO - Sync 1 DAGs
[2023-11-02T07:00:24.412+0000] {logging_mixin.py:151} INFO - [2023-11-02T07:00:24.412+0000] {dag.py:3722} INFO - Setting next_dagrun for example_branch_python_operator_decorator to 2023-11-01T00:00:00+00:00, run_after=2023-11-02T00:00:00+00:00
[2023-11-02T07:00:24.437+0000] {processor.py:179} INFO - Processing /usr/local/lib/python3.10/dist-packages/airflow/example_dags/example_branch_operator_decorator.py took 0.088 seconds
[2023-11-02T07:01:12.911+0000] {processor.py:157} INFO - Started process (PID=4454) to work on /usr/local/lib/python3.10/dist-packages/airflow/example_dags/example_branch_operator_decorator.py
[2023-11-02T07:01:12.913+0000] {processor.py:829} INFO - Processing file /usr/local/lib/python3.10/dist-packages/airflow/example_dags/example_branch_operator_decorator.py for tasks to queue
[2023-11-02T07:01:12.914+0000] {logging_mixin.py:151} INFO - [2023-11-02T07:01:12.914+0000] {dagbag.py:536} INFO - Filling up the DagBag from /usr/local/lib/python3.10/dist-packages/airflow/example_dags/example_branch_operator_decorator.py
[2023-11-02T07:01:12.928+0000] {processor.py:839} INFO - DAG(s) dict_keys(['example_branch_python_operator_decorator']) retrieved from /usr/local/lib/python3.10/dist-packages/airflow/example_dags/example_branch_operator_decorator.py
[2023-11-02T07:01:12.948+0000] {logging_mixin.py:151} INFO - [2023-11-02T07:01:12.947+0000] {dag.py:2941} INFO - Sync 1 DAGs
[2023-11-02T07:01:12.970+0000] {logging_mixin.py:151} INFO - [2023-11-02T07:01:12.969+0000] {dag.py:3722} INFO - Setting next_dagrun for example_branch_python_operator_decorator to 2023-11-01T00:00:00+00:00, run_after=2023-11-02T00:00:00+00:00
[2023-11-02T07:01:12.992+0000] {processor.py:179} INFO - Processing /usr/local/lib/python3.10/dist-packages/airflow/example_dags/example_branch_operator_decorator.py took 0.085 seconds
[2023-11-02T07:01:56.956+0000] {processor.py:157} INFO - Started process (PID=4500) to work on /usr/local/lib/python3.10/dist-packages/airflow/example_dags/example_branch_operator_decorator.py
[2023-11-02T07:01:56.958+0000] {processor.py:829} INFO - Processing file /usr/local/lib/python3.10/dist-packages/airflow/example_dags/example_branch_operator_decorator.py for tasks to queue
[2023-11-02T07:01:56.959+0000] {logging_mixin.py:151} INFO - [2023-11-02T07:01:56.958+0000] {dagbag.py:536} INFO - Filling up the DagBag from /usr/local/lib/python3.10/dist-packages/airflow/example_dags/example_branch_operator_decorator.py
[2023-11-02T07:01:56.970+0000] {processor.py:839} INFO - DAG(s) dict_keys(['example_branch_python_operator_decorator']) retrieved from /usr/local/lib/python3.10/dist-packages/airflow/example_dags/example_branch_operator_decorator.py
[2023-11-02T07:01:56.990+0000] {logging_mixin.py:151} INFO - [2023-11-02T07:01:56.990+0000] {dag.py:2941} INFO - Sync 1 DAGs
[2023-11-02T07:01:57.012+0000] {logging_mixin.py:151} INFO - [2023-11-02T07:01:57.012+0000] {dag.py:3722} INFO - Setting next_dagrun for example_branch_python_operator_decorator to 2023-11-01T00:00:00+00:00, run_after=2023-11-02T00:00:00+00:00
[2023-11-02T07:01:57.035+0000] {processor.py:179} INFO - Processing /usr/local/lib/python3.10/dist-packages/airflow/example_dags/example_branch_operator_decorator.py took 0.082 seconds
[2023-11-02T07:02:41.985+0000] {processor.py:157} INFO - Started process (PID=4546) to work on /usr/local/lib/python3.10/dist-packages/airflow/example_dags/example_branch_operator_decorator.py
[2023-11-02T07:02:41.987+0000] {processor.py:829} INFO - Processing file /usr/local/lib/python3.10/dist-packages/airflow/example_dags/example_branch_operator_decorator.py for tasks to queue
[2023-11-02T07:02:41.988+0000] {logging_mixin.py:151} INFO - [2023-11-02T07:02:41.987+0000] {dagbag.py:536} INFO - Filling up the DagBag from /usr/local/lib/python3.10/dist-packages/airflow/example_dags/example_branch_operator_decorator.py
[2023-11-02T07:02:42.000+0000] {processor.py:839} INFO - DAG(s) dict_keys(['example_branch_python_operator_decorator']) retrieved from /usr/local/lib/python3.10/dist-packages/airflow/example_dags/example_branch_operator_decorator.py
[2023-11-02T07:02:42.022+0000] {logging_mixin.py:151} INFO - [2023-11-02T07:02:42.021+0000] {dag.py:2941} INFO - Sync 1 DAGs
[2023-11-02T07:02:42.044+0000] {logging_mixin.py:151} INFO - [2023-11-02T07:02:42.044+0000] {dag.py:3722} INFO - Setting next_dagrun for example_branch_python_operator_decorator to 2023-11-01T00:00:00+00:00, run_after=2023-11-02T00:00:00+00:00
[2023-11-02T07:02:42.067+0000] {processor.py:179} INFO - Processing /usr/local/lib/python3.10/dist-packages/airflow/example_dags/example_branch_operator_decorator.py took 0.085 seconds
[2023-11-02T07:03:28.171+0000] {processor.py:157} INFO - Started process (PID=4594) to work on /usr/local/lib/python3.10/dist-packages/airflow/example_dags/example_branch_operator_decorator.py
[2023-11-02T07:03:28.172+0000] {processor.py:829} INFO - Processing file /usr/local/lib/python3.10/dist-packages/airflow/example_dags/example_branch_operator_decorator.py for tasks to queue
[2023-11-02T07:03:28.173+0000] {logging_mixin.py:151} INFO - [2023-11-02T07:03:28.173+0000] {dagbag.py:536} INFO - Filling up the DagBag from /usr/local/lib/python3.10/dist-packages/airflow/example_dags/example_branch_operator_decorator.py
[2023-11-02T07:03:28.184+0000] {processor.py:839} INFO - DAG(s) dict_keys(['example_branch_python_operator_decorator']) retrieved from /usr/local/lib/python3.10/dist-packages/airflow/example_dags/example_branch_operator_decorator.py
[2023-11-02T07:03:28.204+0000] {logging_mixin.py:151} INFO - [2023-11-02T07:03:28.204+0000] {dag.py:2941} INFO - Sync 1 DAGs
[2023-11-02T07:03:28.227+0000] {logging_mixin.py:151} INFO - [2023-11-02T07:03:28.227+0000] {dag.py:3722} INFO - Setting next_dagrun for example_branch_python_operator_decorator to 2023-11-01T00:00:00+00:00, run_after=2023-11-02T00:00:00+00:00
[2023-11-02T07:03:28.249+0000] {processor.py:179} INFO - Processing /usr/local/lib/python3.10/dist-packages/airflow/example_dags/example_branch_operator_decorator.py took 0.081 seconds
[2023-11-02T07:04:11.120+0000] {processor.py:157} INFO - Started process (PID=4642) to work on /usr/local/lib/python3.10/dist-packages/airflow/example_dags/example_branch_operator_decorator.py
[2023-11-02T07:04:11.121+0000] {processor.py:829} INFO - Processing file /usr/local/lib/python3.10/dist-packages/airflow/example_dags/example_branch_operator_decorator.py for tasks to queue
[2023-11-02T07:04:11.122+0000] {logging_mixin.py:151} INFO - [2023-11-02T07:04:11.121+0000] {dagbag.py:536} INFO - Filling up the DagBag from /usr/local/lib/python3.10/dist-packages/airflow/example_dags/example_branch_operator_decorator.py
[2023-11-02T07:04:11.133+0000] {processor.py:839} INFO - DAG(s) dict_keys(['example_branch_python_operator_decorator']) retrieved from /usr/local/lib/python3.10/dist-packages/airflow/example_dags/example_branch_operator_decorator.py
[2023-11-02T07:04:11.151+0000] {logging_mixin.py:151} INFO - [2023-11-02T07:04:11.151+0000] {dag.py:2941} INFO - Sync 1 DAGs
[2023-11-02T07:04:11.172+0000] {logging_mixin.py:151} INFO - [2023-11-02T07:04:11.172+0000] {dag.py:3722} INFO - Setting next_dagrun for example_branch_python_operator_decorator to 2023-11-01T00:00:00+00:00, run_after=2023-11-02T00:00:00+00:00
[2023-11-02T07:04:11.193+0000] {processor.py:179} INFO - Processing /usr/local/lib/python3.10/dist-packages/airflow/example_dags/example_branch_operator_decorator.py took 0.077 seconds
[2023-11-02T07:05:00.757+0000] {processor.py:157} INFO - Started process (PID=4696) to work on /usr/local/lib/python3.10/dist-packages/airflow/example_dags/example_branch_operator_decorator.py
[2023-11-02T07:05:00.759+0000] {processor.py:829} INFO - Processing file /usr/local/lib/python3.10/dist-packages/airflow/example_dags/example_branch_operator_decorator.py for tasks to queue
[2023-11-02T07:05:00.759+0000] {logging_mixin.py:151} INFO - [2023-11-02T07:05:00.759+0000] {dagbag.py:536} INFO - Filling up the DagBag from /usr/local/lib/python3.10/dist-packages/airflow/example_dags/example_branch_operator_decorator.py
[2023-11-02T07:05:00.770+0000] {processor.py:839} INFO - DAG(s) dict_keys(['example_branch_python_operator_decorator']) retrieved from /usr/local/lib/python3.10/dist-packages/airflow/example_dags/example_branch_operator_decorator.py
[2023-11-02T07:05:00.791+0000] {logging_mixin.py:151} INFO - [2023-11-02T07:05:00.791+0000] {dag.py:2941} INFO - Sync 1 DAGs
[2023-11-02T07:05:00.813+0000] {logging_mixin.py:151} INFO - [2023-11-02T07:05:00.812+0000] {dag.py:3722} INFO - Setting next_dagrun for example_branch_python_operator_decorator to 2023-11-01T00:00:00+00:00, run_after=2023-11-02T00:00:00+00:00
[2023-11-02T07:05:00.840+0000] {processor.py:179} INFO - Processing /usr/local/lib/python3.10/dist-packages/airflow/example_dags/example_branch_operator_decorator.py took 0.086 seconds
[2023-11-02T07:05:43.807+0000] {processor.py:157} INFO - Started process (PID=4742) to work on /usr/local/lib/python3.10/dist-packages/airflow/example_dags/example_branch_operator_decorator.py
[2023-11-02T07:05:43.809+0000] {processor.py:829} INFO - Processing file /usr/local/lib/python3.10/dist-packages/airflow/example_dags/example_branch_operator_decorator.py for tasks to queue
[2023-11-02T07:05:43.810+0000] {logging_mixin.py:151} INFO - [2023-11-02T07:05:43.809+0000] {dagbag.py:536} INFO - Filling up the DagBag from /usr/local/lib/python3.10/dist-packages/airflow/example_dags/example_branch_operator_decorator.py
[2023-11-02T07:05:43.821+0000] {processor.py:839} INFO - DAG(s) dict_keys(['example_branch_python_operator_decorator']) retrieved from /usr/local/lib/python3.10/dist-packages/airflow/example_dags/example_branch_operator_decorator.py
[2023-11-02T07:05:43.840+0000] {logging_mixin.py:151} INFO - [2023-11-02T07:05:43.840+0000] {dag.py:2941} INFO - Sync 1 DAGs
[2023-11-02T07:05:43.863+0000] {logging_mixin.py:151} INFO - [2023-11-02T07:05:43.863+0000] {dag.py:3722} INFO - Setting next_dagrun for example_branch_python_operator_decorator to 2023-11-01T00:00:00+00:00, run_after=2023-11-02T00:00:00+00:00
[2023-11-02T07:05:43.887+0000] {processor.py:179} INFO - Processing /usr/local/lib/python3.10/dist-packages/airflow/example_dags/example_branch_operator_decorator.py took 0.082 seconds
[2023-11-02T07:06:28.669+0000] {processor.py:157} INFO - Started process (PID=4786) to work on /usr/local/lib/python3.10/dist-packages/airflow/example_dags/example_branch_operator_decorator.py
[2023-11-02T07:06:28.670+0000] {processor.py:829} INFO - Processing file /usr/local/lib/python3.10/dist-packages/airflow/example_dags/example_branch_operator_decorator.py for tasks to queue
[2023-11-02T07:06:28.671+0000] {logging_mixin.py:151} INFO - [2023-11-02T07:06:28.670+0000] {dagbag.py:536} INFO - Filling up the DagBag from /usr/local/lib/python3.10/dist-packages/airflow/example_dags/example_branch_operator_decorator.py
[2023-11-02T07:06:28.682+0000] {processor.py:839} INFO - DAG(s) dict_keys(['example_branch_python_operator_decorator']) retrieved from /usr/local/lib/python3.10/dist-packages/airflow/example_dags/example_branch_operator_decorator.py
[2023-11-02T07:06:28.701+0000] {logging_mixin.py:151} INFO - [2023-11-02T07:06:28.701+0000] {dag.py:2941} INFO - Sync 1 DAGs
[2023-11-02T07:06:28.723+0000] {logging_mixin.py:151} INFO - [2023-11-02T07:06:28.723+0000] {dag.py:3722} INFO - Setting next_dagrun for example_branch_python_operator_decorator to 2023-11-01T00:00:00+00:00, run_after=2023-11-02T00:00:00+00:00
[2023-11-02T07:06:28.745+0000] {processor.py:179} INFO - Processing /usr/local/lib/python3.10/dist-packages/airflow/example_dags/example_branch_operator_decorator.py took 0.080 seconds
[2023-11-02T07:07:16.976+0000] {processor.py:157} INFO - Started process (PID=4835) to work on /usr/local/lib/python3.10/dist-packages/airflow/example_dags/example_branch_operator_decorator.py
[2023-11-02T07:07:16.977+0000] {processor.py:829} INFO - Processing file /usr/local/lib/python3.10/dist-packages/airflow/example_dags/example_branch_operator_decorator.py for tasks to queue
[2023-11-02T07:07:16.978+0000] {logging_mixin.py:151} INFO - [2023-11-02T07:07:16.977+0000] {dagbag.py:536} INFO - Filling up the DagBag from /usr/local/lib/python3.10/dist-packages/airflow/example_dags/example_branch_operator_decorator.py
[2023-11-02T07:07:16.990+0000] {processor.py:839} INFO - DAG(s) dict_keys(['example_branch_python_operator_decorator']) retrieved from /usr/local/lib/python3.10/dist-packages/airflow/example_dags/example_branch_operator_decorator.py
[2023-11-02T07:07:17.009+0000] {logging_mixin.py:151} INFO - [2023-11-02T07:07:17.009+0000] {dag.py:2941} INFO - Sync 1 DAGs
[2023-11-02T07:07:17.031+0000] {logging_mixin.py:151} INFO - [2023-11-02T07:07:17.031+0000] {dag.py:3722} INFO - Setting next_dagrun for example_branch_python_operator_decorator to 2023-11-01T00:00:00+00:00, run_after=2023-11-02T00:00:00+00:00
[2023-11-02T07:07:17.053+0000] {processor.py:179} INFO - Processing /usr/local/lib/python3.10/dist-packages/airflow/example_dags/example_branch_operator_decorator.py took 0.081 seconds
[2023-11-02T07:07:59.948+0000] {processor.py:157} INFO - Started process (PID=4882) to work on /usr/local/lib/python3.10/dist-packages/airflow/example_dags/example_branch_operator_decorator.py
[2023-11-02T07:07:59.949+0000] {processor.py:829} INFO - Processing file /usr/local/lib/python3.10/dist-packages/airflow/example_dags/example_branch_operator_decorator.py for tasks to queue
[2023-11-02T07:07:59.950+0000] {logging_mixin.py:151} INFO - [2023-11-02T07:07:59.949+0000] {dagbag.py:536} INFO - Filling up the DagBag from /usr/local/lib/python3.10/dist-packages/airflow/example_dags/example_branch_operator_decorator.py
[2023-11-02T07:07:59.961+0000] {processor.py:839} INFO - DAG(s) dict_keys(['example_branch_python_operator_decorator']) retrieved from /usr/local/lib/python3.10/dist-packages/airflow/example_dags/example_branch_operator_decorator.py
[2023-11-02T07:07:59.980+0000] {logging_mixin.py:151} INFO - [2023-11-02T07:07:59.980+0000] {dag.py:2941} INFO - Sync 1 DAGs
[2023-11-02T07:08:00.002+0000] {logging_mixin.py:151} INFO - [2023-11-02T07:08:00.002+0000] {dag.py:3722} INFO - Setting next_dagrun for example_branch_python_operator_decorator to 2023-11-01T00:00:00+00:00, run_after=2023-11-02T00:00:00+00:00
[2023-11-02T07:08:00.045+0000] {processor.py:179} INFO - Processing /usr/local/lib/python3.10/dist-packages/airflow/example_dags/example_branch_operator_decorator.py took 0.101 seconds
[2023-11-02T07:08:47.759+0000] {processor.py:157} INFO - Started process (PID=5163) to work on /usr/local/lib/python3.10/dist-packages/airflow/example_dags/example_branch_operator_decorator.py
[2023-11-02T07:08:47.760+0000] {processor.py:829} INFO - Processing file /usr/local/lib/python3.10/dist-packages/airflow/example_dags/example_branch_operator_decorator.py for tasks to queue
[2023-11-02T07:08:47.761+0000] {logging_mixin.py:151} INFO - [2023-11-02T07:08:47.761+0000] {dagbag.py:536} INFO - Filling up the DagBag from /usr/local/lib/python3.10/dist-packages/airflow/example_dags/example_branch_operator_decorator.py
[2023-11-02T07:08:47.772+0000] {processor.py:839} INFO - DAG(s) dict_keys(['example_branch_python_operator_decorator']) retrieved from /usr/local/lib/python3.10/dist-packages/airflow/example_dags/example_branch_operator_decorator.py
[2023-11-02T07:08:47.791+0000] {logging_mixin.py:151} INFO - [2023-11-02T07:08:47.790+0000] {dag.py:2941} INFO - Sync 1 DAGs
[2023-11-02T07:08:47.812+0000] {logging_mixin.py:151} INFO - [2023-11-02T07:08:47.812+0000] {dag.py:3722} INFO - Setting next_dagrun for example_branch_python_operator_decorator to 2023-11-01T00:00:00+00:00, run_after=2023-11-02T00:00:00+00:00
[2023-11-02T07:08:47.833+0000] {processor.py:179} INFO - Processing /usr/local/lib/python3.10/dist-packages/airflow/example_dags/example_branch_operator_decorator.py took 0.078 seconds
[2023-11-02T07:09:32.383+0000] {processor.py:157} INFO - Started process (PID=5368) to work on /usr/local/lib/python3.10/dist-packages/airflow/example_dags/example_branch_operator_decorator.py
[2023-11-02T07:09:32.384+0000] {processor.py:829} INFO - Processing file /usr/local/lib/python3.10/dist-packages/airflow/example_dags/example_branch_operator_decorator.py for tasks to queue
[2023-11-02T07:09:32.385+0000] {logging_mixin.py:151} INFO - [2023-11-02T07:09:32.385+0000] {dagbag.py:536} INFO - Filling up the DagBag from /usr/local/lib/python3.10/dist-packages/airflow/example_dags/example_branch_operator_decorator.py
[2023-11-02T07:09:32.396+0000] {processor.py:839} INFO - DAG(s) dict_keys(['example_branch_python_operator_decorator']) retrieved from /usr/local/lib/python3.10/dist-packages/airflow/example_dags/example_branch_operator_decorator.py
[2023-11-02T07:09:32.415+0000] {logging_mixin.py:151} INFO - [2023-11-02T07:09:32.415+0000] {dag.py:2941} INFO - Sync 1 DAGs
[2023-11-02T07:09:32.437+0000] {logging_mixin.py:151} INFO - [2023-11-02T07:09:32.436+0000] {dag.py:3722} INFO - Setting next_dagrun for example_branch_python_operator_decorator to 2023-11-01T00:00:00+00:00, run_after=2023-11-02T00:00:00+00:00
[2023-11-02T07:09:32.458+0000] {processor.py:179} INFO - Processing /usr/local/lib/python3.10/dist-packages/airflow/example_dags/example_branch_operator_decorator.py took 0.078 seconds
[2023-11-02T07:10:18.607+0000] {processor.py:157} INFO - Started process (PID=5417) to work on /usr/local/lib/python3.10/dist-packages/airflow/example_dags/example_branch_operator_decorator.py
[2023-11-02T07:10:18.609+0000] {processor.py:829} INFO - Processing file /usr/local/lib/python3.10/dist-packages/airflow/example_dags/example_branch_operator_decorator.py for tasks to queue
[2023-11-02T07:10:18.609+0000] {logging_mixin.py:151} INFO - [2023-11-02T07:10:18.609+0000] {dagbag.py:536} INFO - Filling up the DagBag from /usr/local/lib/python3.10/dist-packages/airflow/example_dags/example_branch_operator_decorator.py
[2023-11-02T07:10:18.621+0000] {processor.py:839} INFO - DAG(s) dict_keys(['example_branch_python_operator_decorator']) retrieved from /usr/local/lib/python3.10/dist-packages/airflow/example_dags/example_branch_operator_decorator.py
[2023-11-02T07:10:18.640+0000] {logging_mixin.py:151} INFO - [2023-11-02T07:10:18.640+0000] {dag.py:2941} INFO - Sync 1 DAGs
[2023-11-02T07:10:18.665+0000] {logging_mixin.py:151} INFO - [2023-11-02T07:10:18.665+0000] {dag.py:3722} INFO - Setting next_dagrun for example_branch_python_operator_decorator to 2023-11-01T00:00:00+00:00, run_after=2023-11-02T00:00:00+00:00
[2023-11-02T07:10:18.689+0000] {processor.py:179} INFO - Processing /usr/local/lib/python3.10/dist-packages/airflow/example_dags/example_branch_operator_decorator.py took 0.085 seconds
[2023-11-02T07:11:06.308+0000] {processor.py:157} INFO - Started process (PID=5465) to work on /usr/local/lib/python3.10/dist-packages/airflow/example_dags/example_branch_operator_decorator.py
[2023-11-02T07:11:06.309+0000] {processor.py:829} INFO - Processing file /usr/local/lib/python3.10/dist-packages/airflow/example_dags/example_branch_operator_decorator.py for tasks to queue
[2023-11-02T07:11:06.310+0000] {logging_mixin.py:151} INFO - [2023-11-02T07:11:06.309+0000] {dagbag.py:536} INFO - Filling up the DagBag from /usr/local/lib/python3.10/dist-packages/airflow/example_dags/example_branch_operator_decorator.py
[2023-11-02T07:11:06.321+0000] {processor.py:839} INFO - DAG(s) dict_keys(['example_branch_python_operator_decorator']) retrieved from /usr/local/lib/python3.10/dist-packages/airflow/example_dags/example_branch_operator_decorator.py
[2023-11-02T07:11:06.341+0000] {logging_mixin.py:151} INFO - [2023-11-02T07:11:06.340+0000] {dag.py:2941} INFO - Sync 1 DAGs
[2023-11-02T07:11:06.363+0000] {logging_mixin.py:151} INFO - [2023-11-02T07:11:06.363+0000] {dag.py:3722} INFO - Setting next_dagrun for example_branch_python_operator_decorator to 2023-11-01T00:00:00+00:00, run_after=2023-11-02T00:00:00+00:00
[2023-11-02T07:11:06.388+0000] {processor.py:179} INFO - Processing /usr/local/lib/python3.10/dist-packages/airflow/example_dags/example_branch_operator_decorator.py took 0.084 seconds
[2023-11-02T07:11:55.541+0000] {processor.py:157} INFO - Started process (PID=5521) to work on /usr/local/lib/python3.10/dist-packages/airflow/example_dags/example_branch_operator_decorator.py
[2023-11-02T07:11:55.542+0000] {processor.py:829} INFO - Processing file /usr/local/lib/python3.10/dist-packages/airflow/example_dags/example_branch_operator_decorator.py for tasks to queue
[2023-11-02T07:11:55.543+0000] {logging_mixin.py:151} INFO - [2023-11-02T07:11:55.543+0000] {dagbag.py:536} INFO - Filling up the DagBag from /usr/local/lib/python3.10/dist-packages/airflow/example_dags/example_branch_operator_decorator.py
[2023-11-02T07:11:55.554+0000] {processor.py:839} INFO - DAG(s) dict_keys(['example_branch_python_operator_decorator']) retrieved from /usr/local/lib/python3.10/dist-packages/airflow/example_dags/example_branch_operator_decorator.py
[2023-11-02T07:11:55.574+0000] {logging_mixin.py:151} INFO - [2023-11-02T07:11:55.574+0000] {dag.py:2941} INFO - Sync 1 DAGs
[2023-11-02T07:11:55.596+0000] {logging_mixin.py:151} INFO - [2023-11-02T07:11:55.595+0000] {dag.py:3722} INFO - Setting next_dagrun for example_branch_python_operator_decorator to 2023-11-01T00:00:00+00:00, run_after=2023-11-02T00:00:00+00:00
[2023-11-02T07:11:55.617+0000] {processor.py:179} INFO - Processing /usr/local/lib/python3.10/dist-packages/airflow/example_dags/example_branch_operator_decorator.py took 0.079 seconds
[2023-11-02T07:12:49.420+0000] {processor.py:157} INFO - Started process (PID=5578) to work on /usr/local/lib/python3.10/dist-packages/airflow/example_dags/example_branch_operator_decorator.py
[2023-11-02T07:12:49.421+0000] {processor.py:829} INFO - Processing file /usr/local/lib/python3.10/dist-packages/airflow/example_dags/example_branch_operator_decorator.py for tasks to queue
[2023-11-02T07:12:49.422+0000] {logging_mixin.py:151} INFO - [2023-11-02T07:12:49.422+0000] {dagbag.py:536} INFO - Filling up the DagBag from /usr/local/lib/python3.10/dist-packages/airflow/example_dags/example_branch_operator_decorator.py
[2023-11-02T07:12:49.435+0000] {processor.py:839} INFO - DAG(s) dict_keys(['example_branch_python_operator_decorator']) retrieved from /usr/local/lib/python3.10/dist-packages/airflow/example_dags/example_branch_operator_decorator.py
[2023-11-02T07:12:49.455+0000] {logging_mixin.py:151} INFO - [2023-11-02T07:12:49.455+0000] {dag.py:2941} INFO - Sync 1 DAGs
[2023-11-02T07:12:49.477+0000] {logging_mixin.py:151} INFO - [2023-11-02T07:12:49.477+0000] {dag.py:3722} INFO - Setting next_dagrun for example_branch_python_operator_decorator to 2023-11-01T00:00:00+00:00, run_after=2023-11-02T00:00:00+00:00
[2023-11-02T07:12:49.499+0000] {processor.py:179} INFO - Processing /usr/local/lib/python3.10/dist-packages/airflow/example_dags/example_branch_operator_decorator.py took 0.083 seconds
