[2023-11-02T06:50:09.403+0000] {processor.py:157} INFO - Started process (PID=3731) to work on /home/ubuntu/customer_churn_venv/lib/python3.10/site-packages/airflow/example_dags/example_sensor_decorator.py
[2023-11-02T06:50:09.403+0000] {processor.py:829} INFO - Processing file /home/ubuntu/customer_churn_venv/lib/python3.10/site-packages/airflow/example_dags/example_sensor_decorator.py for tasks to queue
[2023-11-02T06:50:09.404+0000] {logging_mixin.py:151} INFO - [2023-11-02T06:50:09.404+0000] {dagbag.py:536} INFO - Filling up the DagBag from /home/ubuntu/customer_churn_venv/lib/python3.10/site-packages/airflow/example_dags/example_sensor_decorator.py
[2023-11-02T06:50:09.412+0000] {processor.py:839} INFO - DAG(s) dict_keys(['example_sensor_decorator']) retrieved from /home/ubuntu/customer_churn_venv/lib/python3.10/site-packages/airflow/example_dags/example_sensor_decorator.py
[2023-11-02T06:50:09.624+0000] {logging_mixin.py:151} INFO - [2023-11-02T06:50:09.624+0000] {manager.py:499} INFO - Created Permission View: %s
[2023-11-02T06:50:09.637+0000] {logging_mixin.py:151} INFO - [2023-11-02T06:50:09.637+0000] {manager.py:499} INFO - Created Permission View: %s
[2023-11-02T06:50:09.648+0000] {logging_mixin.py:151} INFO - [2023-11-02T06:50:09.648+0000] {manager.py:499} INFO - Created Permission View: %s
[2023-11-02T06:50:09.648+0000] {logging_mixin.py:151} INFO - [2023-11-02T06:50:09.648+0000] {dag.py:2941} INFO - Sync 1 DAGs
[2023-11-02T06:50:09.659+0000] {logging_mixin.py:151} INFO - [2023-11-02T06:50:09.659+0000] {dag.py:2963} INFO - Creating ORM DAG for example_sensor_decorator
[2023-11-02T06:50:09.659+0000] {logging_mixin.py:151} INFO - [2023-11-02T06:50:09.659+0000] {dag.py:3722} INFO - Setting next_dagrun for example_sensor_decorator to None, run_after=None
[2023-11-02T06:50:09.680+0000] {processor.py:179} INFO - Processing /home/ubuntu/customer_churn_venv/lib/python3.10/site-packages/airflow/example_dags/example_sensor_decorator.py took 0.281 seconds
[2023-11-02T06:50:59.283+0000] {processor.py:157} INFO - Started process (PID=3777) to work on /home/ubuntu/customer_churn_venv/lib/python3.10/site-packages/airflow/example_dags/example_sensor_decorator.py
[2023-11-02T06:50:59.285+0000] {processor.py:829} INFO - Processing file /home/ubuntu/customer_churn_venv/lib/python3.10/site-packages/airflow/example_dags/example_sensor_decorator.py for tasks to queue
[2023-11-02T06:50:59.285+0000] {logging_mixin.py:151} INFO - [2023-11-02T06:50:59.285+0000] {dagbag.py:536} INFO - Filling up the DagBag from /home/ubuntu/customer_churn_venv/lib/python3.10/site-packages/airflow/example_dags/example_sensor_decorator.py
[2023-11-02T06:50:59.292+0000] {processor.py:839} INFO - DAG(s) dict_keys(['example_sensor_decorator']) retrieved from /home/ubuntu/customer_churn_venv/lib/python3.10/site-packages/airflow/example_dags/example_sensor_decorator.py
[2023-11-02T06:50:59.309+0000] {logging_mixin.py:151} INFO - [2023-11-02T06:50:59.309+0000] {dag.py:2941} INFO - Sync 1 DAGs
[2023-11-02T06:50:59.321+0000] {logging_mixin.py:151} INFO - [2023-11-02T06:50:59.321+0000] {dag.py:3722} INFO - Setting next_dagrun for example_sensor_decorator to None, run_after=None
[2023-11-02T06:50:59.343+0000] {processor.py:179} INFO - Processing /home/ubuntu/customer_churn_venv/lib/python3.10/site-packages/airflow/example_dags/example_sensor_decorator.py took 0.063 seconds
[2023-11-02T06:51:45.098+0000] {processor.py:157} INFO - Started process (PID=3826) to work on /home/ubuntu/customer_churn_venv/lib/python3.10/site-packages/airflow/example_dags/example_sensor_decorator.py
[2023-11-02T06:51:45.100+0000] {processor.py:829} INFO - Processing file /home/ubuntu/customer_churn_venv/lib/python3.10/site-packages/airflow/example_dags/example_sensor_decorator.py for tasks to queue
[2023-11-02T06:51:45.101+0000] {logging_mixin.py:151} INFO - [2023-11-02T06:51:45.100+0000] {dagbag.py:536} INFO - Filling up the DagBag from /home/ubuntu/customer_churn_venv/lib/python3.10/site-packages/airflow/example_dags/example_sensor_decorator.py
[2023-11-02T06:51:45.107+0000] {processor.py:839} INFO - DAG(s) dict_keys(['example_sensor_decorator']) retrieved from /home/ubuntu/customer_churn_venv/lib/python3.10/site-packages/airflow/example_dags/example_sensor_decorator.py
[2023-11-02T06:51:45.124+0000] {logging_mixin.py:151} INFO - [2023-11-02T06:51:45.124+0000] {dag.py:2941} INFO - Sync 1 DAGs
[2023-11-02T06:51:45.136+0000] {logging_mixin.py:151} INFO - [2023-11-02T06:51:45.136+0000] {dag.py:3722} INFO - Setting next_dagrun for example_sensor_decorator to None, run_after=None
[2023-11-02T06:51:45.159+0000] {processor.py:179} INFO - Processing /home/ubuntu/customer_churn_venv/lib/python3.10/site-packages/airflow/example_dags/example_sensor_decorator.py took 0.064 seconds
[2023-11-02T06:52:31.642+0000] {processor.py:157} INFO - Started process (PID=3874) to work on /home/ubuntu/customer_churn_venv/lib/python3.10/site-packages/airflow/example_dags/example_sensor_decorator.py
[2023-11-02T06:52:31.643+0000] {processor.py:829} INFO - Processing file /home/ubuntu/customer_churn_venv/lib/python3.10/site-packages/airflow/example_dags/example_sensor_decorator.py for tasks to queue
[2023-11-02T06:52:31.644+0000] {logging_mixin.py:151} INFO - [2023-11-02T06:52:31.643+0000] {dagbag.py:536} INFO - Filling up the DagBag from /home/ubuntu/customer_churn_venv/lib/python3.10/site-packages/airflow/example_dags/example_sensor_decorator.py
[2023-11-02T06:52:31.650+0000] {processor.py:839} INFO - DAG(s) dict_keys(['example_sensor_decorator']) retrieved from /home/ubuntu/customer_churn_venv/lib/python3.10/site-packages/airflow/example_dags/example_sensor_decorator.py
[2023-11-02T06:52:31.667+0000] {logging_mixin.py:151} INFO - [2023-11-02T06:52:31.667+0000] {dag.py:2941} INFO - Sync 1 DAGs
[2023-11-02T06:52:31.679+0000] {logging_mixin.py:151} INFO - [2023-11-02T06:52:31.679+0000] {dag.py:3722} INFO - Setting next_dagrun for example_sensor_decorator to None, run_after=None
[2023-11-02T06:52:31.702+0000] {processor.py:179} INFO - Processing /home/ubuntu/customer_churn_venv/lib/python3.10/site-packages/airflow/example_dags/example_sensor_decorator.py took 0.064 seconds
[2023-11-02T07:00:16.142+0000] {processor.py:157} INFO - Started process (PID=4396) to work on /usr/local/lib/python3.10/dist-packages/airflow/example_dags/example_sensor_decorator.py
[2023-11-02T07:00:16.143+0000] {processor.py:829} INFO - Processing file /usr/local/lib/python3.10/dist-packages/airflow/example_dags/example_sensor_decorator.py for tasks to queue
[2023-11-02T07:00:16.144+0000] {logging_mixin.py:151} INFO - [2023-11-02T07:00:16.144+0000] {dagbag.py:536} INFO - Filling up the DagBag from /usr/local/lib/python3.10/dist-packages/airflow/example_dags/example_sensor_decorator.py
[2023-11-02T07:00:16.151+0000] {processor.py:839} INFO - DAG(s) dict_keys(['example_sensor_decorator']) retrieved from /usr/local/lib/python3.10/dist-packages/airflow/example_dags/example_sensor_decorator.py
[2023-11-02T07:00:16.170+0000] {logging_mixin.py:151} INFO - [2023-11-02T07:00:16.170+0000] {dag.py:2941} INFO - Sync 1 DAGs
[2023-11-02T07:00:16.182+0000] {logging_mixin.py:151} INFO - [2023-11-02T07:00:16.182+0000] {dag.py:3722} INFO - Setting next_dagrun for example_sensor_decorator to None, run_after=None
[2023-11-02T07:00:16.205+0000] {processor.py:179} INFO - Processing /usr/local/lib/python3.10/dist-packages/airflow/example_dags/example_sensor_decorator.py took 0.066 seconds
[2023-11-02T07:01:05.112+0000] {processor.py:157} INFO - Started process (PID=4446) to work on /usr/local/lib/python3.10/dist-packages/airflow/example_dags/example_sensor_decorator.py
[2023-11-02T07:01:05.113+0000] {processor.py:829} INFO - Processing file /usr/local/lib/python3.10/dist-packages/airflow/example_dags/example_sensor_decorator.py for tasks to queue
[2023-11-02T07:01:05.114+0000] {logging_mixin.py:151} INFO - [2023-11-02T07:01:05.114+0000] {dagbag.py:536} INFO - Filling up the DagBag from /usr/local/lib/python3.10/dist-packages/airflow/example_dags/example_sensor_decorator.py
[2023-11-02T07:01:05.121+0000] {processor.py:839} INFO - DAG(s) dict_keys(['example_sensor_decorator']) retrieved from /usr/local/lib/python3.10/dist-packages/airflow/example_dags/example_sensor_decorator.py
[2023-11-02T07:01:05.141+0000] {logging_mixin.py:151} INFO - [2023-11-02T07:01:05.141+0000] {dag.py:2941} INFO - Sync 1 DAGs
[2023-11-02T07:01:05.154+0000] {logging_mixin.py:151} INFO - [2023-11-02T07:01:05.154+0000] {dag.py:3722} INFO - Setting next_dagrun for example_sensor_decorator to None, run_after=None
[2023-11-02T07:01:05.179+0000] {processor.py:179} INFO - Processing /usr/local/lib/python3.10/dist-packages/airflow/example_dags/example_sensor_decorator.py took 0.070 seconds
[2023-11-02T07:01:48.952+0000] {processor.py:157} INFO - Started process (PID=4492) to work on /usr/local/lib/python3.10/dist-packages/airflow/example_dags/example_sensor_decorator.py
[2023-11-02T07:01:48.953+0000] {processor.py:829} INFO - Processing file /usr/local/lib/python3.10/dist-packages/airflow/example_dags/example_sensor_decorator.py for tasks to queue
[2023-11-02T07:01:48.954+0000] {logging_mixin.py:151} INFO - [2023-11-02T07:01:48.954+0000] {dagbag.py:536} INFO - Filling up the DagBag from /usr/local/lib/python3.10/dist-packages/airflow/example_dags/example_sensor_decorator.py
[2023-11-02T07:01:48.960+0000] {processor.py:839} INFO - DAG(s) dict_keys(['example_sensor_decorator']) retrieved from /usr/local/lib/python3.10/dist-packages/airflow/example_dags/example_sensor_decorator.py
[2023-11-02T07:01:48.978+0000] {logging_mixin.py:151} INFO - [2023-11-02T07:01:48.978+0000] {dag.py:2941} INFO - Sync 1 DAGs
[2023-11-02T07:01:48.989+0000] {logging_mixin.py:151} INFO - [2023-11-02T07:01:48.989+0000] {dag.py:3722} INFO - Setting next_dagrun for example_sensor_decorator to None, run_after=None
[2023-11-02T07:01:49.013+0000] {processor.py:179} INFO - Processing /usr/local/lib/python3.10/dist-packages/airflow/example_dags/example_sensor_decorator.py took 0.064 seconds
[2023-11-02T07:02:33.312+0000] {processor.py:157} INFO - Started process (PID=4538) to work on /usr/local/lib/python3.10/dist-packages/airflow/example_dags/example_sensor_decorator.py
[2023-11-02T07:02:33.313+0000] {processor.py:829} INFO - Processing file /usr/local/lib/python3.10/dist-packages/airflow/example_dags/example_sensor_decorator.py for tasks to queue
[2023-11-02T07:02:33.314+0000] {logging_mixin.py:151} INFO - [2023-11-02T07:02:33.314+0000] {dagbag.py:536} INFO - Filling up the DagBag from /usr/local/lib/python3.10/dist-packages/airflow/example_dags/example_sensor_decorator.py
[2023-11-02T07:02:33.321+0000] {processor.py:839} INFO - DAG(s) dict_keys(['example_sensor_decorator']) retrieved from /usr/local/lib/python3.10/dist-packages/airflow/example_dags/example_sensor_decorator.py
[2023-11-02T07:02:33.338+0000] {logging_mixin.py:151} INFO - [2023-11-02T07:02:33.338+0000] {dag.py:2941} INFO - Sync 1 DAGs
[2023-11-02T07:02:33.349+0000] {logging_mixin.py:151} INFO - [2023-11-02T07:02:33.349+0000] {dag.py:3722} INFO - Setting next_dagrun for example_sensor_decorator to None, run_after=None
[2023-11-02T07:02:33.371+0000] {processor.py:179} INFO - Processing /usr/local/lib/python3.10/dist-packages/airflow/example_dags/example_sensor_decorator.py took 0.062 seconds
[2023-11-02T07:03:19.492+0000] {processor.py:157} INFO - Started process (PID=4586) to work on /usr/local/lib/python3.10/dist-packages/airflow/example_dags/example_sensor_decorator.py
[2023-11-02T07:03:19.493+0000] {processor.py:829} INFO - Processing file /usr/local/lib/python3.10/dist-packages/airflow/example_dags/example_sensor_decorator.py for tasks to queue
[2023-11-02T07:03:19.494+0000] {logging_mixin.py:151} INFO - [2023-11-02T07:03:19.494+0000] {dagbag.py:536} INFO - Filling up the DagBag from /usr/local/lib/python3.10/dist-packages/airflow/example_dags/example_sensor_decorator.py
[2023-11-02T07:03:19.502+0000] {processor.py:839} INFO - DAG(s) dict_keys(['example_sensor_decorator']) retrieved from /usr/local/lib/python3.10/dist-packages/airflow/example_dags/example_sensor_decorator.py
[2023-11-02T07:03:19.519+0000] {logging_mixin.py:151} INFO - [2023-11-02T07:03:19.518+0000] {dag.py:2941} INFO - Sync 1 DAGs
[2023-11-02T07:03:19.530+0000] {logging_mixin.py:151} INFO - [2023-11-02T07:03:19.530+0000] {dag.py:3722} INFO - Setting next_dagrun for example_sensor_decorator to None, run_after=None
[2023-11-02T07:03:19.553+0000] {processor.py:179} INFO - Processing /usr/local/lib/python3.10/dist-packages/airflow/example_dags/example_sensor_decorator.py took 0.064 seconds
[2023-11-02T07:04:03.174+0000] {processor.py:157} INFO - Started process (PID=4632) to work on /usr/local/lib/python3.10/dist-packages/airflow/example_dags/example_sensor_decorator.py
[2023-11-02T07:04:03.175+0000] {processor.py:829} INFO - Processing file /usr/local/lib/python3.10/dist-packages/airflow/example_dags/example_sensor_decorator.py for tasks to queue
[2023-11-02T07:04:03.176+0000] {logging_mixin.py:151} INFO - [2023-11-02T07:04:03.176+0000] {dagbag.py:536} INFO - Filling up the DagBag from /usr/local/lib/python3.10/dist-packages/airflow/example_dags/example_sensor_decorator.py
[2023-11-02T07:04:03.183+0000] {processor.py:839} INFO - DAG(s) dict_keys(['example_sensor_decorator']) retrieved from /usr/local/lib/python3.10/dist-packages/airflow/example_dags/example_sensor_decorator.py
[2023-11-02T07:04:03.199+0000] {logging_mixin.py:151} INFO - [2023-11-02T07:04:03.199+0000] {dag.py:2941} INFO - Sync 1 DAGs
[2023-11-02T07:04:03.211+0000] {logging_mixin.py:151} INFO - [2023-11-02T07:04:03.211+0000] {dag.py:3722} INFO - Setting next_dagrun for example_sensor_decorator to None, run_after=None
[2023-11-02T07:04:03.234+0000] {processor.py:179} INFO - Processing /usr/local/lib/python3.10/dist-packages/airflow/example_dags/example_sensor_decorator.py took 0.063 seconds
[2023-11-02T07:04:45.359+0000] {processor.py:157} INFO - Started process (PID=4680) to work on /usr/local/lib/python3.10/dist-packages/airflow/example_dags/example_sensor_decorator.py
[2023-11-02T07:04:45.361+0000] {processor.py:829} INFO - Processing file /usr/local/lib/python3.10/dist-packages/airflow/example_dags/example_sensor_decorator.py for tasks to queue
[2023-11-02T07:04:45.361+0000] {logging_mixin.py:151} INFO - [2023-11-02T07:04:45.361+0000] {dagbag.py:536} INFO - Filling up the DagBag from /usr/local/lib/python3.10/dist-packages/airflow/example_dags/example_sensor_decorator.py
[2023-11-02T07:04:45.368+0000] {processor.py:839} INFO - DAG(s) dict_keys(['example_sensor_decorator']) retrieved from /usr/local/lib/python3.10/dist-packages/airflow/example_dags/example_sensor_decorator.py
[2023-11-02T07:04:45.385+0000] {logging_mixin.py:151} INFO - [2023-11-02T07:04:45.385+0000] {dag.py:2941} INFO - Sync 1 DAGs
[2023-11-02T07:04:45.397+0000] {logging_mixin.py:151} INFO - [2023-11-02T07:04:45.396+0000] {dag.py:3722} INFO - Setting next_dagrun for example_sensor_decorator to None, run_after=None
[2023-11-02T07:04:45.421+0000] {processor.py:179} INFO - Processing /usr/local/lib/python3.10/dist-packages/airflow/example_dags/example_sensor_decorator.py took 0.065 seconds
[2023-11-02T07:05:26.745+0000] {processor.py:157} INFO - Started process (PID=4723) to work on /usr/local/lib/python3.10/dist-packages/airflow/example_dags/example_sensor_decorator.py
[2023-11-02T07:05:26.746+0000] {processor.py:829} INFO - Processing file /usr/local/lib/python3.10/dist-packages/airflow/example_dags/example_sensor_decorator.py for tasks to queue
[2023-11-02T07:05:26.747+0000] {logging_mixin.py:151} INFO - [2023-11-02T07:05:26.747+0000] {dagbag.py:536} INFO - Filling up the DagBag from /usr/local/lib/python3.10/dist-packages/airflow/example_dags/example_sensor_decorator.py
[2023-11-02T07:05:26.754+0000] {processor.py:839} INFO - DAG(s) dict_keys(['example_sensor_decorator']) retrieved from /usr/local/lib/python3.10/dist-packages/airflow/example_dags/example_sensor_decorator.py
[2023-11-02T07:05:26.770+0000] {logging_mixin.py:151} INFO - [2023-11-02T07:05:26.770+0000] {dag.py:2941} INFO - Sync 1 DAGs
[2023-11-02T07:05:26.782+0000] {logging_mixin.py:151} INFO - [2023-11-02T07:05:26.782+0000] {dag.py:3722} INFO - Setting next_dagrun for example_sensor_decorator to None, run_after=None
[2023-11-02T07:05:26.804+0000] {processor.py:179} INFO - Processing /usr/local/lib/python3.10/dist-packages/airflow/example_dags/example_sensor_decorator.py took 0.062 seconds
[2023-11-02T07:06:11.985+0000] {processor.py:157} INFO - Started process (PID=4769) to work on /usr/local/lib/python3.10/dist-packages/airflow/example_dags/example_sensor_decorator.py
[2023-11-02T07:06:11.986+0000] {processor.py:829} INFO - Processing file /usr/local/lib/python3.10/dist-packages/airflow/example_dags/example_sensor_decorator.py for tasks to queue
[2023-11-02T07:06:11.987+0000] {logging_mixin.py:151} INFO - [2023-11-02T07:06:11.987+0000] {dagbag.py:536} INFO - Filling up the DagBag from /usr/local/lib/python3.10/dist-packages/airflow/example_dags/example_sensor_decorator.py
[2023-11-02T07:06:11.994+0000] {processor.py:839} INFO - DAG(s) dict_keys(['example_sensor_decorator']) retrieved from /usr/local/lib/python3.10/dist-packages/airflow/example_dags/example_sensor_decorator.py
[2023-11-02T07:06:12.010+0000] {logging_mixin.py:151} INFO - [2023-11-02T07:06:12.010+0000] {dag.py:2941} INFO - Sync 1 DAGs
[2023-11-02T07:06:12.023+0000] {logging_mixin.py:151} INFO - [2023-11-02T07:06:12.022+0000] {dag.py:3722} INFO - Setting next_dagrun for example_sensor_decorator to None, run_after=None
[2023-11-02T07:06:12.046+0000] {processor.py:179} INFO - Processing /usr/local/lib/python3.10/dist-packages/airflow/example_dags/example_sensor_decorator.py took 0.065 seconds
[2023-11-02T07:07:01.292+0000] {processor.py:157} INFO - Started process (PID=4819) to work on /usr/local/lib/python3.10/dist-packages/airflow/example_dags/example_sensor_decorator.py
[2023-11-02T07:07:01.293+0000] {processor.py:829} INFO - Processing file /usr/local/lib/python3.10/dist-packages/airflow/example_dags/example_sensor_decorator.py for tasks to queue
[2023-11-02T07:07:01.294+0000] {logging_mixin.py:151} INFO - [2023-11-02T07:07:01.294+0000] {dagbag.py:536} INFO - Filling up the DagBag from /usr/local/lib/python3.10/dist-packages/airflow/example_dags/example_sensor_decorator.py
[2023-11-02T07:07:01.301+0000] {processor.py:839} INFO - DAG(s) dict_keys(['example_sensor_decorator']) retrieved from /usr/local/lib/python3.10/dist-packages/airflow/example_dags/example_sensor_decorator.py
[2023-11-02T07:07:01.320+0000] {logging_mixin.py:151} INFO - [2023-11-02T07:07:01.319+0000] {dag.py:2941} INFO - Sync 1 DAGs
[2023-11-02T07:07:01.332+0000] {logging_mixin.py:151} INFO - [2023-11-02T07:07:01.332+0000] {dag.py:3722} INFO - Setting next_dagrun for example_sensor_decorator to None, run_after=None
[2023-11-02T07:07:01.356+0000] {processor.py:179} INFO - Processing /usr/local/lib/python3.10/dist-packages/airflow/example_dags/example_sensor_decorator.py took 0.067 seconds
[2023-11-02T07:07:47.022+0000] {processor.py:157} INFO - Started process (PID=4868) to work on /usr/local/lib/python3.10/dist-packages/airflow/example_dags/example_sensor_decorator.py
[2023-11-02T07:07:47.023+0000] {processor.py:829} INFO - Processing file /usr/local/lib/python3.10/dist-packages/airflow/example_dags/example_sensor_decorator.py for tasks to queue
[2023-11-02T07:07:47.024+0000] {logging_mixin.py:151} INFO - [2023-11-02T07:07:47.024+0000] {dagbag.py:536} INFO - Filling up the DagBag from /usr/local/lib/python3.10/dist-packages/airflow/example_dags/example_sensor_decorator.py
[2023-11-02T07:07:47.031+0000] {processor.py:839} INFO - DAG(s) dict_keys(['example_sensor_decorator']) retrieved from /usr/local/lib/python3.10/dist-packages/airflow/example_dags/example_sensor_decorator.py
[2023-11-02T07:07:47.048+0000] {logging_mixin.py:151} INFO - [2023-11-02T07:07:47.047+0000] {dag.py:2941} INFO - Sync 1 DAGs
[2023-11-02T07:07:47.060+0000] {logging_mixin.py:151} INFO - [2023-11-02T07:07:47.060+0000] {dag.py:3722} INFO - Setting next_dagrun for example_sensor_decorator to None, run_after=None
[2023-11-02T07:07:47.083+0000] {processor.py:179} INFO - Processing /usr/local/lib/python3.10/dist-packages/airflow/example_dags/example_sensor_decorator.py took 0.064 seconds
[2023-11-02T07:08:31.615+0000] {processor.py:157} INFO - Started process (PID=5146) to work on /usr/local/lib/python3.10/dist-packages/airflow/example_dags/example_sensor_decorator.py
[2023-11-02T07:08:31.616+0000] {processor.py:829} INFO - Processing file /usr/local/lib/python3.10/dist-packages/airflow/example_dags/example_sensor_decorator.py for tasks to queue
[2023-11-02T07:08:31.617+0000] {logging_mixin.py:151} INFO - [2023-11-02T07:08:31.617+0000] {dagbag.py:536} INFO - Filling up the DagBag from /usr/local/lib/python3.10/dist-packages/airflow/example_dags/example_sensor_decorator.py
[2023-11-02T07:08:31.624+0000] {processor.py:839} INFO - DAG(s) dict_keys(['example_sensor_decorator']) retrieved from /usr/local/lib/python3.10/dist-packages/airflow/example_dags/example_sensor_decorator.py
[2023-11-02T07:08:31.640+0000] {logging_mixin.py:151} INFO - [2023-11-02T07:08:31.640+0000] {dag.py:2941} INFO - Sync 1 DAGs
[2023-11-02T07:08:31.653+0000] {logging_mixin.py:151} INFO - [2023-11-02T07:08:31.653+0000] {dag.py:3722} INFO - Setting next_dagrun for example_sensor_decorator to None, run_after=None
[2023-11-02T07:08:31.934+0000] {processor.py:179} INFO - Processing /usr/local/lib/python3.10/dist-packages/airflow/example_dags/example_sensor_decorator.py took 0.322 seconds
[2023-11-02T07:09:14.957+0000] {processor.py:157} INFO - Started process (PID=5343) to work on /usr/local/lib/python3.10/dist-packages/airflow/example_dags/example_sensor_decorator.py
[2023-11-02T07:09:14.958+0000] {processor.py:829} INFO - Processing file /usr/local/lib/python3.10/dist-packages/airflow/example_dags/example_sensor_decorator.py for tasks to queue
[2023-11-02T07:09:14.959+0000] {logging_mixin.py:151} INFO - [2023-11-02T07:09:14.959+0000] {dagbag.py:536} INFO - Filling up the DagBag from /usr/local/lib/python3.10/dist-packages/airflow/example_dags/example_sensor_decorator.py
[2023-11-02T07:09:14.966+0000] {processor.py:839} INFO - DAG(s) dict_keys(['example_sensor_decorator']) retrieved from /usr/local/lib/python3.10/dist-packages/airflow/example_dags/example_sensor_decorator.py
[2023-11-02T07:09:14.982+0000] {logging_mixin.py:151} INFO - [2023-11-02T07:09:14.982+0000] {dag.py:2941} INFO - Sync 1 DAGs
[2023-11-02T07:09:14.995+0000] {logging_mixin.py:151} INFO - [2023-11-02T07:09:14.995+0000] {dag.py:3722} INFO - Setting next_dagrun for example_sensor_decorator to None, run_after=None
[2023-11-02T07:09:15.018+0000] {processor.py:179} INFO - Processing /usr/local/lib/python3.10/dist-packages/airflow/example_dags/example_sensor_decorator.py took 0.064 seconds
[2023-11-02T07:10:01.665+0000] {processor.py:157} INFO - Started process (PID=5400) to work on /usr/local/lib/python3.10/dist-packages/airflow/example_dags/example_sensor_decorator.py
[2023-11-02T07:10:01.667+0000] {processor.py:829} INFO - Processing file /usr/local/lib/python3.10/dist-packages/airflow/example_dags/example_sensor_decorator.py for tasks to queue
[2023-11-02T07:10:01.668+0000] {logging_mixin.py:151} INFO - [2023-11-02T07:10:01.667+0000] {dagbag.py:536} INFO - Filling up the DagBag from /usr/local/lib/python3.10/dist-packages/airflow/example_dags/example_sensor_decorator.py
[2023-11-02T07:10:01.678+0000] {processor.py:839} INFO - DAG(s) dict_keys(['example_sensor_decorator']) retrieved from /usr/local/lib/python3.10/dist-packages/airflow/example_dags/example_sensor_decorator.py
[2023-11-02T07:10:01.695+0000] {logging_mixin.py:151} INFO - [2023-11-02T07:10:01.695+0000] {dag.py:2941} INFO - Sync 1 DAGs
[2023-11-02T07:10:01.708+0000] {logging_mixin.py:151} INFO - [2023-11-02T07:10:01.707+0000] {dag.py:3722} INFO - Setting next_dagrun for example_sensor_decorator to None, run_after=None
[2023-11-02T07:10:01.746+0000] {processor.py:179} INFO - Processing /usr/local/lib/python3.10/dist-packages/airflow/example_dags/example_sensor_decorator.py took 0.084 seconds
[2023-11-02T07:10:48.480+0000] {processor.py:157} INFO - Started process (PID=5447) to work on /usr/local/lib/python3.10/dist-packages/airflow/example_dags/example_sensor_decorator.py
[2023-11-02T07:10:48.481+0000] {processor.py:829} INFO - Processing file /usr/local/lib/python3.10/dist-packages/airflow/example_dags/example_sensor_decorator.py for tasks to queue
[2023-11-02T07:10:48.482+0000] {logging_mixin.py:151} INFO - [2023-11-02T07:10:48.482+0000] {dagbag.py:536} INFO - Filling up the DagBag from /usr/local/lib/python3.10/dist-packages/airflow/example_dags/example_sensor_decorator.py
[2023-11-02T07:10:48.489+0000] {processor.py:839} INFO - DAG(s) dict_keys(['example_sensor_decorator']) retrieved from /usr/local/lib/python3.10/dist-packages/airflow/example_dags/example_sensor_decorator.py
[2023-11-02T07:10:48.506+0000] {logging_mixin.py:151} INFO - [2023-11-02T07:10:48.506+0000] {dag.py:2941} INFO - Sync 1 DAGs
[2023-11-02T07:10:48.518+0000] {logging_mixin.py:151} INFO - [2023-11-02T07:10:48.518+0000] {dag.py:3722} INFO - Setting next_dagrun for example_sensor_decorator to None, run_after=None
[2023-11-02T07:10:48.542+0000] {processor.py:179} INFO - Processing /usr/local/lib/python3.10/dist-packages/airflow/example_dags/example_sensor_decorator.py took 0.065 seconds
[2023-11-02T07:11:38.925+0000] {processor.py:157} INFO - Started process (PID=5502) to work on /usr/local/lib/python3.10/dist-packages/airflow/example_dags/example_sensor_decorator.py
[2023-11-02T07:11:38.926+0000] {processor.py:829} INFO - Processing file /usr/local/lib/python3.10/dist-packages/airflow/example_dags/example_sensor_decorator.py for tasks to queue
[2023-11-02T07:11:38.927+0000] {logging_mixin.py:151} INFO - [2023-11-02T07:11:38.926+0000] {dagbag.py:536} INFO - Filling up the DagBag from /usr/local/lib/python3.10/dist-packages/airflow/example_dags/example_sensor_decorator.py
[2023-11-02T07:11:38.934+0000] {processor.py:839} INFO - DAG(s) dict_keys(['example_sensor_decorator']) retrieved from /usr/local/lib/python3.10/dist-packages/airflow/example_dags/example_sensor_decorator.py
[2023-11-02T07:11:38.950+0000] {logging_mixin.py:151} INFO - [2023-11-02T07:11:38.950+0000] {dag.py:2941} INFO - Sync 1 DAGs
[2023-11-02T07:11:38.962+0000] {logging_mixin.py:151} INFO - [2023-11-02T07:11:38.962+0000] {dag.py:3722} INFO - Setting next_dagrun for example_sensor_decorator to None, run_after=None
[2023-11-02T07:11:38.984+0000] {processor.py:179} INFO - Processing /usr/local/lib/python3.10/dist-packages/airflow/example_dags/example_sensor_decorator.py took 0.063 seconds
[2023-11-02T07:12:20.050+0000] {processor.py:157} INFO - Started process (PID=5549) to work on /usr/local/lib/python3.10/dist-packages/airflow/example_dags/example_sensor_decorator.py
[2023-11-02T07:12:20.052+0000] {processor.py:829} INFO - Processing file /usr/local/lib/python3.10/dist-packages/airflow/example_dags/example_sensor_decorator.py for tasks to queue
[2023-11-02T07:12:20.053+0000] {logging_mixin.py:151} INFO - [2023-11-02T07:12:20.052+0000] {dagbag.py:536} INFO - Filling up the DagBag from /usr/local/lib/python3.10/dist-packages/airflow/example_dags/example_sensor_decorator.py
[2023-11-02T07:12:20.072+0000] {processor.py:839} INFO - DAG(s) dict_keys(['example_sensor_decorator']) retrieved from /usr/local/lib/python3.10/dist-packages/airflow/example_dags/example_sensor_decorator.py
[2023-11-02T07:12:20.102+0000] {logging_mixin.py:151} INFO - [2023-11-02T07:12:20.101+0000] {dag.py:2941} INFO - Sync 1 DAGs
[2023-11-02T07:12:20.114+0000] {logging_mixin.py:151} INFO - [2023-11-02T07:12:20.114+0000] {dag.py:3722} INFO - Setting next_dagrun for example_sensor_decorator to None, run_after=None
[2023-11-02T07:12:20.146+0000] {processor.py:179} INFO - Processing /usr/local/lib/python3.10/dist-packages/airflow/example_dags/example_sensor_decorator.py took 0.099 seconds
