[2023-11-02T06:49:44.813+0000] {processor.py:157} INFO - Started process (PID=3712) to work on /home/ubuntu/customer_churn_venv/lib/python3.10/site-packages/airflow/example_dags/example_short_circuit_decorator.py
[2023-11-02T06:49:44.814+0000] {processor.py:829} INFO - Processing file /home/ubuntu/customer_churn_venv/lib/python3.10/site-packages/airflow/example_dags/example_short_circuit_decorator.py for tasks to queue
[2023-11-02T06:49:44.815+0000] {logging_mixin.py:151} INFO - [2023-11-02T06:49:44.815+0000] {dagbag.py:536} INFO - Filling up the DagBag from /home/ubuntu/customer_churn_venv/lib/python3.10/site-packages/airflow/example_dags/example_short_circuit_decorator.py
[2023-11-02T06:49:44.827+0000] {processor.py:839} INFO - DAG(s) dict_keys(['example_short_circuit_decorator']) retrieved from /home/ubuntu/customer_churn_venv/lib/python3.10/site-packages/airflow/example_dags/example_short_circuit_decorator.py
[2023-11-02T06:49:45.049+0000] {logging_mixin.py:151} INFO - [2023-11-02T06:49:45.048+0000] {manager.py:499} INFO - Created Permission View: %s
[2023-11-02T06:49:45.063+0000] {logging_mixin.py:151} INFO - [2023-11-02T06:49:45.062+0000] {manager.py:499} INFO - Created Permission View: %s
[2023-11-02T06:49:45.072+0000] {logging_mixin.py:151} INFO - [2023-11-02T06:49:45.072+0000] {manager.py:499} INFO - Created Permission View: %s
[2023-11-02T06:49:45.073+0000] {logging_mixin.py:151} INFO - [2023-11-02T06:49:45.072+0000] {dag.py:2941} INFO - Sync 1 DAGs
[2023-11-02T06:49:45.083+0000] {logging_mixin.py:151} INFO - [2023-11-02T06:49:45.083+0000] {dag.py:2963} INFO - Creating ORM DAG for example_short_circuit_decorator
[2023-11-02T06:49:45.092+0000] {logging_mixin.py:151} INFO - [2023-11-02T06:49:45.091+0000] {dag.py:3722} INFO - Setting next_dagrun for example_short_circuit_decorator to 2023-11-01T06:49:45.091695+00:00, run_after=2023-11-02T06:49:45.091695+00:00
[2023-11-02T06:49:45.113+0000] {processor.py:179} INFO - Processing /home/ubuntu/customer_churn_venv/lib/python3.10/site-packages/airflow/example_dags/example_short_circuit_decorator.py took 0.303 seconds
[2023-11-02T06:50:40.141+0000] {processor.py:157} INFO - Started process (PID=3758) to work on /home/ubuntu/customer_churn_venv/lib/python3.10/site-packages/airflow/example_dags/example_short_circuit_decorator.py
[2023-11-02T06:50:40.142+0000] {processor.py:829} INFO - Processing file /home/ubuntu/customer_churn_venv/lib/python3.10/site-packages/airflow/example_dags/example_short_circuit_decorator.py for tasks to queue
[2023-11-02T06:50:40.143+0000] {logging_mixin.py:151} INFO - [2023-11-02T06:50:40.142+0000] {dagbag.py:536} INFO - Filling up the DagBag from /home/ubuntu/customer_churn_venv/lib/python3.10/site-packages/airflow/example_dags/example_short_circuit_decorator.py
[2023-11-02T06:50:40.154+0000] {processor.py:839} INFO - DAG(s) dict_keys(['example_short_circuit_decorator']) retrieved from /home/ubuntu/customer_churn_venv/lib/python3.10/site-packages/airflow/example_dags/example_short_circuit_decorator.py
[2023-11-02T06:50:40.173+0000] {logging_mixin.py:151} INFO - [2023-11-02T06:50:40.173+0000] {dag.py:2941} INFO - Sync 1 DAGs
[2023-11-02T06:50:40.193+0000] {logging_mixin.py:151} INFO - [2023-11-02T06:50:40.193+0000] {dag.py:3722} INFO - Setting next_dagrun for example_short_circuit_decorator to 2023-11-01T06:50:40.193027+00:00, run_after=2023-11-02T06:50:40.193027+00:00
[2023-11-02T06:50:40.216+0000] {processor.py:179} INFO - Processing /home/ubuntu/customer_churn_venv/lib/python3.10/site-packages/airflow/example_dags/example_short_circuit_decorator.py took 0.079 seconds
[2023-11-02T06:51:25.941+0000] {processor.py:157} INFO - Started process (PID=3806) to work on /home/ubuntu/customer_churn_venv/lib/python3.10/site-packages/airflow/example_dags/example_short_circuit_decorator.py
[2023-11-02T06:51:25.942+0000] {processor.py:829} INFO - Processing file /home/ubuntu/customer_churn_venv/lib/python3.10/site-packages/airflow/example_dags/example_short_circuit_decorator.py for tasks to queue
[2023-11-02T06:51:25.943+0000] {logging_mixin.py:151} INFO - [2023-11-02T06:51:25.942+0000] {dagbag.py:536} INFO - Filling up the DagBag from /home/ubuntu/customer_churn_venv/lib/python3.10/site-packages/airflow/example_dags/example_short_circuit_decorator.py
[2023-11-02T06:51:25.953+0000] {processor.py:839} INFO - DAG(s) dict_keys(['example_short_circuit_decorator']) retrieved from /home/ubuntu/customer_churn_venv/lib/python3.10/site-packages/airflow/example_dags/example_short_circuit_decorator.py
[2023-11-02T06:51:25.973+0000] {logging_mixin.py:151} INFO - [2023-11-02T06:51:25.973+0000] {dag.py:2941} INFO - Sync 1 DAGs
[2023-11-02T06:51:25.996+0000] {logging_mixin.py:151} INFO - [2023-11-02T06:51:25.996+0000] {dag.py:3722} INFO - Setting next_dagrun for example_short_circuit_decorator to 2023-11-01T06:51:25.996025+00:00, run_after=2023-11-02T06:51:25.996025+00:00
[2023-11-02T06:51:26.021+0000] {processor.py:179} INFO - Processing /home/ubuntu/customer_churn_venv/lib/python3.10/site-packages/airflow/example_dags/example_short_circuit_decorator.py took 0.083 seconds
[2023-11-02T06:52:11.356+0000] {processor.py:157} INFO - Started process (PID=3853) to work on /home/ubuntu/customer_churn_venv/lib/python3.10/site-packages/airflow/example_dags/example_short_circuit_decorator.py
[2023-11-02T06:52:11.358+0000] {processor.py:829} INFO - Processing file /home/ubuntu/customer_churn_venv/lib/python3.10/site-packages/airflow/example_dags/example_short_circuit_decorator.py for tasks to queue
[2023-11-02T06:52:11.359+0000] {logging_mixin.py:151} INFO - [2023-11-02T06:52:11.358+0000] {dagbag.py:536} INFO - Filling up the DagBag from /home/ubuntu/customer_churn_venv/lib/python3.10/site-packages/airflow/example_dags/example_short_circuit_decorator.py
[2023-11-02T06:52:11.369+0000] {processor.py:839} INFO - DAG(s) dict_keys(['example_short_circuit_decorator']) retrieved from /home/ubuntu/customer_churn_venv/lib/python3.10/site-packages/airflow/example_dags/example_short_circuit_decorator.py
[2023-11-02T06:52:11.389+0000] {logging_mixin.py:151} INFO - [2023-11-02T06:52:11.389+0000] {dag.py:2941} INFO - Sync 1 DAGs
[2023-11-02T06:52:11.409+0000] {logging_mixin.py:151} INFO - [2023-11-02T06:52:11.408+0000] {dag.py:3722} INFO - Setting next_dagrun for example_short_circuit_decorator to 2023-11-01T06:52:11.408579+00:00, run_after=2023-11-02T06:52:11.408579+00:00
[2023-11-02T06:52:11.432+0000] {processor.py:179} INFO - Processing /home/ubuntu/customer_churn_venv/lib/python3.10/site-packages/airflow/example_dags/example_short_circuit_decorator.py took 0.079 seconds
[2023-11-02T06:52:59.244+0000] {processor.py:157} INFO - Started process (PID=3901) to work on /home/ubuntu/customer_churn_venv/lib/python3.10/site-packages/airflow/example_dags/example_short_circuit_decorator.py
[2023-11-02T06:52:59.246+0000] {processor.py:829} INFO - Processing file /home/ubuntu/customer_churn_venv/lib/python3.10/site-packages/airflow/example_dags/example_short_circuit_decorator.py for tasks to queue
[2023-11-02T06:52:59.246+0000] {logging_mixin.py:151} INFO - [2023-11-02T06:52:59.246+0000] {dagbag.py:536} INFO - Filling up the DagBag from /home/ubuntu/customer_churn_venv/lib/python3.10/site-packages/airflow/example_dags/example_short_circuit_decorator.py
[2023-11-02T06:52:59.257+0000] {processor.py:839} INFO - DAG(s) dict_keys(['example_short_circuit_decorator']) retrieved from /home/ubuntu/customer_churn_venv/lib/python3.10/site-packages/airflow/example_dags/example_short_circuit_decorator.py
[2023-11-02T06:52:59.276+0000] {logging_mixin.py:151} INFO - [2023-11-02T06:52:59.276+0000] {dag.py:2941} INFO - Sync 1 DAGs
[2023-11-02T06:52:59.296+0000] {logging_mixin.py:151} INFO - [2023-11-02T06:52:59.296+0000] {dag.py:3722} INFO - Setting next_dagrun for example_short_circuit_decorator to 2023-11-01T06:52:59.295779+00:00, run_after=2023-11-02T06:52:59.295779+00:00
[2023-11-02T06:52:59.317+0000] {processor.py:179} INFO - Processing /home/ubuntu/customer_churn_venv/lib/python3.10/site-packages/airflow/example_dags/example_short_circuit_decorator.py took 0.076 seconds
[2023-11-02T06:59:56.581+0000] {processor.py:157} INFO - Started process (PID=4376) to work on /usr/local/lib/python3.10/dist-packages/airflow/example_dags/example_short_circuit_decorator.py
[2023-11-02T06:59:56.582+0000] {processor.py:829} INFO - Processing file /usr/local/lib/python3.10/dist-packages/airflow/example_dags/example_short_circuit_decorator.py for tasks to queue
[2023-11-02T06:59:56.583+0000] {logging_mixin.py:151} INFO - [2023-11-02T06:59:56.583+0000] {dagbag.py:536} INFO - Filling up the DagBag from /usr/local/lib/python3.10/dist-packages/airflow/example_dags/example_short_circuit_decorator.py
[2023-11-02T06:59:56.597+0000] {processor.py:839} INFO - DAG(s) dict_keys(['example_short_circuit_decorator']) retrieved from /usr/local/lib/python3.10/dist-packages/airflow/example_dags/example_short_circuit_decorator.py
[2023-11-02T06:59:56.719+0000] {logging_mixin.py:151} INFO - [2023-11-02T06:59:56.719+0000] {dag.py:2941} INFO - Sync 1 DAGs
[2023-11-02T06:59:56.739+0000] {logging_mixin.py:151} INFO - [2023-11-02T06:59:56.738+0000] {dag.py:3722} INFO - Setting next_dagrun for example_short_circuit_decorator to 2023-11-01T06:59:56.738642+00:00, run_after=2023-11-02T06:59:56.738642+00:00
[2023-11-02T06:59:56.765+0000] {processor.py:179} INFO - Processing /usr/local/lib/python3.10/dist-packages/airflow/example_dags/example_short_circuit_decorator.py took 0.188 seconds
[2023-11-02T07:00:42.516+0000] {processor.py:157} INFO - Started process (PID=4423) to work on /usr/local/lib/python3.10/dist-packages/airflow/example_dags/example_short_circuit_decorator.py
[2023-11-02T07:00:42.517+0000] {processor.py:829} INFO - Processing file /usr/local/lib/python3.10/dist-packages/airflow/example_dags/example_short_circuit_decorator.py for tasks to queue
[2023-11-02T07:00:42.518+0000] {logging_mixin.py:151} INFO - [2023-11-02T07:00:42.518+0000] {dagbag.py:536} INFO - Filling up the DagBag from /usr/local/lib/python3.10/dist-packages/airflow/example_dags/example_short_circuit_decorator.py
[2023-11-02T07:00:42.529+0000] {processor.py:839} INFO - DAG(s) dict_keys(['example_short_circuit_decorator']) retrieved from /usr/local/lib/python3.10/dist-packages/airflow/example_dags/example_short_circuit_decorator.py
[2023-11-02T07:00:42.548+0000] {logging_mixin.py:151} INFO - [2023-11-02T07:00:42.548+0000] {dag.py:2941} INFO - Sync 1 DAGs
[2023-11-02T07:00:42.570+0000] {logging_mixin.py:151} INFO - [2023-11-02T07:00:42.570+0000] {dag.py:3722} INFO - Setting next_dagrun for example_short_circuit_decorator to 2023-11-01T07:00:42.569843+00:00, run_after=2023-11-02T07:00:42.569843+00:00
[2023-11-02T07:00:42.592+0000] {processor.py:179} INFO - Processing /usr/local/lib/python3.10/dist-packages/airflow/example_dags/example_short_circuit_decorator.py took 0.079 seconds
[2023-11-02T07:01:27.218+0000] {processor.py:157} INFO - Started process (PID=4469) to work on /usr/local/lib/python3.10/dist-packages/airflow/example_dags/example_short_circuit_decorator.py
[2023-11-02T07:01:27.219+0000] {processor.py:829} INFO - Processing file /usr/local/lib/python3.10/dist-packages/airflow/example_dags/example_short_circuit_decorator.py for tasks to queue
[2023-11-02T07:01:27.220+0000] {logging_mixin.py:151} INFO - [2023-11-02T07:01:27.219+0000] {dagbag.py:536} INFO - Filling up the DagBag from /usr/local/lib/python3.10/dist-packages/airflow/example_dags/example_short_circuit_decorator.py
[2023-11-02T07:01:27.231+0000] {processor.py:839} INFO - DAG(s) dict_keys(['example_short_circuit_decorator']) retrieved from /usr/local/lib/python3.10/dist-packages/airflow/example_dags/example_short_circuit_decorator.py
[2023-11-02T07:01:27.250+0000] {logging_mixin.py:151} INFO - [2023-11-02T07:01:27.249+0000] {dag.py:2941} INFO - Sync 1 DAGs
[2023-11-02T07:01:27.269+0000] {logging_mixin.py:151} INFO - [2023-11-02T07:01:27.269+0000] {dag.py:3722} INFO - Setting next_dagrun for example_short_circuit_decorator to 2023-11-01T07:01:27.269424+00:00, run_after=2023-11-02T07:01:27.269424+00:00
[2023-11-02T07:01:27.291+0000] {processor.py:179} INFO - Processing /usr/local/lib/python3.10/dist-packages/airflow/example_dags/example_short_circuit_decorator.py took 0.077 seconds
[2023-11-02T07:02:08.616+0000] {processor.py:157} INFO - Started process (PID=4513) to work on /usr/local/lib/python3.10/dist-packages/airflow/example_dags/example_short_circuit_decorator.py
[2023-11-02T07:02:08.618+0000] {processor.py:829} INFO - Processing file /usr/local/lib/python3.10/dist-packages/airflow/example_dags/example_short_circuit_decorator.py for tasks to queue
[2023-11-02T07:02:08.619+0000] {logging_mixin.py:151} INFO - [2023-11-02T07:02:08.618+0000] {dagbag.py:536} INFO - Filling up the DagBag from /usr/local/lib/python3.10/dist-packages/airflow/example_dags/example_short_circuit_decorator.py
[2023-11-02T07:02:08.629+0000] {processor.py:839} INFO - DAG(s) dict_keys(['example_short_circuit_decorator']) retrieved from /usr/local/lib/python3.10/dist-packages/airflow/example_dags/example_short_circuit_decorator.py
[2023-11-02T07:02:08.649+0000] {logging_mixin.py:151} INFO - [2023-11-02T07:02:08.649+0000] {dag.py:2941} INFO - Sync 1 DAGs
[2023-11-02T07:02:08.671+0000] {logging_mixin.py:151} INFO - [2023-11-02T07:02:08.670+0000] {dag.py:3722} INFO - Setting next_dagrun for example_short_circuit_decorator to 2023-11-01T07:02:08.670634+00:00, run_after=2023-11-02T07:02:08.670634+00:00
[2023-11-02T07:02:08.694+0000] {processor.py:179} INFO - Processing /usr/local/lib/python3.10/dist-packages/airflow/example_dags/example_short_circuit_decorator.py took 0.081 seconds
[2023-11-02T07:02:53.369+0000] {processor.py:157} INFO - Started process (PID=4558) to work on /usr/local/lib/python3.10/dist-packages/airflow/example_dags/example_short_circuit_decorator.py
[2023-11-02T07:02:53.370+0000] {processor.py:829} INFO - Processing file /usr/local/lib/python3.10/dist-packages/airflow/example_dags/example_short_circuit_decorator.py for tasks to queue
[2023-11-02T07:02:53.371+0000] {logging_mixin.py:151} INFO - [2023-11-02T07:02:53.370+0000] {dagbag.py:536} INFO - Filling up the DagBag from /usr/local/lib/python3.10/dist-packages/airflow/example_dags/example_short_circuit_decorator.py
[2023-11-02T07:02:53.381+0000] {processor.py:839} INFO - DAG(s) dict_keys(['example_short_circuit_decorator']) retrieved from /usr/local/lib/python3.10/dist-packages/airflow/example_dags/example_short_circuit_decorator.py
[2023-11-02T07:02:53.400+0000] {logging_mixin.py:151} INFO - [2023-11-02T07:02:53.400+0000] {dag.py:2941} INFO - Sync 1 DAGs
[2023-11-02T07:02:53.420+0000] {logging_mixin.py:151} INFO - [2023-11-02T07:02:53.419+0000] {dag.py:3722} INFO - Setting next_dagrun for example_short_circuit_decorator to 2023-11-01T07:02:53.419641+00:00, run_after=2023-11-02T07:02:53.419641+00:00
[2023-11-02T07:02:53.442+0000] {processor.py:179} INFO - Processing /usr/local/lib/python3.10/dist-packages/airflow/example_dags/example_short_circuit_decorator.py took 0.076 seconds
[2023-11-02T07:03:39.452+0000] {processor.py:157} INFO - Started process (PID=4605) to work on /usr/local/lib/python3.10/dist-packages/airflow/example_dags/example_short_circuit_decorator.py
[2023-11-02T07:03:39.454+0000] {processor.py:829} INFO - Processing file /usr/local/lib/python3.10/dist-packages/airflow/example_dags/example_short_circuit_decorator.py for tasks to queue
[2023-11-02T07:03:39.455+0000] {logging_mixin.py:151} INFO - [2023-11-02T07:03:39.454+0000] {dagbag.py:536} INFO - Filling up the DagBag from /usr/local/lib/python3.10/dist-packages/airflow/example_dags/example_short_circuit_decorator.py
[2023-11-02T07:03:39.465+0000] {processor.py:839} INFO - DAG(s) dict_keys(['example_short_circuit_decorator']) retrieved from /usr/local/lib/python3.10/dist-packages/airflow/example_dags/example_short_circuit_decorator.py
[2023-11-02T07:03:39.484+0000] {logging_mixin.py:151} INFO - [2023-11-02T07:03:39.483+0000] {dag.py:2941} INFO - Sync 1 DAGs
[2023-11-02T07:03:39.504+0000] {logging_mixin.py:151} INFO - [2023-11-02T07:03:39.504+0000] {dag.py:3722} INFO - Setting next_dagrun for example_short_circuit_decorator to 2023-11-01T07:03:39.504221+00:00, run_after=2023-11-02T07:03:39.504221+00:00
[2023-11-02T07:03:39.526+0000] {processor.py:179} INFO - Processing /usr/local/lib/python3.10/dist-packages/airflow/example_dags/example_short_circuit_decorator.py took 0.076 seconds
[2023-11-02T07:04:21.158+0000] {processor.py:157} INFO - Started process (PID=4653) to work on /usr/local/lib/python3.10/dist-packages/airflow/example_dags/example_short_circuit_decorator.py
[2023-11-02T07:04:21.159+0000] {processor.py:829} INFO - Processing file /usr/local/lib/python3.10/dist-packages/airflow/example_dags/example_short_circuit_decorator.py for tasks to queue
[2023-11-02T07:04:21.160+0000] {logging_mixin.py:151} INFO - [2023-11-02T07:04:21.160+0000] {dagbag.py:536} INFO - Filling up the DagBag from /usr/local/lib/python3.10/dist-packages/airflow/example_dags/example_short_circuit_decorator.py
[2023-11-02T07:04:21.170+0000] {processor.py:839} INFO - DAG(s) dict_keys(['example_short_circuit_decorator']) retrieved from /usr/local/lib/python3.10/dist-packages/airflow/example_dags/example_short_circuit_decorator.py
[2023-11-02T07:04:21.190+0000] {logging_mixin.py:151} INFO - [2023-11-02T07:04:21.189+0000] {dag.py:2941} INFO - Sync 1 DAGs
[2023-11-02T07:04:21.209+0000] {logging_mixin.py:151} INFO - [2023-11-02T07:04:21.209+0000] {dag.py:3722} INFO - Setting next_dagrun for example_short_circuit_decorator to 2023-11-01T07:04:21.209368+00:00, run_after=2023-11-02T07:04:21.209368+00:00
[2023-11-02T07:04:21.232+0000] {processor.py:179} INFO - Processing /usr/local/lib/python3.10/dist-packages/airflow/example_dags/example_short_circuit_decorator.py took 0.078 seconds
[2023-11-02T07:05:06.054+0000] {processor.py:157} INFO - Started process (PID=4701) to work on /usr/local/lib/python3.10/dist-packages/airflow/example_dags/example_short_circuit_decorator.py
[2023-11-02T07:05:06.056+0000] {processor.py:829} INFO - Processing file /usr/local/lib/python3.10/dist-packages/airflow/example_dags/example_short_circuit_decorator.py for tasks to queue
[2023-11-02T07:05:06.057+0000] {logging_mixin.py:151} INFO - [2023-11-02T07:05:06.056+0000] {dagbag.py:536} INFO - Filling up the DagBag from /usr/local/lib/python3.10/dist-packages/airflow/example_dags/example_short_circuit_decorator.py
[2023-11-02T07:05:06.067+0000] {processor.py:839} INFO - DAG(s) dict_keys(['example_short_circuit_decorator']) retrieved from /usr/local/lib/python3.10/dist-packages/airflow/example_dags/example_short_circuit_decorator.py
[2023-11-02T07:05:06.086+0000] {logging_mixin.py:151} INFO - [2023-11-02T07:05:06.086+0000] {dag.py:2941} INFO - Sync 1 DAGs
[2023-11-02T07:05:06.106+0000] {logging_mixin.py:151} INFO - [2023-11-02T07:05:06.106+0000] {dag.py:3722} INFO - Setting next_dagrun for example_short_circuit_decorator to 2023-11-01T07:05:06.105827+00:00, run_after=2023-11-02T07:05:06.105827+00:00
[2023-11-02T07:05:06.127+0000] {processor.py:179} INFO - Processing /usr/local/lib/python3.10/dist-packages/airflow/example_dags/example_short_circuit_decorator.py took 0.076 seconds
[2023-11-02T07:05:48.169+0000] {processor.py:157} INFO - Started process (PID=4746) to work on /usr/local/lib/python3.10/dist-packages/airflow/example_dags/example_short_circuit_decorator.py
[2023-11-02T07:05:48.170+0000] {processor.py:829} INFO - Processing file /usr/local/lib/python3.10/dist-packages/airflow/example_dags/example_short_circuit_decorator.py for tasks to queue
[2023-11-02T07:05:48.171+0000] {logging_mixin.py:151} INFO - [2023-11-02T07:05:48.171+0000] {dagbag.py:536} INFO - Filling up the DagBag from /usr/local/lib/python3.10/dist-packages/airflow/example_dags/example_short_circuit_decorator.py
[2023-11-02T07:05:48.182+0000] {processor.py:839} INFO - DAG(s) dict_keys(['example_short_circuit_decorator']) retrieved from /usr/local/lib/python3.10/dist-packages/airflow/example_dags/example_short_circuit_decorator.py
[2023-11-02T07:05:48.203+0000] {logging_mixin.py:151} INFO - [2023-11-02T07:05:48.203+0000] {dag.py:2941} INFO - Sync 1 DAGs
[2023-11-02T07:05:48.223+0000] {logging_mixin.py:151} INFO - [2023-11-02T07:05:48.223+0000] {dag.py:3722} INFO - Setting next_dagrun for example_short_circuit_decorator to 2023-11-01T07:05:48.222827+00:00, run_after=2023-11-02T07:05:48.222827+00:00
[2023-11-02T07:05:48.247+0000] {processor.py:179} INFO - Processing /usr/local/lib/python3.10/dist-packages/airflow/example_dags/example_short_circuit_decorator.py took 0.081 seconds
[2023-11-02T07:06:36.698+0000] {processor.py:157} INFO - Started process (PID=4794) to work on /usr/local/lib/python3.10/dist-packages/airflow/example_dags/example_short_circuit_decorator.py
[2023-11-02T07:06:36.699+0000] {processor.py:829} INFO - Processing file /usr/local/lib/python3.10/dist-packages/airflow/example_dags/example_short_circuit_decorator.py for tasks to queue
[2023-11-02T07:06:36.700+0000] {logging_mixin.py:151} INFO - [2023-11-02T07:06:36.700+0000] {dagbag.py:536} INFO - Filling up the DagBag from /usr/local/lib/python3.10/dist-packages/airflow/example_dags/example_short_circuit_decorator.py
[2023-11-02T07:06:36.711+0000] {processor.py:839} INFO - DAG(s) dict_keys(['example_short_circuit_decorator']) retrieved from /usr/local/lib/python3.10/dist-packages/airflow/example_dags/example_short_circuit_decorator.py
[2023-11-02T07:06:36.730+0000] {logging_mixin.py:151} INFO - [2023-11-02T07:06:36.730+0000] {dag.py:2941} INFO - Sync 1 DAGs
[2023-11-02T07:06:36.752+0000] {logging_mixin.py:151} INFO - [2023-11-02T07:06:36.752+0000] {dag.py:3722} INFO - Setting next_dagrun for example_short_circuit_decorator to 2023-11-01T07:06:36.751790+00:00, run_after=2023-11-02T07:06:36.751790+00:00
[2023-11-02T07:06:36.775+0000] {processor.py:179} INFO - Processing /usr/local/lib/python3.10/dist-packages/airflow/example_dags/example_short_circuit_decorator.py took 0.080 seconds
[2023-11-02T07:07:24.053+0000] {processor.py:157} INFO - Started process (PID=4842) to work on /usr/local/lib/python3.10/dist-packages/airflow/example_dags/example_short_circuit_decorator.py
[2023-11-02T07:07:24.055+0000] {processor.py:829} INFO - Processing file /usr/local/lib/python3.10/dist-packages/airflow/example_dags/example_short_circuit_decorator.py for tasks to queue
[2023-11-02T07:07:24.056+0000] {logging_mixin.py:151} INFO - [2023-11-02T07:07:24.055+0000] {dagbag.py:536} INFO - Filling up the DagBag from /usr/local/lib/python3.10/dist-packages/airflow/example_dags/example_short_circuit_decorator.py
[2023-11-02T07:07:24.067+0000] {processor.py:839} INFO - DAG(s) dict_keys(['example_short_circuit_decorator']) retrieved from /usr/local/lib/python3.10/dist-packages/airflow/example_dags/example_short_circuit_decorator.py
[2023-11-02T07:07:24.087+0000] {logging_mixin.py:151} INFO - [2023-11-02T07:07:24.087+0000] {dag.py:2941} INFO - Sync 1 DAGs
[2023-11-02T07:07:24.107+0000] {logging_mixin.py:151} INFO - [2023-11-02T07:07:24.107+0000] {dag.py:3722} INFO - Setting next_dagrun for example_short_circuit_decorator to 2023-11-01T07:07:24.106755+00:00, run_after=2023-11-02T07:07:24.106755+00:00
[2023-11-02T07:07:24.129+0000] {processor.py:179} INFO - Processing /usr/local/lib/python3.10/dist-packages/airflow/example_dags/example_short_circuit_decorator.py took 0.079 seconds
[2023-11-02T07:08:06.388+0000] {processor.py:157} INFO - Started process (PID=4888) to work on /usr/local/lib/python3.10/dist-packages/airflow/example_dags/example_short_circuit_decorator.py
[2023-11-02T07:08:06.389+0000] {processor.py:829} INFO - Processing file /usr/local/lib/python3.10/dist-packages/airflow/example_dags/example_short_circuit_decorator.py for tasks to queue
[2023-11-02T07:08:06.390+0000] {logging_mixin.py:151} INFO - [2023-11-02T07:08:06.389+0000] {dagbag.py:536} INFO - Filling up the DagBag from /usr/local/lib/python3.10/dist-packages/airflow/example_dags/example_short_circuit_decorator.py
[2023-11-02T07:08:06.401+0000] {processor.py:839} INFO - DAG(s) dict_keys(['example_short_circuit_decorator']) retrieved from /usr/local/lib/python3.10/dist-packages/airflow/example_dags/example_short_circuit_decorator.py
[2023-11-02T07:08:06.420+0000] {logging_mixin.py:151} INFO - [2023-11-02T07:08:06.420+0000] {dag.py:2941} INFO - Sync 1 DAGs
[2023-11-02T07:08:06.440+0000] {logging_mixin.py:151} INFO - [2023-11-02T07:08:06.440+0000] {dag.py:3722} INFO - Setting next_dagrun for example_short_circuit_decorator to 2023-11-01T07:08:06.440418+00:00, run_after=2023-11-02T07:08:06.440418+00:00
[2023-11-02T07:08:06.463+0000] {processor.py:179} INFO - Processing /usr/local/lib/python3.10/dist-packages/airflow/example_dags/example_short_circuit_decorator.py took 0.078 seconds
[2023-11-02T07:08:54.173+0000] {processor.py:157} INFO - Started process (PID=5170) to work on /usr/local/lib/python3.10/dist-packages/airflow/example_dags/example_short_circuit_decorator.py
[2023-11-02T07:08:54.175+0000] {processor.py:829} INFO - Processing file /usr/local/lib/python3.10/dist-packages/airflow/example_dags/example_short_circuit_decorator.py for tasks to queue
[2023-11-02T07:08:54.175+0000] {logging_mixin.py:151} INFO - [2023-11-02T07:08:54.175+0000] {dagbag.py:536} INFO - Filling up the DagBag from /usr/local/lib/python3.10/dist-packages/airflow/example_dags/example_short_circuit_decorator.py
[2023-11-02T07:08:54.186+0000] {processor.py:839} INFO - DAG(s) dict_keys(['example_short_circuit_decorator']) retrieved from /usr/local/lib/python3.10/dist-packages/airflow/example_dags/example_short_circuit_decorator.py
[2023-11-02T07:08:54.205+0000] {logging_mixin.py:151} INFO - [2023-11-02T07:08:54.205+0000] {dag.py:2941} INFO - Sync 1 DAGs
[2023-11-02T07:08:54.224+0000] {logging_mixin.py:151} INFO - [2023-11-02T07:08:54.224+0000] {dag.py:3722} INFO - Setting next_dagrun for example_short_circuit_decorator to 2023-11-01T07:08:54.224422+00:00, run_after=2023-11-02T07:08:54.224422+00:00
[2023-11-02T07:08:54.247+0000] {processor.py:179} INFO - Processing /usr/local/lib/python3.10/dist-packages/airflow/example_dags/example_short_circuit_decorator.py took 0.077 seconds
[2023-11-02T07:09:37.752+0000] {processor.py:157} INFO - Started process (PID=5373) to work on /usr/local/lib/python3.10/dist-packages/airflow/example_dags/example_short_circuit_decorator.py
[2023-11-02T07:09:37.753+0000] {processor.py:829} INFO - Processing file /usr/local/lib/python3.10/dist-packages/airflow/example_dags/example_short_circuit_decorator.py for tasks to queue
[2023-11-02T07:09:37.754+0000] {logging_mixin.py:151} INFO - [2023-11-02T07:09:37.753+0000] {dagbag.py:536} INFO - Filling up the DagBag from /usr/local/lib/python3.10/dist-packages/airflow/example_dags/example_short_circuit_decorator.py
[2023-11-02T07:09:37.765+0000] {processor.py:839} INFO - DAG(s) dict_keys(['example_short_circuit_decorator']) retrieved from /usr/local/lib/python3.10/dist-packages/airflow/example_dags/example_short_circuit_decorator.py
[2023-11-02T07:09:37.784+0000] {logging_mixin.py:151} INFO - [2023-11-02T07:09:37.783+0000] {dag.py:2941} INFO - Sync 1 DAGs
[2023-11-02T07:09:37.805+0000] {logging_mixin.py:151} INFO - [2023-11-02T07:09:37.804+0000] {dag.py:3722} INFO - Setting next_dagrun for example_short_circuit_decorator to 2023-11-01T07:09:37.804347+00:00, run_after=2023-11-02T07:09:37.804347+00:00
[2023-11-02T07:09:37.826+0000] {processor.py:179} INFO - Processing /usr/local/lib/python3.10/dist-packages/airflow/example_dags/example_short_circuit_decorator.py took 0.078 seconds
[2023-11-02T07:10:21.954+0000] {processor.py:157} INFO - Started process (PID=5421) to work on /usr/local/lib/python3.10/dist-packages/airflow/example_dags/example_short_circuit_decorator.py
[2023-11-02T07:10:21.955+0000] {processor.py:829} INFO - Processing file /usr/local/lib/python3.10/dist-packages/airflow/example_dags/example_short_circuit_decorator.py for tasks to queue
[2023-11-02T07:10:21.956+0000] {logging_mixin.py:151} INFO - [2023-11-02T07:10:21.956+0000] {dagbag.py:536} INFO - Filling up the DagBag from /usr/local/lib/python3.10/dist-packages/airflow/example_dags/example_short_circuit_decorator.py
[2023-11-02T07:10:21.967+0000] {processor.py:839} INFO - DAG(s) dict_keys(['example_short_circuit_decorator']) retrieved from /usr/local/lib/python3.10/dist-packages/airflow/example_dags/example_short_circuit_decorator.py
[2023-11-02T07:10:21.988+0000] {logging_mixin.py:151} INFO - [2023-11-02T07:10:21.988+0000] {dag.py:2941} INFO - Sync 1 DAGs
[2023-11-02T07:10:22.009+0000] {logging_mixin.py:151} INFO - [2023-11-02T07:10:22.009+0000] {dag.py:3722} INFO - Setting next_dagrun for example_short_circuit_decorator to 2023-11-01T07:10:22.008963+00:00, run_after=2023-11-02T07:10:22.008963+00:00
[2023-11-02T07:10:22.033+0000] {processor.py:179} INFO - Processing /usr/local/lib/python3.10/dist-packages/airflow/example_dags/example_short_circuit_decorator.py took 0.082 seconds
[2023-11-02T07:11:11.454+0000] {processor.py:157} INFO - Started process (PID=5470) to work on /usr/local/lib/python3.10/dist-packages/airflow/example_dags/example_short_circuit_decorator.py
[2023-11-02T07:11:11.455+0000] {processor.py:829} INFO - Processing file /usr/local/lib/python3.10/dist-packages/airflow/example_dags/example_short_circuit_decorator.py for tasks to queue
[2023-11-02T07:11:11.456+0000] {logging_mixin.py:151} INFO - [2023-11-02T07:11:11.456+0000] {dagbag.py:536} INFO - Filling up the DagBag from /usr/local/lib/python3.10/dist-packages/airflow/example_dags/example_short_circuit_decorator.py
[2023-11-02T07:11:11.468+0000] {processor.py:839} INFO - DAG(s) dict_keys(['example_short_circuit_decorator']) retrieved from /usr/local/lib/python3.10/dist-packages/airflow/example_dags/example_short_circuit_decorator.py
[2023-11-02T07:11:11.488+0000] {logging_mixin.py:151} INFO - [2023-11-02T07:11:11.488+0000] {dag.py:2941} INFO - Sync 1 DAGs
[2023-11-02T07:11:11.509+0000] {logging_mixin.py:151} INFO - [2023-11-02T07:11:11.509+0000] {dag.py:3722} INFO - Setting next_dagrun for example_short_circuit_decorator to 2023-11-01T07:11:11.509098+00:00, run_after=2023-11-02T07:11:11.509098+00:00
[2023-11-02T07:11:11.534+0000] {processor.py:179} INFO - Processing /usr/local/lib/python3.10/dist-packages/airflow/example_dags/example_short_circuit_decorator.py took 0.083 seconds
[2023-11-02T07:11:49.238+0000] {processor.py:157} INFO - Started process (PID=5514) to work on /usr/local/lib/python3.10/dist-packages/airflow/example_dags/example_short_circuit_decorator.py
[2023-11-02T07:11:49.239+0000] {processor.py:829} INFO - Processing file /usr/local/lib/python3.10/dist-packages/airflow/example_dags/example_short_circuit_decorator.py for tasks to queue
[2023-11-02T07:11:49.240+0000] {logging_mixin.py:151} INFO - [2023-11-02T07:11:49.239+0000] {dagbag.py:536} INFO - Filling up the DagBag from /usr/local/lib/python3.10/dist-packages/airflow/example_dags/example_short_circuit_decorator.py
[2023-11-02T07:11:49.251+0000] {processor.py:839} INFO - DAG(s) dict_keys(['example_short_circuit_decorator']) retrieved from /usr/local/lib/python3.10/dist-packages/airflow/example_dags/example_short_circuit_decorator.py
[2023-11-02T07:11:49.270+0000] {logging_mixin.py:151} INFO - [2023-11-02T07:11:49.269+0000] {dag.py:2941} INFO - Sync 1 DAGs
[2023-11-02T07:11:49.290+0000] {logging_mixin.py:151} INFO - [2023-11-02T07:11:49.289+0000] {dag.py:3722} INFO - Setting next_dagrun for example_short_circuit_decorator to 2023-11-01T07:11:49.289658+00:00, run_after=2023-11-02T07:11:49.289658+00:00
[2023-11-02T07:11:49.318+0000] {processor.py:179} INFO - Processing /usr/local/lib/python3.10/dist-packages/airflow/example_dags/example_short_circuit_decorator.py took 0.083 seconds
[2023-11-02T07:12:30.444+0000] {processor.py:157} INFO - Started process (PID=5559) to work on /usr/local/lib/python3.10/dist-packages/airflow/example_dags/example_short_circuit_decorator.py
[2023-11-02T07:12:30.446+0000] {processor.py:829} INFO - Processing file /usr/local/lib/python3.10/dist-packages/airflow/example_dags/example_short_circuit_decorator.py for tasks to queue
[2023-11-02T07:12:30.447+0000] {logging_mixin.py:151} INFO - [2023-11-02T07:12:30.446+0000] {dagbag.py:536} INFO - Filling up the DagBag from /usr/local/lib/python3.10/dist-packages/airflow/example_dags/example_short_circuit_decorator.py
[2023-11-02T07:12:30.457+0000] {processor.py:839} INFO - DAG(s) dict_keys(['example_short_circuit_decorator']) retrieved from /usr/local/lib/python3.10/dist-packages/airflow/example_dags/example_short_circuit_decorator.py
[2023-11-02T07:12:30.476+0000] {logging_mixin.py:151} INFO - [2023-11-02T07:12:30.476+0000] {dag.py:2941} INFO - Sync 1 DAGs
[2023-11-02T07:12:30.496+0000] {logging_mixin.py:151} INFO - [2023-11-02T07:12:30.495+0000] {dag.py:3722} INFO - Setting next_dagrun for example_short_circuit_decorator to 2023-11-01T07:12:30.495703+00:00, run_after=2023-11-02T07:12:30.495703+00:00
[2023-11-02T07:12:30.517+0000] {processor.py:179} INFO - Processing /usr/local/lib/python3.10/dist-packages/airflow/example_dags/example_short_circuit_decorator.py took 0.076 seconds
