[2023-11-02T06:49:48.701+0000] {processor.py:157} INFO - Started process (PID=3715) to work on /home/ubuntu/customer_churn_venv/lib/python3.10/site-packages/airflow/example_dags/tutorial_taskflow_api_virtualenv.py
[2023-11-02T06:49:48.702+0000] {processor.py:829} INFO - Processing file /home/ubuntu/customer_churn_venv/lib/python3.10/site-packages/airflow/example_dags/tutorial_taskflow_api_virtualenv.py for tasks to queue
[2023-11-02T06:49:48.703+0000] {logging_mixin.py:151} INFO - [2023-11-02T06:49:48.702+0000] {dagbag.py:536} INFO - Filling up the DagBag from /home/ubuntu/customer_churn_venv/lib/python3.10/site-packages/airflow/example_dags/tutorial_taskflow_api_virtualenv.py
[2023-11-02T06:49:48.706+0000] {logging_mixin.py:151} INFO - [2023-11-02T06:49:48.706+0000] {tutorial_taskflow_api_virtualenv.py:29} WARNING - The tutorial_taskflow_api_virtualenv example DAG requires virtualenv, please install it.
[2023-11-02T06:49:48.706+0000] {processor.py:841} WARNING - No viable dags retrieved from /home/ubuntu/customer_churn_venv/lib/python3.10/site-packages/airflow/example_dags/tutorial_taskflow_api_virtualenv.py
[2023-11-02T06:49:48.716+0000] {processor.py:179} INFO - Processing /home/ubuntu/customer_churn_venv/lib/python3.10/site-packages/airflow/example_dags/tutorial_taskflow_api_virtualenv.py took 0.018 seconds
[2023-11-02T06:50:43.453+0000] {processor.py:157} INFO - Started process (PID=3761) to work on /home/ubuntu/customer_churn_venv/lib/python3.10/site-packages/airflow/example_dags/tutorial_taskflow_api_virtualenv.py
[2023-11-02T06:50:43.454+0000] {processor.py:829} INFO - Processing file /home/ubuntu/customer_churn_venv/lib/python3.10/site-packages/airflow/example_dags/tutorial_taskflow_api_virtualenv.py for tasks to queue
[2023-11-02T06:50:43.455+0000] {logging_mixin.py:151} INFO - [2023-11-02T06:50:43.455+0000] {dagbag.py:536} INFO - Filling up the DagBag from /home/ubuntu/customer_churn_venv/lib/python3.10/site-packages/airflow/example_dags/tutorial_taskflow_api_virtualenv.py
[2023-11-02T06:50:43.458+0000] {logging_mixin.py:151} INFO - [2023-11-02T06:50:43.458+0000] {tutorial_taskflow_api_virtualenv.py:29} WARNING - The tutorial_taskflow_api_virtualenv example DAG requires virtualenv, please install it.
[2023-11-02T06:50:43.458+0000] {processor.py:841} WARNING - No viable dags retrieved from /home/ubuntu/customer_churn_venv/lib/python3.10/site-packages/airflow/example_dags/tutorial_taskflow_api_virtualenv.py
[2023-11-02T06:50:43.469+0000] {processor.py:179} INFO - Processing /home/ubuntu/customer_churn_venv/lib/python3.10/site-packages/airflow/example_dags/tutorial_taskflow_api_virtualenv.py took 0.019 seconds
[2023-11-02T06:51:27.659+0000] {processor.py:157} INFO - Started process (PID=3809) to work on /home/ubuntu/customer_churn_venv/lib/python3.10/site-packages/airflow/example_dags/tutorial_taskflow_api_virtualenv.py
[2023-11-02T06:51:27.660+0000] {processor.py:829} INFO - Processing file /home/ubuntu/customer_churn_venv/lib/python3.10/site-packages/airflow/example_dags/tutorial_taskflow_api_virtualenv.py for tasks to queue
[2023-11-02T06:51:27.661+0000] {logging_mixin.py:151} INFO - [2023-11-02T06:51:27.661+0000] {dagbag.py:536} INFO - Filling up the DagBag from /home/ubuntu/customer_churn_venv/lib/python3.10/site-packages/airflow/example_dags/tutorial_taskflow_api_virtualenv.py
[2023-11-02T06:51:27.664+0000] {logging_mixin.py:151} INFO - [2023-11-02T06:51:27.664+0000] {tutorial_taskflow_api_virtualenv.py:29} WARNING - The tutorial_taskflow_api_virtualenv example DAG requires virtualenv, please install it.
[2023-11-02T06:51:27.664+0000] {processor.py:841} WARNING - No viable dags retrieved from /home/ubuntu/customer_churn_venv/lib/python3.10/site-packages/airflow/example_dags/tutorial_taskflow_api_virtualenv.py
[2023-11-02T06:51:27.675+0000] {processor.py:179} INFO - Processing /home/ubuntu/customer_churn_venv/lib/python3.10/site-packages/airflow/example_dags/tutorial_taskflow_api_virtualenv.py took 0.020 seconds
[2023-11-02T06:52:14.213+0000] {processor.py:157} INFO - Started process (PID=3856) to work on /home/ubuntu/customer_churn_venv/lib/python3.10/site-packages/airflow/example_dags/tutorial_taskflow_api_virtualenv.py
[2023-11-02T06:52:14.214+0000] {processor.py:829} INFO - Processing file /home/ubuntu/customer_churn_venv/lib/python3.10/site-packages/airflow/example_dags/tutorial_taskflow_api_virtualenv.py for tasks to queue
[2023-11-02T06:52:14.215+0000] {logging_mixin.py:151} INFO - [2023-11-02T06:52:14.215+0000] {dagbag.py:536} INFO - Filling up the DagBag from /home/ubuntu/customer_churn_venv/lib/python3.10/site-packages/airflow/example_dags/tutorial_taskflow_api_virtualenv.py
[2023-11-02T06:52:14.218+0000] {logging_mixin.py:151} INFO - [2023-11-02T06:52:14.218+0000] {tutorial_taskflow_api_virtualenv.py:29} WARNING - The tutorial_taskflow_api_virtualenv example DAG requires virtualenv, please install it.
[2023-11-02T06:52:14.218+0000] {processor.py:841} WARNING - No viable dags retrieved from /home/ubuntu/customer_churn_venv/lib/python3.10/site-packages/airflow/example_dags/tutorial_taskflow_api_virtualenv.py
[2023-11-02T06:52:14.229+0000] {processor.py:179} INFO - Processing /home/ubuntu/customer_churn_venv/lib/python3.10/site-packages/airflow/example_dags/tutorial_taskflow_api_virtualenv.py took 0.019 seconds
[2023-11-02T06:53:00.967+0000] {processor.py:157} INFO - Started process (PID=3904) to work on /home/ubuntu/customer_churn_venv/lib/python3.10/site-packages/airflow/example_dags/tutorial_taskflow_api_virtualenv.py
[2023-11-02T06:53:00.969+0000] {processor.py:829} INFO - Processing file /home/ubuntu/customer_churn_venv/lib/python3.10/site-packages/airflow/example_dags/tutorial_taskflow_api_virtualenv.py for tasks to queue
[2023-11-02T06:53:00.969+0000] {logging_mixin.py:151} INFO - [2023-11-02T06:53:00.969+0000] {dagbag.py:536} INFO - Filling up the DagBag from /home/ubuntu/customer_churn_venv/lib/python3.10/site-packages/airflow/example_dags/tutorial_taskflow_api_virtualenv.py
[2023-11-02T06:53:00.972+0000] {logging_mixin.py:151} INFO - [2023-11-02T06:53:00.972+0000] {tutorial_taskflow_api_virtualenv.py:29} WARNING - The tutorial_taskflow_api_virtualenv example DAG requires virtualenv, please install it.
[2023-11-02T06:53:00.972+0000] {processor.py:841} WARNING - No viable dags retrieved from /home/ubuntu/customer_churn_venv/lib/python3.10/site-packages/airflow/example_dags/tutorial_taskflow_api_virtualenv.py
[2023-11-02T06:53:00.983+0000] {processor.py:179} INFO - Processing /home/ubuntu/customer_churn_venv/lib/python3.10/site-packages/airflow/example_dags/tutorial_taskflow_api_virtualenv.py took 0.019 seconds
[2023-11-02T06:59:59.352+0000] {processor.py:157} INFO - Started process (PID=4379) to work on /usr/local/lib/python3.10/dist-packages/airflow/example_dags/tutorial_taskflow_api_virtualenv.py
[2023-11-02T06:59:59.353+0000] {processor.py:829} INFO - Processing file /usr/local/lib/python3.10/dist-packages/airflow/example_dags/tutorial_taskflow_api_virtualenv.py for tasks to queue
[2023-11-02T06:59:59.354+0000] {logging_mixin.py:151} INFO - [2023-11-02T06:59:59.354+0000] {dagbag.py:536} INFO - Filling up the DagBag from /usr/local/lib/python3.10/dist-packages/airflow/example_dags/tutorial_taskflow_api_virtualenv.py
[2023-11-02T06:59:59.357+0000] {logging_mixin.py:151} INFO - [2023-11-02T06:59:59.357+0000] {tutorial_taskflow_api_virtualenv.py:29} WARNING - The tutorial_taskflow_api_virtualenv example DAG requires virtualenv, please install it.
[2023-11-02T06:59:59.357+0000] {processor.py:841} WARNING - No viable dags retrieved from /usr/local/lib/python3.10/dist-packages/airflow/example_dags/tutorial_taskflow_api_virtualenv.py
[2023-11-02T06:59:59.367+0000] {processor.py:179} INFO - Processing /usr/local/lib/python3.10/dist-packages/airflow/example_dags/tutorial_taskflow_api_virtualenv.py took 0.019 seconds
[2023-11-02T07:00:44.824+0000] {processor.py:157} INFO - Started process (PID=4426) to work on /usr/local/lib/python3.10/dist-packages/airflow/example_dags/tutorial_taskflow_api_virtualenv.py
[2023-11-02T07:00:44.825+0000] {processor.py:829} INFO - Processing file /usr/local/lib/python3.10/dist-packages/airflow/example_dags/tutorial_taskflow_api_virtualenv.py for tasks to queue
[2023-11-02T07:00:44.826+0000] {logging_mixin.py:151} INFO - [2023-11-02T07:00:44.825+0000] {dagbag.py:536} INFO - Filling up the DagBag from /usr/local/lib/python3.10/dist-packages/airflow/example_dags/tutorial_taskflow_api_virtualenv.py
[2023-11-02T07:00:44.829+0000] {logging_mixin.py:151} INFO - [2023-11-02T07:00:44.829+0000] {tutorial_taskflow_api_virtualenv.py:29} WARNING - The tutorial_taskflow_api_virtualenv example DAG requires virtualenv, please install it.
[2023-11-02T07:00:44.829+0000] {processor.py:841} WARNING - No viable dags retrieved from /usr/local/lib/python3.10/dist-packages/airflow/example_dags/tutorial_taskflow_api_virtualenv.py
[2023-11-02T07:00:44.840+0000] {processor.py:179} INFO - Processing /usr/local/lib/python3.10/dist-packages/airflow/example_dags/tutorial_taskflow_api_virtualenv.py took 0.019 seconds
[2023-11-02T07:01:29.925+0000] {processor.py:157} INFO - Started process (PID=4472) to work on /usr/local/lib/python3.10/dist-packages/airflow/example_dags/tutorial_taskflow_api_virtualenv.py
[2023-11-02T07:01:29.927+0000] {processor.py:829} INFO - Processing file /usr/local/lib/python3.10/dist-packages/airflow/example_dags/tutorial_taskflow_api_virtualenv.py for tasks to queue
[2023-11-02T07:01:29.928+0000] {logging_mixin.py:151} INFO - [2023-11-02T07:01:29.927+0000] {dagbag.py:536} INFO - Filling up the DagBag from /usr/local/lib/python3.10/dist-packages/airflow/example_dags/tutorial_taskflow_api_virtualenv.py
[2023-11-02T07:01:29.931+0000] {logging_mixin.py:151} INFO - [2023-11-02T07:01:29.931+0000] {tutorial_taskflow_api_virtualenv.py:29} WARNING - The tutorial_taskflow_api_virtualenv example DAG requires virtualenv, please install it.
[2023-11-02T07:01:29.931+0000] {processor.py:841} WARNING - No viable dags retrieved from /usr/local/lib/python3.10/dist-packages/airflow/example_dags/tutorial_taskflow_api_virtualenv.py
[2023-11-02T07:01:29.943+0000] {processor.py:179} INFO - Processing /usr/local/lib/python3.10/dist-packages/airflow/example_dags/tutorial_taskflow_api_virtualenv.py took 0.020 seconds
[2023-11-02T07:02:13.768+0000] {processor.py:157} INFO - Started process (PID=4518) to work on /usr/local/lib/python3.10/dist-packages/airflow/example_dags/tutorial_taskflow_api_virtualenv.py
[2023-11-02T07:02:13.769+0000] {processor.py:829} INFO - Processing file /usr/local/lib/python3.10/dist-packages/airflow/example_dags/tutorial_taskflow_api_virtualenv.py for tasks to queue
[2023-11-02T07:02:13.770+0000] {logging_mixin.py:151} INFO - [2023-11-02T07:02:13.770+0000] {dagbag.py:536} INFO - Filling up the DagBag from /usr/local/lib/python3.10/dist-packages/airflow/example_dags/tutorial_taskflow_api_virtualenv.py
[2023-11-02T07:02:13.773+0000] {logging_mixin.py:151} INFO - [2023-11-02T07:02:13.773+0000] {tutorial_taskflow_api_virtualenv.py:29} WARNING - The tutorial_taskflow_api_virtualenv example DAG requires virtualenv, please install it.
[2023-11-02T07:02:13.773+0000] {processor.py:841} WARNING - No viable dags retrieved from /usr/local/lib/python3.10/dist-packages/airflow/example_dags/tutorial_taskflow_api_virtualenv.py
[2023-11-02T07:02:13.784+0000] {processor.py:179} INFO - Processing /usr/local/lib/python3.10/dist-packages/airflow/example_dags/tutorial_taskflow_api_virtualenv.py took 0.019 seconds
[2023-11-02T07:02:59.100+0000] {processor.py:157} INFO - Started process (PID=4565) to work on /usr/local/lib/python3.10/dist-packages/airflow/example_dags/tutorial_taskflow_api_virtualenv.py
[2023-11-02T07:02:59.101+0000] {processor.py:829} INFO - Processing file /usr/local/lib/python3.10/dist-packages/airflow/example_dags/tutorial_taskflow_api_virtualenv.py for tasks to queue
[2023-11-02T07:02:59.102+0000] {logging_mixin.py:151} INFO - [2023-11-02T07:02:59.102+0000] {dagbag.py:536} INFO - Filling up the DagBag from /usr/local/lib/python3.10/dist-packages/airflow/example_dags/tutorial_taskflow_api_virtualenv.py
[2023-11-02T07:02:59.105+0000] {logging_mixin.py:151} INFO - [2023-11-02T07:02:59.105+0000] {tutorial_taskflow_api_virtualenv.py:29} WARNING - The tutorial_taskflow_api_virtualenv example DAG requires virtualenv, please install it.
[2023-11-02T07:02:59.106+0000] {processor.py:841} WARNING - No viable dags retrieved from /usr/local/lib/python3.10/dist-packages/airflow/example_dags/tutorial_taskflow_api_virtualenv.py
[2023-11-02T07:02:59.116+0000] {processor.py:179} INFO - Processing /usr/local/lib/python3.10/dist-packages/airflow/example_dags/tutorial_taskflow_api_virtualenv.py took 0.019 seconds
[2023-11-02T07:03:42.476+0000] {processor.py:157} INFO - Started process (PID=4608) to work on /usr/local/lib/python3.10/dist-packages/airflow/example_dags/tutorial_taskflow_api_virtualenv.py
[2023-11-02T07:03:42.477+0000] {processor.py:829} INFO - Processing file /usr/local/lib/python3.10/dist-packages/airflow/example_dags/tutorial_taskflow_api_virtualenv.py for tasks to queue
[2023-11-02T07:03:42.478+0000] {logging_mixin.py:151} INFO - [2023-11-02T07:03:42.478+0000] {dagbag.py:536} INFO - Filling up the DagBag from /usr/local/lib/python3.10/dist-packages/airflow/example_dags/tutorial_taskflow_api_virtualenv.py
[2023-11-02T07:03:42.481+0000] {logging_mixin.py:151} INFO - [2023-11-02T07:03:42.481+0000] {tutorial_taskflow_api_virtualenv.py:29} WARNING - The tutorial_taskflow_api_virtualenv example DAG requires virtualenv, please install it.
[2023-11-02T07:03:42.481+0000] {processor.py:841} WARNING - No viable dags retrieved from /usr/local/lib/python3.10/dist-packages/airflow/example_dags/tutorial_taskflow_api_virtualenv.py
[2023-11-02T07:03:42.491+0000] {processor.py:179} INFO - Processing /usr/local/lib/python3.10/dist-packages/airflow/example_dags/tutorial_taskflow_api_virtualenv.py took 0.018 seconds
[2023-11-02T07:04:26.141+0000] {processor.py:157} INFO - Started process (PID=4658) to work on /usr/local/lib/python3.10/dist-packages/airflow/example_dags/tutorial_taskflow_api_virtualenv.py
[2023-11-02T07:04:26.142+0000] {processor.py:829} INFO - Processing file /usr/local/lib/python3.10/dist-packages/airflow/example_dags/tutorial_taskflow_api_virtualenv.py for tasks to queue
[2023-11-02T07:04:26.143+0000] {logging_mixin.py:151} INFO - [2023-11-02T07:04:26.142+0000] {dagbag.py:536} INFO - Filling up the DagBag from /usr/local/lib/python3.10/dist-packages/airflow/example_dags/tutorial_taskflow_api_virtualenv.py
[2023-11-02T07:04:26.146+0000] {logging_mixin.py:151} INFO - [2023-11-02T07:04:26.146+0000] {tutorial_taskflow_api_virtualenv.py:29} WARNING - The tutorial_taskflow_api_virtualenv example DAG requires virtualenv, please install it.
[2023-11-02T07:04:26.146+0000] {processor.py:841} WARNING - No viable dags retrieved from /usr/local/lib/python3.10/dist-packages/airflow/example_dags/tutorial_taskflow_api_virtualenv.py
[2023-11-02T07:04:26.157+0000] {processor.py:179} INFO - Processing /usr/local/lib/python3.10/dist-packages/airflow/example_dags/tutorial_taskflow_api_virtualenv.py took 0.019 seconds
[2023-11-02T07:05:07.774+0000] {processor.py:157} INFO - Started process (PID=4704) to work on /usr/local/lib/python3.10/dist-packages/airflow/example_dags/tutorial_taskflow_api_virtualenv.py
[2023-11-02T07:05:07.777+0000] {processor.py:829} INFO - Processing file /usr/local/lib/python3.10/dist-packages/airflow/example_dags/tutorial_taskflow_api_virtualenv.py for tasks to queue
[2023-11-02T07:05:07.778+0000] {logging_mixin.py:151} INFO - [2023-11-02T07:05:07.778+0000] {dagbag.py:536} INFO - Filling up the DagBag from /usr/local/lib/python3.10/dist-packages/airflow/example_dags/tutorial_taskflow_api_virtualenv.py
[2023-11-02T07:05:07.781+0000] {logging_mixin.py:151} INFO - [2023-11-02T07:05:07.781+0000] {tutorial_taskflow_api_virtualenv.py:29} WARNING - The tutorial_taskflow_api_virtualenv example DAG requires virtualenv, please install it.
[2023-11-02T07:05:07.781+0000] {processor.py:841} WARNING - No viable dags retrieved from /usr/local/lib/python3.10/dist-packages/airflow/example_dags/tutorial_taskflow_api_virtualenv.py
[2023-11-02T07:05:07.791+0000] {processor.py:179} INFO - Processing /usr/local/lib/python3.10/dist-packages/airflow/example_dags/tutorial_taskflow_api_virtualenv.py took 0.020 seconds
[2023-11-02T07:05:51.247+0000] {processor.py:157} INFO - Started process (PID=4749) to work on /usr/local/lib/python3.10/dist-packages/airflow/example_dags/tutorial_taskflow_api_virtualenv.py
[2023-11-02T07:05:51.249+0000] {processor.py:829} INFO - Processing file /usr/local/lib/python3.10/dist-packages/airflow/example_dags/tutorial_taskflow_api_virtualenv.py for tasks to queue
[2023-11-02T07:05:51.249+0000] {logging_mixin.py:151} INFO - [2023-11-02T07:05:51.249+0000] {dagbag.py:536} INFO - Filling up the DagBag from /usr/local/lib/python3.10/dist-packages/airflow/example_dags/tutorial_taskflow_api_virtualenv.py
[2023-11-02T07:05:51.253+0000] {logging_mixin.py:151} INFO - [2023-11-02T07:05:51.252+0000] {tutorial_taskflow_api_virtualenv.py:29} WARNING - The tutorial_taskflow_api_virtualenv example DAG requires virtualenv, please install it.
[2023-11-02T07:05:51.253+0000] {processor.py:841} WARNING - No viable dags retrieved from /usr/local/lib/python3.10/dist-packages/airflow/example_dags/tutorial_taskflow_api_virtualenv.py
[2023-11-02T07:05:51.264+0000] {processor.py:179} INFO - Processing /usr/local/lib/python3.10/dist-packages/airflow/example_dags/tutorial_taskflow_api_virtualenv.py took 0.021 seconds
[2023-11-02T07:06:39.955+0000] {processor.py:157} INFO - Started process (PID=4797) to work on /usr/local/lib/python3.10/dist-packages/airflow/example_dags/tutorial_taskflow_api_virtualenv.py
[2023-11-02T07:06:39.956+0000] {processor.py:829} INFO - Processing file /usr/local/lib/python3.10/dist-packages/airflow/example_dags/tutorial_taskflow_api_virtualenv.py for tasks to queue
[2023-11-02T07:06:39.957+0000] {logging_mixin.py:151} INFO - [2023-11-02T07:06:39.956+0000] {dagbag.py:536} INFO - Filling up the DagBag from /usr/local/lib/python3.10/dist-packages/airflow/example_dags/tutorial_taskflow_api_virtualenv.py
[2023-11-02T07:06:39.960+0000] {logging_mixin.py:151} INFO - [2023-11-02T07:06:39.960+0000] {tutorial_taskflow_api_virtualenv.py:29} WARNING - The tutorial_taskflow_api_virtualenv example DAG requires virtualenv, please install it.
[2023-11-02T07:06:39.960+0000] {processor.py:841} WARNING - No viable dags retrieved from /usr/local/lib/python3.10/dist-packages/airflow/example_dags/tutorial_taskflow_api_virtualenv.py
[2023-11-02T07:06:39.971+0000] {processor.py:179} INFO - Processing /usr/local/lib/python3.10/dist-packages/airflow/example_dags/tutorial_taskflow_api_virtualenv.py took 0.019 seconds
[2023-11-02T07:07:26.917+0000] {processor.py:157} INFO - Started process (PID=4845) to work on /usr/local/lib/python3.10/dist-packages/airflow/example_dags/tutorial_taskflow_api_virtualenv.py
[2023-11-02T07:07:26.918+0000] {processor.py:829} INFO - Processing file /usr/local/lib/python3.10/dist-packages/airflow/example_dags/tutorial_taskflow_api_virtualenv.py for tasks to queue
[2023-11-02T07:07:26.919+0000] {logging_mixin.py:151} INFO - [2023-11-02T07:07:26.919+0000] {dagbag.py:536} INFO - Filling up the DagBag from /usr/local/lib/python3.10/dist-packages/airflow/example_dags/tutorial_taskflow_api_virtualenv.py
[2023-11-02T07:07:26.922+0000] {logging_mixin.py:151} INFO - [2023-11-02T07:07:26.922+0000] {tutorial_taskflow_api_virtualenv.py:29} WARNING - The tutorial_taskflow_api_virtualenv example DAG requires virtualenv, please install it.
[2023-11-02T07:07:26.922+0000] {processor.py:841} WARNING - No viable dags retrieved from /usr/local/lib/python3.10/dist-packages/airflow/example_dags/tutorial_taskflow_api_virtualenv.py
[2023-11-02T07:07:26.934+0000] {processor.py:179} INFO - Processing /usr/local/lib/python3.10/dist-packages/airflow/example_dags/tutorial_taskflow_api_virtualenv.py took 0.024 seconds
[2023-11-02T07:08:09.261+0000] {processor.py:157} INFO - Started process (PID=4891) to work on /usr/local/lib/python3.10/dist-packages/airflow/example_dags/tutorial_taskflow_api_virtualenv.py
[2023-11-02T07:08:09.262+0000] {processor.py:829} INFO - Processing file /usr/local/lib/python3.10/dist-packages/airflow/example_dags/tutorial_taskflow_api_virtualenv.py for tasks to queue
[2023-11-02T07:08:09.263+0000] {logging_mixin.py:151} INFO - [2023-11-02T07:08:09.263+0000] {dagbag.py:536} INFO - Filling up the DagBag from /usr/local/lib/python3.10/dist-packages/airflow/example_dags/tutorial_taskflow_api_virtualenv.py
[2023-11-02T07:08:09.266+0000] {logging_mixin.py:151} INFO - [2023-11-02T07:08:09.266+0000] {tutorial_taskflow_api_virtualenv.py:29} WARNING - The tutorial_taskflow_api_virtualenv example DAG requires virtualenv, please install it.
[2023-11-02T07:08:09.266+0000] {processor.py:841} WARNING - No viable dags retrieved from /usr/local/lib/python3.10/dist-packages/airflow/example_dags/tutorial_taskflow_api_virtualenv.py
[2023-11-02T07:08:09.278+0000] {processor.py:179} INFO - Processing /usr/local/lib/python3.10/dist-packages/airflow/example_dags/tutorial_taskflow_api_virtualenv.py took 0.021 seconds
[2023-11-02T07:08:56.650+0000] {processor.py:157} INFO - Started process (PID=5173) to work on /usr/local/lib/python3.10/dist-packages/airflow/example_dags/tutorial_taskflow_api_virtualenv.py
[2023-11-02T07:08:56.651+0000] {processor.py:829} INFO - Processing file /usr/local/lib/python3.10/dist-packages/airflow/example_dags/tutorial_taskflow_api_virtualenv.py for tasks to queue
[2023-11-02T07:08:56.652+0000] {logging_mixin.py:151} INFO - [2023-11-02T07:08:56.651+0000] {dagbag.py:536} INFO - Filling up the DagBag from /usr/local/lib/python3.10/dist-packages/airflow/example_dags/tutorial_taskflow_api_virtualenv.py
[2023-11-02T07:08:56.655+0000] {logging_mixin.py:151} INFO - [2023-11-02T07:08:56.655+0000] {tutorial_taskflow_api_virtualenv.py:29} WARNING - The tutorial_taskflow_api_virtualenv example DAG requires virtualenv, please install it.
[2023-11-02T07:08:56.656+0000] {processor.py:841} WARNING - No viable dags retrieved from /usr/local/lib/python3.10/dist-packages/airflow/example_dags/tutorial_taskflow_api_virtualenv.py
[2023-11-02T07:08:56.666+0000] {processor.py:179} INFO - Processing /usr/local/lib/python3.10/dist-packages/airflow/example_dags/tutorial_taskflow_api_virtualenv.py took 0.020 seconds
[2023-11-02T07:09:40.612+0000] {processor.py:157} INFO - Started process (PID=5376) to work on /usr/local/lib/python3.10/dist-packages/airflow/example_dags/tutorial_taskflow_api_virtualenv.py
[2023-11-02T07:09:40.613+0000] {processor.py:829} INFO - Processing file /usr/local/lib/python3.10/dist-packages/airflow/example_dags/tutorial_taskflow_api_virtualenv.py for tasks to queue
[2023-11-02T07:09:40.614+0000] {logging_mixin.py:151} INFO - [2023-11-02T07:09:40.613+0000] {dagbag.py:536} INFO - Filling up the DagBag from /usr/local/lib/python3.10/dist-packages/airflow/example_dags/tutorial_taskflow_api_virtualenv.py
[2023-11-02T07:09:40.617+0000] {logging_mixin.py:151} INFO - [2023-11-02T07:09:40.616+0000] {tutorial_taskflow_api_virtualenv.py:29} WARNING - The tutorial_taskflow_api_virtualenv example DAG requires virtualenv, please install it.
[2023-11-02T07:09:40.617+0000] {processor.py:841} WARNING - No viable dags retrieved from /usr/local/lib/python3.10/dist-packages/airflow/example_dags/tutorial_taskflow_api_virtualenv.py
[2023-11-02T07:09:40.627+0000] {processor.py:179} INFO - Processing /usr/local/lib/python3.10/dist-packages/airflow/example_dags/tutorial_taskflow_api_virtualenv.py took 0.019 seconds
[2023-11-02T07:10:25.476+0000] {processor.py:157} INFO - Started process (PID=5424) to work on /usr/local/lib/python3.10/dist-packages/airflow/example_dags/tutorial_taskflow_api_virtualenv.py
[2023-11-02T07:10:25.478+0000] {processor.py:829} INFO - Processing file /usr/local/lib/python3.10/dist-packages/airflow/example_dags/tutorial_taskflow_api_virtualenv.py for tasks to queue
[2023-11-02T07:10:25.479+0000] {logging_mixin.py:151} INFO - [2023-11-02T07:10:25.478+0000] {dagbag.py:536} INFO - Filling up the DagBag from /usr/local/lib/python3.10/dist-packages/airflow/example_dags/tutorial_taskflow_api_virtualenv.py
[2023-11-02T07:10:25.482+0000] {logging_mixin.py:151} INFO - [2023-11-02T07:10:25.482+0000] {tutorial_taskflow_api_virtualenv.py:29} WARNING - The tutorial_taskflow_api_virtualenv example DAG requires virtualenv, please install it.
[2023-11-02T07:10:25.482+0000] {processor.py:841} WARNING - No viable dags retrieved from /usr/local/lib/python3.10/dist-packages/airflow/example_dags/tutorial_taskflow_api_virtualenv.py
[2023-11-02T07:10:25.493+0000] {processor.py:179} INFO - Processing /usr/local/lib/python3.10/dist-packages/airflow/example_dags/tutorial_taskflow_api_virtualenv.py took 0.020 seconds
[2023-11-02T07:11:14.326+0000] {processor.py:157} INFO - Started process (PID=5473) to work on /usr/local/lib/python3.10/dist-packages/airflow/example_dags/tutorial_taskflow_api_virtualenv.py
[2023-11-02T07:11:14.327+0000] {processor.py:829} INFO - Processing file /usr/local/lib/python3.10/dist-packages/airflow/example_dags/tutorial_taskflow_api_virtualenv.py for tasks to queue
[2023-11-02T07:11:14.328+0000] {logging_mixin.py:151} INFO - [2023-11-02T07:11:14.328+0000] {dagbag.py:536} INFO - Filling up the DagBag from /usr/local/lib/python3.10/dist-packages/airflow/example_dags/tutorial_taskflow_api_virtualenv.py
[2023-11-02T07:11:14.331+0000] {logging_mixin.py:151} INFO - [2023-11-02T07:11:14.331+0000] {tutorial_taskflow_api_virtualenv.py:29} WARNING - The tutorial_taskflow_api_virtualenv example DAG requires virtualenv, please install it.
[2023-11-02T07:11:14.331+0000] {processor.py:841} WARNING - No viable dags retrieved from /usr/local/lib/python3.10/dist-packages/airflow/example_dags/tutorial_taskflow_api_virtualenv.py
[2023-11-02T07:11:14.342+0000] {processor.py:179} INFO - Processing /usr/local/lib/python3.10/dist-packages/airflow/example_dags/tutorial_taskflow_api_virtualenv.py took 0.019 seconds
[2023-11-02T07:12:00.689+0000] {processor.py:157} INFO - Started process (PID=5526) to work on /usr/local/lib/python3.10/dist-packages/airflow/example_dags/tutorial_taskflow_api_virtualenv.py
[2023-11-02T07:12:00.690+0000] {processor.py:829} INFO - Processing file /usr/local/lib/python3.10/dist-packages/airflow/example_dags/tutorial_taskflow_api_virtualenv.py for tasks to queue
[2023-11-02T07:12:00.691+0000] {logging_mixin.py:151} INFO - [2023-11-02T07:12:00.691+0000] {dagbag.py:536} INFO - Filling up the DagBag from /usr/local/lib/python3.10/dist-packages/airflow/example_dags/tutorial_taskflow_api_virtualenv.py
[2023-11-02T07:12:00.694+0000] {logging_mixin.py:151} INFO - [2023-11-02T07:12:00.694+0000] {tutorial_taskflow_api_virtualenv.py:29} WARNING - The tutorial_taskflow_api_virtualenv example DAG requires virtualenv, please install it.
[2023-11-02T07:12:00.694+0000] {processor.py:841} WARNING - No viable dags retrieved from /usr/local/lib/python3.10/dist-packages/airflow/example_dags/tutorial_taskflow_api_virtualenv.py
[2023-11-02T07:12:00.705+0000] {processor.py:179} INFO - Processing /usr/local/lib/python3.10/dist-packages/airflow/example_dags/tutorial_taskflow_api_virtualenv.py took 0.019 seconds
[2023-11-02T07:12:40.174+0000] {processor.py:157} INFO - Started process (PID=5568) to work on /usr/local/lib/python3.10/dist-packages/airflow/example_dags/tutorial_taskflow_api_virtualenv.py
[2023-11-02T07:12:40.175+0000] {processor.py:829} INFO - Processing file /usr/local/lib/python3.10/dist-packages/airflow/example_dags/tutorial_taskflow_api_virtualenv.py for tasks to queue
[2023-11-02T07:12:40.176+0000] {logging_mixin.py:151} INFO - [2023-11-02T07:12:40.176+0000] {dagbag.py:536} INFO - Filling up the DagBag from /usr/local/lib/python3.10/dist-packages/airflow/example_dags/tutorial_taskflow_api_virtualenv.py
[2023-11-02T07:12:40.179+0000] {logging_mixin.py:151} INFO - [2023-11-02T07:12:40.179+0000] {tutorial_taskflow_api_virtualenv.py:29} WARNING - The tutorial_taskflow_api_virtualenv example DAG requires virtualenv, please install it.
[2023-11-02T07:12:40.179+0000] {processor.py:841} WARNING - No viable dags retrieved from /usr/local/lib/python3.10/dist-packages/airflow/example_dags/tutorial_taskflow_api_virtualenv.py
[2023-11-02T07:12:40.189+0000] {processor.py:179} INFO - Processing /usr/local/lib/python3.10/dist-packages/airflow/example_dags/tutorial_taskflow_api_virtualenv.py took 0.018 seconds
