[2023-11-02T06:49:51.193+0000] {processor.py:157} INFO - Started process (PID=3717) to work on /home/ubuntu/customer_churn_venv/lib/python3.10/site-packages/airflow/example_dags/tutorial.py
[2023-11-02T06:49:51.194+0000] {processor.py:829} INFO - Processing file /home/ubuntu/customer_churn_venv/lib/python3.10/site-packages/airflow/example_dags/tutorial.py for tasks to queue
[2023-11-02T06:49:51.195+0000] {logging_mixin.py:151} INFO - [2023-11-02T06:49:51.194+0000] {dagbag.py:536} INFO - Filling up the DagBag from /home/ubuntu/customer_churn_venv/lib/python3.10/site-packages/airflow/example_dags/tutorial.py
[2023-11-02T06:49:51.202+0000] {processor.py:839} INFO - DAG(s) dict_keys(['tutorial']) retrieved from /home/ubuntu/customer_churn_venv/lib/python3.10/site-packages/airflow/example_dags/tutorial.py
[2023-11-02T06:49:51.421+0000] {logging_mixin.py:151} INFO - [2023-11-02T06:49:51.421+0000] {manager.py:499} INFO - Created Permission View: %s
[2023-11-02T06:49:51.434+0000] {logging_mixin.py:151} INFO - [2023-11-02T06:49:51.433+0000] {manager.py:499} INFO - Created Permission View: %s
[2023-11-02T06:49:51.443+0000] {logging_mixin.py:151} INFO - [2023-11-02T06:49:51.443+0000] {manager.py:499} INFO - Created Permission View: %s
[2023-11-02T06:49:51.443+0000] {logging_mixin.py:151} INFO - [2023-11-02T06:49:51.443+0000] {dag.py:2941} INFO - Sync 1 DAGs
[2023-11-02T06:49:51.454+0000] {logging_mixin.py:151} INFO - [2023-11-02T06:49:51.453+0000] {dag.py:2963} INFO - Creating ORM DAG for tutorial
[2023-11-02T06:49:51.462+0000] {logging_mixin.py:151} INFO - [2023-11-02T06:49:51.462+0000] {dag.py:3722} INFO - Setting next_dagrun for tutorial to 2023-11-01T06:49:51.462143+00:00, run_after=2023-11-02T06:49:51.462143+00:00
[2023-11-02T06:49:51.484+0000] {processor.py:179} INFO - Processing /home/ubuntu/customer_churn_venv/lib/python3.10/site-packages/airflow/example_dags/tutorial.py took 0.294 seconds
[2023-11-02T06:50:45.737+0000] {processor.py:157} INFO - Started process (PID=3763) to work on /home/ubuntu/customer_churn_venv/lib/python3.10/site-packages/airflow/example_dags/tutorial.py
[2023-11-02T06:50:45.739+0000] {processor.py:829} INFO - Processing file /home/ubuntu/customer_churn_venv/lib/python3.10/site-packages/airflow/example_dags/tutorial.py for tasks to queue
[2023-11-02T06:50:45.740+0000] {logging_mixin.py:151} INFO - [2023-11-02T06:50:45.739+0000] {dagbag.py:536} INFO - Filling up the DagBag from /home/ubuntu/customer_churn_venv/lib/python3.10/site-packages/airflow/example_dags/tutorial.py
[2023-11-02T06:50:45.747+0000] {processor.py:839} INFO - DAG(s) dict_keys(['tutorial']) retrieved from /home/ubuntu/customer_churn_venv/lib/python3.10/site-packages/airflow/example_dags/tutorial.py
[2023-11-02T06:50:45.765+0000] {logging_mixin.py:151} INFO - [2023-11-02T06:50:45.764+0000] {dag.py:2941} INFO - Sync 1 DAGs
[2023-11-02T06:50:45.785+0000] {logging_mixin.py:151} INFO - [2023-11-02T06:50:45.785+0000] {dag.py:3722} INFO - Setting next_dagrun for tutorial to 2023-11-01T06:50:45.784954+00:00, run_after=2023-11-02T06:50:45.784954+00:00
[2023-11-02T06:50:45.809+0000] {processor.py:179} INFO - Processing /home/ubuntu/customer_churn_venv/lib/python3.10/site-packages/airflow/example_dags/tutorial.py took 0.074 seconds
[2023-11-02T06:51:29.709+0000] {processor.py:157} INFO - Started process (PID=3811) to work on /home/ubuntu/customer_churn_venv/lib/python3.10/site-packages/airflow/example_dags/tutorial.py
[2023-11-02T06:51:29.710+0000] {processor.py:829} INFO - Processing file /home/ubuntu/customer_churn_venv/lib/python3.10/site-packages/airflow/example_dags/tutorial.py for tasks to queue
[2023-11-02T06:51:29.711+0000] {logging_mixin.py:151} INFO - [2023-11-02T06:51:29.711+0000] {dagbag.py:536} INFO - Filling up the DagBag from /home/ubuntu/customer_churn_venv/lib/python3.10/site-packages/airflow/example_dags/tutorial.py
[2023-11-02T06:51:29.719+0000] {processor.py:839} INFO - DAG(s) dict_keys(['tutorial']) retrieved from /home/ubuntu/customer_churn_venv/lib/python3.10/site-packages/airflow/example_dags/tutorial.py
[2023-11-02T06:51:29.736+0000] {logging_mixin.py:151} INFO - [2023-11-02T06:51:29.736+0000] {dag.py:2941} INFO - Sync 1 DAGs
[2023-11-02T06:51:29.756+0000] {logging_mixin.py:151} INFO - [2023-11-02T06:51:29.756+0000] {dag.py:3722} INFO - Setting next_dagrun for tutorial to 2023-11-01T06:51:29.755846+00:00, run_after=2023-11-02T06:51:29.755846+00:00
[2023-11-02T06:51:29.779+0000] {processor.py:179} INFO - Processing /home/ubuntu/customer_churn_venv/lib/python3.10/site-packages/airflow/example_dags/tutorial.py took 0.074 seconds
[2023-11-02T06:52:16.504+0000] {processor.py:157} INFO - Started process (PID=3858) to work on /home/ubuntu/customer_churn_venv/lib/python3.10/site-packages/airflow/example_dags/tutorial.py
[2023-11-02T06:52:16.505+0000] {processor.py:829} INFO - Processing file /home/ubuntu/customer_churn_venv/lib/python3.10/site-packages/airflow/example_dags/tutorial.py for tasks to queue
[2023-11-02T06:52:16.506+0000] {logging_mixin.py:151} INFO - [2023-11-02T06:52:16.505+0000] {dagbag.py:536} INFO - Filling up the DagBag from /home/ubuntu/customer_churn_venv/lib/python3.10/site-packages/airflow/example_dags/tutorial.py
[2023-11-02T06:52:16.513+0000] {processor.py:839} INFO - DAG(s) dict_keys(['tutorial']) retrieved from /home/ubuntu/customer_churn_venv/lib/python3.10/site-packages/airflow/example_dags/tutorial.py
[2023-11-02T06:52:16.530+0000] {logging_mixin.py:151} INFO - [2023-11-02T06:52:16.530+0000] {dag.py:2941} INFO - Sync 1 DAGs
[2023-11-02T06:52:16.550+0000] {logging_mixin.py:151} INFO - [2023-11-02T06:52:16.550+0000] {dag.py:3722} INFO - Setting next_dagrun for tutorial to 2023-11-01T06:52:16.550491+00:00, run_after=2023-11-02T06:52:16.550491+00:00
[2023-11-02T06:52:16.579+0000] {processor.py:179} INFO - Processing /home/ubuntu/customer_churn_venv/lib/python3.10/site-packages/airflow/example_dags/tutorial.py took 0.078 seconds
[2023-11-02T06:53:03.255+0000] {processor.py:157} INFO - Started process (PID=3906) to work on /home/ubuntu/customer_churn_venv/lib/python3.10/site-packages/airflow/example_dags/tutorial.py
[2023-11-02T06:53:03.256+0000] {processor.py:829} INFO - Processing file /home/ubuntu/customer_churn_venv/lib/python3.10/site-packages/airflow/example_dags/tutorial.py for tasks to queue
[2023-11-02T06:53:03.257+0000] {logging_mixin.py:151} INFO - [2023-11-02T06:53:03.257+0000] {dagbag.py:536} INFO - Filling up the DagBag from /home/ubuntu/customer_churn_venv/lib/python3.10/site-packages/airflow/example_dags/tutorial.py
[2023-11-02T06:53:03.265+0000] {processor.py:839} INFO - DAG(s) dict_keys(['tutorial']) retrieved from /home/ubuntu/customer_churn_venv/lib/python3.10/site-packages/airflow/example_dags/tutorial.py
[2023-11-02T06:53:03.282+0000] {logging_mixin.py:151} INFO - [2023-11-02T06:53:03.282+0000] {dag.py:2941} INFO - Sync 1 DAGs
[2023-11-02T06:53:03.302+0000] {logging_mixin.py:151} INFO - [2023-11-02T06:53:03.301+0000] {dag.py:3722} INFO - Setting next_dagrun for tutorial to 2023-11-01T06:53:03.301667+00:00, run_after=2023-11-02T06:53:03.301667+00:00
[2023-11-02T06:53:03.323+0000] {processor.py:179} INFO - Processing /home/ubuntu/customer_churn_venv/lib/python3.10/site-packages/airflow/example_dags/tutorial.py took 0.071 seconds
[2023-11-02T07:00:01.734+0000] {processor.py:157} INFO - Started process (PID=4381) to work on /usr/local/lib/python3.10/dist-packages/airflow/example_dags/tutorial.py
[2023-11-02T07:00:01.736+0000] {processor.py:829} INFO - Processing file /usr/local/lib/python3.10/dist-packages/airflow/example_dags/tutorial.py for tasks to queue
[2023-11-02T07:00:01.737+0000] {logging_mixin.py:151} INFO - [2023-11-02T07:00:01.737+0000] {dagbag.py:536} INFO - Filling up the DagBag from /usr/local/lib/python3.10/dist-packages/airflow/example_dags/tutorial.py
[2023-11-02T07:00:01.866+0000] {processor.py:839} INFO - DAG(s) dict_keys(['tutorial']) retrieved from /usr/local/lib/python3.10/dist-packages/airflow/example_dags/tutorial.py
[2023-11-02T07:00:01.872+0000] {logging_mixin.py:151} INFO - [2023-11-02T07:00:01.871+0000] {dag.py:2941} INFO - Sync 1 DAGs
[2023-11-02T07:00:01.893+0000] {logging_mixin.py:151} INFO - [2023-11-02T07:00:01.892+0000] {dag.py:3722} INFO - Setting next_dagrun for tutorial to 2023-11-01T07:00:01.892692+00:00, run_after=2023-11-02T07:00:01.892692+00:00
[2023-11-02T07:00:01.924+0000] {processor.py:179} INFO - Processing /usr/local/lib/python3.10/dist-packages/airflow/example_dags/tutorial.py took 0.193 seconds
[2023-11-02T07:00:47.113+0000] {processor.py:157} INFO - Started process (PID=4428) to work on /usr/local/lib/python3.10/dist-packages/airflow/example_dags/tutorial.py
[2023-11-02T07:00:47.114+0000] {processor.py:829} INFO - Processing file /usr/local/lib/python3.10/dist-packages/airflow/example_dags/tutorial.py for tasks to queue
[2023-11-02T07:00:47.115+0000] {logging_mixin.py:151} INFO - [2023-11-02T07:00:47.115+0000] {dagbag.py:536} INFO - Filling up the DagBag from /usr/local/lib/python3.10/dist-packages/airflow/example_dags/tutorial.py
[2023-11-02T07:00:47.123+0000] {processor.py:839} INFO - DAG(s) dict_keys(['tutorial']) retrieved from /usr/local/lib/python3.10/dist-packages/airflow/example_dags/tutorial.py
[2023-11-02T07:00:47.140+0000] {logging_mixin.py:151} INFO - [2023-11-02T07:00:47.140+0000] {dag.py:2941} INFO - Sync 1 DAGs
[2023-11-02T07:00:47.162+0000] {logging_mixin.py:151} INFO - [2023-11-02T07:00:47.162+0000] {dag.py:3722} INFO - Setting next_dagrun for tutorial to 2023-11-01T07:00:47.161838+00:00, run_after=2023-11-02T07:00:47.161838+00:00
[2023-11-02T07:00:47.185+0000] {processor.py:179} INFO - Processing /usr/local/lib/python3.10/dist-packages/airflow/example_dags/tutorial.py took 0.075 seconds
[2023-11-02T07:01:31.217+0000] {processor.py:157} INFO - Started process (PID=4474) to work on /usr/local/lib/python3.10/dist-packages/airflow/example_dags/tutorial.py
[2023-11-02T07:01:31.218+0000] {processor.py:829} INFO - Processing file /usr/local/lib/python3.10/dist-packages/airflow/example_dags/tutorial.py for tasks to queue
[2023-11-02T07:01:31.219+0000] {logging_mixin.py:151} INFO - [2023-11-02T07:01:31.219+0000] {dagbag.py:536} INFO - Filling up the DagBag from /usr/local/lib/python3.10/dist-packages/airflow/example_dags/tutorial.py
[2023-11-02T07:01:31.227+0000] {processor.py:839} INFO - DAG(s) dict_keys(['tutorial']) retrieved from /usr/local/lib/python3.10/dist-packages/airflow/example_dags/tutorial.py
[2023-11-02T07:01:31.244+0000] {logging_mixin.py:151} INFO - [2023-11-02T07:01:31.243+0000] {dag.py:2941} INFO - Sync 1 DAGs
[2023-11-02T07:01:31.264+0000] {logging_mixin.py:151} INFO - [2023-11-02T07:01:31.264+0000] {dag.py:3722} INFO - Setting next_dagrun for tutorial to 2023-11-01T07:01:31.264450+00:00, run_after=2023-11-02T07:01:31.264450+00:00
[2023-11-02T07:01:31.287+0000] {processor.py:179} INFO - Processing /usr/local/lib/python3.10/dist-packages/airflow/example_dags/tutorial.py took 0.073 seconds
[2023-11-02T07:02:14.962+0000] {processor.py:157} INFO - Started process (PID=4520) to work on /usr/local/lib/python3.10/dist-packages/airflow/example_dags/tutorial.py
[2023-11-02T07:02:14.964+0000] {processor.py:829} INFO - Processing file /usr/local/lib/python3.10/dist-packages/airflow/example_dags/tutorial.py for tasks to queue
[2023-11-02T07:02:14.965+0000] {logging_mixin.py:151} INFO - [2023-11-02T07:02:14.964+0000] {dagbag.py:536} INFO - Filling up the DagBag from /usr/local/lib/python3.10/dist-packages/airflow/example_dags/tutorial.py
[2023-11-02T07:02:14.972+0000] {processor.py:839} INFO - DAG(s) dict_keys(['tutorial']) retrieved from /usr/local/lib/python3.10/dist-packages/airflow/example_dags/tutorial.py
[2023-11-02T07:02:14.988+0000] {logging_mixin.py:151} INFO - [2023-11-02T07:02:14.988+0000] {dag.py:2941} INFO - Sync 1 DAGs
[2023-11-02T07:02:15.011+0000] {logging_mixin.py:151} INFO - [2023-11-02T07:02:15.011+0000] {dag.py:3722} INFO - Setting next_dagrun for tutorial to 2023-11-01T07:02:15.010746+00:00, run_after=2023-11-02T07:02:15.010746+00:00
[2023-11-02T07:02:15.034+0000] {processor.py:179} INFO - Processing /usr/local/lib/python3.10/dist-packages/airflow/example_dags/tutorial.py took 0.076 seconds
[2023-11-02T07:03:00.741+0000] {processor.py:157} INFO - Started process (PID=4567) to work on /usr/local/lib/python3.10/dist-packages/airflow/example_dags/tutorial.py
[2023-11-02T07:03:00.743+0000] {processor.py:829} INFO - Processing file /usr/local/lib/python3.10/dist-packages/airflow/example_dags/tutorial.py for tasks to queue
[2023-11-02T07:03:00.744+0000] {logging_mixin.py:151} INFO - [2023-11-02T07:03:00.743+0000] {dagbag.py:536} INFO - Filling up the DagBag from /usr/local/lib/python3.10/dist-packages/airflow/example_dags/tutorial.py
[2023-11-02T07:03:00.751+0000] {processor.py:839} INFO - DAG(s) dict_keys(['tutorial']) retrieved from /usr/local/lib/python3.10/dist-packages/airflow/example_dags/tutorial.py
[2023-11-02T07:03:00.767+0000] {logging_mixin.py:151} INFO - [2023-11-02T07:03:00.767+0000] {dag.py:2941} INFO - Sync 1 DAGs
[2023-11-02T07:03:00.787+0000] {logging_mixin.py:151} INFO - [2023-11-02T07:03:00.787+0000] {dag.py:3722} INFO - Setting next_dagrun for tutorial to 2023-11-01T07:03:00.787499+00:00, run_after=2023-11-02T07:03:00.787499+00:00
[2023-11-02T07:03:00.810+0000] {processor.py:179} INFO - Processing /usr/local/lib/python3.10/dist-packages/airflow/example_dags/tutorial.py took 0.072 seconds
[2023-11-02T07:03:46.174+0000] {processor.py:157} INFO - Started process (PID=4615) to work on /usr/local/lib/python3.10/dist-packages/airflow/example_dags/tutorial.py
[2023-11-02T07:03:46.176+0000] {processor.py:829} INFO - Processing file /usr/local/lib/python3.10/dist-packages/airflow/example_dags/tutorial.py for tasks to queue
[2023-11-02T07:03:46.177+0000] {logging_mixin.py:151} INFO - [2023-11-02T07:03:46.176+0000] {dagbag.py:536} INFO - Filling up the DagBag from /usr/local/lib/python3.10/dist-packages/airflow/example_dags/tutorial.py
[2023-11-02T07:03:46.184+0000] {processor.py:839} INFO - DAG(s) dict_keys(['tutorial']) retrieved from /usr/local/lib/python3.10/dist-packages/airflow/example_dags/tutorial.py
[2023-11-02T07:03:46.201+0000] {logging_mixin.py:151} INFO - [2023-11-02T07:03:46.200+0000] {dag.py:2941} INFO - Sync 1 DAGs
[2023-11-02T07:03:46.221+0000] {logging_mixin.py:151} INFO - [2023-11-02T07:03:46.221+0000] {dag.py:3722} INFO - Setting next_dagrun for tutorial to 2023-11-01T07:03:46.221128+00:00, run_after=2023-11-02T07:03:46.221128+00:00
[2023-11-02T07:03:46.248+0000] {processor.py:179} INFO - Processing /usr/local/lib/python3.10/dist-packages/airflow/example_dags/tutorial.py took 0.077 seconds
[2023-11-02T07:04:27.875+0000] {processor.py:157} INFO - Started process (PID=4660) to work on /usr/local/lib/python3.10/dist-packages/airflow/example_dags/tutorial.py
[2023-11-02T07:04:27.876+0000] {processor.py:829} INFO - Processing file /usr/local/lib/python3.10/dist-packages/airflow/example_dags/tutorial.py for tasks to queue
[2023-11-02T07:04:27.877+0000] {logging_mixin.py:151} INFO - [2023-11-02T07:04:27.877+0000] {dagbag.py:536} INFO - Filling up the DagBag from /usr/local/lib/python3.10/dist-packages/airflow/example_dags/tutorial.py
[2023-11-02T07:04:27.884+0000] {processor.py:839} INFO - DAG(s) dict_keys(['tutorial']) retrieved from /usr/local/lib/python3.10/dist-packages/airflow/example_dags/tutorial.py
[2023-11-02T07:04:27.900+0000] {logging_mixin.py:151} INFO - [2023-11-02T07:04:27.900+0000] {dag.py:2941} INFO - Sync 1 DAGs
[2023-11-02T07:04:27.920+0000] {logging_mixin.py:151} INFO - [2023-11-02T07:04:27.920+0000] {dag.py:3722} INFO - Setting next_dagrun for tutorial to 2023-11-01T07:04:27.920081+00:00, run_after=2023-11-02T07:04:27.920081+00:00
[2023-11-02T07:04:27.942+0000] {processor.py:179} INFO - Processing /usr/local/lib/python3.10/dist-packages/airflow/example_dags/tutorial.py took 0.071 seconds
[2023-11-02T07:05:10.076+0000] {processor.py:157} INFO - Started process (PID=4706) to work on /usr/local/lib/python3.10/dist-packages/airflow/example_dags/tutorial.py
[2023-11-02T07:05:10.078+0000] {processor.py:829} INFO - Processing file /usr/local/lib/python3.10/dist-packages/airflow/example_dags/tutorial.py for tasks to queue
[2023-11-02T07:05:10.078+0000] {logging_mixin.py:151} INFO - [2023-11-02T07:05:10.078+0000] {dagbag.py:536} INFO - Filling up the DagBag from /usr/local/lib/python3.10/dist-packages/airflow/example_dags/tutorial.py
[2023-11-02T07:05:10.086+0000] {processor.py:839} INFO - DAG(s) dict_keys(['tutorial']) retrieved from /usr/local/lib/python3.10/dist-packages/airflow/example_dags/tutorial.py
[2023-11-02T07:05:10.102+0000] {logging_mixin.py:151} INFO - [2023-11-02T07:05:10.102+0000] {dag.py:2941} INFO - Sync 1 DAGs
[2023-11-02T07:05:10.122+0000] {logging_mixin.py:151} INFO - [2023-11-02T07:05:10.122+0000] {dag.py:3722} INFO - Setting next_dagrun for tutorial to 2023-11-01T07:05:10.121885+00:00, run_after=2023-11-02T07:05:10.121885+00:00
[2023-11-02T07:05:10.148+0000] {processor.py:179} INFO - Processing /usr/local/lib/python3.10/dist-packages/airflow/example_dags/tutorial.py took 0.075 seconds
[2023-11-02T07:05:53.527+0000] {processor.py:157} INFO - Started process (PID=4751) to work on /usr/local/lib/python3.10/dist-packages/airflow/example_dags/tutorial.py
[2023-11-02T07:05:53.528+0000] {processor.py:829} INFO - Processing file /usr/local/lib/python3.10/dist-packages/airflow/example_dags/tutorial.py for tasks to queue
[2023-11-02T07:05:53.529+0000] {logging_mixin.py:151} INFO - [2023-11-02T07:05:53.528+0000] {dagbag.py:536} INFO - Filling up the DagBag from /usr/local/lib/python3.10/dist-packages/airflow/example_dags/tutorial.py
[2023-11-02T07:05:53.537+0000] {processor.py:839} INFO - DAG(s) dict_keys(['tutorial']) retrieved from /usr/local/lib/python3.10/dist-packages/airflow/example_dags/tutorial.py
[2023-11-02T07:05:53.553+0000] {logging_mixin.py:151} INFO - [2023-11-02T07:05:53.553+0000] {dag.py:2941} INFO - Sync 1 DAGs
[2023-11-02T07:05:53.575+0000] {logging_mixin.py:151} INFO - [2023-11-02T07:05:53.574+0000] {dag.py:3722} INFO - Setting next_dagrun for tutorial to 2023-11-01T07:05:53.574613+00:00, run_after=2023-11-02T07:05:53.574613+00:00
[2023-11-02T07:05:53.599+0000] {processor.py:179} INFO - Processing /usr/local/lib/python3.10/dist-packages/airflow/example_dags/tutorial.py took 0.076 seconds
[2023-11-02T07:06:41.848+0000] {processor.py:157} INFO - Started process (PID=4799) to work on /usr/local/lib/python3.10/dist-packages/airflow/example_dags/tutorial.py
[2023-11-02T07:06:41.850+0000] {processor.py:829} INFO - Processing file /usr/local/lib/python3.10/dist-packages/airflow/example_dags/tutorial.py for tasks to queue
[2023-11-02T07:06:41.851+0000] {logging_mixin.py:151} INFO - [2023-11-02T07:06:41.850+0000] {dagbag.py:536} INFO - Filling up the DagBag from /usr/local/lib/python3.10/dist-packages/airflow/example_dags/tutorial.py
[2023-11-02T07:06:41.859+0000] {processor.py:839} INFO - DAG(s) dict_keys(['tutorial']) retrieved from /usr/local/lib/python3.10/dist-packages/airflow/example_dags/tutorial.py
[2023-11-02T07:06:41.877+0000] {logging_mixin.py:151} INFO - [2023-11-02T07:06:41.877+0000] {dag.py:2941} INFO - Sync 1 DAGs
[2023-11-02T07:06:41.899+0000] {logging_mixin.py:151} INFO - [2023-11-02T07:06:41.899+0000] {dag.py:3722} INFO - Setting next_dagrun for tutorial to 2023-11-01T07:06:41.899100+00:00, run_after=2023-11-02T07:06:41.899100+00:00
[2023-11-02T07:06:41.930+0000] {processor.py:179} INFO - Processing /usr/local/lib/python3.10/dist-packages/airflow/example_dags/tutorial.py took 0.085 seconds
[2023-11-02T07:07:29.201+0000] {processor.py:157} INFO - Started process (PID=4847) to work on /usr/local/lib/python3.10/dist-packages/airflow/example_dags/tutorial.py
[2023-11-02T07:07:29.202+0000] {processor.py:829} INFO - Processing file /usr/local/lib/python3.10/dist-packages/airflow/example_dags/tutorial.py for tasks to queue
[2023-11-02T07:07:29.203+0000] {logging_mixin.py:151} INFO - [2023-11-02T07:07:29.203+0000] {dagbag.py:536} INFO - Filling up the DagBag from /usr/local/lib/python3.10/dist-packages/airflow/example_dags/tutorial.py
[2023-11-02T07:07:29.211+0000] {processor.py:839} INFO - DAG(s) dict_keys(['tutorial']) retrieved from /usr/local/lib/python3.10/dist-packages/airflow/example_dags/tutorial.py
[2023-11-02T07:07:29.227+0000] {logging_mixin.py:151} INFO - [2023-11-02T07:07:29.227+0000] {dag.py:2941} INFO - Sync 1 DAGs
[2023-11-02T07:07:29.247+0000] {logging_mixin.py:151} INFO - [2023-11-02T07:07:29.247+0000] {dag.py:3722} INFO - Setting next_dagrun for tutorial to 2023-11-01T07:07:29.247202+00:00, run_after=2023-11-02T07:07:29.247202+00:00
[2023-11-02T07:07:29.269+0000] {processor.py:179} INFO - Processing /usr/local/lib/python3.10/dist-packages/airflow/example_dags/tutorial.py took 0.071 seconds
[2023-11-02T07:08:11.332+0000] {processor.py:157} INFO - Started process (PID=4893) to work on /usr/local/lib/python3.10/dist-packages/airflow/example_dags/tutorial.py
[2023-11-02T07:08:11.334+0000] {processor.py:829} INFO - Processing file /usr/local/lib/python3.10/dist-packages/airflow/example_dags/tutorial.py for tasks to queue
[2023-11-02T07:08:11.334+0000] {logging_mixin.py:151} INFO - [2023-11-02T07:08:11.334+0000] {dagbag.py:536} INFO - Filling up the DagBag from /usr/local/lib/python3.10/dist-packages/airflow/example_dags/tutorial.py
[2023-11-02T07:08:11.342+0000] {processor.py:839} INFO - DAG(s) dict_keys(['tutorial']) retrieved from /usr/local/lib/python3.10/dist-packages/airflow/example_dags/tutorial.py
[2023-11-02T07:08:11.358+0000] {logging_mixin.py:151} INFO - [2023-11-02T07:08:11.358+0000] {dag.py:2941} INFO - Sync 1 DAGs
[2023-11-02T07:08:11.379+0000] {logging_mixin.py:151} INFO - [2023-11-02T07:08:11.379+0000] {dag.py:3722} INFO - Setting next_dagrun for tutorial to 2023-11-01T07:08:11.378874+00:00, run_after=2023-11-02T07:08:11.378874+00:00
[2023-11-02T07:08:11.402+0000] {processor.py:179} INFO - Processing /usr/local/lib/python3.10/dist-packages/airflow/example_dags/tutorial.py took 0.072 seconds
[2023-11-02T07:08:58.929+0000] {processor.py:157} INFO - Started process (PID=5175) to work on /usr/local/lib/python3.10/dist-packages/airflow/example_dags/tutorial.py
[2023-11-02T07:08:58.930+0000] {processor.py:829} INFO - Processing file /usr/local/lib/python3.10/dist-packages/airflow/example_dags/tutorial.py for tasks to queue
[2023-11-02T07:08:58.931+0000] {logging_mixin.py:151} INFO - [2023-11-02T07:08:58.931+0000] {dagbag.py:536} INFO - Filling up the DagBag from /usr/local/lib/python3.10/dist-packages/airflow/example_dags/tutorial.py
[2023-11-02T07:08:58.939+0000] {processor.py:839} INFO - DAG(s) dict_keys(['tutorial']) retrieved from /usr/local/lib/python3.10/dist-packages/airflow/example_dags/tutorial.py
[2023-11-02T07:08:58.955+0000] {logging_mixin.py:151} INFO - [2023-11-02T07:08:58.955+0000] {dag.py:2941} INFO - Sync 1 DAGs
[2023-11-02T07:08:58.975+0000] {logging_mixin.py:151} INFO - [2023-11-02T07:08:58.974+0000] {dag.py:3722} INFO - Setting next_dagrun for tutorial to 2023-11-01T07:08:58.974551+00:00, run_after=2023-11-02T07:08:58.974551+00:00
[2023-11-02T07:08:58.996+0000] {processor.py:179} INFO - Processing /usr/local/lib/python3.10/dist-packages/airflow/example_dags/tutorial.py took 0.070 seconds
[2023-11-02T07:09:42.524+0000] {processor.py:157} INFO - Started process (PID=5378) to work on /usr/local/lib/python3.10/dist-packages/airflow/example_dags/tutorial.py
[2023-11-02T07:09:42.525+0000] {processor.py:829} INFO - Processing file /usr/local/lib/python3.10/dist-packages/airflow/example_dags/tutorial.py for tasks to queue
[2023-11-02T07:09:42.526+0000] {logging_mixin.py:151} INFO - [2023-11-02T07:09:42.525+0000] {dagbag.py:536} INFO - Filling up the DagBag from /usr/local/lib/python3.10/dist-packages/airflow/example_dags/tutorial.py
[2023-11-02T07:09:42.533+0000] {processor.py:839} INFO - DAG(s) dict_keys(['tutorial']) retrieved from /usr/local/lib/python3.10/dist-packages/airflow/example_dags/tutorial.py
[2023-11-02T07:09:42.550+0000] {logging_mixin.py:151} INFO - [2023-11-02T07:09:42.550+0000] {dag.py:2941} INFO - Sync 1 DAGs
[2023-11-02T07:09:42.570+0000] {logging_mixin.py:151} INFO - [2023-11-02T07:09:42.569+0000] {dag.py:3722} INFO - Setting next_dagrun for tutorial to 2023-11-01T07:09:42.569710+00:00, run_after=2023-11-02T07:09:42.569710+00:00
[2023-11-02T07:09:42.592+0000] {processor.py:179} INFO - Processing /usr/local/lib/python3.10/dist-packages/airflow/example_dags/tutorial.py took 0.071 seconds
[2023-11-02T07:10:26.871+0000] {processor.py:157} INFO - Started process (PID=5426) to work on /usr/local/lib/python3.10/dist-packages/airflow/example_dags/tutorial.py
[2023-11-02T07:10:26.873+0000] {processor.py:829} INFO - Processing file /usr/local/lib/python3.10/dist-packages/airflow/example_dags/tutorial.py for tasks to queue
[2023-11-02T07:10:26.873+0000] {logging_mixin.py:151} INFO - [2023-11-02T07:10:26.873+0000] {dagbag.py:536} INFO - Filling up the DagBag from /usr/local/lib/python3.10/dist-packages/airflow/example_dags/tutorial.py
[2023-11-02T07:10:26.882+0000] {processor.py:839} INFO - DAG(s) dict_keys(['tutorial']) retrieved from /usr/local/lib/python3.10/dist-packages/airflow/example_dags/tutorial.py
[2023-11-02T07:10:26.900+0000] {logging_mixin.py:151} INFO - [2023-11-02T07:10:26.900+0000] {dag.py:2941} INFO - Sync 1 DAGs
[2023-11-02T07:10:26.924+0000] {logging_mixin.py:151} INFO - [2023-11-02T07:10:26.923+0000] {dag.py:3722} INFO - Setting next_dagrun for tutorial to 2023-11-01T07:10:26.923554+00:00, run_after=2023-11-02T07:10:26.923554+00:00
[2023-11-02T07:10:26.949+0000] {processor.py:179} INFO - Processing /usr/local/lib/python3.10/dist-packages/airflow/example_dags/tutorial.py took 0.082 seconds
[2023-11-02T07:11:16.604+0000] {processor.py:157} INFO - Started process (PID=5475) to work on /usr/local/lib/python3.10/dist-packages/airflow/example_dags/tutorial.py
[2023-11-02T07:11:16.605+0000] {processor.py:829} INFO - Processing file /usr/local/lib/python3.10/dist-packages/airflow/example_dags/tutorial.py for tasks to queue
[2023-11-02T07:11:16.606+0000] {logging_mixin.py:151} INFO - [2023-11-02T07:11:16.606+0000] {dagbag.py:536} INFO - Filling up the DagBag from /usr/local/lib/python3.10/dist-packages/airflow/example_dags/tutorial.py
[2023-11-02T07:11:16.613+0000] {processor.py:839} INFO - DAG(s) dict_keys(['tutorial']) retrieved from /usr/local/lib/python3.10/dist-packages/airflow/example_dags/tutorial.py
[2023-11-02T07:11:16.630+0000] {logging_mixin.py:151} INFO - [2023-11-02T07:11:16.630+0000] {dag.py:2941} INFO - Sync 1 DAGs
[2023-11-02T07:11:16.650+0000] {logging_mixin.py:151} INFO - [2023-11-02T07:11:16.650+0000] {dag.py:3722} INFO - Setting next_dagrun for tutorial to 2023-11-01T07:11:16.649955+00:00, run_after=2023-11-02T07:11:16.649955+00:00
[2023-11-02T07:11:16.673+0000] {processor.py:179} INFO - Processing /usr/local/lib/python3.10/dist-packages/airflow/example_dags/tutorial.py took 0.072 seconds
[2023-11-02T07:12:02.977+0000] {processor.py:157} INFO - Started process (PID=5528) to work on /usr/local/lib/python3.10/dist-packages/airflow/example_dags/tutorial.py
[2023-11-02T07:12:02.978+0000] {processor.py:829} INFO - Processing file /usr/local/lib/python3.10/dist-packages/airflow/example_dags/tutorial.py for tasks to queue
[2023-11-02T07:12:02.979+0000] {logging_mixin.py:151} INFO - [2023-11-02T07:12:02.978+0000] {dagbag.py:536} INFO - Filling up the DagBag from /usr/local/lib/python3.10/dist-packages/airflow/example_dags/tutorial.py
[2023-11-02T07:12:02.987+0000] {processor.py:839} INFO - DAG(s) dict_keys(['tutorial']) retrieved from /usr/local/lib/python3.10/dist-packages/airflow/example_dags/tutorial.py
[2023-11-02T07:12:03.003+0000] {logging_mixin.py:151} INFO - [2023-11-02T07:12:03.003+0000] {dag.py:2941} INFO - Sync 1 DAGs
[2023-11-02T07:12:03.023+0000] {logging_mixin.py:151} INFO - [2023-11-02T07:12:03.023+0000] {dag.py:3722} INFO - Setting next_dagrun for tutorial to 2023-11-01T07:12:03.023430+00:00, run_after=2023-11-02T07:12:03.023430+00:00
[2023-11-02T07:12:03.047+0000] {processor.py:179} INFO - Processing /usr/local/lib/python3.10/dist-packages/airflow/example_dags/tutorial.py took 0.075 seconds
[2023-11-02T07:12:41.889+0000] {processor.py:157} INFO - Started process (PID=5570) to work on /usr/local/lib/python3.10/dist-packages/airflow/example_dags/tutorial.py
[2023-11-02T07:12:41.891+0000] {processor.py:829} INFO - Processing file /usr/local/lib/python3.10/dist-packages/airflow/example_dags/tutorial.py for tasks to queue
[2023-11-02T07:12:41.892+0000] {logging_mixin.py:151} INFO - [2023-11-02T07:12:41.891+0000] {dagbag.py:536} INFO - Filling up the DagBag from /usr/local/lib/python3.10/dist-packages/airflow/example_dags/tutorial.py
[2023-11-02T07:12:41.899+0000] {processor.py:839} INFO - DAG(s) dict_keys(['tutorial']) retrieved from /usr/local/lib/python3.10/dist-packages/airflow/example_dags/tutorial.py
[2023-11-02T07:12:41.915+0000] {logging_mixin.py:151} INFO - [2023-11-02T07:12:41.915+0000] {dag.py:2941} INFO - Sync 1 DAGs
[2023-11-02T07:12:41.936+0000] {logging_mixin.py:151} INFO - [2023-11-02T07:12:41.936+0000] {dag.py:3722} INFO - Setting next_dagrun for tutorial to 2023-11-01T07:12:41.935872+00:00, run_after=2023-11-02T07:12:41.935872+00:00
[2023-11-02T07:12:41.958+0000] {processor.py:179} INFO - Processing /usr/local/lib/python3.10/dist-packages/airflow/example_dags/tutorial.py took 0.072 seconds
