[2023-11-02T06:49:27.357+0000] {processor.py:157} INFO - Started process (PID=3694) to work on /home/ubuntu/customer_churn_venv/lib/python3.10/site-packages/airflow/example_dags/subdags/subdag.py
[2023-11-02T06:49:27.358+0000] {processor.py:829} INFO - Processing file /home/ubuntu/customer_churn_venv/lib/python3.10/site-packages/airflow/example_dags/subdags/subdag.py for tasks to queue
[2023-11-02T06:49:27.359+0000] {logging_mixin.py:151} INFO - [2023-11-02T06:49:27.359+0000] {dagbag.py:536} INFO - Filling up the DagBag from /home/ubuntu/customer_churn_venv/lib/python3.10/site-packages/airflow/example_dags/subdags/subdag.py
[2023-11-02T06:49:27.361+0000] {processor.py:841} WARNING - No viable dags retrieved from /home/ubuntu/customer_churn_venv/lib/python3.10/site-packages/airflow/example_dags/subdags/subdag.py
[2023-11-02T06:49:27.372+0000] {processor.py:179} INFO - Processing /home/ubuntu/customer_churn_venv/lib/python3.10/site-packages/airflow/example_dags/subdags/subdag.py took 0.017 seconds
[2023-11-02T06:50:27.287+0000] {processor.py:157} INFO - Started process (PID=3745) to work on /home/ubuntu/customer_churn_venv/lib/python3.10/site-packages/airflow/example_dags/subdags/subdag.py
[2023-11-02T06:50:27.289+0000] {processor.py:829} INFO - Processing file /home/ubuntu/customer_churn_venv/lib/python3.10/site-packages/airflow/example_dags/subdags/subdag.py for tasks to queue
[2023-11-02T06:50:27.290+0000] {logging_mixin.py:151} INFO - [2023-11-02T06:50:27.289+0000] {dagbag.py:536} INFO - Filling up the DagBag from /home/ubuntu/customer_churn_venv/lib/python3.10/site-packages/airflow/example_dags/subdags/subdag.py
[2023-11-02T06:50:27.292+0000] {processor.py:841} WARNING - No viable dags retrieved from /home/ubuntu/customer_churn_venv/lib/python3.10/site-packages/airflow/example_dags/subdags/subdag.py
[2023-11-02T06:50:27.302+0000] {processor.py:179} INFO - Processing /home/ubuntu/customer_churn_venv/lib/python3.10/site-packages/airflow/example_dags/subdags/subdag.py took 0.018 seconds
[2023-11-02T06:51:06.978+0000] {processor.py:157} INFO - Started process (PID=3785) to work on /home/ubuntu/customer_churn_venv/lib/python3.10/site-packages/airflow/example_dags/subdags/subdag.py
[2023-11-02T06:51:06.979+0000] {processor.py:829} INFO - Processing file /home/ubuntu/customer_churn_venv/lib/python3.10/site-packages/airflow/example_dags/subdags/subdag.py for tasks to queue
[2023-11-02T06:51:06.980+0000] {logging_mixin.py:151} INFO - [2023-11-02T06:51:06.980+0000] {dagbag.py:536} INFO - Filling up the DagBag from /home/ubuntu/customer_churn_venv/lib/python3.10/site-packages/airflow/example_dags/subdags/subdag.py
[2023-11-02T06:51:06.983+0000] {processor.py:841} WARNING - No viable dags retrieved from /home/ubuntu/customer_churn_venv/lib/python3.10/site-packages/airflow/example_dags/subdags/subdag.py
[2023-11-02T06:51:06.994+0000] {processor.py:179} INFO - Processing /home/ubuntu/customer_churn_venv/lib/python3.10/site-packages/airflow/example_dags/subdags/subdag.py took 0.019 seconds
[2023-11-02T06:51:37.379+0000] {processor.py:157} INFO - Started process (PID=3818) to work on /home/ubuntu/customer_churn_venv/lib/python3.10/site-packages/airflow/example_dags/subdags/subdag.py
[2023-11-02T06:51:37.379+0000] {processor.py:829} INFO - Processing file /home/ubuntu/customer_churn_venv/lib/python3.10/site-packages/airflow/example_dags/subdags/subdag.py for tasks to queue
[2023-11-02T06:51:37.380+0000] {logging_mixin.py:151} INFO - [2023-11-02T06:51:37.380+0000] {dagbag.py:536} INFO - Filling up the DagBag from /home/ubuntu/customer_churn_venv/lib/python3.10/site-packages/airflow/example_dags/subdags/subdag.py
[2023-11-02T06:51:37.382+0000] {processor.py:841} WARNING - No viable dags retrieved from /home/ubuntu/customer_churn_venv/lib/python3.10/site-packages/airflow/example_dags/subdags/subdag.py
[2023-11-02T06:51:37.393+0000] {processor.py:179} INFO - Processing /home/ubuntu/customer_churn_venv/lib/python3.10/site-packages/airflow/example_dags/subdags/subdag.py took 0.018 seconds
[2023-11-02T06:52:08.484+0000] {processor.py:157} INFO - Started process (PID=3850) to work on /home/ubuntu/customer_churn_venv/lib/python3.10/site-packages/airflow/example_dags/subdags/subdag.py
[2023-11-02T06:52:08.485+0000] {processor.py:829} INFO - Processing file /home/ubuntu/customer_churn_venv/lib/python3.10/site-packages/airflow/example_dags/subdags/subdag.py for tasks to queue
[2023-11-02T06:52:08.486+0000] {logging_mixin.py:151} INFO - [2023-11-02T06:52:08.486+0000] {dagbag.py:536} INFO - Filling up the DagBag from /home/ubuntu/customer_churn_venv/lib/python3.10/site-packages/airflow/example_dags/subdags/subdag.py
[2023-11-02T06:52:08.488+0000] {processor.py:841} WARNING - No viable dags retrieved from /home/ubuntu/customer_churn_venv/lib/python3.10/site-packages/airflow/example_dags/subdags/subdag.py
[2023-11-02T06:52:08.498+0000] {processor.py:179} INFO - Processing /home/ubuntu/customer_churn_venv/lib/python3.10/site-packages/airflow/example_dags/subdags/subdag.py took 0.018 seconds
[2023-11-02T06:52:40.161+0000] {processor.py:157} INFO - Started process (PID=3882) to work on /home/ubuntu/customer_churn_venv/lib/python3.10/site-packages/airflow/example_dags/subdags/subdag.py
[2023-11-02T06:52:40.162+0000] {processor.py:829} INFO - Processing file /home/ubuntu/customer_churn_venv/lib/python3.10/site-packages/airflow/example_dags/subdags/subdag.py for tasks to queue
[2023-11-02T06:52:40.163+0000] {logging_mixin.py:151} INFO - [2023-11-02T06:52:40.163+0000] {dagbag.py:536} INFO - Filling up the DagBag from /home/ubuntu/customer_churn_venv/lib/python3.10/site-packages/airflow/example_dags/subdags/subdag.py
[2023-11-02T06:52:40.165+0000] {processor.py:841} WARNING - No viable dags retrieved from /home/ubuntu/customer_churn_venv/lib/python3.10/site-packages/airflow/example_dags/subdags/subdag.py
[2023-11-02T06:52:40.176+0000] {processor.py:179} INFO - Processing /home/ubuntu/customer_churn_venv/lib/python3.10/site-packages/airflow/example_dags/subdags/subdag.py took 0.018 seconds
[2023-11-02T06:53:10.942+0000] {processor.py:157} INFO - Started process (PID=3914) to work on /home/ubuntu/customer_churn_venv/lib/python3.10/site-packages/airflow/example_dags/subdags/subdag.py
[2023-11-02T06:53:10.943+0000] {processor.py:829} INFO - Processing file /home/ubuntu/customer_churn_venv/lib/python3.10/site-packages/airflow/example_dags/subdags/subdag.py for tasks to queue
[2023-11-02T06:53:10.944+0000] {logging_mixin.py:151} INFO - [2023-11-02T06:53:10.943+0000] {dagbag.py:536} INFO - Filling up the DagBag from /home/ubuntu/customer_churn_venv/lib/python3.10/site-packages/airflow/example_dags/subdags/subdag.py
[2023-11-02T06:53:10.946+0000] {processor.py:841} WARNING - No viable dags retrieved from /home/ubuntu/customer_churn_venv/lib/python3.10/site-packages/airflow/example_dags/subdags/subdag.py
[2023-11-02T06:53:10.958+0000] {processor.py:179} INFO - Processing /home/ubuntu/customer_churn_venv/lib/python3.10/site-packages/airflow/example_dags/subdags/subdag.py took 0.020 seconds
[2023-11-02T06:59:42.578+0000] {processor.py:157} INFO - Started process (PID=4358) to work on /usr/local/lib/python3.10/dist-packages/airflow/example_dags/subdags/subdag.py
[2023-11-02T06:59:42.580+0000] {processor.py:829} INFO - Processing file /usr/local/lib/python3.10/dist-packages/airflow/example_dags/subdags/subdag.py for tasks to queue
[2023-11-02T06:59:42.581+0000] {logging_mixin.py:151} INFO - [2023-11-02T06:59:42.580+0000] {dagbag.py:536} INFO - Filling up the DagBag from /usr/local/lib/python3.10/dist-packages/airflow/example_dags/subdags/subdag.py
[2023-11-02T06:59:42.583+0000] {processor.py:841} WARNING - No viable dags retrieved from /usr/local/lib/python3.10/dist-packages/airflow/example_dags/subdags/subdag.py
[2023-11-02T06:59:42.592+0000] {processor.py:179} INFO - Processing /usr/local/lib/python3.10/dist-packages/airflow/example_dags/subdags/subdag.py took 0.017 seconds
[2023-11-02T07:00:29.503+0000] {processor.py:157} INFO - Started process (PID=4409) to work on /usr/local/lib/python3.10/dist-packages/airflow/example_dags/subdags/subdag.py
[2023-11-02T07:00:29.504+0000] {processor.py:829} INFO - Processing file /usr/local/lib/python3.10/dist-packages/airflow/example_dags/subdags/subdag.py for tasks to queue
[2023-11-02T07:00:29.505+0000] {logging_mixin.py:151} INFO - [2023-11-02T07:00:29.505+0000] {dagbag.py:536} INFO - Filling up the DagBag from /usr/local/lib/python3.10/dist-packages/airflow/example_dags/subdags/subdag.py
[2023-11-02T07:00:29.507+0000] {processor.py:841} WARNING - No viable dags retrieved from /usr/local/lib/python3.10/dist-packages/airflow/example_dags/subdags/subdag.py
[2023-11-02T07:00:29.518+0000] {processor.py:179} INFO - Processing /usr/local/lib/python3.10/dist-packages/airflow/example_dags/subdags/subdag.py took 0.019 seconds
[2023-11-02T07:01:02.612+0000] {processor.py:157} INFO - Started process (PID=4443) to work on /usr/local/lib/python3.10/dist-packages/airflow/example_dags/subdags/subdag.py
[2023-11-02T07:01:02.613+0000] {processor.py:829} INFO - Processing file /usr/local/lib/python3.10/dist-packages/airflow/example_dags/subdags/subdag.py for tasks to queue
[2023-11-02T07:01:02.614+0000] {logging_mixin.py:151} INFO - [2023-11-02T07:01:02.613+0000] {dagbag.py:536} INFO - Filling up the DagBag from /usr/local/lib/python3.10/dist-packages/airflow/example_dags/subdags/subdag.py
[2023-11-02T07:01:02.616+0000] {processor.py:841} WARNING - No viable dags retrieved from /usr/local/lib/python3.10/dist-packages/airflow/example_dags/subdags/subdag.py
[2023-11-02T07:01:02.626+0000] {processor.py:179} INFO - Processing /usr/local/lib/python3.10/dist-packages/airflow/example_dags/subdags/subdag.py took 0.018 seconds
[2023-11-02T07:01:44.533+0000] {processor.py:157} INFO - Started process (PID=4488) to work on /usr/local/lib/python3.10/dist-packages/airflow/example_dags/subdags/subdag.py
[2023-11-02T07:01:44.534+0000] {processor.py:829} INFO - Processing file /usr/local/lib/python3.10/dist-packages/airflow/example_dags/subdags/subdag.py for tasks to queue
[2023-11-02T07:01:44.535+0000] {logging_mixin.py:151} INFO - [2023-11-02T07:01:44.535+0000] {dagbag.py:536} INFO - Filling up the DagBag from /usr/local/lib/python3.10/dist-packages/airflow/example_dags/subdags/subdag.py
[2023-11-02T07:01:44.537+0000] {processor.py:841} WARNING - No viable dags retrieved from /usr/local/lib/python3.10/dist-packages/airflow/example_dags/subdags/subdag.py
[2023-11-02T07:01:44.547+0000] {processor.py:179} INFO - Processing /usr/local/lib/python3.10/dist-packages/airflow/example_dags/subdags/subdag.py took 0.018 seconds
[2023-11-02T07:02:28.164+0000] {processor.py:157} INFO - Started process (PID=4533) to work on /usr/local/lib/python3.10/dist-packages/airflow/example_dags/subdags/subdag.py
[2023-11-02T07:02:28.165+0000] {processor.py:829} INFO - Processing file /usr/local/lib/python3.10/dist-packages/airflow/example_dags/subdags/subdag.py for tasks to queue
[2023-11-02T07:02:28.166+0000] {logging_mixin.py:151} INFO - [2023-11-02T07:02:28.166+0000] {dagbag.py:536} INFO - Filling up the DagBag from /usr/local/lib/python3.10/dist-packages/airflow/example_dags/subdags/subdag.py
[2023-11-02T07:02:28.168+0000] {processor.py:841} WARNING - No viable dags retrieved from /usr/local/lib/python3.10/dist-packages/airflow/example_dags/subdags/subdag.py
[2023-11-02T07:02:28.179+0000] {processor.py:179} INFO - Processing /usr/local/lib/python3.10/dist-packages/airflow/example_dags/subdags/subdag.py took 0.019 seconds
[2023-11-02T07:02:58.943+0000] {processor.py:157} INFO - Started process (PID=4564) to work on /usr/local/lib/python3.10/dist-packages/airflow/example_dags/subdags/subdag.py
[2023-11-02T07:02:58.944+0000] {processor.py:829} INFO - Processing file /usr/local/lib/python3.10/dist-packages/airflow/example_dags/subdags/subdag.py for tasks to queue
[2023-11-02T07:02:58.945+0000] {logging_mixin.py:151} INFO - [2023-11-02T07:02:58.944+0000] {dagbag.py:536} INFO - Filling up the DagBag from /usr/local/lib/python3.10/dist-packages/airflow/example_dags/subdags/subdag.py
[2023-11-02T07:02:58.947+0000] {processor.py:841} WARNING - No viable dags retrieved from /usr/local/lib/python3.10/dist-packages/airflow/example_dags/subdags/subdag.py
[2023-11-02T07:02:58.958+0000] {processor.py:179} INFO - Processing /usr/local/lib/python3.10/dist-packages/airflow/example_dags/subdags/subdag.py took 0.018 seconds
[2023-11-02T07:03:29.888+0000] {processor.py:157} INFO - Started process (PID=4596) to work on /usr/local/lib/python3.10/dist-packages/airflow/example_dags/subdags/subdag.py
[2023-11-02T07:03:29.889+0000] {processor.py:829} INFO - Processing file /usr/local/lib/python3.10/dist-packages/airflow/example_dags/subdags/subdag.py for tasks to queue
[2023-11-02T07:03:29.890+0000] {logging_mixin.py:151} INFO - [2023-11-02T07:03:29.890+0000] {dagbag.py:536} INFO - Filling up the DagBag from /usr/local/lib/python3.10/dist-packages/airflow/example_dags/subdags/subdag.py
[2023-11-02T07:03:29.892+0000] {processor.py:841} WARNING - No viable dags retrieved from /usr/local/lib/python3.10/dist-packages/airflow/example_dags/subdags/subdag.py
[2023-11-02T07:03:29.903+0000] {processor.py:179} INFO - Processing /usr/local/lib/python3.10/dist-packages/airflow/example_dags/subdags/subdag.py took 0.018 seconds
[2023-11-02T07:04:12.428+0000] {processor.py:157} INFO - Started process (PID=4644) to work on /usr/local/lib/python3.10/dist-packages/airflow/example_dags/subdags/subdag.py
[2023-11-02T07:04:12.429+0000] {processor.py:829} INFO - Processing file /usr/local/lib/python3.10/dist-packages/airflow/example_dags/subdags/subdag.py for tasks to queue
[2023-11-02T07:04:12.430+0000] {logging_mixin.py:151} INFO - [2023-11-02T07:04:12.430+0000] {dagbag.py:536} INFO - Filling up the DagBag from /usr/local/lib/python3.10/dist-packages/airflow/example_dags/subdags/subdag.py
[2023-11-02T07:04:12.432+0000] {processor.py:841} WARNING - No viable dags retrieved from /usr/local/lib/python3.10/dist-packages/airflow/example_dags/subdags/subdag.py
[2023-11-02T07:04:12.443+0000] {processor.py:179} INFO - Processing /usr/local/lib/python3.10/dist-packages/airflow/example_dags/subdags/subdag.py took 0.018 seconds
[2023-11-02T07:04:49.516+0000] {processor.py:157} INFO - Started process (PID=4685) to work on /usr/local/lib/python3.10/dist-packages/airflow/example_dags/subdags/subdag.py
[2023-11-02T07:04:49.517+0000] {processor.py:829} INFO - Processing file /usr/local/lib/python3.10/dist-packages/airflow/example_dags/subdags/subdag.py for tasks to queue
[2023-11-02T07:04:49.518+0000] {logging_mixin.py:151} INFO - [2023-11-02T07:04:49.518+0000] {dagbag.py:536} INFO - Filling up the DagBag from /usr/local/lib/python3.10/dist-packages/airflow/example_dags/subdags/subdag.py
[2023-11-02T07:04:49.520+0000] {processor.py:841} WARNING - No viable dags retrieved from /usr/local/lib/python3.10/dist-packages/airflow/example_dags/subdags/subdag.py
[2023-11-02T07:04:49.531+0000] {processor.py:179} INFO - Processing /usr/local/lib/python3.10/dist-packages/airflow/example_dags/subdags/subdag.py took 0.017 seconds
[2023-11-02T07:05:31.048+0000] {processor.py:157} INFO - Started process (PID=4728) to work on /usr/local/lib/python3.10/dist-packages/airflow/example_dags/subdags/subdag.py
[2023-11-02T07:05:31.049+0000] {processor.py:829} INFO - Processing file /usr/local/lib/python3.10/dist-packages/airflow/example_dags/subdags/subdag.py for tasks to queue
[2023-11-02T07:05:31.050+0000] {logging_mixin.py:151} INFO - [2023-11-02T07:05:31.049+0000] {dagbag.py:536} INFO - Filling up the DagBag from /usr/local/lib/python3.10/dist-packages/airflow/example_dags/subdags/subdag.py
[2023-11-02T07:05:31.052+0000] {processor.py:841} WARNING - No viable dags retrieved from /usr/local/lib/python3.10/dist-packages/airflow/example_dags/subdags/subdag.py
[2023-11-02T07:05:31.063+0000] {processor.py:179} INFO - Processing /usr/local/lib/python3.10/dist-packages/airflow/example_dags/subdags/subdag.py took 0.018 seconds
[2023-11-02T07:06:14.844+0000] {processor.py:157} INFO - Started process (PID=4772) to work on /usr/local/lib/python3.10/dist-packages/airflow/example_dags/subdags/subdag.py
[2023-11-02T07:06:14.846+0000] {processor.py:829} INFO - Processing file /usr/local/lib/python3.10/dist-packages/airflow/example_dags/subdags/subdag.py for tasks to queue
[2023-11-02T07:06:14.847+0000] {logging_mixin.py:151} INFO - [2023-11-02T07:06:14.846+0000] {dagbag.py:536} INFO - Filling up the DagBag from /usr/local/lib/python3.10/dist-packages/airflow/example_dags/subdags/subdag.py
[2023-11-02T07:06:14.849+0000] {processor.py:841} WARNING - No viable dags retrieved from /usr/local/lib/python3.10/dist-packages/airflow/example_dags/subdags/subdag.py
[2023-11-02T07:06:14.859+0000] {processor.py:179} INFO - Processing /usr/local/lib/python3.10/dist-packages/airflow/example_dags/subdags/subdag.py took 0.018 seconds
[2023-11-02T07:06:47.833+0000] {processor.py:157} INFO - Started process (PID=4806) to work on /usr/local/lib/python3.10/dist-packages/airflow/example_dags/subdags/subdag.py
[2023-11-02T07:06:47.834+0000] {processor.py:829} INFO - Processing file /usr/local/lib/python3.10/dist-packages/airflow/example_dags/subdags/subdag.py for tasks to queue
[2023-11-02T07:06:47.835+0000] {logging_mixin.py:151} INFO - [2023-11-02T07:06:47.835+0000] {dagbag.py:536} INFO - Filling up the DagBag from /usr/local/lib/python3.10/dist-packages/airflow/example_dags/subdags/subdag.py
[2023-11-02T07:06:47.837+0000] {processor.py:841} WARNING - No viable dags retrieved from /usr/local/lib/python3.10/dist-packages/airflow/example_dags/subdags/subdag.py
[2023-11-02T07:06:47.848+0000] {processor.py:179} INFO - Processing /usr/local/lib/python3.10/dist-packages/airflow/example_dags/subdags/subdag.py took 0.018 seconds
[2023-11-02T07:07:19.478+0000] {processor.py:157} INFO - Started process (PID=4838) to work on /usr/local/lib/python3.10/dist-packages/airflow/example_dags/subdags/subdag.py
[2023-11-02T07:07:19.479+0000] {processor.py:829} INFO - Processing file /usr/local/lib/python3.10/dist-packages/airflow/example_dags/subdags/subdag.py for tasks to queue
[2023-11-02T07:07:19.480+0000] {logging_mixin.py:151} INFO - [2023-11-02T07:07:19.480+0000] {dagbag.py:536} INFO - Filling up the DagBag from /usr/local/lib/python3.10/dist-packages/airflow/example_dags/subdags/subdag.py
[2023-11-02T07:07:19.483+0000] {processor.py:841} WARNING - No viable dags retrieved from /usr/local/lib/python3.10/dist-packages/airflow/example_dags/subdags/subdag.py
[2023-11-02T07:07:19.494+0000] {processor.py:179} INFO - Processing /usr/local/lib/python3.10/dist-packages/airflow/example_dags/subdags/subdag.py took 0.019 seconds
[2023-11-02T07:08:02.331+0000] {processor.py:157} INFO - Started process (PID=4884) to work on /usr/local/lib/python3.10/dist-packages/airflow/example_dags/subdags/subdag.py
[2023-11-02T07:08:02.332+0000] {processor.py:829} INFO - Processing file /usr/local/lib/python3.10/dist-packages/airflow/example_dags/subdags/subdag.py for tasks to queue
[2023-11-02T07:08:02.333+0000] {logging_mixin.py:151} INFO - [2023-11-02T07:08:02.332+0000] {dagbag.py:536} INFO - Filling up the DagBag from /usr/local/lib/python3.10/dist-packages/airflow/example_dags/subdags/subdag.py
[2023-11-02T07:08:02.335+0000] {processor.py:841} WARNING - No viable dags retrieved from /usr/local/lib/python3.10/dist-packages/airflow/example_dags/subdags/subdag.py
[2023-11-02T07:08:02.346+0000] {processor.py:179} INFO - Processing /usr/local/lib/python3.10/dist-packages/airflow/example_dags/subdags/subdag.py took 0.019 seconds
[2023-11-02T07:08:34.915+0000] {processor.py:157} INFO - Started process (PID=5149) to work on /usr/local/lib/python3.10/dist-packages/airflow/example_dags/subdags/subdag.py
[2023-11-02T07:08:34.916+0000] {processor.py:829} INFO - Processing file /usr/local/lib/python3.10/dist-packages/airflow/example_dags/subdags/subdag.py for tasks to queue
[2023-11-02T07:08:34.917+0000] {logging_mixin.py:151} INFO - [2023-11-02T07:08:34.916+0000] {dagbag.py:536} INFO - Filling up the DagBag from /usr/local/lib/python3.10/dist-packages/airflow/example_dags/subdags/subdag.py
[2023-11-02T07:08:34.919+0000] {processor.py:841} WARNING - No viable dags retrieved from /usr/local/lib/python3.10/dist-packages/airflow/example_dags/subdags/subdag.py
[2023-11-02T07:08:34.929+0000] {processor.py:179} INFO - Processing /usr/local/lib/python3.10/dist-packages/airflow/example_dags/subdags/subdag.py took 0.018 seconds
[2023-11-02T07:09:18.040+0000] {processor.py:157} INFO - Started process (PID=5354) to work on /usr/local/lib/python3.10/dist-packages/airflow/example_dags/subdags/subdag.py
[2023-11-02T07:09:18.041+0000] {processor.py:829} INFO - Processing file /usr/local/lib/python3.10/dist-packages/airflow/example_dags/subdags/subdag.py for tasks to queue
[2023-11-02T07:09:18.042+0000] {logging_mixin.py:151} INFO - [2023-11-02T07:09:18.042+0000] {dagbag.py:536} INFO - Filling up the DagBag from /usr/local/lib/python3.10/dist-packages/airflow/example_dags/subdags/subdag.py
[2023-11-02T07:09:18.045+0000] {processor.py:841} WARNING - No viable dags retrieved from /usr/local/lib/python3.10/dist-packages/airflow/example_dags/subdags/subdag.py
[2023-11-02T07:09:18.055+0000] {processor.py:179} INFO - Processing /usr/local/lib/python3.10/dist-packages/airflow/example_dags/subdags/subdag.py took 0.018 seconds
[2023-11-02T07:09:49.465+0000] {processor.py:157} INFO - Started process (PID=5386) to work on /usr/local/lib/python3.10/dist-packages/airflow/example_dags/subdags/subdag.py
[2023-11-02T07:09:49.466+0000] {processor.py:829} INFO - Processing file /usr/local/lib/python3.10/dist-packages/airflow/example_dags/subdags/subdag.py for tasks to queue
[2023-11-02T07:09:49.467+0000] {logging_mixin.py:151} INFO - [2023-11-02T07:09:49.467+0000] {dagbag.py:536} INFO - Filling up the DagBag from /usr/local/lib/python3.10/dist-packages/airflow/example_dags/subdags/subdag.py
[2023-11-02T07:09:49.470+0000] {processor.py:841} WARNING - No viable dags retrieved from /usr/local/lib/python3.10/dist-packages/airflow/example_dags/subdags/subdag.py
[2023-11-02T07:09:49.480+0000] {processor.py:179} INFO - Processing /usr/local/lib/python3.10/dist-packages/airflow/example_dags/subdags/subdag.py took 0.019 seconds
[2023-11-02T07:10:19.752+0000] {processor.py:157} INFO - Started process (PID=5418) to work on /usr/local/lib/python3.10/dist-packages/airflow/example_dags/subdags/subdag.py
[2023-11-02T07:10:19.753+0000] {processor.py:829} INFO - Processing file /usr/local/lib/python3.10/dist-packages/airflow/example_dags/subdags/subdag.py for tasks to queue
[2023-11-02T07:10:19.754+0000] {logging_mixin.py:151} INFO - [2023-11-02T07:10:19.754+0000] {dagbag.py:536} INFO - Filling up the DagBag from /usr/local/lib/python3.10/dist-packages/airflow/example_dags/subdags/subdag.py
[2023-11-02T07:10:19.756+0000] {processor.py:841} WARNING - No viable dags retrieved from /usr/local/lib/python3.10/dist-packages/airflow/example_dags/subdags/subdag.py
[2023-11-02T07:10:19.766+0000] {processor.py:179} INFO - Processing /usr/local/lib/python3.10/dist-packages/airflow/example_dags/subdags/subdag.py took 0.017 seconds
[2023-11-02T07:10:51.182+0000] {processor.py:157} INFO - Started process (PID=5450) to work on /usr/local/lib/python3.10/dist-packages/airflow/example_dags/subdags/subdag.py
[2023-11-02T07:10:51.183+0000] {processor.py:829} INFO - Processing file /usr/local/lib/python3.10/dist-packages/airflow/example_dags/subdags/subdag.py for tasks to queue
[2023-11-02T07:10:51.184+0000] {logging_mixin.py:151} INFO - [2023-11-02T07:10:51.184+0000] {dagbag.py:536} INFO - Filling up the DagBag from /usr/local/lib/python3.10/dist-packages/airflow/example_dags/subdags/subdag.py
[2023-11-02T07:10:51.186+0000] {processor.py:841} WARNING - No viable dags retrieved from /usr/local/lib/python3.10/dist-packages/airflow/example_dags/subdags/subdag.py
[2023-11-02T07:10:51.198+0000] {processor.py:179} INFO - Processing /usr/local/lib/python3.10/dist-packages/airflow/example_dags/subdags/subdag.py took 0.019 seconds
[2023-11-02T07:11:24.624+0000] {processor.py:157} INFO - Started process (PID=5488) to work on /usr/local/lib/python3.10/dist-packages/airflow/example_dags/subdags/subdag.py
[2023-11-02T07:11:24.625+0000] {processor.py:829} INFO - Processing file /usr/local/lib/python3.10/dist-packages/airflow/example_dags/subdags/subdag.py for tasks to queue
[2023-11-02T07:11:24.626+0000] {logging_mixin.py:151} INFO - [2023-11-02T07:11:24.626+0000] {dagbag.py:536} INFO - Filling up the DagBag from /usr/local/lib/python3.10/dist-packages/airflow/example_dags/subdags/subdag.py
[2023-11-02T07:11:24.628+0000] {processor.py:841} WARNING - No viable dags retrieved from /usr/local/lib/python3.10/dist-packages/airflow/example_dags/subdags/subdag.py
[2023-11-02T07:11:24.640+0000] {processor.py:179} INFO - Processing /usr/local/lib/python3.10/dist-packages/airflow/example_dags/subdags/subdag.py took 0.019 seconds
[2023-11-02T07:11:56.680+0000] {processor.py:157} INFO - Started process (PID=5522) to work on /usr/local/lib/python3.10/dist-packages/airflow/example_dags/subdags/subdag.py
[2023-11-02T07:11:56.681+0000] {processor.py:829} INFO - Processing file /usr/local/lib/python3.10/dist-packages/airflow/example_dags/subdags/subdag.py for tasks to queue
[2023-11-02T07:11:56.682+0000] {logging_mixin.py:151} INFO - [2023-11-02T07:11:56.681+0000] {dagbag.py:536} INFO - Filling up the DagBag from /usr/local/lib/python3.10/dist-packages/airflow/example_dags/subdags/subdag.py
[2023-11-02T07:11:56.684+0000] {processor.py:841} WARNING - No viable dags retrieved from /usr/local/lib/python3.10/dist-packages/airflow/example_dags/subdags/subdag.py
[2023-11-02T07:11:56.695+0000] {processor.py:179} INFO - Processing /usr/local/lib/python3.10/dist-packages/airflow/example_dags/subdags/subdag.py took 0.018 seconds
[2023-11-02T07:12:35.593+0000] {processor.py:157} INFO - Started process (PID=5564) to work on /usr/local/lib/python3.10/dist-packages/airflow/example_dags/subdags/subdag.py
[2023-11-02T07:12:35.595+0000] {processor.py:829} INFO - Processing file /usr/local/lib/python3.10/dist-packages/airflow/example_dags/subdags/subdag.py for tasks to queue
[2023-11-02T07:12:35.595+0000] {logging_mixin.py:151} INFO - [2023-11-02T07:12:35.595+0000] {dagbag.py:536} INFO - Filling up the DagBag from /usr/local/lib/python3.10/dist-packages/airflow/example_dags/subdags/subdag.py
[2023-11-02T07:12:35.598+0000] {processor.py:841} WARNING - No viable dags retrieved from /usr/local/lib/python3.10/dist-packages/airflow/example_dags/subdags/subdag.py
[2023-11-02T07:12:35.608+0000] {processor.py:179} INFO - Processing /usr/local/lib/python3.10/dist-packages/airflow/example_dags/subdags/subdag.py took 0.017 seconds
